INFO     planner time limit: 1800s
INFO     planner memory limit: None

INFO     Running translator.
INFO     translator stdin: None
INFO     translator time limit: 1799s
INFO     translator memory limit: None
INFO     translator command line string: /usr/bin/python3 /home/bharath/Desktop/GitHub/downward/builds/release/bin/translate/translate.py /home/bharath/Desktop/ISWC_test/best_planner/data/visitall/domain.pddl /home/bharath/Desktop/ISWC_test/best_planner/data/visitall/instance-3.pddl --sas-file output.sas
Parsing...
Parsing: [0.000s CPU, 0.002s wall-clock]
Normalizing task... [0.000s CPU, 0.000s wall-clock]
Instantiating...
Generating Datalog program... [0.000s CPU, 0.000s wall-clock]
Normalizing Datalog program...
Normalizing Datalog program: [0.000s CPU, 0.001s wall-clock]
Preparing model... [0.000s CPU, 0.000s wall-clock]
Generated 6 rules.
Computing model... [0.000s CPU, 0.001s wall-clock]
94 relevant atoms
33 auxiliary atoms
127 final queue length
159 total queue pushes
Completing instantiation... [0.000s CPU, 0.001s wall-clock]
Instantiating: [0.010s CPU, 0.003s wall-clock]
Computing fact groups...
Finding invariants...
4 initial candidates
Finding invariants: [0.000s CPU, 0.001s wall-clock]
Checking invariant weight... [0.000s CPU, 0.000s wall-clock]
Instantiating groups... [0.000s CPU, 0.000s wall-clock]
Collecting mutex groups... [0.000s CPU, 0.000s wall-clock]
Choosing groups...
9 uncovered facts
Choosing groups: [0.000s CPU, 0.000s wall-clock]
Building translation key... [0.000s CPU, 0.000s wall-clock]
Computing fact groups: [0.000s CPU, 0.001s wall-clock]
Building STRIPS to SAS dictionary... [0.000s CPU, 0.000s wall-clock]
Building dictionary for full mutex groups... [0.000s CPU, 0.000s wall-clock]
Building mutex information...
Building mutex information: [0.000s CPU, 0.000s wall-clock]
Translating task...
Processing axioms...
Simplifying axioms... [0.000s CPU, 0.000s wall-clock]
Translator axioms removed by simplifying: 0
Computing negative axioms... [0.000s CPU, 0.000s wall-clock]
Processing axioms: [0.000s CPU, 0.000s wall-clock]
Translating task: [0.000s CPU, 0.001s wall-clock]
0 effect conditions simplified
0 implied preconditions added
Detecting unreachable propositions...
0 operators removed
0 axioms removed
3 propositions removed
Detecting unreachable propositions: [0.000s CPU, 0.001s wall-clock]
Reordering and filtering variables...
9 of 9 variables necessary.
0 of 1 mutex groups necessary.
24 of 24 operators necessary.
0 of 0 axiom rules necessary.
Reordering and filtering variables: [0.000s CPU, 0.000s wall-clock]
Translator variables: 9
Translator derived variables: 0
Translator facts: 25
Translator goal facts: 8
Translator mutex groups: 0
Translator total mutex groups size: 0
Translator operators: 24
Translator axioms: 0
Translator task size: 134
Translator peak memory: 34020 KB
Writing output... [0.000s CPU, 0.000s wall-clock]
Done! [0.010s CPU, 0.010s wall-clock]
translate exit code: 0

INFO     Running search (release).
INFO     search stdin: output.sas
INFO     search time limit: 1799s
INFO     search memory limit: None
INFO     search command line string: /home/bharath/Desktop/GitHub/downward/builds/release/bin/downward --search 'let(lmc,landmark_cost_partitioning(lm_merged([lm_rhw(),lm_hm(m=1)])),astar(lmc,lazy_evaluator=lmc))' --internal-plan-file /home/bharath/Desktop/ISWC_test/best_planner/random_policy_results/results/plan-visitall-instance-3.txt < output.sas
[t=0.00396378s, 10980 KB] reading input...
[t=0.00396378s, 10980 KB] done reading input!
[t=0.00396378s, 11236 KB] Initializing landmark cost partitioning heuristic...
[t=0.00757927s, 11236 KB] Generating landmark graph...
[t=0.00757927s, 11236 KB] Merging 2 landmark graphs
[t=0.00757927s, 11236 KB] Initializing Exploration...
[t=0.00757927s, 11236 KB] Generating landmarks using the RPG/SAS+ approach
[t=0.00804775s, 11236 KB] Removed 0 reasonable or obedient reasonable orders
[t=0.00804775s, 11236 KB] Landmarks generation time: 0.000468478s
[t=0.00804775s, 11236 KB] Discovered 18 landmarks, of which 2 are disjunctive and 0 are conjunctive.
[t=0.00804775s, 11236 KB] 10 edges
[t=0.00804775s, 11236 KB] h^m landmarks m=1
[t=0.00804775s, 11236 KB] Using 25 P^m fluents.
[t=0.00804775s, 11236 KB] h^m landmarks computed.
[t=0.00804775s, 11236 KB] Calculating achievers.
[t=0.00804775s, 11236 KB] Removed 0 reasonable or obedient reasonable orders
[t=0.00804775s, 11236 KB] Landmarks generation time: 0s
[t=0.00804775s, 11236 KB] Discovered 9 landmarks, of which 0 are disjunctive and 0 are conjunctive.
[t=0.00804775s, 11236 KB] 8 edges
[t=0.00804775s, 11236 KB] Adding simple landmarks
[t=0.00804775s, 11236 KB] Adding disjunctive landmarks
[t=0.00804775s, 11236 KB] Adding orderings
[t=0.00804775s, 11236 KB] Removed 0 reasonable or obedient reasonable orders
[t=0.00804775s, 11236 KB] Landmarks generation time: 0.000468478s
[t=0.00804775s, 11236 KB] Discovered 19 landmarks, of which 2 are disjunctive and 0 are conjunctive.
[t=0.00804775s, 11236 KB] 18 edges
[t=0.00966241s, 11236 KB] Landmark graph generation time: 0.00208314s
[t=0.00966241s, 11236 KB] Landmark graph contains 19 landmarks, of which 2 are disjunctive and 0 are conjunctive.
[t=0.00966241s, 11236 KB] Landmark graph contains 18 orderings.
[t=0.00966241s, 11236 KB] Building successor generator...done!
[t=0.00966241s, 11236 KB] peak memory difference for successor generator creation: 0 KB
[t=0.00966241s, 11236 KB] time for successor generation creation: 0s
[t=0.00966241s, 11236 KB] Variables: 9
[t=0.00966241s, 11236 KB] FactPairs: 25
[t=0.00966241s, 11236 KB] Bytes per state: 4
[t=0.00966241s, 11236 KB] Conducting best first search with reopening closed nodes, (real) bound = 2147483647
[t=0.00966241s, 11236 KB] 9 initial landmarks, 8 goal landmarks
[t=0.00966241s, 11236 KB] New best heuristic value for landmark_cost_partitioning(lm_merged([lm_rhw(),lm_hm(m=1)])): 7
[t=0.00966241s, 11236 KB] g=0, 1 evaluated, 0 expanded
[t=0.00966241s, 11236 KB] f = 7, 1 evaluated, 0 expanded
[t=0.00966241s, 11236 KB] Initial heuristic value for landmark_cost_partitioning(lm_merged([lm_rhw(),lm_hm(m=1)])): 7
[t=0.00966241s, 11236 KB] pruning method: none
[t=0.00966241s, 11236 KB] f = 8, 5 evaluated, 1 expanded
[t=0.00966241s, 11236 KB] New best heuristic value for landmark_cost_partitioning(lm_merged([lm_rhw(),lm_hm(m=1)])): 6
[t=0.00966241s, 11236 KB] g=2, 6 evaluated, 2 expanded
[t=0.00966241s, 11236 KB] New best heuristic value for landmark_cost_partitioning(lm_merged([lm_rhw(),lm_hm(m=1)])): 5
[t=0.00966241s, 11236 KB] g=3, 10 evaluated, 3 expanded
[t=0.00966241s, 11236 KB] New best heuristic value for landmark_cost_partitioning(lm_merged([lm_rhw(),lm_hm(m=1)])): 4
[t=0.00966241s, 11236 KB] g=4, 13 evaluated, 4 expanded
[t=0.00966241s, 11236 KB] New best heuristic value for landmark_cost_partitioning(lm_merged([lm_rhw(),lm_hm(m=1)])): 3
[t=0.00966241s, 11236 KB] g=5, 15 evaluated, 5 expanded
[t=0.00966241s, 11236 KB] New best heuristic value for landmark_cost_partitioning(lm_merged([lm_rhw(),lm_hm(m=1)])): 2
[t=0.0116302s, 11236 KB] g=6, 18 evaluated, 6 expanded
[t=0.0116302s, 11236 KB] New best heuristic value for landmark_cost_partitioning(lm_merged([lm_rhw(),lm_hm(m=1)])): 1
[t=0.0116302s, 11236 KB] g=7, 19 evaluated, 7 expanded
[t=0.0116302s, 11236 KB] New best heuristic value for landmark_cost_partitioning(lm_merged([lm_rhw(),lm_hm(m=1)])): 0
[t=0.0116302s, 11236 KB] g=8, 21 evaluated, 8 expanded
[t=0.0116302s, 11236 KB] Solution found!
[t=0.0116302s, 11236 KB] Actual search time: 0.00196779s
move loc-x1-y1 loc-x0-y1 (1)
move loc-x0-y1 loc-x0-y0 (1)
move loc-x0-y0 loc-x1-y0 (1)
move loc-x1-y0 loc-x2-y0 (1)
move loc-x2-y0 loc-x2-y1 (1)
move loc-x2-y1 loc-x2-y2 (1)
move loc-x2-y2 loc-x1-y2 (1)
move loc-x1-y2 loc-x0-y2 (1)
[t=0.0116302s, 11236 KB] Plan length: 8 step(s).
[t=0.0116302s, 11236 KB] Plan cost: 8
[t=0.0116302s, 11236 KB] Expanded 9 state(s).
[t=0.0116302s, 11236 KB] Reopened 0 state(s).
[t=0.0116302s, 11236 KB] Evaluated 23 state(s).
[t=0.0116302s, 11236 KB] Evaluations: 23
[t=0.0116302s, 11236 KB] Generated 22 state(s).
[t=0.0116302s, 11236 KB] Dead ends: 0 state(s).
[t=0.0116302s, 11236 KB] Expanded until last jump: 1 state(s).
[t=0.0116302s, 11236 KB] Reopened until last jump: 0 state(s).
[t=0.0116302s, 11236 KB] Evaluated until last jump: 5 state(s).
[t=0.0116302s, 11236 KB] Generated until last jump: 4 state(s).
[t=0.0116302s, 11236 KB] Number of registered states: 23
[t=0.0116302s, 11236 KB] Int hash set load factor: 23/32 = 0.71875
[t=0.0116302s, 11236 KB] Int hash set resizes: 5
[t=0.0116302s, 11236 KB] Search time: 0.00196779s
[t=0.0116302s, 11236 KB] Total time: 0.0116302s
Solution found.
Peak memory: 11236 KB
Remove intermediate file output.sas
search exit code: 0

INFO     Planner time: 0.17s
