INFO     planner time limit: 1800s
INFO     planner memory limit: None

INFO     Running translator.
INFO     translator stdin: None
INFO     translator time limit: 1799s
INFO     translator memory limit: None
INFO     translator command line string: /usr/bin/python3 /home/bharath/Desktop/GitHub/downward/builds/release/bin/translate/translate.py /home/bharath/Desktop/ISWC_test/best_planner/data/parking/domain.pddl /home/bharath/Desktop/ISWC_test/best_planner/data/parking/instance-2.pddl --sas-file output.sas
Parsing...
Parsing: [0.000s CPU, 0.004s wall-clock]
Normalizing task... [0.000s CPU, 0.000s wall-clock]
Instantiating...
Generating Datalog program... [0.000s CPU, 0.001s wall-clock]
Normalizing Datalog program...
Normalizing Datalog program: [0.010s CPU, 0.003s wall-clock]
Preparing model... [0.000s CPU, 0.002s wall-clock]
Generated 32 rules.
Computing model... [0.100s CPU, 0.103s wall-clock]
4649 relevant atoms
1022 auxiliary atoms
5671 final queue length
15109 total queue pushes
Completing instantiation... [0.180s CPU, 0.194s wall-clock]
Instantiating: [0.310s CPU, 0.304s wall-clock]
Computing fact groups...
Finding invariants...
12 initial candidates
Finding invariants: [0.000s CPU, 0.005s wall-clock]
Checking invariant weight... [0.000s CPU, 0.000s wall-clock]
Instantiating groups... [0.000s CPU, 0.001s wall-clock]
Collecting mutex groups... [0.000s CPU, 0.000s wall-clock]
Choosing groups...
31 uncovered facts
Choosing groups: [0.000s CPU, 0.001s wall-clock]
Building translation key... [0.000s CPU, 0.000s wall-clock]
Computing fact groups: [0.000s CPU, 0.009s wall-clock]
Building STRIPS to SAS dictionary... [0.000s CPU, 0.000s wall-clock]
Building dictionary for full mutex groups... [0.010s CPU, 0.000s wall-clock]
Building mutex information...
Building mutex information: [0.000s CPU, 0.000s wall-clock]
Translating task...
Processing axioms...
Simplifying axioms... [0.000s CPU, 0.000s wall-clock]
Translator axioms removed by simplifying: 0
Computing negative axioms... [0.000s CPU, 0.000s wall-clock]
Processing axioms: [0.000s CPU, 0.009s wall-clock]
Translating task: [0.230s CPU, 0.230s wall-clock]
4896 effect conditions simplified
0 implied preconditions added
Detecting unreachable propositions...
0 operators removed
0 axioms removed
12 propositions removed
Detecting unreachable propositions: [0.090s CPU, 0.095s wall-clock]
Reordering and filtering variables...
43 of 43 variables necessary.
19 of 31 mutex groups necessary.
3888 of 3888 operators necessary.
0 of 0 axiom rules necessary.
Reordering and filtering variables: [0.110s CPU, 0.111s wall-clock]
Translator variables: 43
Translator derived variables: 0
Translator facts: 290
Translator goal facts: 12
Translator mutex groups: 19
Translator total mutex groups size: 247
Translator operators: 3888
Translator axioms: 0
Translator task size: 31984
Translator peak memory: 54312 KB
Writing output... [0.070s CPU, 0.072s wall-clock]
Done! [0.830s CPU, 0.840s wall-clock]
translate exit code: 0

INFO     Running search (release).
INFO     search stdin: output.sas
INFO     search time limit: 1799s
INFO     search memory limit: None
INFO     search command line string: /home/bharath/Desktop/GitHub/downward/builds/release/bin/downward --search 'let(hlm,landmark_sum(lm_factory=lm_reasonable_orders_hps(lm_rhw()),transform=adapt_costs(one),pref=false),let(hff,ff(transform=adapt_costs(one)),lazy_greedy([hff,hlm],preferred=[hff,hlm],cost_type=one,reopen_closed=false)))' --internal-plan-file /home/bharath/Desktop/ISWC_test/best_planner/random_policy_results/results/plan-parking-instance-2.txt < output.sas
[t=0s, 10980 KB] reading input...
[t=0.0295754s, 12396 KB] done reading input!
[t=0.0319805s, 12792 KB] Initializing landmark sum heuristic...
[t=0.0319805s, 12792 KB] Generating landmark graph...
[t=0.0319805s, 12792 KB] Building a landmark graph with reasonable orders.
[t=0.0346063s, 12792 KB] Initializing Exploration...
[t=0.0369645s, 13652 KB] Generating landmarks using the RPG/SAS+ approach
[t=0.103924s, 14440 KB] Removed 0 reasonable or obedient reasonable orders
[t=0.103924s, 14440 KB] Landmarks generation time: 0.071944s
[t=0.103924s, 14440 KB] Discovered 62 landmarks, of which 0 are disjunctive and 0 are conjunctive.
[t=0.103924s, 14440 KB] 81 edges
[t=0.103924s, 14440 KB] approx. reasonable orders
[t=0.107923s, 14440 KB] approx. obedient reasonable orders
[t=0.107923s, 14440 KB] Removed 0 reasonable or obedient reasonable orders
[t=0.107923s, 14440 KB] Landmarks generation time: 0.0759421s
[t=0.107923s, 14440 KB] Discovered 62 landmarks, of which 0 are disjunctive and 0 are conjunctive.
[t=0.107923s, 14440 KB] 90 edges
[t=0.107923s, 14440 KB] Landmark graph generation time: 0.0759421s
[t=0.107923s, 14440 KB] Landmark graph contains 62 landmarks, of which 0 are disjunctive and 0 are conjunctive.
[t=0.107923s, 14440 KB] Landmark graph contains 90 orderings.
[t=0.115922s, 14796 KB] Simplifying 13596 unary operators... done! [13596 unary operators]
[t=0.147924s, 15192 KB] time to simplify: 0.032002s
[t=0.151923s, 15192 KB] Initializing additive heuristic...
[t=0.151923s, 15192 KB] Initializing FF heuristic...
[t=0.151923s, 15192 KB] Building successor generator...done!
[t=0.151923s, 15192 KB] peak memory difference for successor generator creation: 0 KB
[t=0.151923s, 15192 KB] time for successor generation creation: 0s
[t=0.151923s, 15192 KB] Variables: 43
[t=0.151923s, 15192 KB] FactPairs: 290
[t=0.151923s, 15192 KB] Bytes per state: 12
[t=0.151923s, 15192 KB] Conducting lazy best first search, (real) bound = 2147483647
[t=0.151923s, 15192 KB] 36 initial landmarks, 12 goal landmarks
[t=0.151923s, 15192 KB] New best heuristic value for landmark_sum(lm_factory=lm_reasonable_orders_hps(lm_rhw()),transform=adapt_costs(one),pref=false): 26
[t=0.151923s, 15192 KB] New best heuristic value for ff(transform=adapt_costs(one)): 24
[t=0.151923s, 15192 KB] g=0, 1 evaluated, 0 expanded
[t=0.151923s, 15192 KB] Initial heuristic value for landmark_sum(lm_factory=lm_reasonable_orders_hps(lm_rhw()),transform=adapt_costs(one),pref=false): 26
[t=0.151923s, 15192 KB] Initial heuristic value for ff(transform=adapt_costs(one)): 24
[t=0.155924s, 15192 KB] New best heuristic value for landmark_sum(lm_factory=lm_reasonable_orders_hps(lm_rhw()),transform=adapt_costs(one),pref=false): 25
[t=0.155924s, 15192 KB] New best heuristic value for ff(transform=adapt_costs(one)): 23
[t=0.155924s, 15192 KB] g=1, 2 evaluated, 1 expanded
[t=0.155924s, 15192 KB] New best heuristic value for ff(transform=adapt_costs(one)): 22
[t=0.155924s, 15192 KB] g=2, 4 evaluated, 3 expanded
[t=0.155924s, 15192 KB] New best heuristic value for landmark_sum(lm_factory=lm_reasonable_orders_hps(lm_rhw()),transform=adapt_costs(one),pref=false): 24
[t=0.155924s, 15192 KB] g=2, 6 evaluated, 5 expanded
[t=0.155924s, 15192 KB] New best heuristic value for ff(transform=adapt_costs(one)): 21
[t=0.155924s, 15192 KB] g=3, 11 evaluated, 10 expanded
[t=0.159923s, 15192 KB] New best heuristic value for landmark_sum(lm_factory=lm_reasonable_orders_hps(lm_rhw()),transform=adapt_costs(one),pref=false): 23
[t=0.159923s, 15192 KB] g=4, 20 evaluated, 18 expanded
[t=0.163923s, 15192 KB] New best heuristic value for landmark_sum(lm_factory=lm_reasonable_orders_hps(lm_rhw()),transform=adapt_costs(one),pref=false): 22
[t=0.163923s, 15192 KB] g=6, 51 evaluated, 43 expanded
[t=0.163923s, 15192 KB] New best heuristic value for landmark_sum(lm_factory=lm_reasonable_orders_hps(lm_rhw()),transform=adapt_costs(one),pref=false): 21
[t=0.163923s, 15192 KB] g=7, 52 evaluated, 44 expanded
[t=0.163923s, 15192 KB] New best heuristic value for landmark_sum(lm_factory=lm_reasonable_orders_hps(lm_rhw()),transform=adapt_costs(one),pref=false): 20
[t=0.163923s, 15192 KB] New best heuristic value for ff(transform=adapt_costs(one)): 19
[t=0.163923s, 15192 KB] g=8, 54 evaluated, 46 expanded
[t=0.167924s, 15192 KB] New best heuristic value for landmark_sum(lm_factory=lm_reasonable_orders_hps(lm_rhw()),transform=adapt_costs(one),pref=false): 19
[t=0.167924s, 15192 KB] g=10, 62 evaluated, 53 expanded
[t=0.219922s, 15192 KB] New best heuristic value for landmark_sum(lm_factory=lm_reasonable_orders_hps(lm_rhw()),transform=adapt_costs(one),pref=false): 18
[t=0.219922s, 15192 KB] New best heuristic value for ff(transform=adapt_costs(one)): 17
[t=0.219922s, 15192 KB] g=13, 318 evaluated, 276 expanded
[t=0.223923s, 15192 KB] New best heuristic value for landmark_sum(lm_factory=lm_reasonable_orders_hps(lm_rhw()),transform=adapt_costs(one),pref=false): 17
[t=0.223923s, 15192 KB] g=15, 325 evaluated, 282 expanded
[t=0.223923s, 15192 KB] New best heuristic value for landmark_sum(lm_factory=lm_reasonable_orders_hps(lm_rhw()),transform=adapt_costs(one),pref=false): 16
[t=0.223923s, 15192 KB] g=17, 337 evaluated, 293 expanded
[t=0.223923s, 15192 KB] New best heuristic value for landmark_sum(lm_factory=lm_reasonable_orders_hps(lm_rhw()),transform=adapt_costs(one),pref=false): 15
[t=0.223923s, 15192 KB] New best heuristic value for ff(transform=adapt_costs(one)): 15
[t=0.223923s, 15192 KB] g=18, 338 evaluated, 294 expanded
[t=0.227924s, 15192 KB] New best heuristic value for landmark_sum(lm_factory=lm_reasonable_orders_hps(lm_rhw()),transform=adapt_costs(one),pref=false): 13
[t=0.227924s, 15192 KB] New best heuristic value for ff(transform=adapt_costs(one)): 13
[t=0.227924s, 15192 KB] g=20, 344 evaluated, 300 expanded
[t=0.227924s, 15192 KB] New best heuristic value for landmark_sum(lm_factory=lm_reasonable_orders_hps(lm_rhw()),transform=adapt_costs(one),pref=false): 12
[t=0.227924s, 15192 KB] g=23, 351 evaluated, 307 expanded
[t=0.231924s, 15192 KB] New best heuristic value for landmark_sum(lm_factory=lm_reasonable_orders_hps(lm_rhw()),transform=adapt_costs(one),pref=false): 11
[t=0.231924s, 15192 KB] New best heuristic value for ff(transform=adapt_costs(one)): 12
[t=0.231924s, 15192 KB] g=25, 369 evaluated, 322 expanded
[t=0.231924s, 15192 KB] New best heuristic value for landmark_sum(lm_factory=lm_reasonable_orders_hps(lm_rhw()),transform=adapt_costs(one),pref=false): 10
[t=0.231924s, 15192 KB] New best heuristic value for ff(transform=adapt_costs(one)): 11
[t=0.231924s, 15192 KB] g=26, 370 evaluated, 323 expanded
[t=0.231924s, 15192 KB] New best heuristic value for landmark_sum(lm_factory=lm_reasonable_orders_hps(lm_rhw()),transform=adapt_costs(one),pref=false): 8
[t=0.231924s, 15192 KB] New best heuristic value for ff(transform=adapt_costs(one)): 9
[t=0.231924s, 15192 KB] g=27, 371 evaluated, 324 expanded
[t=0.235924s, 15192 KB] New best heuristic value for landmark_sum(lm_factory=lm_reasonable_orders_hps(lm_rhw()),transform=adapt_costs(one),pref=false): 7
[t=0.235924s, 15192 KB] g=30, 381 evaluated, 334 expanded
[t=0.235924s, 15192 KB] New best heuristic value for landmark_sum(lm_factory=lm_reasonable_orders_hps(lm_rhw()),transform=adapt_costs(one),pref=false): 6
[t=0.235924s, 15192 KB] g=31, 383 evaluated, 336 expanded
[t=0.235924s, 15192 KB] New best heuristic value for ff(transform=adapt_costs(one)): 7
[t=0.235924s, 15192 KB] g=32, 385 evaluated, 338 expanded
[t=0.235924s, 15192 KB] New best heuristic value for landmark_sum(lm_factory=lm_reasonable_orders_hps(lm_rhw()),transform=adapt_costs(one),pref=false): 5
[t=0.235924s, 15192 KB] g=34, 393 evaluated, 343 expanded
[t=0.235924s, 15192 KB] New best heuristic value for landmark_sum(lm_factory=lm_reasonable_orders_hps(lm_rhw()),transform=adapt_costs(one),pref=false): 4
[t=0.235924s, 15192 KB] New best heuristic value for ff(transform=adapt_costs(one)): 6
[t=0.235924s, 15192 KB] g=35, 394 evaluated, 344 expanded
[t=0.235924s, 15192 KB] New best heuristic value for ff(transform=adapt_costs(one)): 4
[t=0.235924s, 15192 KB] g=36, 395 evaluated, 345 expanded
[t=0.235924s, 15192 KB] New best heuristic value for landmark_sum(lm_factory=lm_reasonable_orders_hps(lm_rhw()),transform=adapt_costs(one),pref=false): 2
[t=0.239924s, 15192 KB] New best heuristic value for ff(transform=adapt_costs(one)): 2
[t=0.239924s, 15192 KB] g=37, 396 evaluated, 346 expanded
[t=0.239924s, 15192 KB] New best heuristic value for landmark_sum(lm_factory=lm_reasonable_orders_hps(lm_rhw()),transform=adapt_costs(one),pref=false): 1
[t=0.239924s, 15192 KB] New best heuristic value for ff(transform=adapt_costs(one)): 1
[t=0.239924s, 15192 KB] g=38, 397 evaluated, 347 expanded
[t=0.239924s, 15192 KB] Solution found!
[t=0.239924s, 15192 KB] Actual search time: 0.0880006s
move-car-to-curb car_00 car_02 curb_6 (1)
move-car-to-car car_09 car_08 car_02 (1)
move-car-to-car car_05 car_04 car_08 (1)
move-car-to-car car_11 car_01 car_04 (1)
move-car-to-car car_10 car_07 car_01 (1)
move-curb-to-car car_07 curb_2 car_00 (1)
move-car-to-curb car_03 car_06 curb_2 (1)
move-car-to-car car_10 car_01 car_03 (1)
move-curb-to-car car_01 curb_5 car_06 (1)
move-car-to-curb car_05 car_08 curb_5 (1)
move-car-to-car car_07 car_00 car_08 (1)
move-curb-to-car car_00 curb_6 car_05 (1)
move-car-to-curb car_01 car_06 curb_6 (1)
move-car-to-car car_07 car_08 car_06 (1)
move-curb-to-car car_08 curb_4 car_01 (1)
move-car-to-curb car_07 car_06 curb_4 (1)
move-curb-to-car car_06 curb_0 car_07 (1)
move-car-to-curb car_00 car_05 curb_0 (1)
move-car-to-car car_06 car_07 car_05 (1)
move-curb-to-car car_07 curb_4 car_00 (1)
move-car-to-curb car_08 car_01 curb_4 (1)
move-curb-to-car car_01 curb_6 car_08 (1)
move-car-to-curb car_06 car_05 curb_6 (1)
move-car-to-car car_09 car_02 car_06 (1)
move-curb-to-car car_02 curb_1 car_05 (1)
move-car-to-curb car_01 car_08 curb_1 (1)
move-curb-to-car car_08 curb_4 car_01 (1)
move-car-to-curb car_10 car_03 curb_4 (1)
move-curb-to-car car_03 curb_2 car_10 (1)
move-car-to-curb car_02 car_05 curb_2 (1)
move-car-to-car car_09 car_06 car_02 (1)
move-car-to-car car_03 car_10 car_06 (1)
move-car-to-car car_11 car_04 car_10 (1)
move-curb-to-car car_04 curb_3 car_05 (1)
move-car-to-curb car_03 car_06 curb_3 (1)
move-car-to-car car_11 car_10 car_06 (1)
move-curb-to-car car_10 curb_4 car_03 (1)
move-car-to-curb car_04 car_05 curb_4 (1)
move-car-to-car car_11 car_06 car_04 (1)
[t=0.239924s, 15192 KB] Plan length: 39 step(s).
[t=0.239924s, 15192 KB] Plan cost: 39
[t=0.239924s, 15192 KB] Expanded 348 state(s).
[t=0.239924s, 15192 KB] Reopened 0 state(s).
[t=0.239924s, 15192 KB] Evaluated 398 state(s).
[t=0.239924s, 15192 KB] Evaluations: 747
[t=0.239924s, 15192 KB] Generated 4432 state(s).
[t=0.239924s, 15192 KB] Dead ends: 49 state(s).
[t=0.239924s, 15192 KB] Number of registered states: 398
[t=0.239924s, 15192 KB] Int hash set load factor: 398/512 = 0.777344
[t=0.239924s, 15192 KB] Int hash set resizes: 9
[t=0.239924s, 15192 KB] Search time: 0.0880006s
[t=0.239924s, 15192 KB] Total time: 0.239924s
Solution found.
Peak memory: 15192 KB
Remove intermediate file output.sas
search exit code: 0

INFO     Planner time: 1.22s
