INFO     planner time limit: 1800s
INFO     planner memory limit: None

INFO     Running translator.
INFO     translator stdin: None
INFO     translator time limit: 1799s
INFO     translator memory limit: None
INFO     translator command line string: /usr/bin/python3 /home/bharath/Desktop/GitHub/downward/builds/release/bin/translate/translate.py /home/bharath/Desktop/ISWC_test/best_planner/data/scanalyzer/domain.pddl /home/bharath/Desktop/ISWC_test/best_planner/data/scanalyzer/instance-1.pddl --sas-file output.sas
Parsing...
Parsing: [0.000s CPU, 0.004s wall-clock]
Normalizing task... [0.000s CPU, 0.000s wall-clock]
Instantiating...
Generating Datalog program... [0.000s CPU, 0.001s wall-clock]
Normalizing Datalog program...
Normalizing Datalog program: [0.010s CPU, 0.007s wall-clock]
Preparing model... [0.000s CPU, 0.003s wall-clock]
Generated 51 rules.
Computing model... [0.030s CPU, 0.029s wall-clock]
559 relevant atoms
520 auxiliary atoms
1079 final queue length
3367 total queue pushes
Completing instantiation... [0.050s CPU, 0.043s wall-clock]
Instantiating: [0.090s CPU, 0.083s wall-clock]
Computing fact groups...
Finding invariants...
5 initial candidates
Finding invariants: [0.010s CPU, 0.012s wall-clock]
Checking invariant weight... [0.000s CPU, 0.000s wall-clock]
Instantiating groups... [0.000s CPU, 0.000s wall-clock]
Collecting mutex groups... [0.000s CPU, 0.000s wall-clock]
Choosing groups...
4 uncovered facts
Choosing groups: [0.000s CPU, 0.000s wall-clock]
Building translation key... [0.000s CPU, 0.000s wall-clock]
Computing fact groups: [0.010s CPU, 0.012s wall-clock]
Building STRIPS to SAS dictionary... [0.000s CPU, 0.000s wall-clock]
Building dictionary for full mutex groups... [0.000s CPU, 0.000s wall-clock]
Building mutex information...
Building mutex information: [0.000s CPU, 0.000s wall-clock]
Translating task...
Processing axioms...
Simplifying axioms... [0.000s CPU, 0.000s wall-clock]
Translator axioms removed by simplifying: 0
Computing negative axioms... [0.000s CPU, 0.000s wall-clock]
Processing axioms: [0.010s CPU, 0.002s wall-clock]
Translating task: [0.070s CPU, 0.065s wall-clock]
0 effect conditions simplified
0 implied preconditions added
Detecting unreachable propositions...
0 operators removed
0 axioms removed
4 propositions removed
Detecting unreachable propositions: [0.030s CPU, 0.033s wall-clock]
Reordering and filtering variables...
8 of 8 variables necessary.
0 of 4 mutex groups necessary.
508 of 508 operators necessary.
0 of 0 axiom rules necessary.
Reordering and filtering variables: [0.020s CPU, 0.014s wall-clock]
Translator variables: 8
Translator derived variables: 0
Translator facts: 24
Translator goal facts: 8
Translator mutex groups: 0
Translator total mutex groups size: 0
Translator operators: 508
Translator axioms: 0
Translator task size: 4372
Translator peak memory: 37224 KB
Writing output... [0.010s CPU, 0.006s wall-clock]
Done! [0.230s CPU, 0.221s wall-clock]
translate exit code: 0

INFO     Running search (release).
INFO     search portfolio: /home/bharath/Desktop/GitHub/downward/driver/portfolios/seq_opt_fdss_1.py
remaining time: 1799.0
config 0: relative time 175, remaining 1631
args: ['/home/bharath/Desktop/GitHub/downward/builds/release/bin/downward', '--search', 'astar(merge_and_shrink(merge_strategy=merge_precomputed(merge_tree=linear(variable_order=reverse_level)),shrink_strategy=shrink_bisimulation(greedy=true),label_reduction=exact(before_shrinking=true,before_merging=false),max_states=infinity,threshold_before_merge=1))', '--internal-plan-file', '/home/bharath/Desktop/ISWC_test/best_planner/random_policy_results/results/plan-scanalyzer-instance-1.txt']
INFO     search stdin: output.sas
INFO     search time limit: 193s
INFO     search memory limit: None
INFO     search command line string: /home/bharath/Desktop/GitHub/downward/builds/release/bin/downward --search 'astar(merge_and_shrink(merge_strategy=merge_precomputed(merge_tree=linear(variable_order=reverse_level)),shrink_strategy=shrink_bisimulation(greedy=true),label_reduction=exact(before_shrinking=true,before_merging=false),max_states=infinity,threshold_before_merge=1))' --internal-plan-file /home/bharath/Desktop/ISWC_test/best_planner/random_policy_results/results/plan-scanalyzer-instance-1.txt < output.sas
[t=0s, 10980 KB] reading input...
[t=0.00400001s, 11104 KB] done reading input!
[t=0.00800179s, 11500 KB] Initializing merge-and-shrink heuristic...
[t=0.00800179s, 11500 KB] Running merge-and-shrink algorithm...
[t=0.00800179s, 11500 KB] Merge strategy options:
[t=0.00800179s, 11500 KB] Type: precomputed
[t=0.00800179s, 11500 KB] Merge tree options: 
[t=0.00800179s, 11500 KB] Type: linear
[t=0.00800179s, 11500 KB] Update option: use random
[t=0.00800179s, 11500 KB] Variable order type: by reverse level

[t=0.00800179s, 11500 KB] Options related to size limits and shrinking: 
[t=0.00800179s, 11500 KB] Transition system size limit: 2147483647
[t=0.00800179s, 11500 KB] Transition system size limit right before merge: 2147483647
[t=0.00800179s, 11500 KB] Threshold to trigger shrinking right before merge: 1

[t=0.00800179s, 11500 KB] Shrink strategy options: 
[t=0.00800179s, 11500 KB] Type: bisimulation
[t=0.00800179s, 11500 KB] Bisimulation type: greedy
[t=0.00800179s, 11500 KB] At limit: return

[t=0.00800179s, 11500 KB] Pruning unreachable states: yes
[t=0.00800179s, 11500 KB] Pruning irrelevant states: yes

[t=0.00800179s, 11500 KB] Label reduction options:
[t=0.00800179s, 11500 KB] Before merging: disabled
[t=0.00800179s, 11500 KB] Before shrinking: enabled
[t=0.00800179s, 11500 KB] Method: all transition systems with fixpoint computation
[t=0.00800179s, 11500 KB] System order: random

[t=0.00800179s, 11500 KB] Main loop max time in seconds: inf


[t=0.00800179s, 11500 KB] Building atomic transition systems... 
[t=0.0120012s, 11500 KB] M&S algorithm timer: 0.00399941s (after computation of atomic factors)

[t=0.0120012s, 11500 KB] Starting main loop without a time limit.
[t=0.0120012s, 11500 KB] building causal graph...done! [t=0s]
[t=0.0120012s, 11500 KB] Next pair of indices: (0, 1)
[t=0.0120012s, 11500 KB] M&S algorithm main loop timer: 0s (after computation of next merge)
[t=0.0160015s, 11500 KB] M&S algorithm main loop timer: 0.00400027s (after merging)

[t=0.0160015s, 11500 KB] Next pair of indices: (8, 2)
[t=0.0160015s, 11500 KB] M&S algorithm main loop timer: 0.00400027s (after computation of next merge)
[t=0.0160015s, 11500 KB] M&S algorithm main loop timer: 0.00400027s (after label reduction)
[t=0.0200007s, 11500 KB] M&S algorithm main loop timer: 0.00799947s (after merging)

[t=0.0200007s, 11500 KB] Next pair of indices: (9, 3)
[t=0.0200007s, 11500 KB] M&S algorithm main loop timer: 0.00799947s (after computation of next merge)
[t=0.0200007s, 11500 KB] M&S algorithm main loop timer: 0.00799947s (after label reduction)
[t=0.0200007s, 11500 KB] M&S algorithm main loop timer: 0.00799947s (after merging)
[t=0.0200007s, 11500 KB] M&S algorithm main loop timer: 0.00799947s (after pruning)

[t=0.0200007s, 11500 KB] Next pair of indices: (10, 4)
[t=0.0200007s, 11500 KB] M&S algorithm main loop timer: 0.00799947s (after computation of next merge)
[t=0.0200007s, 11500 KB] M&S algorithm main loop timer: 0.00799947s (after label reduction)
[t=0.0200007s, 11500 KB] M&S algorithm main loop timer: 0.00799947s (after merging)

[t=0.0200007s, 11500 KB] Next pair of indices: (11, 5)
[t=0.0200007s, 11500 KB] M&S algorithm main loop timer: 0.00799947s (after computation of next merge)
[t=0.0200007s, 11500 KB] M&S algorithm main loop timer: 0.00799947s (after merging)

[t=0.0200007s, 11500 KB] Next pair of indices: (12, 6)
[t=0.0200007s, 11500 KB] M&S algorithm main loop timer: 0.00799947s (after computation of next merge)
[t=0.0200007s, 11500 KB] M&S algorithm main loop timer: 0.00799947s (after label reduction)
[t=0.0200007s, 11500 KB] M&S algorithm main loop timer: 0.00799947s (after merging)

[t=0.0200007s, 11500 KB] Next pair of indices: (13, 7)
[t=0.0200007s, 11500 KB] M&S algorithm main loop timer: 0.00799947s (after computation of next merge)
[t=0.0200007s, 11500 KB] M&S algorithm main loop timer: 0.00799947s (after label reduction)
[t=0.0200007s, 11500 KB] M&S algorithm main loop timer: 0.00799947s (after merging)

[t=0.0200007s, 11500 KB] End of merge-and-shrink algorithm, statistics:
[t=0.0200007s, 11500 KB] Main loop runtime: 0.00799947s
[t=0.0200007s, 11500 KB] Maximum intermediate abstraction size: 256
[t=0.0200007s, 11500 KB] Final peak memory increase of merge-and-shrink algorithm: 0 KB
[t=0.0200007s, 11500 KB] Merge-and-shrink algorithm runtime: 0.0119989s

[t=0.0200007s, 11500 KB] Number of remaining factors: 1
[t=0.0200007s, 11500 KB] Number of factors kept: 1
[t=0.0200007s, 11500 KB] Done initializing merge-and-shrink heuristic.

[t=0.0200007s, 11500 KB] Building successor generator...done!
[t=0.0200007s, 11500 KB] peak memory difference for successor generator creation: 0 KB
[t=0.0200007s, 11500 KB] time for successor generation creation: 0s
[t=0.0200007s, 11500 KB] Variables: 8
[t=0.0200007s, 11500 KB] FactPairs: 24
[t=0.0200007s, 11500 KB] Bytes per state: 4
[t=0.0200007s, 11500 KB] Conducting best first search with reopening closed nodes, (real) bound = 2147483647
[t=0.0200007s, 11500 KB] New best heuristic value for merge_and_shrink(merge_strategy=merge_precomputed(merge_tree=linear(variable_order=reverse_level)),shrink_strategy=shrink_bisimulation(greedy=true),label_reduction=exact(before_shrinking=true,before_merging=false),max_states=infinity,threshold_before_merge=1): 13
[t=0.0200007s, 11500 KB] g=0, 1 evaluated, 0 expanded
[t=0.0200007s, 11500 KB] f = 13, 1 evaluated, 0 expanded
[t=0.0200007s, 11500 KB] Initial heuristic value for merge_and_shrink(merge_strategy=merge_precomputed(merge_tree=linear(variable_order=reverse_level)),shrink_strategy=shrink_bisimulation(greedy=true),label_reduction=exact(before_shrinking=true,before_merging=false),max_states=infinity,threshold_before_merge=1): 13
[t=0.0200007s, 11500 KB] pruning method: none
[t=0.0200007s, 11500 KB] New best heuristic value for merge_and_shrink(merge_strategy=merge_precomputed(merge_tree=linear(variable_order=reverse_level)),shrink_strategy=shrink_bisimulation(greedy=true),label_reduction=exact(before_shrinking=true,before_merging=false),max_states=infinity,threshold_before_merge=1): 10
[t=0.0200007s, 11500 KB] g=3, 2 evaluated, 1 expanded
[t=0.0200007s, 11500 KB] New best heuristic value for merge_and_shrink(merge_strategy=merge_precomputed(merge_tree=linear(variable_order=reverse_level)),shrink_strategy=shrink_bisimulation(greedy=true),label_reduction=exact(before_shrinking=true,before_merging=false),max_states=infinity,threshold_before_merge=1): 7
[t=0.0200007s, 11500 KB] g=6, 4 evaluated, 2 expanded
[t=0.0200007s, 11500 KB] New best heuristic value for merge_and_shrink(merge_strategy=merge_precomputed(merge_tree=linear(variable_order=reverse_level)),shrink_strategy=shrink_bisimulation(greedy=true),label_reduction=exact(before_shrinking=true,before_merging=false),max_states=infinity,threshold_before_merge=1): 4
[t=0.0200007s, 11500 KB] g=9, 6 evaluated, 3 expanded
[t=0.0200007s, 11500 KB] New best heuristic value for merge_and_shrink(merge_strategy=merge_precomputed(merge_tree=linear(variable_order=reverse_level)),shrink_strategy=shrink_bisimulation(greedy=true),label_reduction=exact(before_shrinking=true,before_merging=false),max_states=infinity,threshold_before_merge=1): 1
[t=0.0200007s, 11500 KB] g=12, 8 evaluated, 4 expanded
[t=0.0200007s, 11500 KB] New best heuristic value for merge_and_shrink(merge_strategy=merge_precomputed(merge_tree=linear(variable_order=reverse_level)),shrink_strategy=shrink_bisimulation(greedy=true),label_reduction=exact(before_shrinking=true,before_merging=false),max_states=infinity,threshold_before_merge=1): 0
[t=0.0200007s, 11500 KB] g=15, 10 evaluated, 5 expanded
[t=0.0200007s, 11500 KB] Solution found!
[t=0.0200007s, 11500 KB] Actual search time: 0s
analyze-4 seg-in-1a seg-in-1b seg-out-1a seg-out-1b car-in-1a car-in-1b car-out-1a car-out-1b (3)
analyze-4 seg-in-1a seg-in-1b seg-out-1a seg-out-1b car-in-1b car-out-1a car-out-1b car-in-1a (3)
analyze-4 seg-in-1a seg-in-1b seg-out-1a seg-out-1b car-out-1a car-out-1b car-in-1a car-in-1b (3)
analyze-4 seg-in-1a seg-in-1b seg-out-1a seg-out-1b car-out-1b car-in-1a car-in-1b car-out-1a (3)
rotate-4 seg-in-1a seg-in-1b seg-out-1a seg-out-1b car-in-1a car-in-1b car-out-1a car-out-1b (1)
[t=0.0200007s, 11500 KB] Plan length: 5 step(s).
[t=0.0200007s, 11500 KB] Plan cost: 13
[t=0.0200007s, 11500 KB] Expanded 6 state(s).
[t=0.0200007s, 11500 KB] Reopened 0 state(s).
[t=0.0200007s, 11500 KB] Evaluated 10 state(s).
[t=0.0200007s, 11500 KB] Evaluations: 10
[t=0.0200007s, 11500 KB] Generated 10 state(s).
[t=0.0200007s, 11500 KB] Dead ends: 0 state(s).
[t=0.0200007s, 11500 KB] Expanded until last jump: 0 state(s).
[t=0.0200007s, 11500 KB] Reopened until last jump: 0 state(s).
[t=0.0200007s, 11500 KB] Evaluated until last jump: 1 state(s).
[t=0.0200007s, 11500 KB] Generated until last jump: 0 state(s).
[t=0.0200007s, 11500 KB] Number of registered states: 10
[t=0.0200007s, 11500 KB] Int hash set load factor: 10/16 = 0.625
[t=0.0200007s, 11500 KB] Int hash set resizes: 4
[t=0.0200007s, 11500 KB] Search time: 0s
[t=0.0200007s, 11500 KB] Total time: 0.0200007s
Solution found.
Peak memory: 11500 KB
exitcode: 0

Exit codes: [0]
Remove intermediate file output.sas
search exit code: 0

INFO     Planner time: 0.42s
