INFO     planner time limit: 1800s
INFO     planner memory limit: None

INFO     Running translator.
INFO     translator stdin: None
INFO     translator time limit: 1799s
INFO     translator memory limit: None
INFO     translator command line string: /usr/bin/python3 /home/bharath/Desktop/GitHub/downward/builds/release/bin/translate/translate.py /home/bharath/Desktop/ISWC_test/best_planner/data/pegsol/domain.pddl /home/bharath/Desktop/ISWC_test/best_planner/data/pegsol/instance-1.pddl --sas-file output.sas
Parsing...
Parsing: [0.010s CPU, 0.004s wall-clock]
Normalizing task... [0.000s CPU, 0.000s wall-clock]
Instantiating...
Generating Datalog program... [0.000s CPU, 0.001s wall-clock]
Normalizing Datalog program...
Normalizing Datalog program: [0.000s CPU, 0.002s wall-clock]
Preparing model... [0.000s CPU, 0.003s wall-clock]
Generated 25 rules.
Computing model... [0.020s CPU, 0.014s wall-clock]
461 relevant atoms
611 auxiliary atoms
1072 final queue length
1647 total queue pushes
Completing instantiation... [0.010s CPU, 0.010s wall-clock]
Instantiating: [0.030s CPU, 0.030s wall-clock]
Computing fact groups...
Finding invariants...
7 initial candidates
Finding invariants: [0.000s CPU, 0.004s wall-clock]
Checking invariant weight... [0.000s CPU, 0.000s wall-clock]
Instantiating groups... [0.000s CPU, 0.000s wall-clock]
Collecting mutex groups... [0.000s CPU, 0.000s wall-clock]
Choosing groups...
0 uncovered facts
Choosing groups: [0.000s CPU, 0.000s wall-clock]
Building translation key... [0.000s CPU, 0.000s wall-clock]
Computing fact groups: [0.000s CPU, 0.005s wall-clock]
Building STRIPS to SAS dictionary... [0.000s CPU, 0.000s wall-clock]
Building dictionary for full mutex groups... [0.000s CPU, 0.000s wall-clock]
Building mutex information...
Building mutex information: [0.000s CPU, 0.000s wall-clock]
Translating task...
Processing axioms...
Simplifying axioms... [0.000s CPU, 0.000s wall-clock]
Translator axioms removed by simplifying: 0
Computing negative axioms... [0.000s CPU, 0.000s wall-clock]
Processing axioms: [0.000s CPU, 0.001s wall-clock]
Translating task: [0.010s CPU, 0.009s wall-clock]
0 effect conditions simplified
0 implied preconditions added
Detecting unreachable propositions...
0 operators removed
0 axioms removed
34 propositions removed
Detecting unreachable propositions: [0.010s CPU, 0.005s wall-clock]
Reordering and filtering variables...
34 of 34 variables necessary.
0 of 34 mutex groups necessary.
185 of 185 operators necessary.
0 of 0 axiom rules necessary.
Reordering and filtering variables: [0.000s CPU, 0.003s wall-clock]
Translator variables: 34
Translator derived variables: 0
Translator facts: 100
Translator goal facts: 33
Translator mutex groups: 0
Translator total mutex groups size: 0
Translator operators: 185
Translator axioms: 0
Translator task size: 1634
Translator peak memory: 35196 KB
Writing output... [0.000s CPU, 0.002s wall-clock]
Done! [0.060s CPU, 0.060s wall-clock]
translate exit code: 0

INFO     Running search (release).
INFO     search portfolio: /home/bharath/Desktop/GitHub/downward/driver/portfolios/seq_opt_fdss_1.py
remaining time: 1799.0
config 0: relative time 175, remaining 1631
args: ['/home/bharath/Desktop/GitHub/downward/builds/release/bin/downward', '--search', 'astar(merge_and_shrink(merge_strategy=merge_precomputed(merge_tree=linear(variable_order=reverse_level)),shrink_strategy=shrink_bisimulation(greedy=true),label_reduction=exact(before_shrinking=true,before_merging=false),max_states=infinity,threshold_before_merge=1))', '--internal-plan-file', '/home/bharath/Desktop/ISWC_test/best_planner/random_policy_results/results/plan-pegsol-instance-1.txt']
INFO     search stdin: output.sas
INFO     search time limit: 193s
INFO     search memory limit: None
INFO     search command line string: /home/bharath/Desktop/GitHub/downward/builds/release/bin/downward --search 'astar(merge_and_shrink(merge_strategy=merge_precomputed(merge_tree=linear(variable_order=reverse_level)),shrink_strategy=shrink_bisimulation(greedy=true),label_reduction=exact(before_shrinking=true,before_merging=false),max_states=infinity,threshold_before_merge=1))' --internal-plan-file /home/bharath/Desktop/ISWC_test/best_planner/random_policy_results/results/plan-pegsol-instance-1.txt < output.sas
[t=0.00400189s, 10980 KB] reading input...
[t=0.00800028s, 10980 KB] done reading input!
[t=0.012001s, 11368 KB] Initializing merge-and-shrink heuristic...
[t=0.012001s, 11368 KB] Running merge-and-shrink algorithm...
[t=0.012001s, 11368 KB] Merge strategy options:
[t=0.012001s, 11368 KB] Type: precomputed
[t=0.012001s, 11368 KB] Merge tree options: 
[t=0.012001s, 11368 KB] Type: linear
[t=0.012001s, 11368 KB] Update option: use random
[t=0.012001s, 11368 KB] Variable order type: by reverse level

[t=0.012001s, 11368 KB] Options related to size limits and shrinking: 
[t=0.012001s, 11368 KB] Transition system size limit: 2147483647
[t=0.012001s, 11368 KB] Transition system size limit right before merge: 2147483647
[t=0.012001s, 11368 KB] Threshold to trigger shrinking right before merge: 1

[t=0.012001s, 11368 KB] Shrink strategy options: 
[t=0.012001s, 11368 KB] Type: bisimulation
[t=0.012001s, 11368 KB] Bisimulation type: greedy
[t=0.012001s, 11368 KB] At limit: return

[t=0.012001s, 11368 KB] Pruning unreachable states: yes
[t=0.012001s, 11368 KB] Pruning irrelevant states: yes

[t=0.012001s, 11368 KB] Label reduction options:
[t=0.012001s, 11368 KB] Before merging: disabled
[t=0.012001s, 11368 KB] Before shrinking: enabled
[t=0.012001s, 11368 KB] Method: all transition systems with fixpoint computation
[t=0.012001s, 11368 KB] System order: random

[t=0.012001s, 11368 KB] Main loop max time in seconds: inf


[t=0.012001s, 11368 KB] Building atomic transition systems... 
[t=0.0160016s, 11368 KB] M&S algorithm timer: 0.00400059s (after computation of atomic factors)

[t=0.0160016s, 11368 KB] Starting main loop without a time limit.
[t=0.0160016s, 11368 KB] building causal graph...done! [t=0s]
[t=0.0160016s, 11368 KB] Next pair of indices: (0, 1)
[t=0.0160016s, 11368 KB] M&S algorithm main loop timer: 0s (after computation of next merge)
[t=0.079736s, 11368 KB] M&S algorithm main loop timer: 0.0637344s (after label reduction)
[t=0.079736s, 11368 KB] M&S algorithm main loop timer: 0.0637344s (after merging)
[t=0.079736s, 11368 KB] M&S algorithm main loop timer: 0.0637344s (after pruning)

[t=0.079736s, 11368 KB] Next pair of indices: (34, 2)
[t=0.079736s, 11368 KB] M&S algorithm main loop timer: 0.0637344s (after computation of next merge)
[t=0.0997351s, 11368 KB] M&S algorithm main loop timer: 0.0877338s (after merging)
[t=0.103735s, 11368 KB] M&S algorithm main loop timer: 0.0877338s (after pruning)

[t=0.103735s, 11368 KB] Next pair of indices: (35, 3)
[t=0.103735s, 11368 KB] M&S algorithm main loop timer: 0.0877338s (after computation of next merge)
[t=0.127736s, 11368 KB] M&S algorithm main loop timer: 0.111734s (after merging)
[t=0.127736s, 11368 KB] M&S algorithm main loop timer: 0.111734s (after pruning)

[t=0.127736s, 11368 KB] Next pair of indices: (36, 4)
[t=0.127736s, 11368 KB] M&S algorithm main loop timer: 0.111734s (after computation of next merge)
[t=0.167523s, 11368 KB] M&S algorithm main loop timer: 0.151522s (after label reduction)
[t=0.171524s, 11368 KB] M&S algorithm main loop timer: 0.155522s (after merging)
[t=0.171524s, 11368 KB] M&S algorithm main loop timer: 0.155522s (after pruning)

[t=0.171524s, 11368 KB] Next pair of indices: (37, 5)
[t=0.171524s, 11368 KB] M&S algorithm main loop timer: 0.155522s (after computation of next merge)
[t=0.191526s, 11500 KB] M&S algorithm main loop timer: 0.175524s (after merging)
[t=0.191526s, 11500 KB] M&S algorithm main loop timer: 0.175524s (after pruning)

[t=0.191526s, 11500 KB] Next pair of indices: (38, 6)
[t=0.191526s, 11500 KB] M&S algorithm main loop timer: 0.175524s (after computation of next merge)
[t=0.211532s, 11632 KB] M&S algorithm main loop timer: 0.195531s (after merging)
[t=0.211532s, 11632 KB] M&S algorithm main loop timer: 0.195531s (after pruning)

[t=0.211532s, 11632 KB] Next pair of indices: (39, 7)
[t=0.211532s, 11632 KB] M&S algorithm main loop timer: 0.195531s (after computation of next merge)
[t=0.223512s, 11632 KB] M&S algorithm main loop timer: 0.207511s (after label reduction)
[t=0.227515s, 12004 KB] M&S algorithm main loop timer: 0.211514s (after merging)
[t=0.227515s, 12004 KB] M&S algorithm main loop timer: 0.211514s (after pruning)

[t=0.227515s, 12004 KB] Next pair of indices: (40, 8)
[t=0.227515s, 12004 KB] M&S algorithm main loop timer: 0.211514s (after computation of next merge)
[t=0.251515s, 12780 KB] M&S algorithm main loop timer: 0.235513s (after merging)
[t=0.251515s, 12780 KB] M&S algorithm main loop timer: 0.235513s (after pruning)

[t=0.251515s, 12780 KB] Next pair of indices: (41, 9)
[t=0.251515s, 12780 KB] M&S algorithm main loop timer: 0.235513s (after computation of next merge)
[t=0.283504s, 14172 KB] M&S algorithm main loop timer: 0.267502s (after merging)
[t=0.287503s, 14172 KB] M&S algorithm main loop timer: 0.271501s (after pruning)

[t=0.287503s, 14172 KB] Next pair of indices: (42, 10)
[t=0.287503s, 14172 KB] M&S algorithm main loop timer: 0.271501s (after computation of next merge)
[t=0.299527s, 14172 KB] M&S algorithm main loop timer: 0.283525s (after label reduction)
[t=0.355357s, 16916 KB] M&S algorithm main loop timer: 0.339356s (after merging)
[t=0.359361s, 16916 KB] M&S algorithm main loop timer: 0.343359s (after pruning)

[t=0.359361s, 16916 KB] Next pair of indices: (43, 11)
[t=0.359361s, 16916 KB] M&S algorithm main loop timer: 0.343359s (after computation of next merge)
[t=0.487348s, 22400 KB] M&S algorithm main loop timer: 0.471346s (after merging)
[t=0.49935s, 22400 KB] M&S algorithm main loop timer: 0.483349s (after pruning)

[t=0.49935s, 22400 KB] Next pair of indices: (44, 12)
[t=0.49935s, 22400 KB] M&S algorithm main loop timer: 0.483349s (after computation of next merge)
[t=0.779037s, 33224 KB] M&S algorithm main loop timer: 0.763035s (after merging)
[t=0.807037s, 33224 KB] M&S algorithm main loop timer: 0.791035s (after pruning)

[t=0.807037s, 33224 KB] Next pair of indices: (45, 13)
[t=0.807037s, 33224 KB] M&S algorithm main loop timer: 0.791035s (after computation of next merge)
[t=0.827036s, 33224 KB] M&S algorithm main loop timer: 0.811034s (after label reduction)
[t=1.52242s, 53956 KB] M&S algorithm main loop timer: 1.50642s (after merging)
[t=1.57042s, 53956 KB] M&S algorithm main loop timer: 1.55442s (after pruning)

[t=1.57042s, 53956 KB] Next pair of indices: (46, 14)
[t=1.57042s, 53956 KB] M&S algorithm main loop timer: 1.55442s (after computation of next merge)
[t=3.2253s, 94000 KB] M&S algorithm main loop timer: 3.2093s (after merging)
[t=3.33728s, 94000 KB] M&S algorithm main loop timer: 3.32128s (after pruning)

[t=3.33728s, 94000 KB] Next pair of indices: (47, 15)
[t=3.33728s, 94000 KB] M&S algorithm main loop timer: 3.32128s (after computation of next merge)
[t=6.48309s, 114896 KB] M&S algorithm main loop timer: 6.46709s (after shrinking)
[t=7.27005s, 170524 KB] M&S algorithm main loop timer: 7.25405s (after merging)
[t=7.44204s, 170524 KB] M&S algorithm main loop timer: 7.42603s (after pruning)

[t=7.44204s, 170524 KB] Next pair of indices: (48, 16)
[t=7.44204s, 170524 KB] M&S algorithm main loop timer: 7.42603s (after computation of next merge)
[t=7.53004s, 170524 KB] M&S algorithm main loop timer: 7.51404s (after label reduction)
[t=12.7933s, 197656 KB] M&S algorithm main loop timer: 12.7773s (after shrinking)
[t=14.3051s, 320056 KB] M&S algorithm main loop timer: 14.2891s (after merging)
[t=14.6451s, 320056 KB] M&S algorithm main loop timer: 14.6291s (after pruning)

[t=14.6451s, 320056 KB] Next pair of indices: (49, 17)
[t=14.6451s, 320056 KB] M&S algorithm main loop timer: 14.6291s (after computation of next merge)
[t=14.6611s, 320056 KB] M&S algorithm main loop timer: 14.6491s (after label reduction)
[t=30.0481s, 402568 KB] M&S algorithm main loop timer: 30.0321s (after shrinking)
[t=33.3251s, 606644 KB] M&S algorithm main loop timer: 33.3091s (after merging)
[t=34.0091s, 606644 KB] M&S algorithm main loop timer: 33.9931s (after pruning)

[t=34.0091s, 606644 KB] Next pair of indices: (50, 18)
[t=34.0091s, 606644 KB] M&S algorithm main loop timer: 33.9931s (after computation of next merge)
[t=64.2911s, 759316 KB] M&S algorithm main loop timer: 64.2751s (after shrinking)
[t=70.8148s, 1160336 KB] M&S algorithm main loop timer: 70.7988s (after merging)
[t=72.1628s, 1160336 KB] M&S algorithm main loop timer: 72.1468s (after pruning)

[t=72.1628s, 1160336 KB] Next pair of indices: (51, 19)
[t=72.1628s, 1160336 KB] M&S algorithm main loop timer: 72.1468s (after computation of next merge)
[t=72.8668s, 1160336 KB] M&S algorithm main loop timer: 72.8508s (after label reduction)
[t=134.382s, 1496928 KB] M&S algorithm main loop timer: 134.682s (after shrinking)
[t=147.771s, 2218836 KB] M&S algorithm main loop timer: 147.755s (after merging)
[t=150.488s, 2218836 KB] M&S algorithm main loop timer: 150.472s (after pruning)

[t=150.488s, 2218836 KB] Next pair of indices: (52, 20)
[t=150.488s, 2218836 KB] M&S algorithm main loop timer: 150.472s (after computation of next merge)
[t=150.576s, 2218836 KB] M&S algorithm main loop timer: 150.56s (after label reduction)
Peak memory: 2353968 KB
caught signal 24 -- exiting
Time limit has been reached.
exitcode: 23

remaining time: 1605.8300000000002
config 1: relative time 432, remaining 1456
args: ['/home/bharath/Desktop/GitHub/downward/builds/release/bin/downward', '--search', 'astar(merge_and_shrink(merge_strategy=merge_precomputed(merge_tree=linear(variable_order=reverse_level)),shrink_strategy=shrink_bisimulation(greedy=false),label_reduction=exact(before_shrinking=true,before_merging=false),max_states=200000))', '--internal-plan-file', '/home/bharath/Desktop/ISWC_test/best_planner/random_policy_results/results/plan-pegsol-instance-1.txt']
INFO     search stdin: output.sas
INFO     search time limit: 476s
INFO     search memory limit: None
INFO     search command line string: /home/bharath/Desktop/GitHub/downward/builds/release/bin/downward --search 'astar(merge_and_shrink(merge_strategy=merge_precomputed(merge_tree=linear(variable_order=reverse_level)),shrink_strategy=shrink_bisimulation(greedy=false),label_reduction=exact(before_shrinking=true,before_merging=false),max_states=200000))' --internal-plan-file /home/bharath/Desktop/ISWC_test/best_planner/random_policy_results/results/plan-pegsol-instance-1.txt < output.sas
[t=0.00399988s, 10980 KB] reading input...
[t=0.00399988s, 10980 KB] done reading input!
[t=0.00800015s, 11368 KB] Initializing merge-and-shrink heuristic...
[t=0.00800015s, 11368 KB] Running merge-and-shrink algorithm...
[t=0.00800015s, 11368 KB] Merge strategy options:
[t=0.00800015s, 11368 KB] Type: precomputed
[t=0.00800015s, 11368 KB] Merge tree options: 
[t=0.00800015s, 11368 KB] Type: linear
[t=0.00800015s, 11368 KB] Update option: use random
[t=0.00800015s, 11368 KB] Variable order type: by reverse level

[t=0.00800015s, 11368 KB] Options related to size limits and shrinking: 
[t=0.00800015s, 11368 KB] Transition system size limit: 200000
[t=0.00800015s, 11368 KB] Transition system size limit right before merge: 200000
[t=0.00800015s, 11368 KB] Threshold to trigger shrinking right before merge: 200000

[t=0.00800015s, 11368 KB] Shrink strategy options: 
[t=0.00800015s, 11368 KB] Type: bisimulation
[t=0.00800015s, 11368 KB] Bisimulation type: exact
[t=0.00800015s, 11368 KB] At limit: return

[t=0.00800015s, 11368 KB] Pruning unreachable states: yes
[t=0.00800015s, 11368 KB] Pruning irrelevant states: yes

[t=0.00800015s, 11368 KB] Label reduction options:
[t=0.00800015s, 11368 KB] Before merging: disabled
[t=0.00800015s, 11368 KB] Before shrinking: enabled
[t=0.00800015s, 11368 KB] Method: all transition systems with fixpoint computation
[t=0.00800015s, 11368 KB] System order: random

[t=0.00800015s, 11368 KB] Main loop max time in seconds: inf


[t=0.00800015s, 11368 KB] Building atomic transition systems... 
[t=0.00800015s, 11368 KB] M&S algorithm timer: 0s (after computation of atomic factors)

[t=0.00800015s, 11368 KB] Starting main loop without a time limit.
[t=0.00800015s, 11368 KB] building causal graph...done! [t=0s]
[t=0.00800015s, 11368 KB] Next pair of indices: (0, 1)
[t=0.00800015s, 11368 KB] M&S algorithm main loop timer: 0s (after computation of next merge)
[t=0.0440014s, 11368 KB] M&S algorithm main loop timer: 0.0360012s (after label reduction)
[t=0.0440014s, 11368 KB] M&S algorithm main loop timer: 0.0360012s (after merging)
[t=0.0440014s, 11368 KB] M&S algorithm main loop timer: 0.0360012s (after pruning)

[t=0.0440014s, 11368 KB] Next pair of indices: (34, 2)
[t=0.0440014s, 11368 KB] M&S algorithm main loop timer: 0.0360012s (after computation of next merge)
[t=0.0560012s, 11368 KB] M&S algorithm main loop timer: 0.0480011s (after merging)
[t=0.0560012s, 11368 KB] M&S algorithm main loop timer: 0.0480011s (after pruning)

[t=0.0560012s, 11368 KB] Next pair of indices: (35, 3)
[t=0.0560012s, 11368 KB] M&S algorithm main loop timer: 0.0480011s (after computation of next merge)
[t=0.0640067s, 11368 KB] M&S algorithm main loop timer: 0.0560065s (after merging)
[t=0.0640067s, 11368 KB] M&S algorithm main loop timer: 0.0560065s (after pruning)

[t=0.0640067s, 11368 KB] Next pair of indices: (36, 4)
[t=0.0640067s, 11368 KB] M&S algorithm main loop timer: 0.0560065s (after computation of next merge)
[t=0.0839924s, 11368 KB] M&S algorithm main loop timer: 0.0759923s (after label reduction)
[t=0.0839924s, 11368 KB] M&S algorithm main loop timer: 0.0759923s (after merging)
[t=0.0839924s, 11368 KB] M&S algorithm main loop timer: 0.0759923s (after pruning)

[t=0.0839924s, 11368 KB] Next pair of indices: (37, 5)
[t=0.0839924s, 11368 KB] M&S algorithm main loop timer: 0.0759923s (after computation of next merge)
[t=0.0959934s, 11500 KB] M&S algorithm main loop timer: 0.0879933s (after merging)
[t=0.0959934s, 11500 KB] M&S algorithm main loop timer: 0.0879933s (after pruning)

[t=0.0959934s, 11500 KB] Next pair of indices: (38, 6)
[t=0.0959934s, 11500 KB] M&S algorithm main loop timer: 0.0879933s (after computation of next merge)
[t=0.103993s, 11632 KB] M&S algorithm main loop timer: 0.0959932s (after merging)
[t=0.103993s, 11632 KB] M&S algorithm main loop timer: 0.0959932s (after pruning)

[t=0.103993s, 11632 KB] Next pair of indices: (39, 7)
[t=0.103993s, 11632 KB] M&S algorithm main loop timer: 0.0959932s (after computation of next merge)
[t=0.115994s, 11632 KB] M&S algorithm main loop timer: 0.107994s (after label reduction)
[t=0.115994s, 12044 KB] M&S algorithm main loop timer: 0.107994s (after merging)
[t=0.115994s, 12044 KB] M&S algorithm main loop timer: 0.111995s (after pruning)

[t=0.119995s, 12044 KB] Next pair of indices: (40, 8)
[t=0.119995s, 12044 KB] M&S algorithm main loop timer: 0.111995s (after computation of next merge)
[t=0.131996s, 12784 KB] M&S algorithm main loop timer: 0.123996s (after merging)
[t=0.131996s, 12784 KB] M&S algorithm main loop timer: 0.123996s (after pruning)

[t=0.131996s, 12784 KB] Next pair of indices: (41, 9)
[t=0.131996s, 12784 KB] M&S algorithm main loop timer: 0.123996s (after computation of next merge)
[t=0.147997s, 14204 KB] M&S algorithm main loop timer: 0.139997s (after merging)
[t=0.151998s, 14204 KB] M&S algorithm main loop timer: 0.143998s (after pruning)

[t=0.151998s, 14204 KB] Next pair of indices: (42, 10)
[t=0.151998s, 14204 KB] M&S algorithm main loop timer: 0.143998s (after computation of next merge)
[t=0.163996s, 14204 KB] M&S algorithm main loop timer: 0.155996s (after label reduction)
[t=0.18s, 16972 KB] M&S algorithm main loop timer: 0.172s (after merging)
[t=0.187999s, 16972 KB] M&S algorithm main loop timer: 0.179999s (after pruning)

[t=0.187999s, 16972 KB] Next pair of indices: (43, 11)
[t=0.187999s, 16972 KB] M&S algorithm main loop timer: 0.179999s (after computation of next merge)
[t=0.232004s, 22524 KB] M&S algorithm main loop timer: 0.224003s (after merging)
[t=0.244002s, 22524 KB] M&S algorithm main loop timer: 0.236002s (after pruning)

[t=0.244002s, 22524 KB] Next pair of indices: (44, 12)
[t=0.244002s, 22524 KB] M&S algorithm main loop timer: 0.236002s (after computation of next merge)
[t=0.33201s, 33224 KB] M&S algorithm main loop timer: 0.32401s (after merging)
[t=0.352008s, 33224 KB] M&S algorithm main loop timer: 0.344008s (after pruning)

[t=0.352008s, 33224 KB] Next pair of indices: (45, 13)
[t=0.352008s, 33224 KB] M&S algorithm main loop timer: 0.344008s (after computation of next merge)
[t=0.372007s, 33224 KB] M&S algorithm main loop timer: 0.364006s (after label reduction)
[t=0.608008s, 36872 KB] M&S algorithm main loop timer: 0.600007s (after shrinking)
[t=0.724012s, 45332 KB] M&S algorithm main loop timer: 0.716012s (after merging)
[t=0.756012s, 45332 KB] M&S algorithm main loop timer: 0.748012s (after pruning)

[t=0.756012s, 45332 KB] Next pair of indices: (46, 14)
[t=0.756012s, 45332 KB] M&S algorithm main loop timer: 0.748012s (after computation of next merge)
[t=1.01997s, 51200 KB] M&S algorithm main loop timer: 1.01197s (after shrinking)
[t=1.16396s, 57620 KB] M&S algorithm main loop timer: 1.15596s (after merging)
[t=1.21196s, 57620 KB] M&S algorithm main loop timer: 1.20396s (after pruning)

[t=1.21196s, 57620 KB] Next pair of indices: (47, 15)
[t=1.21196s, 57620 KB] M&S algorithm main loop timer: 1.20396s (after computation of next merge)
[t=1.53198s, 60012 KB] M&S algorithm main loop timer: 1.52398s (after shrinking)
[t=1.72399s, 73024 KB] M&S algorithm main loop timer: 1.71599s (after merging)
[t=1.79199s, 79432 KB] M&S algorithm main loop timer: 1.78399s (after pruning)

[t=1.79199s, 79432 KB] Next pair of indices: (48, 16)
[t=1.79199s, 79432 KB] M&S algorithm main loop timer: 1.78399s (after computation of next merge)
[t=1.91198s, 79432 KB] M&S algorithm main loop timer: 1.90398s (after label reduction)
[t=2.41598s, 80788 KB] M&S algorithm main loop timer: 2.40798s (after shrinking)
[t=2.812s, 120420 KB] M&S algorithm main loop timer: 2.804s (after merging)
[t=2.95593s, 132896 KB] M&S algorithm main loop timer: 2.94793s (after pruning)

[t=2.95593s, 132896 KB] Next pair of indices: (49, 17)
[t=2.95593s, 132896 KB] M&S algorithm main loop timer: 2.94793s (after computation of next merge)
[t=2.96393s, 132896 KB] M&S algorithm main loop timer: 2.95593s (after label reduction)
[t=3.89191s, 134584 KB] M&S algorithm main loop timer: 3.88391s (after shrinking)
[t=4.49594s, 177432 KB] M&S algorithm main loop timer: 4.48794s (after merging)
[t=4.73195s, 200108 KB] M&S algorithm main loop timer: 4.72795s (after pruning)

[t=4.73595s, 200108 KB] Next pair of indices: (50, 18)
[t=4.73595s, 200108 KB] M&S algorithm main loop timer: 4.72795s (after computation of next merge)
[t=5.83974s, 200768 KB] M&S algorithm main loop timer: 5.83174s (after shrinking)
[t=6.63577s, 222504 KB] M&S algorithm main loop timer: 6.62777s (after merging)
[t=6.95974s, 251600 KB] M&S algorithm main loop timer: 6.95174s (after pruning)

[t=6.95974s, 251600 KB] Next pair of indices: (51, 19)
[t=6.95974s, 251600 KB] M&S algorithm main loop timer: 6.95174s (after computation of next merge)
[t=7.52372s, 251600 KB] M&S algorithm main loop timer: 7.51572s (after label reduction)
[t=9.40367s, 266300 KB] M&S algorithm main loop timer: 9.39567s (after shrinking)
[t=10.2756s, 266300 KB] M&S algorithm main loop timer: 10.2676s (after merging)
[t=10.6156s, 273996 KB] M&S algorithm main loop timer: 10.6076s (after pruning)

[t=10.6156s, 273996 KB] Next pair of indices: (52, 20)
[t=10.6156s, 273996 KB] M&S algorithm main loop timer: 10.6076s (after computation of next merge)
[t=10.6276s, 273996 KB] M&S algorithm main loop timer: 10.6236s (after label reduction)
[t=11.7476s, 273996 KB] M&S algorithm main loop timer: 11.7396s (after shrinking)
[t=12.2676s, 273996 KB] M&S algorithm main loop timer: 12.2596s (after merging)
[t=12.4556s, 273996 KB] M&S algorithm main loop timer: 12.4476s (after pruning)

[t=12.4556s, 273996 KB] Next pair of indices: (53, 21)
[t=12.4556s, 273996 KB] M&S algorithm main loop timer: 12.4476s (after computation of next merge)
[t=13.0356s, 273996 KB] M&S algorithm main loop timer: 13.0276s (after shrinking)
[t=13.1676s, 273996 KB] M&S algorithm main loop timer: 13.1596s (after merging)
[t=13.2156s, 273996 KB] M&S algorithm main loop timer: 13.2076s (after pruning)

[t=13.2156s, 273996 KB] Next pair of indices: (54, 22)
[t=13.2156s, 273996 KB] M&S algorithm main loop timer: 13.2076s (after computation of next merge)
[t=13.2916s, 273996 KB] M&S algorithm main loop timer: 13.2836s (after label reduction)
[t=13.5596s, 273996 KB] M&S algorithm main loop timer: 13.5556s (after merging)
[t=13.6595s, 273996 KB] M&S algorithm main loop timer: 13.6515s (after pruning)

[t=13.6595s, 273996 KB] Next pair of indices: (55, 23)
[t=13.6595s, 273996 KB] M&S algorithm main loop timer: 13.6515s (after computation of next merge)
[t=13.6675s, 273996 KB] M&S algorithm main loop timer: 13.6595s (after label reduction)
[t=14.2195s, 273996 KB] M&S algorithm main loop timer: 14.2115s (after merging)
[t=14.4115s, 273996 KB] M&S algorithm main loop timer: 14.4035s (after pruning)

[t=14.4115s, 273996 KB] Next pair of indices: (56, 24)
[t=14.4115s, 273996 KB] M&S algorithm main loop timer: 14.4035s (after computation of next merge)
[t=14.9955s, 273996 KB] M&S algorithm main loop timer: 14.9915s (after shrinking)
[t=15.0035s, 273996 KB] M&S algorithm main loop timer: 14.9955s (after merging)
[t=15.0075s, 273996 KB] M&S algorithm main loop timer: 14.9995s (after pruning)

[t=15.0075s, 273996 KB] Next pair of indices: (57, 25)
[t=15.0075s, 273996 KB] M&S algorithm main loop timer: 14.9995s (after computation of next merge)
[t=15.0155s, 273996 KB] M&S algorithm main loop timer: 15.0075s (after label reduction)
[t=15.0275s, 273996 KB] M&S algorithm main loop timer: 15.0195s (after merging)
[t=15.0355s, 273996 KB] M&S algorithm main loop timer: 15.0275s (after pruning)

[t=15.0355s, 273996 KB] Next pair of indices: (58, 26)
[t=15.0355s, 273996 KB] M&S algorithm main loop timer: 15.0275s (after computation of next merge)
[t=15.0435s, 273996 KB] M&S algorithm main loop timer: 15.0355s (after label reduction)
[t=15.0755s, 273996 KB] M&S algorithm main loop timer: 15.0675s (after merging)
[t=15.0835s, 273996 KB] M&S algorithm main loop timer: 15.0755s (after pruning)

[t=15.0835s, 273996 KB] Next pair of indices: (59, 27)
[t=15.0835s, 273996 KB] M&S algorithm main loop timer: 15.0755s (after computation of next merge)
[t=15.0955s, 273996 KB] M&S algorithm main loop timer: 15.0875s (after label reduction)
[t=15.1594s, 273996 KB] M&S algorithm main loop timer: 15.1514s (after merging)
[t=15.1794s, 273996 KB] M&S algorithm main loop timer: 15.1714s (after pruning)

[t=15.1794s, 273996 KB] Next pair of indices: (60, 28)
[t=15.1794s, 273996 KB] M&S algorithm main loop timer: 15.1714s (after computation of next merge)
[t=15.2154s, 273996 KB] M&S algorithm main loop timer: 15.2074s (after label reduction)
[t=15.3355s, 273996 KB] M&S algorithm main loop timer: 15.3275s (after merging)
[t=15.3755s, 273996 KB] M&S algorithm main loop timer: 15.3675s (after pruning)

[t=15.3755s, 273996 KB] Next pair of indices: (61, 29)
[t=15.3755s, 273996 KB] M&S algorithm main loop timer: 15.3675s (after computation of next merge)
[t=15.4435s, 273996 KB] M&S algorithm main loop timer: 15.4355s (after label reduction)
[t=15.6835s, 273996 KB] M&S algorithm main loop timer: 15.6755s (after merging)
[t=15.7635s, 273996 KB] M&S algorithm main loop timer: 15.7555s (after pruning)

[t=15.7635s, 273996 KB] Next pair of indices: (62, 30)
[t=15.7635s, 273996 KB] M&S algorithm main loop timer: 15.7555s (after computation of next merge)
[t=15.9555s, 273996 KB] M&S algorithm main loop timer: 15.9475s (after label reduction)
[t=16.4435s, 273996 KB] M&S algorithm main loop timer: 16.4355s (after merging)
[t=16.5955s, 273996 KB] M&S algorithm main loop timer: 16.5875s (after pruning)

[t=16.5955s, 273996 KB] Next pair of indices: (63, 31)
[t=16.5955s, 273996 KB] M&S algorithm main loop timer: 16.5875s (after computation of next merge)
[t=16.9235s, 273996 KB] M&S algorithm main loop timer: 16.9155s (after label reduction)
[t=18.6675s, 273996 KB] M&S algorithm main loop timer: 18.6595s (after shrinking)
[t=19.0155s, 273996 KB] M&S algorithm main loop timer: 19.0075s (after merging)
[t=19.1435s, 273996 KB] M&S algorithm main loop timer: 19.1355s (after pruning)

[t=19.1435s, 273996 KB] Next pair of indices: (64, 32)
[t=19.1435s, 273996 KB] M&S algorithm main loop timer: 19.1355s (after computation of next merge)
[t=19.4715s, 273996 KB] M&S algorithm main loop timer: 19.4635s (after label reduction)
[t=20.6194s, 273996 KB] M&S algorithm main loop timer: 20.6114s (after shrinking)
[t=21.0474s, 273996 KB] M&S algorithm main loop timer: 21.0394s (after merging)
[t=21.2034s, 273996 KB] M&S algorithm main loop timer: 21.1954s (after pruning)

[t=21.2034s, 273996 KB] Next pair of indices: (65, 33)
[t=21.2034s, 273996 KB] M&S algorithm main loop timer: 21.1954s (after computation of next merge)
[t=21.7234s, 273996 KB] M&S algorithm main loop timer: 21.7154s (after label reduction)
[t=23.1834s, 273996 KB] M&S algorithm main loop timer: 23.1754s (after shrinking)
[t=23.6914s, 273996 KB] M&S algorithm main loop timer: 23.6834s (after merging)
[t=23.8794s, 273996 KB] M&S algorithm main loop timer: 23.8714s (after pruning)

[t=23.8794s, 273996 KB] End of merge-and-shrink algorithm, statistics:
[t=23.8794s, 273996 KB] Main loop runtime: 23.8714s
[t=23.8794s, 273996 KB] Maximum intermediate abstraction size: 199888
[t=23.8794s, 273996 KB] Final peak memory increase of merge-and-shrink algorithm: 262628 KB
[t=23.8794s, 273996 KB] Merge-and-shrink algorithm runtime: 23.8714s

[t=23.8794s, 273996 KB] Number of remaining factors: 1
[t=23.8794s, 273996 KB] Number of factors kept: 1
[t=23.8794s, 273996 KB] Done initializing merge-and-shrink heuristic.

[t=23.8794s, 273996 KB] Building successor generator...done!
[t=23.8794s, 273996 KB] peak memory difference for successor generator creation: 0 KB
[t=23.8794s, 273996 KB] time for successor generation creation: 0s
[t=23.8794s, 273996 KB] Variables: 34
[t=23.8794s, 273996 KB] FactPairs: 100
[t=23.8794s, 273996 KB] Bytes per state: 8
[t=23.8794s, 273996 KB] Conducting best first search with reopening closed nodes, (real) bound = 2147483647
[t=23.8834s, 273996 KB] New best heuristic value for merge_and_shrink(merge_strategy=merge_precomputed(merge_tree=linear(variable_order=reverse_level)),shrink_strategy=shrink_bisimulation(greedy=false),label_reduction=exact(before_shrinking=true,before_merging=false),max_states=200000): 2
[t=23.8834s, 273996 KB] g=0, 1 evaluated, 0 expanded
[t=23.8834s, 273996 KB] f = 2, 1 evaluated, 0 expanded
[t=23.8834s, 273996 KB] Initial heuristic value for merge_and_shrink(merge_strategy=merge_precomputed(merge_tree=linear(variable_order=reverse_level)),shrink_strategy=shrink_bisimulation(greedy=false),label_reduction=exact(before_shrinking=true,before_merging=false),max_states=200000): 2
[t=23.8834s, 273996 KB] pruning method: none
[t=23.8834s, 273996 KB] New best heuristic value for merge_and_shrink(merge_strategy=merge_precomputed(merge_tree=linear(variable_order=reverse_level)),shrink_strategy=shrink_bisimulation(greedy=false),label_reduction=exact(before_shrinking=true,before_merging=false),max_states=200000): 1
[t=23.8834s, 273996 KB] g=1, 3 evaluated, 1 expanded
[t=23.8834s, 273996 KB] f = 3, 47 evaluated, 23 expanded
[t=23.8834s, 273996 KB] New best heuristic value for merge_and_shrink(merge_strategy=merge_precomputed(merge_tree=linear(variable_order=reverse_level)),shrink_strategy=shrink_bisimulation(greedy=false),label_reduction=exact(before_shrinking=true,before_merging=false),max_states=200000): 0
[t=23.8834s, 273996 KB] g=3, 77 evaluated, 48 expanded
[t=23.8834s, 273996 KB] Solution found!
[t=23.8834s, 273996 KB] Actual search time: 0s
jump-new-move pos-4-0 pos-3-0 pos-2-0 (1)
jump-continue-move pos-2-0 pos-2-1 pos-2-2 (0)
jump-continue-move pos-2-2 pos-1-2 pos-0-2 (0)
jump-continue-move pos-0-2 pos-0-3 pos-0-4 (0)
jump-continue-move pos-0-4 pos-1-4 pos-2-4 (0)
jump-continue-move pos-2-4 pos-2-5 pos-2-6 (0)
jump-continue-move pos-2-6 pos-3-6 pos-4-6 (0)
jump-continue-move pos-4-6 pos-4-5 pos-4-4 (0)
jump-continue-move pos-4-4 pos-5-4 pos-6-4 (0)
jump-continue-move pos-6-4 pos-6-3 pos-6-2 (0)
jump-continue-move pos-6-2 pos-5-2 pos-4-2 (0)
end-move pos-4-2 (0)
jump-new-move pos-4-1 pos-4-2 pos-4-3 (1)
jump-continue-move pos-4-3 pos-3-3 pos-2-3 (0)
end-move pos-2-3 (0)
jump-new-move pos-1-3 pos-2-3 pos-3-3 (1)
[t=23.8834s, 273996 KB] Plan length: 16 step(s).
[t=23.8834s, 273996 KB] Plan cost: 3
[t=23.8834s, 273996 KB] Expanded 49 state(s).
[t=23.8834s, 273996 KB] Reopened 0 state(s).
[t=23.8834s, 273996 KB] Evaluated 77 state(s).
[t=23.8834s, 273996 KB] Evaluations: 77
[t=23.8834s, 273996 KB] Generated 99 state(s).
[t=23.8834s, 273996 KB] Dead ends: 0 state(s).
[t=23.8834s, 273996 KB] Expanded until last jump: 23 state(s).
[t=23.8834s, 273996 KB] Reopened until last jump: 0 state(s).
[t=23.8834s, 273996 KB] Evaluated until last jump: 47 state(s).
[t=23.8834s, 273996 KB] Generated until last jump: 47 state(s).
[t=23.8834s, 273996 KB] Number of registered states: 77
[t=23.8834s, 273996 KB] Int hash set load factor: 77/128 = 0.601562
[t=23.8834s, 273996 KB] Int hash set resizes: 7
[t=23.8834s, 273996 KB] Search time: 0.00400084s
[t=23.8834s, 273996 KB] Total time: 23.8834s
Solution found.
Peak memory: 273996 KB
exitcode: 0

Exit codes: [23, 0]
Remove intermediate file output.sas
search exit code: 2

INFO     Planner time: 217.29s
