INFO     planner time limit: 1800s
INFO     planner memory limit: None

INFO     Running translator.
INFO     translator stdin: None
INFO     translator time limit: 1799s
INFO     translator memory limit: None
INFO     translator command line string: /usr/bin/python3 /home/bharath/Desktop/GitHub/downward/builds/release/bin/translate/translate.py /home/bharath/Desktop/ISWC_test/best_planner/data/nomystery/domain.pddl /home/bharath/Desktop/ISWC_test/best_planner/data/nomystery/instance-1.pddl --sas-file output.sas
Parsing...
Parsing: [0.010s CPU, 0.008s wall-clock]
Normalizing task... [0.000s CPU, 0.001s wall-clock]
Instantiating...
Generating Datalog program... [0.010s CPU, 0.004s wall-clock]
Normalizing Datalog program...
Normalizing Datalog program: [0.000s CPU, 0.004s wall-clock]
Preparing model... [0.010s CPU, 0.013s wall-clock]
Generated 23 rules.
Computing model... [0.040s CPU, 0.042s wall-clock]
1272 relevant atoms
2031 auxiliary atoms
3303 final queue length
3929 total queue pushes
Completing instantiation... [0.020s CPU, 0.016s wall-clock]
Instantiating: [0.080s CPU, 0.080s wall-clock]
Computing fact groups...
Finding invariants...
9 initial candidates
Finding invariants: [0.000s CPU, 0.002s wall-clock]
Checking invariant weight... [0.000s CPU, 0.000s wall-clock]
Instantiating groups... [0.000s CPU, 0.001s wall-clock]
Collecting mutex groups... [0.000s CPU, 0.000s wall-clock]
Choosing groups...
0 uncovered facts
Choosing groups: [0.000s CPU, 0.000s wall-clock]
Building translation key... [0.000s CPU, 0.000s wall-clock]
Computing fact groups: [0.000s CPU, 0.004s wall-clock]
Building STRIPS to SAS dictionary... [0.000s CPU, 0.000s wall-clock]
Building dictionary for full mutex groups... [0.000s CPU, 0.000s wall-clock]
Building mutex information...
Building mutex information: [0.000s CPU, 0.000s wall-clock]
Translating task...
Processing axioms...
Simplifying axioms... [0.000s CPU, 0.000s wall-clock]
Translator axioms removed by simplifying: 0
Computing negative axioms... [0.000s CPU, 0.000s wall-clock]
Processing axioms: [0.000s CPU, 0.001s wall-clock]
Translating task: [0.010s CPU, 0.012s wall-clock]
0 effect conditions simplified
0 implied preconditions added
Detecting unreachable propositions...
0 operators removed
0 axioms removed
5 propositions removed
Detecting unreachable propositions: [0.010s CPU, 0.006s wall-clock]
Reordering and filtering variables...
5 of 5 variables necessary.
0 of 5 mutex groups necessary.
350 of 350 operators necessary.
0 of 0 axiom rules necessary.
Reordering and filtering variables: [0.000s CPU, 0.002s wall-clock]
Translator variables: 5
Translator derived variables: 0
Translator facts: 55
Translator goal facts: 3
Translator mutex groups: 0
Translator total mutex groups size: 0
Translator operators: 350
Translator axioms: 0
Translator task size: 1789
Translator peak memory: 36352 KB
Writing output... [0.000s CPU, 0.003s wall-clock]
Done! [0.110s CPU, 0.116s wall-clock]
translate exit code: 0

INFO     Running search (release).
INFO     search stdin: output.sas
INFO     search time limit: 1799s
INFO     search memory limit: None
INFO     search command line string: /home/bharath/Desktop/GitHub/downward/builds/release/bin/downward --search 'let(hlm,landmark_sum(lm_factory=lm_reasonable_orders_hps(lm_rhw()),transform=adapt_costs(one),pref=false),let(hff,ff(transform=adapt_costs(one)),lazy_greedy([hff,hlm],preferred=[hff,hlm],cost_type=one,reopen_closed=false)))' --internal-plan-file /home/bharath/Desktop/ISWC_test/best_planner/random_policy_results/results/plan-nomystery-instance-1.txt < output.sas
[t=0.00399941s, 10980 KB] reading input...
[t=0.00399941s, 10980 KB] done reading input!
[t=0.00799965s, 11368 KB] Initializing landmark sum heuristic...
[t=0.00799965s, 11368 KB] Generating landmark graph...
[t=0.00799965s, 11368 KB] Building a landmark graph with reasonable orders.
[t=0.00799965s, 11368 KB] Initializing Exploration...
[t=0.00799965s, 11368 KB] Generating landmarks using the RPG/SAS+ approach
[t=0.00799965s, 11368 KB] Removed 0 reasonable or obedient reasonable orders
[t=0.00799965s, 11368 KB] Landmarks generation time: 0s
[t=0.00799965s, 11368 KB] Discovered 13 landmarks, of which 0 are disjunctive and 0 are conjunctive.
[t=0.00799965s, 11368 KB] 21 edges
[t=0.00799965s, 11368 KB] approx. reasonable orders
[t=0.00799965s, 11368 KB] approx. obedient reasonable orders
[t=0.00799965s, 11368 KB] Removed 0 reasonable or obedient reasonable orders
[t=0.00799965s, 11368 KB] Landmarks generation time: 0s
[t=0.00799965s, 11368 KB] Discovered 13 landmarks, of which 0 are disjunctive and 0 are conjunctive.
[t=0.00799965s, 11368 KB] 23 edges
[t=0.00799965s, 11368 KB] Landmark graph generation time: 0s
[t=0.00799965s, 11368 KB] Landmark graph contains 13 landmarks, of which 0 are disjunctive and 0 are conjunctive.
[t=0.00799965s, 11368 KB] Landmark graph contains 23 orderings.
[t=0.00799965s, 11368 KB] Simplifying 676 unary operators... done! [676 unary operators]
[t=0.00799965s, 11368 KB] time to simplify: 0s
[t=0.00799965s, 11368 KB] Initializing additive heuristic...
[t=0.00799965s, 11368 KB] Initializing FF heuristic...
[t=0.0120009s, 11368 KB] Building successor generator...done!
[t=0.0120009s, 11368 KB] peak memory difference for successor generator creation: 0 KB
[t=0.0120009s, 11368 KB] time for successor generation creation: 0s
[t=0.0120009s, 11368 KB] Variables: 5
[t=0.0120009s, 11368 KB] FactPairs: 55
[t=0.0120009s, 11368 KB] Bytes per state: 4
[t=0.0120009s, 11368 KB] Conducting lazy best first search, (real) bound = 2147483647
[t=0.0120009s, 11368 KB] 4 initial landmarks, 3 goal landmarks
[t=0.0120009s, 11368 KB] New best heuristic value for landmark_sum(lm_factory=lm_reasonable_orders_hps(lm_rhw()),transform=adapt_costs(one),pref=false): 9
[t=0.0120009s, 11368 KB] New best heuristic value for ff(transform=adapt_costs(one)): 9
[t=0.0120009s, 11368 KB] g=0, 1 evaluated, 0 expanded
[t=0.0120009s, 11368 KB] Initial heuristic value for landmark_sum(lm_factory=lm_reasonable_orders_hps(lm_rhw()),transform=adapt_costs(one),pref=false): 9
[t=0.0120009s, 11368 KB] Initial heuristic value for ff(transform=adapt_costs(one)): 9
[t=0.0120009s, 11368 KB] New best heuristic value for ff(transform=adapt_costs(one)): 8
[t=0.0120009s, 11368 KB] g=1, 2 evaluated, 1 expanded
[t=0.0120009s, 11368 KB] New best heuristic value for landmark_sum(lm_factory=lm_reasonable_orders_hps(lm_rhw()),transform=adapt_costs(one),pref=false): 8
[t=0.0120009s, 11368 KB] g=2, 3 evaluated, 2 expanded
[t=0.0120009s, 11368 KB] New best heuristic value for ff(transform=adapt_costs(one)): 7
[t=0.0120009s, 11368 KB] g=2, 7 evaluated, 6 expanded
[t=0.0120009s, 11368 KB] New best heuristic value for landmark_sum(lm_factory=lm_reasonable_orders_hps(lm_rhw()),transform=adapt_costs(one),pref=false): 7
[t=0.0120009s, 11368 KB] g=3, 8 evaluated, 7 expanded
[t=0.0120009s, 11368 KB] New best heuristic value for landmark_sum(lm_factory=lm_reasonable_orders_hps(lm_rhw()),transform=adapt_costs(one),pref=false): 6
[t=0.0120009s, 11368 KB] g=5, 14 evaluated, 12 expanded
[t=0.0120009s, 11368 KB] New best heuristic value for ff(transform=adapt_costs(one)): 6
[t=0.0120009s, 11368 KB] g=6, 16 evaluated, 14 expanded
[t=0.0120009s, 11368 KB] New best heuristic value for ff(transform=adapt_costs(one)): 5
[t=0.0120009s, 11368 KB] g=5, 27 evaluated, 22 expanded
[t=0.0120009s, 11368 KB] New best heuristic value for landmark_sum(lm_factory=lm_reasonable_orders_hps(lm_rhw()),transform=adapt_costs(one),pref=false): 5
[t=0.0120009s, 11368 KB] g=5, 30 evaluated, 24 expanded
[t=0.0120009s, 11368 KB] New best heuristic value for ff(transform=adapt_costs(one)): 4
[t=0.0120009s, 11368 KB] g=7, 35 evaluated, 28 expanded
[t=0.0120009s, 11368 KB] New best heuristic value for ff(transform=adapt_costs(one)): 3
[t=0.0120009s, 11368 KB] g=8, 46 evaluated, 36 expanded
[t=0.0120009s, 11368 KB] New best heuristic value for ff(transform=adapt_costs(one)): 2
[t=0.0120009s, 11368 KB] g=9, 48 evaluated, 38 expanded
[t=0.0120009s, 11368 KB] New best heuristic value for ff(transform=adapt_costs(one)): 1
[t=0.0120009s, 11368 KB] g=10, 49 evaluated, 39 expanded
[t=0.0120009s, 11368 KB] Solution found!
[t=0.0120009s, 11368 KB] Actual search time: 0s
drive t0 l2 l0 level34 level2 level36 (1)
load p0 t0 l0 (1)
drive t0 l0 l1 level21 level13 level34 (1)
load p1 t0 l1 (1)
unload p0 t0 l1 (1)
drive t0 l1 l3 level10 level11 level21 (1)
load p2 t0 l3 (1)
drive t0 l3 l2 level4 level6 level10 (1)
drive t0 l2 l0 level2 level2 level4 (1)
unload p2 t0 l0 (1)
unload p1 t0 l0 (1)
[t=0.0120009s, 11368 KB] Plan length: 11 step(s).
[t=0.0120009s, 11368 KB] Plan cost: 11
[t=0.0120009s, 11368 KB] Expanded 40 state(s).
[t=0.0120009s, 11368 KB] Reopened 0 state(s).
[t=0.0120009s, 11368 KB] Evaluated 50 state(s).
[t=0.0120009s, 11368 KB] Evaluations: 91
[t=0.0120009s, 11368 KB] Generated 132 state(s).
[t=0.0120009s, 11368 KB] Dead ends: 9 state(s).
[t=0.0120009s, 11368 KB] Number of registered states: 50
[t=0.0120009s, 11368 KB] Int hash set load factor: 50/64 = 0.78125
[t=0.0120009s, 11368 KB] Int hash set resizes: 6
[t=0.0120009s, 11368 KB] Search time: 0s
[t=0.0120009s, 11368 KB] Total time: 0.0120009s
Solution found.
Peak memory: 11368 KB
Remove intermediate file output.sas
search exit code: 0

INFO     Planner time: 0.27s
