INFO     planner time limit: 1800s
INFO     planner memory limit: None

INFO     Running translator.
INFO     translator stdin: None
INFO     translator time limit: 1799s
INFO     translator memory limit: None
INFO     translator command line string: /usr/bin/python3 /home/bharath/Desktop/GitHub/downward/builds/release/bin/translate/translate.py /home/bharath/Desktop/ISWC_test/best_planner/data/woodworking/domain.pddl /home/bharath/Desktop/ISWC_test/best_planner/data/woodworking/instance-3.pddl --sas-file output.sas
Parsing...
Parsing: [0.010s CPU, 0.008s wall-clock]
Normalizing task... [0.000s CPU, 0.000s wall-clock]
Instantiating...
Generating Datalog program... [0.000s CPU, 0.001s wall-clock]
Normalizing Datalog program...
Normalizing Datalog program: [0.010s CPU, 0.009s wall-clock]
Preparing model... [0.000s CPU, 0.004s wall-clock]
Generated 198 rules.
Computing model... [0.020s CPU, 0.023s wall-clock]
804 relevant atoms
1655 auxiliary atoms
2459 final queue length
4281 total queue pushes
Completing instantiation... [0.060s CPU, 0.056s wall-clock]
Instantiating: [0.090s CPU, 0.095s wall-clock]
Computing fact groups...
Finding invariants...
24 initial candidates
Finding invariants: [0.030s CPU, 0.028s wall-clock]
Checking invariant weight... [0.000s CPU, 0.000s wall-clock]
Instantiating groups... [0.000s CPU, 0.001s wall-clock]
Collecting mutex groups... [0.000s CPU, 0.000s wall-clock]
Choosing groups...
45 uncovered facts
Choosing groups: [0.000s CPU, 0.000s wall-clock]
Building translation key... [0.000s CPU, 0.000s wall-clock]
Computing fact groups: [0.030s CPU, 0.031s wall-clock]
Building STRIPS to SAS dictionary... [0.000s CPU, 0.000s wall-clock]
Building dictionary for full mutex groups... [0.000s CPU, 0.000s wall-clock]
Building mutex information...
Building mutex information: [0.000s CPU, 0.000s wall-clock]
Translating task...
Processing axioms...
Simplifying axioms... [0.000s CPU, 0.000s wall-clock]
Translator axioms removed by simplifying: 0
Computing negative axioms... [0.000s CPU, 0.000s wall-clock]
Processing axioms: [0.000s CPU, 0.002s wall-clock]
Translating task: [0.030s CPU, 0.031s wall-clock]
352 effect conditions simplified
0 implied preconditions added
Detecting unreachable propositions...
0 operators removed
0 axioms removed
18 propositions removed
Detecting unreachable propositions: [0.010s CPU, 0.014s wall-clock]
Reordering and filtering variables...
51 of 55 variables necessary.
15 of 23 mutex groups necessary.
544 of 544 operators necessary.
0 of 0 axiom rules necessary.
Reordering and filtering variables: [0.010s CPU, 0.007s wall-clock]
Translator variables: 51
Translator derived variables: 0
Translator facts: 131
Translator goal facts: 19
Translator mutex groups: 15
Translator total mutex groups size: 43
Translator operators: 544
Translator axioms: 0
Translator task size: 4608
Translator peak memory: 37380 KB
Writing output... [0.010s CPU, 0.007s wall-clock]
Done! [0.200s CPU, 0.195s wall-clock]
translate exit code: 0

INFO     Running search (release).
INFO     search stdin: output.sas
INFO     search time limit: 1799s
INFO     search memory limit: None
INFO     search command line string: /home/bharath/Desktop/GitHub/downward/builds/release/bin/downward --search 'let(hlm,landmark_sum(lm_factory=lm_reasonable_orders_hps(lm_rhw()),transform=adapt_costs(one),pref=false),let(hff,ff(transform=adapt_costs(one)),lazy_greedy([hff,hlm],preferred=[hff,hlm],cost_type=one,reopen_closed=false)))' --internal-plan-file /home/bharath/Desktop/ISWC_test/best_planner/random_policy_results/results/plan-woodworking-instance-3.txt < output.sas
[t=0.00400061s, 10980 KB] reading input...
[t=0.00799982s, 11104 KB] done reading input!
[t=0.00799982s, 11500 KB] Initializing landmark sum heuristic...
[t=0.00799982s, 11500 KB] Generating landmark graph...
[t=0.00799982s, 11500 KB] Building a landmark graph with reasonable orders.
[t=0.00799982s, 11500 KB] Initializing Exploration...
[t=0.00799982s, 11500 KB] Generating landmarks using the RPG/SAS+ approach
[t=0.0160008s, 11500 KB] Removed 0 reasonable or obedient reasonable orders
[t=0.0160008s, 11500 KB] Landmarks generation time: 0.00800096s
[t=0.0160008s, 11500 KB] Discovered 46 landmarks, of which 1 are disjunctive and 0 are conjunctive.
[t=0.0160008s, 11500 KB] 54 edges
[t=0.0160008s, 11500 KB] approx. reasonable orders
[t=0.0240009s, 11500 KB] approx. obedient reasonable orders
[t=0.0240009s, 11500 KB] Removed 0 reasonable or obedient reasonable orders
[t=0.0240009s, 11500 KB] Landmarks generation time: 0.0160011s
[t=0.0240009s, 11500 KB] Discovered 46 landmarks, of which 1 are disjunctive and 0 are conjunctive.
[t=0.0240009s, 11500 KB] 61 edges
[t=0.0240009s, 11500 KB] Landmark graph generation time: 0.0160011s
[t=0.0240009s, 11500 KB] Landmark graph contains 46 landmarks, of which 1 are disjunctive and 0 are conjunctive.
[t=0.0240009s, 11500 KB] Landmark graph contains 61 orderings.
[t=0.0240009s, 11664 KB] Simplifying 1834 unary operators... done! [1040 unary operators]
[t=0.0240009s, 11664 KB] time to simplify: 0s
[t=0.0240009s, 11664 KB] Initializing additive heuristic...
[t=0.0280004s, 11664 KB] Initializing FF heuristic...
[t=0.0280004s, 11664 KB] Building successor generator...done!
[t=0.0280004s, 11664 KB] peak memory difference for successor generator creation: 0 KB
[t=0.0280004s, 11664 KB] time for successor generation creation: 0s
[t=0.0280004s, 11664 KB] Variables: 51
[t=0.0280004s, 11664 KB] FactPairs: 131
[t=0.0280004s, 11664 KB] Bytes per state: 12
[t=0.0280004s, 11664 KB] Conducting lazy best first search, (real) bound = 2147483647
[t=0.0280004s, 11664 KB] 20 initial landmarks, 19 goal landmarks
[t=0.0280004s, 11664 KB] New best heuristic value for landmark_sum(lm_factory=lm_reasonable_orders_hps(lm_rhw()),transform=adapt_costs(one),pref=false): 26
[t=0.0280004s, 11664 KB] New best heuristic value for ff(transform=adapt_costs(one)): 13
[t=0.0280004s, 11664 KB] g=0, 1 evaluated, 0 expanded
[t=0.0280004s, 11664 KB] Initial heuristic value for landmark_sum(lm_factory=lm_reasonable_orders_hps(lm_rhw()),transform=adapt_costs(one),pref=false): 26
[t=0.0280004s, 11664 KB] Initial heuristic value for ff(transform=adapt_costs(one)): 13
[t=0.0280004s, 11664 KB] New best heuristic value for landmark_sum(lm_factory=lm_reasonable_orders_hps(lm_rhw()),transform=adapt_costs(one),pref=false): 23
[t=0.0280004s, 11664 KB] New best heuristic value for ff(transform=adapt_costs(one)): 12
[t=0.0280004s, 11664 KB] g=1, 3 evaluated, 2 expanded
[t=0.0280004s, 11664 KB] New best heuristic value for landmark_sum(lm_factory=lm_reasonable_orders_hps(lm_rhw()),transform=adapt_costs(one),pref=false): 20
[t=0.0280004s, 11664 KB] New best heuristic value for ff(transform=adapt_costs(one)): 11
[t=0.0280004s, 11664 KB] g=2, 4 evaluated, 3 expanded
[t=0.0280004s, 11664 KB] New best heuristic value for landmark_sum(lm_factory=lm_reasonable_orders_hps(lm_rhw()),transform=adapt_costs(one),pref=false): 16
[t=0.0280004s, 11664 KB] New best heuristic value for ff(transform=adapt_costs(one)): 10
[t=0.0280004s, 11664 KB] g=3, 5 evaluated, 4 expanded
[t=0.0280004s, 11664 KB] New best heuristic value for landmark_sum(lm_factory=lm_reasonable_orders_hps(lm_rhw()),transform=adapt_costs(one),pref=false): 12
[t=0.0280004s, 11664 KB] New best heuristic value for ff(transform=adapt_costs(one)): 9
[t=0.0280004s, 11664 KB] g=4, 6 evaluated, 5 expanded
[t=0.0280004s, 11664 KB] New best heuristic value for landmark_sum(lm_factory=lm_reasonable_orders_hps(lm_rhw()),transform=adapt_costs(one),pref=false): 10
[t=0.0280004s, 11664 KB] New best heuristic value for ff(transform=adapt_costs(one)): 8
[t=0.0280004s, 11664 KB] g=5, 7 evaluated, 6 expanded
[t=0.0280004s, 11664 KB] New best heuristic value for landmark_sum(lm_factory=lm_reasonable_orders_hps(lm_rhw()),transform=adapt_costs(one),pref=false): 9
[t=0.0280004s, 11664 KB] New best heuristic value for ff(transform=adapt_costs(one)): 7
[t=0.0280004s, 11664 KB] g=6, 8 evaluated, 7 expanded
[t=0.0280004s, 11664 KB] New best heuristic value for landmark_sum(lm_factory=lm_reasonable_orders_hps(lm_rhw()),transform=adapt_costs(one),pref=false): 8
[t=0.0280004s, 11664 KB] New best heuristic value for ff(transform=adapt_costs(one)): 6
[t=0.0280004s, 11664 KB] g=7, 9 evaluated, 8 expanded
[t=0.0280004s, 11664 KB] New best heuristic value for landmark_sum(lm_factory=lm_reasonable_orders_hps(lm_rhw()),transform=adapt_costs(one),pref=false): 7
[t=0.0280004s, 11664 KB] New best heuristic value for ff(transform=adapt_costs(one)): 5
[t=0.0280004s, 11664 KB] g=8, 10 evaluated, 9 expanded
[t=0.0280004s, 11664 KB] New best heuristic value for landmark_sum(lm_factory=lm_reasonable_orders_hps(lm_rhw()),transform=adapt_costs(one),pref=false): 6
[t=0.0280004s, 11664 KB] New best heuristic value for ff(transform=adapt_costs(one)): 4
[t=0.0280004s, 11664 KB] g=9, 11 evaluated, 10 expanded
[t=0.0280004s, 11664 KB] New best heuristic value for landmark_sum(lm_factory=lm_reasonable_orders_hps(lm_rhw()),transform=adapt_costs(one),pref=false): 4
[t=0.0280004s, 11664 KB] New best heuristic value for ff(transform=adapt_costs(one)): 3
[t=0.0280004s, 11664 KB] g=10, 12 evaluated, 11 expanded
[t=0.0280004s, 11664 KB] New best heuristic value for landmark_sum(lm_factory=lm_reasonable_orders_hps(lm_rhw()),transform=adapt_costs(one),pref=false): 2
[t=0.0280004s, 11664 KB] New best heuristic value for ff(transform=adapt_costs(one)): 1
[t=0.0280004s, 11664 KB] g=11, 14 evaluated, 13 expanded
[t=0.0280004s, 11664 KB] Solution found!
[t=0.0280004s, 11664 KB] Actual search time: 0s
do-saw-large b0 p4 saw0 teak rough s6 s4 s5 s3 (30)
do-saw-medium b1 p0 saw0 mahogany smooth s6 s5 s4 (30)
do-saw-medium b1 p1 saw0 mahogany smooth s6 s5 s4 (30)
do-saw-medium b1 p3 saw0 mahogany smooth s6 s5 s4 (30)
do-saw-small b1 p2 saw0 mahogany smooth s6 s5 (30)
do-plane p4 planer0 rough natural untreated (30)
do-immersion-varnish p4 immersion-varnisher0 green smooth (10)
do-glaze p0 glazer0 mauve (15)
do-grind p1 grinder0 smooth natural untreated untreated (30)
do-immersion-varnish p1 immersion-varnisher0 green verysmooth (10)
do-glaze p3 glazer0 white (15)
do-glaze p2 glazer0 mauve (10)
[t=0.0280004s, 11664 KB] Plan length: 12 step(s).
[t=0.0280004s, 11664 KB] Plan cost: 270
[t=0.0280004s, 11664 KB] Expanded 14 state(s).
[t=0.0280004s, 11664 KB] Reopened 0 state(s).
[t=0.0280004s, 11664 KB] Evaluated 15 state(s).
[t=0.0280004s, 11664 KB] Evaluations: 30
[t=0.0280004s, 11664 KB] Generated 333 state(s).
[t=0.0280004s, 11664 KB] Dead ends: 0 state(s).
[t=0.0280004s, 11664 KB] Number of registered states: 15
[t=0.0280004s, 11664 KB] Int hash set load factor: 15/16 = 0.9375
[t=0.0280004s, 11664 KB] Int hash set resizes: 4
[t=0.0280004s, 11664 KB] Search time: 0s
[t=0.0280004s, 11664 KB] Total time: 0.0280004s
Solution found.
Peak memory: 11664 KB
Remove intermediate file output.sas
search exit code: 0

INFO     Planner time: 0.36s
