INFO     planner time limit: 1800s
INFO     planner memory limit: None

INFO     Running translator.
INFO     translator stdin: None
INFO     translator time limit: 1799s
INFO     translator memory limit: None
INFO     translator command line string: /usr/bin/python3 /home/bharath/Desktop/GitHub/downward/builds/release/bin/translate/translate.py /home/bharath/Desktop/ISWC_test/best_planner/data/woodworking/domain.pddl /home/bharath/Desktop/ISWC_test/best_planner/data/woodworking/instance-2.pddl --sas-file output.sas
Parsing...
Parsing: [0.010s CPU, 0.012s wall-clock]
Normalizing task... [0.000s CPU, 0.001s wall-clock]
Instantiating...
Generating Datalog program... [0.010s CPU, 0.003s wall-clock]
Normalizing Datalog program...
Normalizing Datalog program: [0.010s CPU, 0.017s wall-clock]
Preparing model... [0.010s CPU, 0.007s wall-clock]
Generated 198 rules.
Computing model... [0.020s CPU, 0.022s wall-clock]
679 relevant atoms
1476 auxiliary atoms
2155 final queue length
3548 total queue pushes
Completing instantiation... [0.050s CPU, 0.046s wall-clock]
Instantiating: [0.100s CPU, 0.096s wall-clock]
Computing fact groups...
Finding invariants...
24 initial candidates
Finding invariants: [0.020s CPU, 0.018s wall-clock]
Checking invariant weight... [0.000s CPU, 0.000s wall-clock]
Instantiating groups... [0.000s CPU, 0.001s wall-clock]
Collecting mutex groups... [0.000s CPU, 0.000s wall-clock]
Choosing groups...
39 uncovered facts
Choosing groups: [0.000s CPU, 0.000s wall-clock]
Building translation key... [0.000s CPU, 0.000s wall-clock]
Computing fact groups: [0.020s CPU, 0.020s wall-clock]
Building STRIPS to SAS dictionary... [0.000s CPU, 0.000s wall-clock]
Building dictionary for full mutex groups... [0.000s CPU, 0.000s wall-clock]
Building mutex information...
Building mutex information: [0.000s CPU, 0.000s wall-clock]
Translating task...
Processing axioms...
Simplifying axioms... [0.000s CPU, 0.000s wall-clock]
Translator axioms removed by simplifying: 0
Computing negative axioms... [0.000s CPU, 0.000s wall-clock]
Processing axioms: [0.000s CPU, 0.001s wall-clock]
Translating task: [0.030s CPU, 0.024s wall-clock]
286 effect conditions simplified
0 implied preconditions added
Detecting unreachable propositions...
0 operators removed
0 axioms removed
17 propositions removed
Detecting unreachable propositions: [0.010s CPU, 0.012s wall-clock]
Reordering and filtering variables...
40 of 46 variables necessary.
12 of 19 mutex groups necessary.
428 of 428 operators necessary.
0 of 0 axiom rules necessary.
Reordering and filtering variables: [0.000s CPU, 0.006s wall-clock]
Translator variables: 40
Translator derived variables: 0
Translator facts: 103
Translator goal facts: 15
Translator mutex groups: 12
Translator total mutex groups size: 34
Translator operators: 428
Translator axioms: 0
Translator task size: 3584
Translator peak memory: 36356 KB
Writing output... [0.010s CPU, 0.005s wall-clock]
Done! [0.180s CPU, 0.178s wall-clock]
translate exit code: 0

INFO     Running search (release).
INFO     search stdin: output.sas
INFO     search time limit: 1799s
INFO     search memory limit: None
INFO     search command line string: /home/bharath/Desktop/GitHub/downward/builds/release/bin/downward --search 'let(hlm,landmark_sum(lm_factory=lm_reasonable_orders_hps(lm_rhw()),transform=adapt_costs(one),pref=false),let(hff,ff(transform=adapt_costs(one)),lazy_greedy([hff,hlm],preferred=[hff,hlm],cost_type=one,reopen_closed=false)))' --internal-plan-file /home/bharath/Desktop/ISWC_test/best_planner/random_policy_results/results/plan-woodworking-instance-2.txt < output.sas
[t=0s, 10980 KB] reading input...
[t=0.00400083s, 11104 KB] done reading input!
[t=0.00800054s, 11368 KB] Initializing landmark sum heuristic...
[t=0.00800054s, 11368 KB] Generating landmark graph...
[t=0.00800054s, 11368 KB] Building a landmark graph with reasonable orders.
[t=0.00800054s, 11368 KB] Initializing Exploration...
[t=0.00800054s, 11500 KB] Generating landmarks using the RPG/SAS+ approach
[t=0.0120012s, 11500 KB] Removed 0 reasonable or obedient reasonable orders
[t=0.0120012s, 11500 KB] Landmarks generation time: 0.00400066s
[t=0.0120012s, 11500 KB] Discovered 39 landmarks, of which 0 are disjunctive and 0 are conjunctive.
[t=0.0120012s, 11500 KB] 53 edges
[t=0.0120012s, 11500 KB] approx. reasonable orders
[t=0.0199999s, 11500 KB] approx. obedient reasonable orders
[t=0.0239995s, 11500 KB] Removed 0 reasonable or obedient reasonable orders
[t=0.0239995s, 11500 KB] Landmarks generation time: 0.015999s
[t=0.0239995s, 11500 KB] Discovered 39 landmarks, of which 0 are disjunctive and 0 are conjunctive.
[t=0.0239995s, 11500 KB] 59 edges
[t=0.0239995s, 11500 KB] Landmark graph generation time: 0.015999s
[t=0.0239995s, 11500 KB] Landmark graph contains 39 landmarks, of which 0 are disjunctive and 0 are conjunctive.
[t=0.0239995s, 11500 KB] Landmark graph contains 59 orderings.
[t=0.0239995s, 11500 KB] Simplifying 1402 unary operators... done! [808 unary operators]
[t=0.0257689s, 11500 KB] time to simplify: 0.00176936s
[t=0.0279669s, 11500 KB] Initializing additive heuristic...
[t=0.0281267s, 11500 KB] Initializing FF heuristic...
[t=0.0281267s, 11500 KB] Building successor generator...done!
[t=0.0281267s, 11500 KB] peak memory difference for successor generator creation: 0 KB
[t=0.0281267s, 11500 KB] time for successor generation creation: 0s
[t=0.0281267s, 11500 KB] Variables: 40
[t=0.0281267s, 11500 KB] FactPairs: 103
[t=0.0281267s, 11500 KB] Bytes per state: 8
[t=0.0281267s, 11500 KB] Conducting lazy best first search, (real) bound = 2147483647
[t=0.0281267s, 11500 KB] 17 initial landmarks, 15 goal landmarks
[t=0.0294873s, 11500 KB] New best heuristic value for landmark_sum(lm_factory=lm_reasonable_orders_hps(lm_rhw()),transform=adapt_costs(one),pref=false): 22
[t=0.0294873s, 11500 KB] New best heuristic value for ff(transform=adapt_costs(one)): 14
[t=0.0294873s, 11500 KB] g=0, 1 evaluated, 0 expanded
[t=0.0294873s, 11500 KB] Initial heuristic value for landmark_sum(lm_factory=lm_reasonable_orders_hps(lm_rhw()),transform=adapt_costs(one),pref=false): 22
[t=0.0294873s, 11500 KB] Initial heuristic value for ff(transform=adapt_costs(one)): 14
[t=0.0294873s, 11500 KB] New best heuristic value for landmark_sum(lm_factory=lm_reasonable_orders_hps(lm_rhw()),transform=adapt_costs(one),pref=false): 18
[t=0.0294873s, 11500 KB] New best heuristic value for ff(transform=adapt_costs(one)): 12
[t=0.0294873s, 11500 KB] g=1, 3 evaluated, 2 expanded
[t=0.0294873s, 11500 KB] New best heuristic value for landmark_sum(lm_factory=lm_reasonable_orders_hps(lm_rhw()),transform=adapt_costs(one),pref=false): 15
[t=0.0294873s, 11500 KB] New best heuristic value for ff(transform=adapt_costs(one)): 11
[t=0.0294873s, 11500 KB] g=2, 4 evaluated, 3 expanded
[t=0.0294873s, 11500 KB] New best heuristic value for landmark_sum(lm_factory=lm_reasonable_orders_hps(lm_rhw()),transform=adapt_costs(one),pref=false): 12
[t=0.0294873s, 11500 KB] New best heuristic value for ff(transform=adapt_costs(one)): 10
[t=0.0306088s, 11500 KB] g=3, 5 evaluated, 4 expanded
[t=0.0306088s, 11500 KB] New best heuristic value for landmark_sum(lm_factory=lm_reasonable_orders_hps(lm_rhw()),transform=adapt_costs(one),pref=false): 9
[t=0.0306088s, 11500 KB] New best heuristic value for ff(transform=adapt_costs(one)): 9
[t=0.0306088s, 11500 KB] g=4, 6 evaluated, 5 expanded
[t=0.0306088s, 11500 KB] New best heuristic value for landmark_sum(lm_factory=lm_reasonable_orders_hps(lm_rhw()),transform=adapt_costs(one),pref=false): 8
[t=0.0306088s, 11500 KB] New best heuristic value for ff(transform=adapt_costs(one)): 8
[t=0.0306088s, 11500 KB] g=5, 7 evaluated, 6 expanded
[t=0.0306088s, 11500 KB] New best heuristic value for landmark_sum(lm_factory=lm_reasonable_orders_hps(lm_rhw()),transform=adapt_costs(one),pref=false): 7
[t=0.0306088s, 11500 KB] New best heuristic value for ff(transform=adapt_costs(one)): 7
[t=0.0306088s, 11500 KB] g=6, 8 evaluated, 7 expanded
[t=0.0306088s, 11500 KB] New best heuristic value for landmark_sum(lm_factory=lm_reasonable_orders_hps(lm_rhw()),transform=adapt_costs(one),pref=false): 6
[t=0.0306088s, 11500 KB] New best heuristic value for ff(transform=adapt_costs(one)): 6
[t=0.0306088s, 11500 KB] g=7, 9 evaluated, 8 expanded
[t=0.0306088s, 11500 KB] New best heuristic value for landmark_sum(lm_factory=lm_reasonable_orders_hps(lm_rhw()),transform=adapt_costs(one),pref=false): 5
[t=0.0318035s, 11500 KB] New best heuristic value for ff(transform=adapt_costs(one)): 5
[t=0.0318035s, 11500 KB] g=8, 10 evaluated, 9 expanded
[t=0.0318035s, 11500 KB] New best heuristic value for landmark_sum(lm_factory=lm_reasonable_orders_hps(lm_rhw()),transform=adapt_costs(one),pref=false): 4
[t=0.0318035s, 11500 KB] New best heuristic value for ff(transform=adapt_costs(one)): 4
[t=0.0318035s, 11500 KB] g=9, 11 evaluated, 10 expanded
[t=0.0318035s, 11500 KB] New best heuristic value for landmark_sum(lm_factory=lm_reasonable_orders_hps(lm_rhw()),transform=adapt_costs(one),pref=false): 2
[t=0.0318035s, 11500 KB] New best heuristic value for ff(transform=adapt_costs(one)): 2
[t=0.0318035s, 11500 KB] g=10, 13 evaluated, 12 expanded
[t=0.0318035s, 11500 KB] Solution found!
[t=0.0318035s, 11500 KB] Actual search time: 0.00231624s
do-saw-large b0 p2 saw0 oak rough s10 s8 s9 s7 (30)
do-saw-medium b1 p0 saw0 pine rough s3 s2 s1 (30)
do-saw-large b1 p1 saw0 pine rough s3 s1 s2 s0 (30)
do-saw-medium b1 p3 saw0 pine rough s3 s2 s1 (30)
do-plane p0 planer0 rough natural untreated (20)
do-glaze p0 glazer0 mauve (15)
do-plane p1 planer0 rough natural untreated (30)
do-glaze p1 glazer0 blue (20)
do-plane p2 planer0 rough natural untreated (30)
do-glaze p2 glazer0 white (20)
do-glaze p3 glazer0 mauve (15)
[t=0.0318035s, 11500 KB] Plan length: 11 step(s).
[t=0.0318035s, 11500 KB] Plan cost: 270
[t=0.0318035s, 11500 KB] Expanded 14 state(s).
[t=0.0318035s, 11500 KB] Reopened 0 state(s).
[t=0.0318035s, 11500 KB] Evaluated 15 state(s).
[t=0.0318035s, 11500 KB] Evaluations: 30
[t=0.0318035s, 11500 KB] Generated 208 state(s).
[t=0.0318035s, 11500 KB] Dead ends: 0 state(s).
[t=0.0318035s, 11500 KB] Number of registered states: 15
[t=0.0318035s, 11500 KB] Int hash set load factor: 15/16 = 0.9375
[t=0.0318035s, 11500 KB] Int hash set resizes: 4
[t=0.0318035s, 11500 KB] Search time: 0.00367687s
[t=0.0318035s, 11500 KB] Total time: 0.0318035s
Solution found.
Peak memory: 11500 KB
Remove intermediate file output.sas
search exit code: 0

INFO     Planner time: 0.35s
