INFO     planner time limit: 1800s
INFO     planner memory limit: None

INFO     Running translator.
INFO     translator stdin: None
INFO     translator time limit: 1799s
INFO     translator memory limit: None
INFO     translator command line string: /usr/bin/python3 /home/bharath/Desktop/GitHub/downward/builds/release/bin/translate/translate.py /home/bharath/Desktop/ISWC_test/best_planner/data/nomystery/domain.pddl /home/bharath/Desktop/ISWC_test/best_planner/data/nomystery/instance-2.pddl --sas-file output.sas
Parsing...
Parsing: [0.030s CPU, 0.040s wall-clock]
Normalizing task... [0.020s CPU, 0.003s wall-clock]
Instantiating...
Generating Datalog program... [0.010s CPU, 0.013s wall-clock]
Normalizing Datalog program...
Normalizing Datalog program: [0.000s CPU, 0.003s wall-clock]
Preparing model... [0.070s CPU, 0.063s wall-clock]
Generated 23 rules.
Computing model... [0.140s CPU, 0.138s wall-clock]
7390 relevant atoms
13407 auxiliary atoms
20797 final queue length
23056 total queue pushes
Completing instantiation... [0.060s CPU, 0.064s wall-clock]
Instantiating: [0.280s CPU, 0.288s wall-clock]
Computing fact groups...
Finding invariants...
9 initial candidates
Finding invariants: [0.000s CPU, 0.004s wall-clock]
Checking invariant weight... [0.010s CPU, 0.003s wall-clock]
Instantiating groups... [0.000s CPU, 0.001s wall-clock]
Collecting mutex groups... [0.000s CPU, 0.000s wall-clock]
Choosing groups...
0 uncovered facts
Choosing groups: [0.000s CPU, 0.000s wall-clock]
Building translation key... [0.000s CPU, 0.000s wall-clock]
Computing fact groups: [0.010s CPU, 0.009s wall-clock]
Building STRIPS to SAS dictionary... [0.000s CPU, 0.000s wall-clock]
Building dictionary for full mutex groups... [0.000s CPU, 0.000s wall-clock]
Building mutex information...
Building mutex information: [0.000s CPU, 0.000s wall-clock]
Translating task...
Processing axioms...
Simplifying axioms... [0.000s CPU, 0.000s wall-clock]
Translator axioms removed by simplifying: 0
Computing negative axioms... [0.000s CPU, 0.000s wall-clock]
Processing axioms: [0.000s CPU, 0.002s wall-clock]
Translating task: [0.040s CPU, 0.041s wall-clock]
0 effect conditions simplified
0 implied preconditions added
Detecting unreachable propositions...
0 operators removed
0 axioms removed
6 propositions removed
Detecting unreachable propositions: [0.020s CPU, 0.020s wall-clock]
Reordering and filtering variables...
6 of 6 variables necessary.
0 of 6 mutex groups necessary.
1210 of 1210 operators necessary.
0 of 0 axiom rules necessary.
Reordering and filtering variables: [0.010s CPU, 0.006s wall-clock]
Translator variables: 6
Translator derived variables: 0
Translator facts: 127
Translator goal facts: 4
Translator mutex groups: 0
Translator total mutex groups size: 0
Translator operators: 1210
Translator axioms: 0
Translator task size: 6147
Translator peak memory: 45892 KB
Writing output... [0.010s CPU, 0.009s wall-clock]
Done! [0.420s CPU, 0.419s wall-clock]
translate exit code: 0

INFO     Running search (release).
INFO     search stdin: output.sas
INFO     search time limit: 1799s
INFO     search memory limit: None
INFO     search command line string: /home/bharath/Desktop/GitHub/downward/builds/release/bin/downward --search 'let(hlm,landmark_sum(lm_factory=lm_reasonable_orders_hps(lm_rhw()),transform=adapt_costs(one),pref=false),let(hff,ff(transform=adapt_costs(one)),lazy_greedy([hff,hlm],preferred=[hff,hlm],cost_type=one,reopen_closed=false)))' --internal-plan-file /home/bharath/Desktop/ISWC_test/best_planner/random_policy_results/results/plan-nomystery-instance-2.txt < output.sas
[t=0.00353406s, 10980 KB] reading input...
[t=0.0075326s, 11236 KB] done reading input!
[t=0.0115337s, 11632 KB] Initializing landmark sum heuristic...
[t=0.0115337s, 11632 KB] Generating landmark graph...
[t=0.0115337s, 11632 KB] Building a landmark graph with reasonable orders.
[t=0.0115337s, 11632 KB] Initializing Exploration...
[t=0.0115337s, 11632 KB] Generating landmarks using the RPG/SAS+ approach
[t=0.0155351s, 11632 KB] Removed 0 reasonable or obedient reasonable orders
[t=0.0155351s, 11632 KB] Landmarks generation time: 0.00400145s
[t=0.0155351s, 11632 KB] Discovered 16 landmarks, of which 0 are disjunctive and 0 are conjunctive.
[t=0.0155351s, 11632 KB] 26 edges
[t=0.0155351s, 11632 KB] approx. reasonable orders
[t=0.0155351s, 11632 KB] approx. obedient reasonable orders
[t=0.0155351s, 11632 KB] Removed 0 reasonable or obedient reasonable orders
[t=0.0155351s, 11632 KB] Landmarks generation time: 0.00400145s
[t=0.0155351s, 11632 KB] Discovered 16 landmarks, of which 0 are disjunctive and 0 are conjunctive.
[t=0.0155351s, 11632 KB] 26 edges
[t=0.0155351s, 11632 KB] Landmark graph generation time: 0.00400145s
[t=0.0155351s, 11632 KB] Landmark graph contains 16 landmarks, of which 0 are disjunctive and 0 are conjunctive.
[t=0.0155351s, 11632 KB] Landmark graph contains 26 orderings.
[t=0.0155351s, 11808 KB] Simplifying 2380 unary operators... done! [2380 unary operators]
[t=0.0195342s, 11808 KB] time to simplify: 0.00399909s
[t=0.0195342s, 11808 KB] Initializing additive heuristic...
[t=0.0195342s, 11808 KB] Initializing FF heuristic...
[t=0.0195342s, 11808 KB] Building successor generator...done!
[t=0.0195342s, 11808 KB] peak memory difference for successor generator creation: 0 KB
[t=0.0195342s, 11808 KB] time for successor generation creation: 0s
[t=0.0195342s, 11808 KB] Variables: 6
[t=0.0195342s, 11808 KB] FactPairs: 127
[t=0.0195342s, 11808 KB] Bytes per state: 4
[t=0.0195342s, 11808 KB] Conducting lazy best first search, (real) bound = 2147483647
[t=0.0195342s, 11808 KB] 5 initial landmarks, 4 goal landmarks
[t=0.0195342s, 11808 KB] New best heuristic value for landmark_sum(lm_factory=lm_reasonable_orders_hps(lm_rhw()),transform=adapt_costs(one),pref=false): 11
[t=0.0195342s, 11808 KB] New best heuristic value for ff(transform=adapt_costs(one)): 11
[t=0.0195342s, 11808 KB] g=0, 1 evaluated, 0 expanded
[t=0.0195342s, 11808 KB] Initial heuristic value for landmark_sum(lm_factory=lm_reasonable_orders_hps(lm_rhw()),transform=adapt_costs(one),pref=false): 11
[t=0.0195342s, 11808 KB] Initial heuristic value for ff(transform=adapt_costs(one)): 11
[t=0.0195342s, 11808 KB] New best heuristic value for landmark_sum(lm_factory=lm_reasonable_orders_hps(lm_rhw()),transform=adapt_costs(one),pref=false): 10
[t=0.0195342s, 11808 KB] New best heuristic value for ff(transform=adapt_costs(one)): 10
[t=0.0195342s, 11808 KB] g=1, 4 evaluated, 3 expanded
[t=0.0195342s, 11808 KB] New best heuristic value for landmark_sum(lm_factory=lm_reasonable_orders_hps(lm_rhw()),transform=adapt_costs(one),pref=false): 9
[t=0.0195342s, 11808 KB] New best heuristic value for ff(transform=adapt_costs(one)): 9
[t=0.0195342s, 11808 KB] g=4, 10 evaluated, 9 expanded
[t=0.0195342s, 11808 KB] New best heuristic value for landmark_sum(lm_factory=lm_reasonable_orders_hps(lm_rhw()),transform=adapt_costs(one),pref=false): 8
[t=0.0195342s, 11808 KB] New best heuristic value for ff(transform=adapt_costs(one)): 8
[t=0.0195342s, 11808 KB] g=5, 12 evaluated, 11 expanded
[t=0.0195342s, 11808 KB] New best heuristic value for landmark_sum(lm_factory=lm_reasonable_orders_hps(lm_rhw()),transform=adapt_costs(one),pref=false): 7
[t=0.0195342s, 11808 KB] New best heuristic value for ff(transform=adapt_costs(one)): 7
[t=0.0195342s, 11808 KB] g=6, 13 evaluated, 12 expanded
[t=0.0195342s, 11808 KB] New best heuristic value for landmark_sum(lm_factory=lm_reasonable_orders_hps(lm_rhw()),transform=adapt_costs(one),pref=false): 6
[t=0.0195342s, 11808 KB] New best heuristic value for ff(transform=adapt_costs(one)): 6
[t=0.0195342s, 11808 KB] g=7, 16 evaluated, 15 expanded
[t=0.0195342s, 11808 KB] New best heuristic value for landmark_sum(lm_factory=lm_reasonable_orders_hps(lm_rhw()),transform=adapt_costs(one),pref=false): 5
[t=0.0195342s, 11808 KB] New best heuristic value for ff(transform=adapt_costs(one)): 5
[t=0.0195342s, 11808 KB] g=9, 21 evaluated, 20 expanded
[t=0.0195342s, 11808 KB] New best heuristic value for landmark_sum(lm_factory=lm_reasonable_orders_hps(lm_rhw()),transform=adapt_costs(one),pref=false): 4
[t=0.0195342s, 11808 KB] New best heuristic value for ff(transform=adapt_costs(one)): 4
[t=0.0195342s, 11808 KB] g=10, 23 evaluated, 22 expanded
[t=0.0195342s, 11808 KB] New best heuristic value for landmark_sum(lm_factory=lm_reasonable_orders_hps(lm_rhw()),transform=adapt_costs(one),pref=false): 3
[t=0.0195342s, 11808 KB] New best heuristic value for ff(transform=adapt_costs(one)): 3
[t=0.0195342s, 11808 KB] g=11, 24 evaluated, 23 expanded
[t=0.0195342s, 11808 KB] New best heuristic value for landmark_sum(lm_factory=lm_reasonable_orders_hps(lm_rhw()),transform=adapt_costs(one),pref=false): 2
[t=0.0195342s, 11808 KB] New best heuristic value for ff(transform=adapt_costs(one)): 2
[t=0.0195342s, 11808 KB] g=12, 26 evaluated, 25 expanded
[t=0.0195342s, 11808 KB] New best heuristic value for landmark_sum(lm_factory=lm_reasonable_orders_hps(lm_rhw()),transform=adapt_costs(one),pref=false): 1
[t=0.0195342s, 11808 KB] New best heuristic value for ff(transform=adapt_costs(one)): 1
[t=0.0195342s, 11808 KB] g=13, 27 evaluated, 26 expanded
[t=0.0195342s, 11808 KB] Solution found!
[t=0.0195342s, 11808 KB] Actual search time: 0s
load p1 t0 l3 (1)
drive t0 l3 l2 level94 level11 level105 (1)
drive t0 l2 l1 level89 level5 level94 (1)
load p2 t0 l1 (1)
unload p1 t0 l1 (1)
drive t0 l1 l2 level84 level5 level89 (1)
unload p2 t0 l2 (1)
drive t0 l2 l4 level61 level23 level84 (1)
load p3 t0 l4 (1)
load p0 t0 l4 (1)
drive t0 l4 l2 level38 level23 level61 (1)
unload p0 t0 l2 (1)
drive t0 l2 l3 level27 level11 level38 (1)
unload p3 t0 l3 (1)
[t=0.0195342s, 11808 KB] Plan length: 14 step(s).
[t=0.0195342s, 11808 KB] Plan cost: 14
[t=0.0195342s, 11808 KB] Expanded 27 state(s).
[t=0.0195342s, 11808 KB] Reopened 0 state(s).
[t=0.0195342s, 11808 KB] Evaluated 28 state(s).
[t=0.0195342s, 11808 KB] Evaluations: 56
[t=0.0195342s, 11808 KB] Generated 119 state(s).
[t=0.0195342s, 11808 KB] Dead ends: 0 state(s).
[t=0.0195342s, 11808 KB] Number of registered states: 28
[t=0.0195342s, 11808 KB] Int hash set load factor: 28/32 = 0.875
[t=0.0195342s, 11808 KB] Int hash set resizes: 5
[t=0.0195342s, 11808 KB] Search time: 0s
[t=0.0195342s, 11808 KB] Total time: 0.0195342s
Solution found.
Peak memory: 11808 KB
Remove intermediate file output.sas
search exit code: 0

INFO     Planner time: 0.60s
