INFO     planner time limit: 1800s
INFO     planner memory limit: None

INFO     Running translator.
INFO     translator stdin: None
INFO     translator time limit: 1799s
INFO     translator memory limit: None
INFO     translator command line string: /usr/bin/python3 /home/bharath/Desktop/GitHub/downward/builds/release/bin/translate/translate.py /home/bharath/Desktop/ISWC_test/best_planner/data/nomystery/domain.pddl /home/bharath/Desktop/ISWC_test/best_planner/data/nomystery/instance-3.pddl --sas-file output.sas
Parsing...
Parsing: [0.010s CPU, 0.020s wall-clock]
Normalizing task... [0.000s CPU, 0.001s wall-clock]
Instantiating...
Generating Datalog program... [0.010s CPU, 0.008s wall-clock]
Normalizing Datalog program...
Normalizing Datalog program: [0.000s CPU, 0.003s wall-clock]
Preparing model... [0.030s CPU, 0.024s wall-clock]
Generated 23 rules.
Computing model... [0.060s CPU, 0.065s wall-clock]
3101 relevant atoms
5231 auxiliary atoms
8332 final queue length
9881 total queue pushes
Completing instantiation... [0.040s CPU, 0.040s wall-clock]
Instantiating: [0.150s CPU, 0.143s wall-clock]
Computing fact groups...
Finding invariants...
9 initial candidates
Finding invariants: [0.000s CPU, 0.003s wall-clock]
Checking invariant weight... [0.000s CPU, 0.001s wall-clock]
Instantiating groups... [0.000s CPU, 0.001s wall-clock]
Collecting mutex groups... [0.000s CPU, 0.000s wall-clock]
Choosing groups...
0 uncovered facts
Choosing groups: [0.000s CPU, 0.000s wall-clock]
Building translation key... [0.000s CPU, 0.000s wall-clock]
Computing fact groups: [0.000s CPU, 0.006s wall-clock]
Building STRIPS to SAS dictionary... [0.000s CPU, 0.000s wall-clock]
Building dictionary for full mutex groups... [0.000s CPU, 0.000s wall-clock]
Building mutex information...
Building mutex information: [0.000s CPU, 0.000s wall-clock]
Translating task...
Processing axioms...
Simplifying axioms... [0.000s CPU, 0.000s wall-clock]
Translator axioms removed by simplifying: 0
Computing negative axioms... [0.000s CPU, 0.000s wall-clock]
Processing axioms: [0.000s CPU, 0.002s wall-clock]
Translating task: [0.030s CPU, 0.027s wall-clock]
0 effect conditions simplified
0 implied preconditions added
Detecting unreachable propositions...
0 operators removed
0 axioms removed
7 propositions removed
Detecting unreachable propositions: [0.010s CPU, 0.014s wall-clock]
Reordering and filtering variables...
7 of 7 variables necessary.
0 of 7 mutex groups necessary.
850 of 850 operators necessary.
0 of 0 axiom rules necessary.
Reordering and filtering variables: [0.010s CPU, 0.004s wall-clock]
Translator variables: 7
Translator derived variables: 0
Translator facts: 98
Translator goal facts: 5
Translator mutex groups: 0
Translator total mutex groups size: 0
Translator operators: 850
Translator axioms: 0
Translator task size: 4300
Translator peak memory: 39456 KB
Writing output... [0.010s CPU, 0.007s wall-clock]
Done! [0.220s CPU, 0.225s wall-clock]
translate exit code: 0

INFO     Running search (release).
INFO     search stdin: output.sas
INFO     search time limit: 1799s
INFO     search memory limit: None
INFO     search command line string: /home/bharath/Desktop/GitHub/downward/builds/release/bin/downward --search 'let(lmc,landmark_cost_partitioning(lm_merged([lm_rhw(),lm_hm(m=1)])),astar(lmc,lazy_evaluator=lmc))' --internal-plan-file /home/bharath/Desktop/ISWC_test/best_planner/random_policy_results/results/plan-nomystery-instance-3.txt < output.sas
[t=0.00399967s, 10980 KB] reading input...
[t=0.00799948s, 11104 KB] done reading input!
[t=0.00799948s, 11500 KB] Initializing landmark cost partitioning heuristic...
[t=0.00799948s, 11500 KB] Generating landmark graph...
[t=0.00799948s, 11500 KB] Merging 2 landmark graphs
[t=0.00799948s, 11500 KB] Initializing Exploration...
[t=0.00799948s, 11500 KB] Generating landmarks using the RPG/SAS+ approach
[t=0.0120003s, 11500 KB] Removed 0 reasonable or obedient reasonable orders
[t=0.0160019s, 11500 KB] Landmarks generation time: 0.0080024s
[t=0.0160019s, 11500 KB] Discovered 19 landmarks, of which 0 are disjunctive and 0 are conjunctive.
[t=0.0160019s, 11500 KB] 38 edges
[t=0.0160019s, 11500 KB] h^m landmarks m=1
[t=0.0160019s, 11500 KB] Using 98 P^m fluents.
[t=0.0200007s, 11776 KB] h^m landmarks computed.
[t=0.0200007s, 11776 KB] Calculating achievers.
[t=0.0200007s, 11776 KB] Removed 0 reasonable or obedient reasonable orders
[t=0.0200007s, 11776 KB] Landmarks generation time: 0.00399882s
[t=0.0200007s, 11776 KB] Discovered 20 landmarks, of which 0 are disjunctive and 0 are conjunctive.
[t=0.0200007s, 11776 KB] 29 edges
[t=0.0200007s, 11776 KB] Adding simple landmarks
[t=0.0200007s, 11776 KB] Adding disjunctive landmarks
[t=0.0200007s, 11776 KB] Adding orderings
[t=0.0200007s, 11776 KB] Removed 0 reasonable or obedient reasonable orders
[t=0.0200007s, 11776 KB] Landmarks generation time: 0.0120012s
[t=0.0200007s, 11776 KB] Discovered 20 landmarks, of which 0 are disjunctive and 0 are conjunctive.
[t=0.0200007s, 11776 KB] 40 edges
[t=0.0200007s, 11776 KB] Landmark graph generation time: 0.0120012s
[t=0.0200007s, 11776 KB] Landmark graph contains 20 landmarks, of which 0 are disjunctive and 0 are conjunctive.
[t=0.0200007s, 11776 KB] Landmark graph contains 40 orderings.
[t=0.0200007s, 11776 KB] Building successor generator...done!
[t=0.0200007s, 11776 KB] peak memory difference for successor generator creation: 0 KB
[t=0.0200007s, 11776 KB] time for successor generation creation: 0s
[t=0.0200007s, 11776 KB] Variables: 7
[t=0.0200007s, 11776 KB] FactPairs: 98
[t=0.0200007s, 11776 KB] Bytes per state: 4
[t=0.0240028s, 11776 KB] Conducting best first search with reopening closed nodes, (real) bound = 2147483647
[t=0.0240028s, 11776 KB] 7 initial landmarks, 5 goal landmarks
[t=0.0240028s, 11776 KB] New best heuristic value for landmark_cost_partitioning(lm_merged([lm_rhw(),lm_hm(m=1)])): 13
[t=0.0240028s, 11776 KB] g=0, 1 evaluated, 0 expanded
[t=0.0240028s, 11776 KB] f = 13, 1 evaluated, 0 expanded
[t=0.0240028s, 11776 KB] Initial heuristic value for landmark_cost_partitioning(lm_merged([lm_rhw(),lm_hm(m=1)])): 13
[t=0.0240028s, 11776 KB] pruning method: none
[t=0.0240028s, 11776 KB] New best heuristic value for landmark_cost_partitioning(lm_merged([lm_rhw(),lm_hm(m=1)])): 12
[t=0.0240028s, 11776 KB] g=1, 6 evaluated, 1 expanded
[t=0.0240028s, 11776 KB] New best heuristic value for landmark_cost_partitioning(lm_merged([lm_rhw(),lm_hm(m=1)])): 11
[t=0.0240028s, 11776 KB] g=2, 12 evaluated, 2 expanded
[t=0.0240028s, 11776 KB] f = 14, 20 evaluated, 4 expanded
[t=0.0240028s, 11776 KB] New best heuristic value for landmark_cost_partitioning(lm_merged([lm_rhw(),lm_hm(m=1)])): 10
[t=0.0240028s, 11776 KB] g=4, 24 evaluated, 5 expanded
[t=0.0240028s, 11776 KB] New best heuristic value for landmark_cost_partitioning(lm_merged([lm_rhw(),lm_hm(m=1)])): 9
[t=0.0240028s, 11776 KB] g=5, 27 evaluated, 6 expanded
[t=0.0240028s, 11776 KB] New best heuristic value for landmark_cost_partitioning(lm_merged([lm_rhw(),lm_hm(m=1)])): 8
[t=0.0240028s, 11776 KB] g=6, 44 evaluated, 8 expanded
[t=0.0240028s, 11776 KB] New best heuristic value for landmark_cost_partitioning(lm_merged([lm_rhw(),lm_hm(m=1)])): 7
[t=0.0240028s, 11776 KB] g=7, 48 evaluated, 9 expanded
[t=0.0240028s, 11776 KB] New best heuristic value for landmark_cost_partitioning(lm_merged([lm_rhw(),lm_hm(m=1)])): 6
[t=0.0240028s, 11776 KB] g=8, 53 evaluated, 10 expanded
[t=0.0240028s, 11776 KB] New best heuristic value for landmark_cost_partitioning(lm_merged([lm_rhw(),lm_hm(m=1)])): 5
[t=0.0240028s, 11776 KB] g=9, 58 evaluated, 11 expanded
[t=0.0240028s, 11776 KB] New best heuristic value for landmark_cost_partitioning(lm_merged([lm_rhw(),lm_hm(m=1)])): 4
[t=0.0240028s, 11776 KB] g=10, 62 evaluated, 12 expanded
[t=0.0240028s, 11776 KB] New best heuristic value for landmark_cost_partitioning(lm_merged([lm_rhw(),lm_hm(m=1)])): 3
[t=0.0240028s, 11776 KB] g=11, 66 evaluated, 13 expanded
[t=0.0280024s, 11776 KB] f = 15, 208 evaluated, 64 expanded
[t=0.0309268s, 11776 KB] New best heuristic value for landmark_cost_partitioning(lm_merged([lm_rhw(),lm_hm(m=1)])): 2
[t=0.0309268s, 11776 KB] g=13, 210 evaluated, 65 expanded
[t=0.0309268s, 11776 KB] New best heuristic value for landmark_cost_partitioning(lm_merged([lm_rhw(),lm_hm(m=1)])): 1
[t=0.0309268s, 11776 KB] g=14, 219 evaluated, 66 expanded
[t=0.0309268s, 11776 KB] New best heuristic value for landmark_cost_partitioning(lm_merged([lm_rhw(),lm_hm(m=1)])): 0
[t=0.0309268s, 11776 KB] g=15, 224 evaluated, 67 expanded
[t=0.0309268s, 11776 KB] Solution found!
[t=0.0309268s, 11776 KB] Actual search time: 0.00692399s
load p1 t0 l2 (1)
load p0 t0 l2 (1)
drive t0 l2 l1 level57 level3 level60 (1)
load p2 t0 l1 (1)
drive t0 l1 l4 level45 level12 level57 (1)
unload p1 t0 l4 (1)
drive t0 l4 l3 level40 level5 level45 (1)
load p4 t0 l3 (1)
load p3 t0 l3 (1)
unload p2 t0 l3 (1)
unload p0 t0 l3 (1)
drive t0 l3 l4 level35 level5 level40 (1)
drive t0 l4 l2 level19 level16 level35 (1)
unload p4 t0 l2 (1)
unload p3 t0 l2 (1)
[t=0.0309268s, 11776 KB] Plan length: 15 step(s).
[t=0.0309268s, 11776 KB] Plan cost: 15
[t=0.0309268s, 11776 KB] Expanded 68 state(s).
[t=0.0309268s, 11776 KB] Reopened 0 state(s).
[t=0.0309268s, 11776 KB] Evaluated 224 state(s).
[t=0.0309268s, 11776 KB] Evaluations: 249
[t=0.0309268s, 11776 KB] Generated 333 state(s).
[t=0.0309268s, 11776 KB] Dead ends: 0 state(s).
[t=0.0309268s, 11776 KB] Expanded until last jump: 64 state(s).
[t=0.0309268s, 11776 KB] Reopened until last jump: 0 state(s).
[t=0.0309268s, 11776 KB] Evaluated until last jump: 208 state(s).
[t=0.0309268s, 11776 KB] Generated until last jump: 316 state(s).
[t=0.0309268s, 11776 KB] Number of registered states: 224
[t=0.0309268s, 11776 KB] Int hash set load factor: 224/256 = 0.875
[t=0.0309268s, 11776 KB] Int hash set resizes: 8
[t=0.0309268s, 11776 KB] Search time: 0.00692399s
[t=0.0309268s, 11776 KB] Total time: 0.0309268s
Solution found.
Peak memory: 11776 KB
Remove intermediate file output.sas
search exit code: 0

INFO     Planner time: 0.39s
