INFO     planner time limit: 1800s
INFO     planner memory limit: None

INFO     Running translator.
INFO     translator stdin: None
INFO     translator time limit: 1799s
INFO     translator memory limit: None
INFO     translator command line string: /usr/bin/python3 /home/bharath/Desktop/GitHub/downward/builds/release/bin/translate/translate.py /home/bharath/Desktop/ISWC_test/best_planner/data/parcprinter/domain-2.pddl /home/bharath/Desktop/ISWC_test/best_planner/data/parcprinter/instance-2.pddl --sas-file output.sas
Parsing...
Parsing: [0.000s CPU, 0.006s wall-clock]
Normalizing task... [0.000s CPU, 0.000s wall-clock]
Instantiating...
Generating Datalog program... [0.000s CPU, 0.001s wall-clock]
Normalizing Datalog program...
Normalizing Datalog program: [0.010s CPU, 0.005s wall-clock]
Preparing model... [0.000s CPU, 0.004s wall-clock]
Generated 212 rules.
Computing model... [0.010s CPU, 0.004s wall-clock]
266 relevant atoms
272 auxiliary atoms
538 final queue length
620 total queue pushes
Completing instantiation... [0.000s CPU, 0.002s wall-clock]
Instantiating: [0.020s CPU, 0.016s wall-clock]
Computing fact groups...
Finding invariants...
20 initial candidates
Finding invariants: [0.000s CPU, 0.006s wall-clock]
Checking invariant weight... [0.000s CPU, 0.000s wall-clock]
Instantiating groups... [0.010s CPU, 0.000s wall-clock]
Collecting mutex groups... [0.000s CPU, 0.000s wall-clock]
Choosing groups...
39 uncovered facts
Choosing groups: [0.000s CPU, 0.000s wall-clock]
Building translation key... [0.000s CPU, 0.000s wall-clock]
Computing fact groups: [0.010s CPU, 0.007s wall-clock]
Building STRIPS to SAS dictionary... [0.000s CPU, 0.000s wall-clock]
Building dictionary for full mutex groups... [0.000s CPU, 0.000s wall-clock]
Building mutex information...
Building mutex information: [0.000s CPU, 0.000s wall-clock]
Translating task...
Processing axioms...
Simplifying axioms... [0.000s CPU, 0.000s wall-clock]
Translator axioms removed by simplifying: 0
Computing negative axioms... [0.000s CPU, 0.000s wall-clock]
Processing axioms: [0.000s CPU, 0.000s wall-clock]
Translating task: [0.000s CPU, 0.003s wall-clock]
21 effect conditions simplified
0 implied preconditions added
Detecting unreachable propositions...
0 operators removed
0 axioms removed
4 propositions removed
Detecting unreachable propositions: [0.000s CPU, 0.001s wall-clock]
Reordering and filtering variables...
32 of 40 variables necessary.
0 of 2 mutex groups necessary.
53 of 53 operators necessary.
0 of 0 axiom rules necessary.
Reordering and filtering variables: [0.000s CPU, 0.001s wall-clock]
Translator variables: 32
Translator derived variables: 0
Translator facts: 96
Translator goal facts: 12
Translator mutex groups: 0
Translator total mutex groups size: 0
Translator operators: 53
Translator axioms: 0
Translator task size: 432
Translator peak memory: 35184 KB
Writing output... [0.000s CPU, 0.001s wall-clock]
Done! [0.030s CPU, 0.037s wall-clock]
translate exit code: 0

INFO     Running search (release).
INFO     search stdin: output.sas
INFO     search time limit: 1799s
INFO     search memory limit: None
INFO     search command line string: /home/bharath/Desktop/GitHub/downward/builds/release/bin/downward --search 'let(lmc,landmark_cost_partitioning(lm_merged([lm_rhw(),lm_hm(m=1)])),astar(lmc,lazy_evaluator=lmc))' --internal-plan-file /home/bharath/Desktop/ISWC_test/best_planner/random_policy_results/results/plan-parcprinter-instance-2.txt < output.sas
[t=0s, 10980 KB] reading input...
[t=0s, 10980 KB] done reading input!
[t=0.00400005s, 11236 KB] Initializing landmark cost partitioning heuristic...
[t=0.00400005s, 11236 KB] Generating landmark graph...
[t=0.00400005s, 11236 KB] Merging 2 landmark graphs
[t=0.00400005s, 11236 KB] Initializing Exploration...
[t=0.00400005s, 11236 KB] Generating landmarks using the RPG/SAS+ approach
[t=0.00400005s, 11236 KB] Removed 0 reasonable or obedient reasonable orders
[t=0.00400005s, 11236 KB] Landmarks generation time: 0s
[t=0.00400005s, 11236 KB] Discovered 48 landmarks, of which 8 are disjunctive and 0 are conjunctive.
[t=0.00400005s, 11236 KB] 142 edges
[t=0.00400005s, 11236 KB] h^m landmarks m=1
[t=0.00400005s, 11236 KB] Using 96 P^m fluents.
[t=0.00400005s, 11236 KB] h^m landmarks computed.
[t=0.00400005s, 11236 KB] Calculating achievers.
[t=0.00400005s, 11236 KB] Removed 0 reasonable or obedient reasonable orders
[t=0.00400005s, 11236 KB] Landmarks generation time: 0s
[t=0.00400005s, 11236 KB] Discovered 27 landmarks, of which 0 are disjunctive and 0 are conjunctive.
[t=0.00400005s, 11236 KB] 42 edges
[t=0.00400005s, 11236 KB] Adding simple landmarks
[t=0.00400005s, 11236 KB] Adding disjunctive landmarks
[t=0.00400005s, 11236 KB] Adding orderings
[t=0.00799968s, 11236 KB] Removed 0 reasonable or obedient reasonable orders
[t=0.00799968s, 11236 KB] Landmarks generation time: 0.00399963s
[t=0.00799968s, 11236 KB] Discovered 48 landmarks, of which 8 are disjunctive and 0 are conjunctive.
[t=0.00799968s, 11236 KB] 149 edges
[t=0.00799968s, 11236 KB] Landmark graph generation time: 0.00399963s
[t=0.00799968s, 11236 KB] Landmark graph contains 48 landmarks, of which 8 are disjunctive and 0 are conjunctive.
[t=0.00799968s, 11236 KB] Landmark graph contains 149 orderings.
[t=0.00799968s, 11236 KB] Building successor generator...done!
[t=0.00799968s, 11236 KB] peak memory difference for successor generator creation: 0 KB
[t=0.00799968s, 11236 KB] time for successor generation creation: 0s
[t=0.00799968s, 11236 KB] Variables: 32
[t=0.00799968s, 11236 KB] FactPairs: 96
[t=0.00799968s, 11236 KB] Bytes per state: 8
[t=0.00799968s, 11236 KB] Conducting best first search with reopening closed nodes, (real) bound = 2147483647
[t=0.00799968s, 11236 KB] 24 initial landmarks, 12 goal landmarks
[t=0.00799968s, 11236 KB] New best heuristic value for landmark_cost_partitioning(lm_merged([lm_rhw(),lm_hm(m=1)])): 405055
[t=0.00799968s, 11236 KB] g=0, 1 evaluated, 0 expanded
[t=0.00799968s, 11236 KB] f = 405055, 1 evaluated, 0 expanded
[t=0.00799968s, 11236 KB] Initial heuristic value for landmark_cost_partitioning(lm_merged([lm_rhw(),lm_hm(m=1)])): 405055
[t=0.00799968s, 11236 KB] pruning method: none
[t=0.00799968s, 11236 KB] New best heuristic value for landmark_cost_partitioning(lm_merged([lm_rhw(),lm_hm(m=1)])): 401055
[t=0.00799968s, 11236 KB] g=8000, 3 evaluated, 2 expanded
[t=0.00799968s, 11236 KB] New best heuristic value for landmark_cost_partitioning(lm_merged([lm_rhw(),lm_hm(m=1)])): 397055
[t=0.00799968s, 11236 KB] g=8000, 4 evaluated, 2 expanded
[t=0.00799968s, 11236 KB] New best heuristic value for landmark_cost_partitioning(lm_merged([lm_rhw(),lm_hm(m=1)])): 394056
[t=0.00799968s, 11236 KB] g=10999, 7 evaluated, 3 expanded
[t=0.00799968s, 11236 KB] New best heuristic value for landmark_cost_partitioning(lm_merged([lm_rhw(),lm_hm(m=1)])): 393055
[t=0.00799968s, 11236 KB] g=16000, 8 evaluated, 3 expanded
[t=0.00799968s, 11236 KB] New best heuristic value for landmark_cost_partitioning(lm_merged([lm_rhw(),lm_hm(m=1)])): 390056
[t=0.00799968s, 11236 KB] g=16000, 9 evaluated, 3 expanded
[t=0.00799968s, 11236 KB] New best heuristic value for landmark_cost_partitioning(lm_merged([lm_rhw(),lm_hm(m=1)])): 386056
[t=0.00799968s, 11236 KB] g=18999, 11 evaluated, 4 expanded
[t=0.00799968s, 11236 KB] New best heuristic value for landmark_cost_partitioning(lm_merged([lm_rhw(),lm_hm(m=1)])): 162016
[t=0.00799968s, 11236 KB] g=243039, 13 evaluated, 5 expanded
[t=0.00799968s, 11236 KB] New best heuristic value for landmark_cost_partitioning(lm_merged([lm_rhw(),lm_hm(m=1)])): 158016
[t=0.00799968s, 11236 KB] g=251039, 17 evaluated, 6 expanded
[t=0.00799968s, 11236 KB] New best heuristic value for landmark_cost_partitioning(lm_merged([lm_rhw(),lm_hm(m=1)])): 154016
[t=0.00799968s, 11236 KB] g=251039, 18 evaluated, 6 expanded
[t=0.00799968s, 11236 KB] New best heuristic value for landmark_cost_partitioning(lm_merged([lm_rhw(),lm_hm(m=1)])): 151017
[t=0.00799968s, 11236 KB] g=261038, 20 evaluated, 7 expanded
[t=0.00799968s, 11236 KB] New best heuristic value for landmark_cost_partitioning(lm_merged([lm_rhw(),lm_hm(m=1)])): 150016
[t=0.00799968s, 11236 KB] g=259039, 21 evaluated, 7 expanded
[t=0.00799968s, 11236 KB] New best heuristic value for landmark_cost_partitioning(lm_merged([lm_rhw(),lm_hm(m=1)])): 147017
[t=0.00799968s, 11236 KB] g=259039, 22 evaluated, 7 expanded
[t=0.00799968s, 11236 KB] f = 406056, 22 evaluated, 7 expanded
[t=0.00799968s, 11236 KB] New best heuristic value for landmark_cost_partitioning(lm_merged([lm_rhw(),lm_hm(m=1)])): 144018
[t=0.00799968s, 11236 KB] g=269038, 23 evaluated, 8 expanded
[t=0.00799968s, 11236 KB] New best heuristic value for landmark_cost_partitioning(lm_merged([lm_rhw(),lm_hm(m=1)])): 142018
[t=0.00799968s, 11236 KB] g=271038, 25 evaluated, 9 expanded
[t=0.00799968s, 11236 KB] New best heuristic value for landmark_cost_partitioning(lm_merged([lm_rhw(),lm_hm(m=1)])): 32997
[t=0.00799968s, 11236 KB] g=374052, 26 evaluated, 9 expanded
[t=0.00799968s, 11236 KB] f = 407049, 46 evaluated, 19 expanded
[t=0.00799968s, 11236 KB] New best heuristic value for landmark_cost_partitioning(lm_merged([lm_rhw(),lm_hm(m=1)])): 29998
[t=0.00799968s, 11236 KB] g=384051, 47 evaluated, 20 expanded
[t=0.00799968s, 11236 KB] f = 409049, 55 evaluated, 25 expanded
[t=0.00799968s, 11236 KB] f = 409055, 64 evaluated, 31 expanded
[t=0.00799968s, 11236 KB] f = 411049, 82 evaluated, 43 expanded
[t=0.00799968s, 11236 KB] f = 412055, 91 evaluated, 49 expanded
[t=0.00799968s, 11236 KB] f = 413055, 92 evaluated, 50 expanded
[t=0.00799968s, 11236 KB] f = 413056, 93 evaluated, 51 expanded
[t=0.00799968s, 11236 KB] f = 414049, 96 evaluated, 53 expanded
[t=0.00799968s, 11236 KB] f = 414056, 97 evaluated, 54 expanded
[t=0.00799968s, 11236 KB] f = 415049, 100 evaluated, 56 expanded
[t=0.00799968s, 11236 KB] f = 415055, 101 evaluated, 57 expanded
[t=0.00799968s, 11236 KB] f = 416049, 119 evaluated, 64 expanded
[t=0.00799968s, 11236 KB] f = 416055, 120 evaluated, 65 expanded
[t=0.00799968s, 11236 KB] f = 416056, 122 evaluated, 67 expanded
[t=0.00799968s, 11236 KB] f = 417049, 127 evaluated, 69 expanded
[t=0.00799968s, 11236 KB] f = 417055, 130 evaluated, 71 expanded
[t=0.00799968s, 11236 KB] f = 418049, 131 evaluated, 73 expanded
[t=0.00799968s, 11236 KB] f = 419049, 133 evaluated, 74 expanded
[t=0.00799968s, 11236 KB] f = 419055, 137 evaluated, 76 expanded
[t=0.00799968s, 11236 KB] f = 421049, 142 evaluated, 78 expanded
[t=0.00799968s, 11236 KB] f = 422055, 145 evaluated, 79 expanded
[t=0.00799968s, 11236 KB] New best heuristic value for landmark_cost_partitioning(lm_merged([lm_rhw(),lm_hm(m=1)])): 26999
[t=0.00799968s, 11236 KB] g=504077, 147 evaluated, 80 expanded
[t=0.00799968s, 11236 KB] f = 423054, 148 evaluated, 80 expanded
[t=0.00799968s, 11236 KB] f = 423055, 149 evaluated, 81 expanded
[t=0.00799968s, 11236 KB] f = 424055, 151 evaluated, 82 expanded
[t=0.0119998s, 11236 KB] f = 425048, 154 evaluated, 84 expanded
[t=0.0119998s, 11236 KB] f = 425049, 155 evaluated, 85 expanded
[t=0.0119998s, 11236 KB] f = 425055, 162 evaluated, 91 expanded
[t=0.0119998s, 11236 KB] f = 427048, 166 evaluated, 92 expanded
[t=0.0119998s, 11236 KB] f = 427049, 167 evaluated, 93 expanded
[t=0.0119998s, 11236 KB] f = 427054, 176 evaluated, 99 expanded
[t=0.0119998s, 11236 KB] f = 429048, 178 evaluated, 101 expanded
[t=0.0119998s, 11236 KB] New best heuristic value for landmark_cost_partitioning(lm_merged([lm_rhw(),lm_hm(m=1)])): 21998
[t=0.0119998s, 11236 KB] g=409049, 182 evaluated, 103 expanded
[t=0.0119998s, 11236 KB] f = 429049, 202 evaluated, 114 expanded
[t=0.0119998s, 11236 KB] f = 431047, 211 evaluated, 120 expanded
[t=0.0119998s, 11236 KB] New best heuristic value for landmark_cost_partitioning(lm_merged([lm_rhw(),lm_hm(m=1)])): 18999
[t=0.0119998s, 11236 KB] g=412048, 212 evaluated, 121 expanded
[t=0.0119998s, 11236 KB] New best heuristic value for landmark_cost_partitioning(lm_merged([lm_rhw(),lm_hm(m=1)])): 16000
[t=0.0119998s, 11236 KB] g=422047, 214 evaluated, 122 expanded
[t=0.0119998s, 11236 KB] New best heuristic value for landmark_cost_partitioning(lm_merged([lm_rhw(),lm_hm(m=1)])): 10999
[t=0.0119998s, 11236 KB] g=420048, 216 evaluated, 122 expanded
[t=0.0119998s, 11236 KB] New best heuristic value for landmark_cost_partitioning(lm_merged([lm_rhw(),lm_hm(m=1)])): 8000
[t=0.0119998s, 11236 KB] g=430047, 217 evaluated, 123 expanded
[t=0.0119998s, 11236 KB] f = 431054, 238 evaluated, 138 expanded
[t=0.0119998s, 11236 KB] f = 432049, 238 evaluated, 139 expanded
[t=0.0119998s, 11236 KB] f = 432055, 238 evaluated, 140 expanded
[t=0.0119998s, 11236 KB] f = 433048, 239 evaluated, 142 expanded
[t=0.0119998s, 11236 KB] f = 433049, 239 evaluated, 143 expanded
[t=0.0119998s, 11236 KB] f = 433054, 239 evaluated, 144 expanded
[t=0.0119998s, 11236 KB] f = 434049, 242 evaluated, 145 expanded
[t=0.0119998s, 11236 KB] f = 435048, 243 evaluated, 146 expanded
[t=0.0119998s, 11236 KB] f = 435049, 243 evaluated, 147 expanded
[t=0.0119998s, 11236 KB] f = 435054, 246 evaluated, 149 expanded
[t=0.0119998s, 11236 KB] f = 436048, 246 evaluated, 151 expanded
[t=0.0119998s, 11236 KB] f = 436049, 248 evaluated, 153 expanded
[t=0.0119998s, 11236 KB] f = 437048, 250 evaluated, 154 expanded
[t=0.0119998s, 11236 KB] f = 437049, 253 evaluated, 157 expanded
[t=0.0119998s, 11236 KB] f = 438047, 257 evaluated, 159 expanded
[t=0.0119998s, 11236 KB] New best heuristic value for landmark_cost_partitioning(lm_merged([lm_rhw(),lm_hm(m=1)])): 0
[t=0.0119998s, 11236 KB] g=438047, 258 evaluated, 160 expanded
[t=0.0119998s, 11236 KB] Solution found!
[t=0.0119998s, 11236 KB] Actual search time: 0.00400016s
initialize  (0)
colorfeeder-feed-letter sheet2 (8000)
down-movebottom-letter sheet2 (2999)
colorcontainer-toime-letter sheet2 (8000)
colorprinter-simplex-letter sheet2 front image-2 (224040)
colorcontainer-fromime-letter sheet2 (8000)
blackfeeder-feed-letter sheet1 (8000)
blackcontainer-toime-letter sheet1 (2000)
blackprinter-simplex-letter sheet1 front image-1 (113013)
blackcontainer-fromime-letter sheet1 (2000)
endcap-move-letter sheet1 (2000)
htmoverblack-move-letter sheet1 (17999)
down-movetop-letter sheet1 (2999)
htmovercolor-move-letter sheet1 (9999)
up-movetop-letter sheet1 (2999)
finisher1-stack-letter sheet1 dummy-sheet (8000)
up-moveup-letter sheet2 (9999)
finisher1-stack-letter sheet2 sheet1 (8000)
[t=0.0119998s, 11236 KB] Plan length: 18 step(s).
[t=0.0119998s, 11236 KB] Plan cost: 438047
[t=0.0119998s, 11236 KB] Expanded 161 state(s).
[t=0.0119998s, 11236 KB] Reopened 0 state(s).
[t=0.0119998s, 11236 KB] Evaluated 259 state(s).
[t=0.0119998s, 11236 KB] Evaluations: 298
[t=0.0119998s, 11236 KB] Generated 396 state(s).
[t=0.0119998s, 11236 KB] Dead ends: 49 state(s).
[t=0.0119998s, 11236 KB] Expanded until last jump: 159 state(s).
[t=0.0119998s, 11236 KB] Reopened until last jump: 0 state(s).
[t=0.0119998s, 11236 KB] Evaluated until last jump: 257 state(s).
[t=0.0119998s, 11236 KB] Generated until last jump: 394 state(s).
[t=0.0119998s, 11236 KB] Number of registered states: 259
[t=0.0119998s, 11236 KB] Int hash set load factor: 259/512 = 0.505859
[t=0.0119998s, 11236 KB] Int hash set resizes: 9
[t=0.0119998s, 11236 KB] Search time: 0.00400016s
[t=0.0119998s, 11236 KB] Total time: 0.0119998s
Solution found.
Peak memory: 11236 KB
Remove intermediate file output.sas
search exit code: 0

INFO     Planner time: 0.19s
