INFO     planner time limit: 1800s
INFO     planner memory limit: None

INFO     Running translator.
INFO     translator stdin: None
INFO     translator time limit: 1799s
INFO     translator memory limit: None
INFO     translator command line string: /usr/bin/python3 /home/bharath/Desktop/GitHub/downward/builds/release/bin/translate/translate.py /home/bharath/Desktop/ISWC_test/best_planner/data/visitall/domain.pddl /home/bharath/Desktop/ISWC_test/best_planner/data/visitall/instance-2.pddl --sas-file output.sas
Parsing...
Parsing: [0.000s CPU, 0.002s wall-clock]
Normalizing task... [0.000s CPU, 0.000s wall-clock]
Instantiating...
Generating Datalog program... [0.000s CPU, 0.000s wall-clock]
Normalizing Datalog program...
Normalizing Datalog program: [0.000s CPU, 0.001s wall-clock]
Preparing model... [0.000s CPU, 0.000s wall-clock]
Generated 6 rules.
Computing model... [0.000s CPU, 0.000s wall-clock]
37 relevant atoms
12 auxiliary atoms
49 final queue length
59 total queue pushes
Completing instantiation... [0.000s CPU, 0.000s wall-clock]
Instantiating: [0.000s CPU, 0.002s wall-clock]
Computing fact groups...
Finding invariants...
4 initial candidates
Finding invariants: [0.000s CPU, 0.001s wall-clock]
Checking invariant weight... [0.000s CPU, 0.000s wall-clock]
Instantiating groups... [0.000s CPU, 0.000s wall-clock]
Collecting mutex groups... [0.000s CPU, 0.000s wall-clock]
Choosing groups...
4 uncovered facts
Choosing groups: [0.000s CPU, 0.000s wall-clock]
Building translation key... [0.000s CPU, 0.000s wall-clock]
Computing fact groups: [0.000s CPU, 0.001s wall-clock]
Building STRIPS to SAS dictionary... [0.000s CPU, 0.000s wall-clock]
Building dictionary for full mutex groups... [0.000s CPU, 0.000s wall-clock]
Building mutex information...
Building mutex information: [0.000s CPU, 0.000s wall-clock]
Translating task...
Processing axioms...
Simplifying axioms... [0.000s CPU, 0.000s wall-clock]
Translator axioms removed by simplifying: 0
Computing negative axioms... [0.000s CPU, 0.000s wall-clock]
Processing axioms: [0.000s CPU, 0.000s wall-clock]
Translating task: [0.000s CPU, 0.001s wall-clock]
0 effect conditions simplified
0 implied preconditions added
Detecting unreachable propositions...
0 operators removed
0 axioms removed
3 propositions removed
Detecting unreachable propositions: [0.010s CPU, 0.000s wall-clock]
Reordering and filtering variables...
2 of 4 variables necessary.
0 of 1 mutex groups necessary.
8 of 8 operators necessary.
0 of 0 axiom rules necessary.
Reordering and filtering variables: [0.000s CPU, 0.000s wall-clock]
Translator variables: 2
Translator derived variables: 0
Translator facts: 6
Translator goal facts: 1
Translator mutex groups: 0
Translator total mutex groups size: 0
Translator operators: 8
Translator axioms: 0
Translator task size: 35
Translator peak memory: 34020 KB
Writing output... [0.000s CPU, 0.000s wall-clock]
Done! [0.010s CPU, 0.007s wall-clock]
translate exit code: 0

INFO     Running search (release).
INFO     search stdin: output.sas
INFO     search time limit: 1799s
INFO     search memory limit: None
INFO     search command line string: /home/bharath/Desktop/GitHub/downward/builds/release/bin/downward --search 'let(hlm,landmark_sum(lm_factory=lm_reasonable_orders_hps(lm_rhw()),transform=adapt_costs(one),pref=false),let(hff,ff(transform=adapt_costs(one)),lazy_greedy([hff,hlm],preferred=[hff,hlm],cost_type=one,reopen_closed=false)))' --internal-plan-file /home/bharath/Desktop/ISWC_test/best_planner/random_policy_results/results/plan-visitall-instance-2.txt < output.sas
[t=0s, 10980 KB] reading input...
[t=0.00400063s, 10980 KB] done reading input!
[t=0.00400063s, 11236 KB] Initializing landmark sum heuristic...
[t=0.00400063s, 11236 KB] Generating landmark graph...
[t=0.00400063s, 11236 KB] Building a landmark graph with reasonable orders.
[t=0.00400063s, 11236 KB] Initializing Exploration...
[t=0.00400063s, 11236 KB] Generating landmarks using the RPG/SAS+ approach
[t=0.00400063s, 11236 KB] Removed 0 reasonable or obedient reasonable orders
[t=0.00400063s, 11236 KB] Landmarks generation time: 0s
[t=0.00400063s, 11236 KB] Discovered 2 landmarks, of which 0 are disjunctive and 0 are conjunctive.
[t=0.00400063s, 11236 KB] 1 edges
[t=0.00400063s, 11236 KB] approx. reasonable orders
[t=0.00400063s, 11236 KB] approx. obedient reasonable orders
[t=0.00400063s, 11236 KB] Removed 0 reasonable or obedient reasonable orders
[t=0.00400063s, 11236 KB] Landmarks generation time: 0s
[t=0.00400063s, 11236 KB] Discovered 2 landmarks, of which 0 are disjunctive and 0 are conjunctive.
[t=0.00400063s, 11236 KB] 1 edges
[t=0.00400063s, 11236 KB] Landmark graph generation time: 0s
[t=0.00400063s, 11236 KB] Landmark graph contains 2 landmarks, of which 0 are disjunctive and 0 are conjunctive.
[t=0.00400063s, 11236 KB] Landmark graph contains 1 orderings.
[t=0.00400063s, 11236 KB] Simplifying 10 unary operators... done! [10 unary operators]
[t=0.00800054s, 11236 KB] time to simplify: 0.00399991s
[t=0.00800054s, 11236 KB] Initializing additive heuristic...
[t=0.00800054s, 11236 KB] Initializing FF heuristic...
[t=0.00800054s, 11236 KB] Building successor generator...done!
[t=0.00800054s, 11236 KB] peak memory difference for successor generator creation: 0 KB
[t=0.00800054s, 11236 KB] time for successor generation creation: 0s
[t=0.00800054s, 11236 KB] Variables: 2
[t=0.00800054s, 11236 KB] FactPairs: 6
[t=0.00800054s, 11236 KB] Bytes per state: 4
[t=0.00800054s, 11236 KB] Conducting lazy best first search, (real) bound = 2147483647
[t=0.00800054s, 11236 KB] 1 initial landmarks, 1 goal landmarks
[t=0.00800054s, 11236 KB] New best heuristic value for landmark_sum(lm_factory=lm_reasonable_orders_hps(lm_rhw()),transform=adapt_costs(one),pref=false): 1
[t=0.00800054s, 11236 KB] New best heuristic value for ff(transform=adapt_costs(one)): 1
[t=0.00800054s, 11236 KB] g=0, 1 evaluated, 0 expanded
[t=0.00800054s, 11236 KB] Initial heuristic value for landmark_sum(lm_factory=lm_reasonable_orders_hps(lm_rhw()),transform=adapt_costs(one),pref=false): 1
[t=0.00800054s, 11236 KB] Initial heuristic value for ff(transform=adapt_costs(one)): 1
[t=0.00800054s, 11236 KB] Solution found!
[t=0.00800054s, 11236 KB] Actual search time: 0s
move loc-x1-y1 loc-x1-y0 (1)
[t=0.00800054s, 11236 KB] Plan length: 1 step(s).
[t=0.00800054s, 11236 KB] Plan cost: 1
[t=0.00800054s, 11236 KB] Expanded 2 state(s).
[t=0.00800054s, 11236 KB] Reopened 0 state(s).
[t=0.00800054s, 11236 KB] Evaluated 3 state(s).
[t=0.00800054s, 11236 KB] Evaluations: 6
[t=0.00800054s, 11236 KB] Generated 4 state(s).
[t=0.00800054s, 11236 KB] Dead ends: 0 state(s).
[t=0.00800054s, 11236 KB] Number of registered states: 3
[t=0.00800054s, 11236 KB] Int hash set load factor: 3/4 = 0.75
[t=0.00800054s, 11236 KB] Int hash set resizes: 2
[t=0.00800054s, 11236 KB] Search time: 0s
[t=0.00800054s, 11236 KB] Total time: 0.00800054s
Solution found.
Peak memory: 11236 KB
Remove intermediate file output.sas
search exit code: 0

INFO     Planner time: 0.17s
