INFO     planner time limit: 1800s
INFO     planner memory limit: None

INFO     Running translator.
INFO     translator stdin: None
INFO     translator time limit: 1799s
INFO     translator memory limit: None
INFO     translator command line string: /usr/bin/python3 /home/bharath/Desktop/GitHub/downward/builds/release/bin/translate/translate.py /home/bharath/Desktop/ISWC_test/best_planner/data/woodworking/domain.pddl /home/bharath/Desktop/ISWC_test/best_planner/data/woodworking/instance-1.pddl --sas-file output.sas
Parsing...
Parsing: [0.000s CPU, 0.006s wall-clock]
Normalizing task... [0.000s CPU, 0.000s wall-clock]
Instantiating...
Generating Datalog program... [0.000s CPU, 0.001s wall-clock]
Normalizing Datalog program...
Normalizing Datalog program: [0.010s CPU, 0.009s wall-clock]
Preparing model... [0.000s CPU, 0.004s wall-clock]
Generated 198 rules.
Computing model... [0.030s CPU, 0.023s wall-clock]
525 relevant atoms
1228 auxiliary atoms
1753 final queue length
2692 total queue pushes
Completing instantiation... [0.030s CPU, 0.036s wall-clock]
Instantiating: [0.070s CPU, 0.075s wall-clock]
Computing fact groups...
Finding invariants...
24 initial candidates
Finding invariants: [0.020s CPU, 0.019s wall-clock]
Checking invariant weight... [0.000s CPU, 0.000s wall-clock]
Instantiating groups... [0.010s CPU, 0.001s wall-clock]
Collecting mutex groups... [0.000s CPU, 0.000s wall-clock]
Choosing groups...
33 uncovered facts
Choosing groups: [0.000s CPU, 0.000s wall-clock]
Building translation key... [0.000s CPU, 0.000s wall-clock]
Computing fact groups: [0.030s CPU, 0.022s wall-clock]
Building STRIPS to SAS dictionary... [0.000s CPU, 0.000s wall-clock]
Building dictionary for full mutex groups... [0.000s CPU, 0.000s wall-clock]
Building mutex information...
Building mutex information: [0.000s CPU, 0.000s wall-clock]
Translating task...
Processing axioms...
Simplifying axioms... [0.000s CPU, 0.000s wall-clock]
Translator axioms removed by simplifying: 0
Computing negative axioms... [0.000s CPU, 0.000s wall-clock]
Processing axioms: [0.000s CPU, 0.001s wall-clock]
Translating task: [0.010s CPU, 0.016s wall-clock]
147 effect conditions simplified
0 implied preconditions added
Detecting unreachable propositions...
0 operators removed
0 axioms removed
23 propositions removed
Detecting unreachable propositions: [0.010s CPU, 0.007s wall-clock]
Reordering and filtering variables...
37 of 40 variables necessary.
13 of 21 mutex groups necessary.
287 of 287 operators necessary.
0 of 0 axiom rules necessary.
Reordering and filtering variables: [0.000s CPU, 0.004s wall-clock]
Translator variables: 37
Translator derived variables: 0
Translator facts: 101
Translator goal facts: 15
Translator mutex groups: 13
Translator total mutex groups size: 37
Translator operators: 287
Translator axioms: 0
Translator task size: 2338
Translator peak memory: 36176 KB
Writing output... [0.010s CPU, 0.004s wall-clock]
Done! [0.130s CPU, 0.135s wall-clock]
translate exit code: 0

INFO     Running search (release).
INFO     search stdin: output.sas
INFO     search time limit: 1799s
INFO     search memory limit: None
INFO     search command line string: /home/bharath/Desktop/GitHub/downward/builds/release/bin/downward --search 'let(hlm,landmark_sum(lm_factory=lm_reasonable_orders_hps(lm_rhw()),transform=adapt_costs(one),pref=false),let(hff,ff(transform=adapt_costs(one)),lazy_greedy([hff,hlm],preferred=[hff,hlm],cost_type=one,reopen_closed=false)))' --internal-plan-file /home/bharath/Desktop/ISWC_test/best_planner/random_policy_results/results/plan-woodworking-instance-1.txt < output.sas
[t=0s, 10980 KB] reading input...
[t=0.00400051s, 11104 KB] done reading input!
[t=0.00800013s, 11360 KB] Initializing landmark sum heuristic...
[t=0.00800013s, 11360 KB] Generating landmark graph...
[t=0.00800013s, 11360 KB] Building a landmark graph with reasonable orders.
[t=0.00800013s, 11360 KB] Initializing Exploration...
[t=0.00800013s, 11360 KB] Generating landmarks using the RPG/SAS+ approach
[t=0.0120011s, 11360 KB] Removed 0 reasonable or obedient reasonable orders
[t=0.0120011s, 11360 KB] Landmarks generation time: 0.00400098s
[t=0.0120011s, 11360 KB] Discovered 47 landmarks, of which 4 are disjunctive and 0 are conjunctive.
[t=0.0120011s, 11360 KB] 65 edges
[t=0.0120011s, 11360 KB] approx. reasonable orders
[t=0.0120011s, 11360 KB] approx. obedient reasonable orders
[t=0.0120011s, 11360 KB] Removed 0 reasonable or obedient reasonable orders
[t=0.0120011s, 11360 KB] Landmarks generation time: 0.00400098s
[t=0.0120011s, 11360 KB] Discovered 47 landmarks, of which 4 are disjunctive and 0 are conjunctive.
[t=0.0120011s, 11360 KB] 72 edges
[t=0.0120011s, 11360 KB] Landmark graph generation time: 0.0079995s
[t=0.0159996s, 11360 KB] Landmark graph contains 47 landmarks, of which 4 are disjunctive and 0 are conjunctive.
[t=0.0159996s, 11360 KB] Landmark graph contains 72 orderings.
[t=0.0159996s, 11360 KB] Simplifying 880 unary operators... done! [538 unary operators]
[t=0.0159996s, 11360 KB] time to simplify: 0s
[t=0.0159996s, 11360 KB] Initializing additive heuristic...
[t=0.0159996s, 11360 KB] Initializing FF heuristic...
[t=0.0159996s, 11360 KB] Building successor generator...done!
[t=0.0159996s, 11360 KB] peak memory difference for successor generator creation: 0 KB
[t=0.0159996s, 11360 KB] time for successor generation creation: 0s
[t=0.0159996s, 11360 KB] Variables: 37
[t=0.0159996s, 11360 KB] FactPairs: 101
[t=0.0159996s, 11360 KB] Bytes per state: 8
[t=0.0159996s, 11360 KB] Conducting lazy best first search, (real) bound = 2147483647
[t=0.0159996s, 11360 KB] 21 initial landmarks, 15 goal landmarks
[t=0.0159996s, 11496 KB] New best heuristic value for landmark_sum(lm_factory=lm_reasonable_orders_hps(lm_rhw()),transform=adapt_costs(one),pref=false): 26
[t=0.0159996s, 11496 KB] New best heuristic value for ff(transform=adapt_costs(one)): 14
[t=0.0159996s, 11496 KB] g=0, 1 evaluated, 0 expanded
[t=0.0159996s, 11496 KB] Initial heuristic value for landmark_sum(lm_factory=lm_reasonable_orders_hps(lm_rhw()),transform=adapt_costs(one),pref=false): 26
[t=0.0159996s, 11496 KB] Initial heuristic value for ff(transform=adapt_costs(one)): 14
[t=0.0159996s, 11496 KB] New best heuristic value for landmark_sum(lm_factory=lm_reasonable_orders_hps(lm_rhw()),transform=adapt_costs(one),pref=false): 24
[t=0.0159996s, 11496 KB] New best heuristic value for ff(transform=adapt_costs(one)): 13
[t=0.0159996s, 11496 KB] g=1, 2 evaluated, 1 expanded
[t=0.0159996s, 11496 KB] New best heuristic value for landmark_sum(lm_factory=lm_reasonable_orders_hps(lm_rhw()),transform=adapt_costs(one),pref=false): 23
[t=0.0159996s, 11496 KB] New best heuristic value for ff(transform=adapt_costs(one)): 12
[t=0.0159996s, 11496 KB] g=2, 3 evaluated, 2 expanded
[t=0.0159996s, 11496 KB] New best heuristic value for landmark_sum(lm_factory=lm_reasonable_orders_hps(lm_rhw()),transform=adapt_costs(one),pref=false): 20
[t=0.0159996s, 11496 KB] New best heuristic value for ff(transform=adapt_costs(one)): 10
[t=0.0159996s, 11496 KB] g=3, 4 evaluated, 3 expanded
[t=0.0159996s, 11496 KB] New best heuristic value for landmark_sum(lm_factory=lm_reasonable_orders_hps(lm_rhw()),transform=adapt_costs(one),pref=false): 15
[t=0.0159996s, 11496 KB] New best heuristic value for ff(transform=adapt_costs(one)): 8
[t=0.0159996s, 11496 KB] g=4, 5 evaluated, 4 expanded
[t=0.0159996s, 11496 KB] New best heuristic value for landmark_sum(lm_factory=lm_reasonable_orders_hps(lm_rhw()),transform=adapt_costs(one),pref=false): 10
[t=0.0159996s, 11496 KB] New best heuristic value for ff(transform=adapt_costs(one)): 7
[t=0.0159996s, 11496 KB] g=5, 6 evaluated, 5 expanded
[t=0.0159996s, 11496 KB] New best heuristic value for landmark_sum(lm_factory=lm_reasonable_orders_hps(lm_rhw()),transform=adapt_costs(one),pref=false): 6
[t=0.0159996s, 11496 KB] New best heuristic value for ff(transform=adapt_costs(one)): 6
[t=0.0159996s, 11496 KB] g=6, 7 evaluated, 6 expanded
[t=0.0159996s, 11496 KB] New best heuristic value for landmark_sum(lm_factory=lm_reasonable_orders_hps(lm_rhw()),transform=adapt_costs(one),pref=false): 5
[t=0.0159996s, 11496 KB] New best heuristic value for ff(transform=adapt_costs(one)): 5
[t=0.0159996s, 11496 KB] g=7, 8 evaluated, 7 expanded
[t=0.0159996s, 11496 KB] New best heuristic value for landmark_sum(lm_factory=lm_reasonable_orders_hps(lm_rhw()),transform=adapt_costs(one),pref=false): 4
[t=0.0159996s, 11496 KB] New best heuristic value for ff(transform=adapt_costs(one)): 4
[t=0.0159996s, 11496 KB] g=8, 9 evaluated, 8 expanded
[t=0.0159996s, 11496 KB] New best heuristic value for landmark_sum(lm_factory=lm_reasonable_orders_hps(lm_rhw()),transform=adapt_costs(one),pref=false): 3
[t=0.0159996s, 11496 KB] New best heuristic value for ff(transform=adapt_costs(one)): 3
[t=0.0159996s, 11496 KB] g=9, 10 evaluated, 9 expanded
[t=0.0159996s, 11496 KB] New best heuristic value for landmark_sum(lm_factory=lm_reasonable_orders_hps(lm_rhw()),transform=adapt_costs(one),pref=false): 2
[t=0.0159996s, 11496 KB] New best heuristic value for ff(transform=adapt_costs(one)): 2
[t=0.0159996s, 11496 KB] g=10, 11 evaluated, 10 expanded
[t=0.0159996s, 11496 KB] New best heuristic value for landmark_sum(lm_factory=lm_reasonable_orders_hps(lm_rhw()),transform=adapt_costs(one),pref=false): 1
[t=0.0159996s, 11496 KB] New best heuristic value for ff(transform=adapt_costs(one)): 1
[t=0.0159996s, 11496 KB] g=11, 12 evaluated, 11 expanded
[t=0.0159996s, 11496 KB] Solution found!
[t=0.0159996s, 11496 KB] Actual search time: 0s
do-plane p2 planer0 rough black colourfragments (10)
do-glaze p2 glazer0 green (10)
do-saw-medium b0 p4 saw0 teak rough s3 s2 s1 (30)
do-saw-small b0 p1 saw0 teak rough s3 s2 (30)
do-saw-large b1 p3 saw0 mahogany rough s5 s3 s4 s2 (30)
do-saw-medium b1 p0 saw0 mahogany rough s5 s4 s3 (30)
do-plane p3 planer0 rough natural untreated (30)
do-plane p0 planer0 rough natural untreated (20)
do-plane p1 planer0 rough natural untreated (10)
do-immersion-varnish p0 immersion-varnisher0 green smooth (10)
do-glaze p4 glazer0 green (15)
do-immersion-varnish p1 immersion-varnisher0 green smooth (10)
[t=0.0159996s, 11496 KB] Plan length: 12 step(s).
[t=0.0159996s, 11496 KB] Plan cost: 235
[t=0.0159996s, 11496 KB] Expanded 12 state(s).
[t=0.0159996s, 11496 KB] Reopened 0 state(s).
[t=0.0159996s, 11496 KB] Evaluated 13 state(s).
[t=0.0159996s, 11496 KB] Evaluations: 26
[t=0.0159996s, 11496 KB] Generated 168 state(s).
[t=0.0159996s, 11496 KB] Dead ends: 0 state(s).
[t=0.0159996s, 11496 KB] Number of registered states: 13
[t=0.0159996s, 11496 KB] Int hash set load factor: 13/16 = 0.8125
[t=0.0159996s, 11496 KB] Int hash set resizes: 4
[t=0.0159996s, 11496 KB] Search time: 0s
[t=0.0159996s, 11496 KB] Total time: 0.0159996s
Solution found.
Peak memory: 11496 KB
Remove intermediate file output.sas
search exit code: 0

INFO     Planner time: 0.30s
