INFO     planner time limit: 1800s
INFO     planner memory limit: None

INFO     Running translator.
INFO     translator stdin: None
INFO     translator time limit: 1799s
INFO     translator memory limit: None
INFO     translator command line string: /usr/bin/python3 /home/bharath/Desktop/GitHub/downward/builds/release/bin/translate/translate.py /home/bharath/Desktop/ISWC_test/best_planner/data/openstacks/domain-3.pddl /home/bharath/Desktop/ISWC_test/best_planner/data/openstacks/instance-3.pddl --sas-file output.sas
Parsing...
Parsing: [0.010s CPU, 0.009s wall-clock]
Normalizing task... [0.000s CPU, 0.001s wall-clock]
Instantiating...
Generating Datalog program... [0.000s CPU, 0.002s wall-clock]
Normalizing Datalog program...
Normalizing Datalog program: [0.000s CPU, 0.006s wall-clock]
Preparing model... [0.010s CPU, 0.004s wall-clock]
Generated 108 rules.
Computing model... [0.020s CPU, 0.021s wall-clock]
529 relevant atoms
518 auxiliary atoms
1047 final queue length
1599 total queue pushes
Completing instantiation... [0.010s CPU, 0.014s wall-clock]
Instantiating: [0.040s CPU, 0.048s wall-clock]
Computing fact groups...
Finding invariants...
12 initial candidates
Finding invariants: [0.010s CPU, 0.008s wall-clock]
Checking invariant weight... [0.000s CPU, 0.000s wall-clock]
Instantiating groups... [0.000s CPU, 0.000s wall-clock]
Collecting mutex groups... [0.000s CPU, 0.000s wall-clock]
Choosing groups...
0 uncovered facts
Choosing groups: [0.000s CPU, 0.000s wall-clock]
Building translation key... [0.000s CPU, 0.000s wall-clock]
Computing fact groups: [0.010s CPU, 0.010s wall-clock]
Building STRIPS to SAS dictionary... [0.000s CPU, 0.000s wall-clock]
Building dictionary for full mutex groups... [0.000s CPU, 0.000s wall-clock]
Building mutex information...
Building mutex information: [0.000s CPU, 0.000s wall-clock]
Translating task...
Processing axioms...
Simplifying axioms... [0.000s CPU, 0.000s wall-clock]
Translator axioms removed by simplifying: 0
Computing negative axioms... [0.000s CPU, 0.000s wall-clock]
Processing axioms: [0.000s CPU, 0.001s wall-clock]
Translating task: [0.020s CPU, 0.019s wall-clock]
0 effect conditions simplified
0 implied preconditions added
Detecting unreachable propositions...
0 operators removed
0 axioms removed
25 propositions removed
Detecting unreachable propositions: [0.010s CPU, 0.012s wall-clock]
Reordering and filtering variables...
25 of 25 variables necessary.
0 of 37 mutex groups necessary.
312 of 312 operators necessary.
0 of 0 axiom rules necessary.
Reordering and filtering variables: [0.010s CPU, 0.006s wall-clock]
Translator variables: 25
Translator derived variables: 0
Translator facts: 73
Translator goal facts: 12
Translator mutex groups: 0
Translator total mutex groups size: 0
Translator operators: 312
Translator axioms: 0
Translator task size: 1882
Translator peak memory: 35188 KB
Writing output... [0.010s CPU, 0.006s wall-clock]
Done! [0.110s CPU, 0.113s wall-clock]
translate exit code: 0

INFO     Running search (release).
INFO     search portfolio: /home/bharath/Desktop/GitHub/downward/driver/portfolios/seq_opt_merge_and_shrink.py
remaining time: 1799.0
config 0: relative time 800, remaining 1800
args: ['/home/bharath/Desktop/GitHub/downward/builds/release/bin/downward', '--search', 'astar(merge_and_shrink(merge_strategy=merge_precomputed(merge_tree=linear(variable_order=reverse_level)),shrink_strategy=shrink_bisimulation(greedy=true),label_reduction=exact(before_shrinking=true,before_merging=false),max_states=infinity,threshold_before_merge=1))', '--internal-plan-file', '/home/bharath/Desktop/ISWC_test/best_planner/random_policy_results/results/plan-openstacks-instance-3.txt']
INFO     search stdin: output.sas
INFO     search time limit: 799s
INFO     search memory limit: None
INFO     search command line string: /home/bharath/Desktop/GitHub/downward/builds/release/bin/downward --search 'astar(merge_and_shrink(merge_strategy=merge_precomputed(merge_tree=linear(variable_order=reverse_level)),shrink_strategy=shrink_bisimulation(greedy=true),label_reduction=exact(before_shrinking=true,before_merging=false),max_states=infinity,threshold_before_merge=1))' --internal-plan-file /home/bharath/Desktop/ISWC_test/best_planner/random_policy_results/results/plan-openstacks-instance-3.txt < output.sas
[t=0s, 10980 KB] reading input...
[t=0.00400075s, 10980 KB] done reading input!
[t=0.00400075s, 11368 KB] Initializing merge-and-shrink heuristic...
[t=0.00400075s, 11368 KB] Running merge-and-shrink algorithm...
[t=0.00400075s, 11368 KB] Merge strategy options:
[t=0.00400075s, 11368 KB] Type: precomputed
[t=0.00400075s, 11368 KB] Merge tree options: 
[t=0.00400075s, 11368 KB] Type: linear
[t=0.00400075s, 11368 KB] Update option: use random
[t=0.00400075s, 11368 KB] Variable order type: by reverse level

[t=0.00400075s, 11368 KB] Options related to size limits and shrinking: 
[t=0.00400075s, 11368 KB] Transition system size limit: 2147483647
[t=0.00400075s, 11368 KB] Transition system size limit right before merge: 2147483647
[t=0.00400075s, 11368 KB] Threshold to trigger shrinking right before merge: 1

[t=0.00400075s, 11368 KB] Shrink strategy options: 
[t=0.00400075s, 11368 KB] Type: bisimulation
[t=0.00400075s, 11368 KB] Bisimulation type: greedy
[t=0.00400075s, 11368 KB] At limit: return

[t=0.00400075s, 11368 KB] Pruning unreachable states: yes
[t=0.00400075s, 11368 KB] Pruning irrelevant states: yes

[t=0.00400075s, 11368 KB] Label reduction options:
[t=0.00400075s, 11368 KB] Before merging: disabled
[t=0.00400075s, 11368 KB] Before shrinking: enabled
[t=0.00400075s, 11368 KB] Method: all transition systems with fixpoint computation
[t=0.00400075s, 11368 KB] System order: random

[t=0.00400075s, 11368 KB] Main loop max time in seconds: inf


[t=0.00400075s, 11368 KB] Building atomic transition systems... 
[t=0.00800153s, 11368 KB] M&S algorithm timer: 0.00400078s (after computation of atomic factors)

[t=0.00800153s, 11368 KB] Starting main loop without a time limit.
[t=0.00800153s, 11368 KB] building causal graph...done! [t=0s]
[t=0.00800153s, 11368 KB] Next pair of indices: (0, 1)
[t=0.00800153s, 11368 KB] M&S algorithm main loop timer: 0s (after computation of next merge)
[t=0.0240015s, 11368 KB] M&S algorithm main loop timer: 0.016s (after label reduction)
[t=0.0240015s, 11368 KB] M&S algorithm main loop timer: 0.016s (after merging)

[t=0.0240015s, 11368 KB] Next pair of indices: (25, 2)
[t=0.0240015s, 11368 KB] M&S algorithm main loop timer: 0.016s (after computation of next merge)
[t=0.0280008s, 11368 KB] M&S algorithm main loop timer: 0.0199993s (after label reduction)
[t=0.0280008s, 11368 KB] M&S algorithm main loop timer: 0.0199993s (after shrinking)
[t=0.0280008s, 11368 KB] M&S algorithm main loop timer: 0.0199993s (after merging)

[t=0.0280008s, 11368 KB] Next pair of indices: (26, 3)
[t=0.0280008s, 11368 KB] M&S algorithm main loop timer: 0.0199993s (after computation of next merge)
[t=0.0320012s, 11368 KB] M&S algorithm main loop timer: 0.0239997s (after merging)

[t=0.0320012s, 11368 KB] Next pair of indices: (27, 4)
[t=0.0320012s, 11368 KB] M&S algorithm main loop timer: 0.0239997s (after computation of next merge)
[t=0.0320012s, 11368 KB] M&S algorithm main loop timer: 0.0239997s (after merging)

[t=0.0320012s, 11368 KB] Next pair of indices: (28, 5)
[t=0.0320012s, 11368 KB] M&S algorithm main loop timer: 0.0239997s (after computation of next merge)
[t=0.0320012s, 11368 KB] M&S algorithm main loop timer: 0.0239997s (after merging)

[t=0.0320012s, 11368 KB] Next pair of indices: (29, 6)
[t=0.0320012s, 11368 KB] M&S algorithm main loop timer: 0.0239997s (after computation of next merge)
[t=0.0360012s, 11368 KB] M&S algorithm main loop timer: 0.0279996s (after merging)

[t=0.0360012s, 11368 KB] Next pair of indices: (30, 7)
[t=0.0360012s, 11368 KB] M&S algorithm main loop timer: 0.0279996s (after computation of next merge)
[t=0.0360012s, 11368 KB] M&S algorithm main loop timer: 0.0279996s (after label reduction)
[t=0.0360012s, 11368 KB] M&S algorithm main loop timer: 0.0279996s (after shrinking)
[t=0.0360012s, 11368 KB] M&S algorithm main loop timer: 0.0279996s (after merging)

[t=0.0360012s, 11368 KB] Next pair of indices: (31, 8)
[t=0.0360012s, 11368 KB] M&S algorithm main loop timer: 0.0279996s (after computation of next merge)
[t=0.0399998s, 11368 KB] M&S algorithm main loop timer: 0.0319983s (after merging)

[t=0.0399998s, 11368 KB] Next pair of indices: (32, 9)
[t=0.0399998s, 11368 KB] M&S algorithm main loop timer: 0.0319983s (after computation of next merge)
[t=0.0399998s, 11368 KB] M&S algorithm main loop timer: 0.0319983s (after label reduction)
[t=0.0440011s, 11368 KB] M&S algorithm main loop timer: 0.0359996s (after shrinking)
[t=0.0440011s, 11368 KB] M&S algorithm main loop timer: 0.0359996s (after merging)

[t=0.0440011s, 11368 KB] Next pair of indices: (33, 10)
[t=0.0440011s, 11368 KB] M&S algorithm main loop timer: 0.0359996s (after computation of next merge)
[t=0.0440011s, 11504 KB] M&S algorithm main loop timer: 0.0359996s (after merging)

[t=0.0440011s, 11504 KB] Next pair of indices: (34, 11)
[t=0.0440011s, 11504 KB] M&S algorithm main loop timer: 0.0359996s (after computation of next merge)
[t=0.0480008s, 11860 KB] M&S algorithm main loop timer: 0.0399993s (after merging)

[t=0.0480008s, 11860 KB] Next pair of indices: (35, 12)
[t=0.0480008s, 11860 KB] M&S algorithm main loop timer: 0.0399993s (after computation of next merge)
[t=0.0920018s, 17192 KB] M&S algorithm main loop timer: 0.0840003s (after merging)

[t=0.0986768s, 17192 KB] Next pair of indices: (36, 13)
[t=0.0986768s, 17192 KB] M&S algorithm main loop timer: 0.0906752s (after computation of next merge)
[t=0.32367s, 29464 KB] M&S algorithm main loop timer: 0.315668s (after merging)
[t=0.339669s, 29464 KB] M&S algorithm main loop timer: 0.331668s (after pruning)

[t=0.343669s, 29464 KB] Next pair of indices: (37, 14)
[t=0.343669s, 29464 KB] M&S algorithm main loop timer: 0.335668s (after computation of next merge)
[t=0.343669s, 29464 KB] M&S algorithm main loop timer: 0.335668s (after label reduction)
[t=0.835435s, 47624 KB] M&S algorithm main loop timer: 0.827434s (after merging)
[t=0.875437s, 47624 KB] M&S algorithm main loop timer: 0.867435s (after pruning)

[t=0.875437s, 47624 KB] Next pair of indices: (38, 15)
[t=0.875437s, 47624 KB] M&S algorithm main loop timer: 0.867435s (after computation of next merge)
[t=0.883435s, 47624 KB] M&S algorithm main loop timer: 0.875433s (after label reduction)
[t=1.61141s, 47624 KB] M&S algorithm main loop timer: 1.6034s (after shrinking)
[t=2.05111s, 80496 KB] M&S algorithm main loop timer: 2.04311s (after merging)
[t=2.11509s, 80496 KB] M&S algorithm main loop timer: 2.10709s (after pruning)

[t=2.11509s, 80496 KB] Next pair of indices: (39, 16)
[t=2.11509s, 80496 KB] M&S algorithm main loop timer: 2.10709s (after computation of next merge)
[t=2.14709s, 80496 KB] M&S algorithm main loop timer: 2.13909s (after label reduction)
[t=3.41484s, 80496 KB] M&S algorithm main loop timer: 3.40684s (after shrinking)
[t=4.14647s, 135464 KB] M&S algorithm main loop timer: 4.13847s (after merging)
[t=4.25827s, 135464 KB] M&S algorithm main loop timer: 4.25026s (after pruning)

[t=4.25827s, 135464 KB] Next pair of indices: (40, 17)
[t=4.25827s, 135464 KB] M&S algorithm main loop timer: 4.25026s (after computation of next merge)
[t=4.33826s, 135464 KB] M&S algorithm main loop timer: 4.33026s (after label reduction)
[t=6.60756s, 135464 KB] M&S algorithm main loop timer: 6.59955s (after shrinking)
[t=7.76796s, 193232 KB] M&S algorithm main loop timer: 7.75996s (after merging)
[t=7.93596s, 193232 KB] M&S algorithm main loop timer: 7.92796s (after pruning)

[t=7.93596s, 193232 KB] Next pair of indices: (41, 18)
[t=7.93596s, 193232 KB] M&S algorithm main loop timer: 7.92796s (after computation of next merge)
[t=8.06795s, 193232 KB] M&S algorithm main loop timer: 8.05995s (after label reduction)
[t=11.4912s, 193232 KB] M&S algorithm main loop timer: 11.4832s (after shrinking)
[t=13.4017s, 320676 KB] M&S algorithm main loop timer: 13.3937s (after merging)
[t=13.7097s, 320676 KB] M&S algorithm main loop timer: 13.7017s (after pruning)

[t=13.7097s, 320676 KB] Next pair of indices: (42, 19)
[t=13.7097s, 320676 KB] M&S algorithm main loop timer: 13.7017s (after computation of next merge)
[t=13.9937s, 320676 KB] M&S algorithm main loop timer: 13.9857s (after label reduction)
[t=21.4999s, 329584 KB] M&S algorithm main loop timer: 21.4919s (after shrinking)
[t=24.6368s, 443620 KB] M&S algorithm main loop timer: 24.6288s (after merging)
[t=24.9965s, 443620 KB] M&S algorithm main loop timer: 24.9885s (after pruning)

[t=24.9965s, 443620 KB] Next pair of indices: (43, 20)
[t=24.9965s, 443620 KB] M&S algorithm main loop timer: 24.9885s (after computation of next merge)
[t=25.3484s, 443620 KB] M&S algorithm main loop timer: 25.3404s (after label reduction)
[t=36.6557s, 443620 KB] M&S algorithm main loop timer: 36.6477s (after shrinking)
[t=40.497s, 575976 KB] M&S algorithm main loop timer: 40.489s (after merging)
[t=40.9487s, 575976 KB] M&S algorithm main loop timer: 40.9407s (after pruning)

[t=40.9487s, 575976 KB] Next pair of indices: (44, 21)
[t=40.9487s, 575976 KB] M&S algorithm main loop timer: 40.9407s (after computation of next merge)
[t=41.4402s, 575976 KB] M&S algorithm main loop timer: 41.4322s (after label reduction)
[t=56.2702s, 575976 KB] M&S algorithm main loop timer: 56.2622s (after shrinking)
[t=61.0456s, 737448 KB] M&S algorithm main loop timer: 61.0376s (after merging)
[t=61.6295s, 737448 KB] M&S algorithm main loop timer: 61.6215s (after pruning)

[t=61.6295s, 737448 KB] Next pair of indices: (45, 22)
[t=61.6295s, 737448 KB] M&S algorithm main loop timer: 61.6215s (after computation of next merge)
[t=62.514s, 737448 KB] M&S algorithm main loop timer: 62.506s (after label reduction)
[t=83.7518s, 737448 KB] M&S algorithm main loop timer: 83.7438s (after shrinking)
[t=88.1708s, 741236 KB] M&S algorithm main loop timer: 88.1628s (after merging)
[t=88.7147s, 755496 KB] M&S algorithm main loop timer: 88.7067s (after pruning)

[t=88.7147s, 755496 KB] Next pair of indices: (46, 23)
[t=88.7147s, 755496 KB] M&S algorithm main loop timer: 88.7067s (after computation of next merge)
[t=89.6746s, 755496 KB] M&S algorithm main loop timer: 89.6666s (after label reduction)
[t=115.077s, 755496 KB] M&S algorithm main loop timer: 115.069s (after shrinking)
[t=121.412s, 970032 KB] M&S algorithm main loop timer: 121.404s (after merging)
[t=122.128s, 970032 KB] M&S algorithm main loop timer: 122.12s (after pruning)

[t=122.128s, 970032 KB] Next pair of indices: (47, 24)
[t=122.131s, 970032 KB] M&S algorithm main loop timer: 122.123s (after computation of next merge)
[t=123.395s, 970032 KB] M&S algorithm main loop timer: 123.387s (after label reduction)
[t=158.874s, 977668 KB] M&S algorithm main loop timer: 158.866s (after shrinking)
[t=164.414s, 999384 KB] M&S algorithm main loop timer: 164.406s (after merging)
[t=164.806s, 1138384 KB] M&S algorithm main loop timer: 164.798s (after pruning)

[t=164.806s, 1138384 KB] End of merge-and-shrink algorithm, statistics:
[t=164.806s, 1138384 KB] Main loop runtime: 164.798s
[t=164.806s, 1138384 KB] Maximum intermediate abstraction size: 3625110
[t=164.806s, 1138384 KB] Final peak memory increase of merge-and-shrink algorithm: 1127016 KB
[t=164.806s, 1138384 KB] Merge-and-shrink algorithm runtime: 164.802s

[t=164.806s, 1138384 KB] Number of remaining factors: 1
[t=164.814s, 1138384 KB] Number of factors kept: 1
[t=164.814s, 1138384 KB] Done initializing merge-and-shrink heuristic.

[t=164.818s, 1138384 KB] Building successor generator...done!
[t=164.818s, 1138384 KB] peak memory difference for successor generator creation: 0 KB
[t=164.818s, 1138384 KB] time for successor generation creation: 0s
[t=164.818s, 1138384 KB] Variables: 25
[t=164.818s, 1138384 KB] FactPairs: 73
[t=164.818s, 1138384 KB] Bytes per state: 8
[t=164.818s, 1138384 KB] Conducting best first search with reopening closed nodes, (real) bound = 2147483647
[t=164.818s, 1138384 KB] New best heuristic value for merge_and_shrink(merge_strategy=merge_precomputed(merge_tree=linear(variable_order=reverse_level)),shrink_strategy=shrink_bisimulation(greedy=true),label_reduction=exact(before_shrinking=true,before_merging=false),max_states=infinity,threshold_before_merge=1): 5
[t=164.818s, 1138384 KB] g=0, 1 evaluated, 0 expanded
[t=164.818s, 1138384 KB] f = 5, 1 evaluated, 0 expanded
[t=164.818s, 1138384 KB] Initial heuristic value for merge_and_shrink(merge_strategy=merge_precomputed(merge_tree=linear(variable_order=reverse_level)),shrink_strategy=shrink_bisimulation(greedy=true),label_reduction=exact(before_shrinking=true,before_merging=false),max_states=infinity,threshold_before_merge=1): 5
[t=164.818s, 1138384 KB] pruning method: none
[t=164.818s, 1138384 KB] New best heuristic value for merge_and_shrink(merge_strategy=merge_precomputed(merge_tree=linear(variable_order=reverse_level)),shrink_strategy=shrink_bisimulation(greedy=true),label_reduction=exact(before_shrinking=true,before_merging=false),max_states=infinity,threshold_before_merge=1): 4
[t=164.818s, 1138384 KB] g=1, 2 evaluated, 1 expanded
[t=164.818s, 1138384 KB] New best heuristic value for merge_and_shrink(merge_strategy=merge_precomputed(merge_tree=linear(variable_order=reverse_level)),shrink_strategy=shrink_bisimulation(greedy=true),label_reduction=exact(before_shrinking=true,before_merging=false),max_states=infinity,threshold_before_merge=1): 3
[t=164.818s, 1138384 KB] g=2, 3 evaluated, 2 expanded
[t=164.818s, 1138384 KB] New best heuristic value for merge_and_shrink(merge_strategy=merge_precomputed(merge_tree=linear(variable_order=reverse_level)),shrink_strategy=shrink_bisimulation(greedy=true),label_reduction=exact(before_shrinking=true,before_merging=false),max_states=infinity,threshold_before_merge=1): 2
[t=164.818s, 1138384 KB] g=3, 16 evaluated, 3 expanded
[t=164.818s, 1138384 KB] New best heuristic value for merge_and_shrink(merge_strategy=merge_precomputed(merge_tree=linear(variable_order=reverse_level)),shrink_strategy=shrink_bisimulation(greedy=true),label_reduction=exact(before_shrinking=true,before_merging=false),max_states=infinity,threshold_before_merge=1): 1
[t=164.818s, 1138384 KB] g=4, 29 evaluated, 4 expanded
[t=164.818s, 1138384 KB] New best heuristic value for merge_and_shrink(merge_strategy=merge_precomputed(merge_tree=linear(variable_order=reverse_level)),shrink_strategy=shrink_bisimulation(greedy=true),label_reduction=exact(before_shrinking=true,before_merging=false),max_states=infinity,threshold_before_merge=1): 0
[t=164.818s, 1138384 KB] g=5, 42 evaluated, 5 expanded
[t=166.41s, 1138384 KB] Solution found!
[t=166.41s, 1138384 KB] Actual search time: 1.59203s
open-new-stack n0 n1 (1)
open-new-stack n1 n2 (1)
open-new-stack n2 n3 (1)
open-new-stack n3 n4 (1)
open-new-stack n4 n5 (1)
start-order o1 n5 n4 (0)
make-product-p2  (0)
ship-order-o1 n4 n5 (0)
start-order o12 n5 n4 (0)
start-order o3 n4 n3 (0)
start-order o4 n3 n2 (0)
start-order o7 n2 n1 (0)
start-order o10 n1 n0 (0)
make-product-p1  (0)
make-product-p8  (0)
ship-order-o10 n0 n1 (0)
start-order o8 n1 n0 (0)
make-product-p4  (0)
ship-order-o3 n0 n1 (0)
ship-order-o4 n1 n2 (0)
start-order o9 n2 n1 (0)
start-order o5 n1 n0 (0)
make-product-p7  (0)
make-product-p9  (0)
make-product-p6  (0)
ship-order-o5 n0 n1 (0)
ship-order-o8 n1 n2 (0)
ship-order-o12 n2 n3 (0)
start-order o2 n3 n2 (0)
make-product-p10  (0)
start-order o6 n2 n1 (0)
make-product-p3  (0)
start-order o11 n1 n0 (0)
make-product-p12  (0)
make-product-p5  (0)
make-product-p11  (0)
ship-order-o2 n0 n1 (0)
ship-order-o6 n1 n2 (0)
ship-order-o11 n2 n3 (0)
ship-order-o7 n3 n4 (0)
ship-order-o9 n4 n5 (0)
[t=166.411s, 1138384 KB] Plan length: 41 step(s).
[t=166.411s, 1138384 KB] Plan cost: 5
[t=166.411s, 1138384 KB] Expanded 231069 state(s).
[t=166.411s, 1138384 KB] Reopened 0 state(s).
[t=166.411s, 1138384 KB] Evaluated 488964 state(s).
[t=166.411s, 1138384 KB] Evaluations: 488964
[t=166.411s, 1138384 KB] Generated 1444620 state(s).
[t=166.411s, 1138384 KB] Dead ends: 0 state(s).
[t=166.411s, 1138384 KB] Expanded until last jump: 0 state(s).
[t=166.411s, 1138384 KB] Reopened until last jump: 0 state(s).
[t=166.411s, 1138384 KB] Evaluated until last jump: 1 state(s).
[t=166.411s, 1138384 KB] Generated until last jump: 0 state(s).
[t=166.411s, 1138384 KB] Number of registered states: 488964
[t=166.411s, 1138384 KB] Int hash set load factor: 488964/1048576 = 0.466312
[t=166.411s, 1138384 KB] Int hash set resizes: 20
[t=166.411s, 1138384 KB] Search time: 1.59302s
[t=166.411s, 1138384 KB] Total time: 166.411s
Solution found.
Peak memory: 1138384 KB
exitcode: 0

Exit codes: [0]
Remove intermediate file output.sas
search exit code: 0

INFO     Planner time: 166.97s
