INFO     planner time limit: 1800s
INFO     planner memory limit: None

INFO     Running translator.
INFO     translator stdin: None
INFO     translator time limit: 1799s
INFO     translator memory limit: None
INFO     translator command line string: /usr/bin/python3 /home/bharath/Desktop/GitHub/downward/builds/release/bin/translate/translate.py /home/bharath/Desktop/ISWC_test/best_planner/data/parcprinter/domain-3.pddl /home/bharath/Desktop/ISWC_test/best_planner/data/parcprinter/instance-3.pddl --sas-file output.sas
Parsing...
Parsing: [0.010s CPU, 0.016s wall-clock]
Normalizing task... [0.000s CPU, 0.002s wall-clock]
Instantiating...
Generating Datalog program... [0.010s CPU, 0.003s wall-clock]
Normalizing Datalog program...
Normalizing Datalog program: [0.010s CPU, 0.018s wall-clock]
Preparing model... [0.000s CPU, 0.006s wall-clock]
Generated 350 rules.
Computing model... [0.010s CPU, 0.008s wall-clock]
338 relevant atoms
494 auxiliary atoms
832 final queue length
1036 total queue pushes
Completing instantiation... [0.010s CPU, 0.010s wall-clock]
Instantiating: [0.050s CPU, 0.047s wall-clock]
Computing fact groups...
Finding invariants...
20 initial candidates
Finding invariants: [0.010s CPU, 0.014s wall-clock]
Checking invariant weight... [0.000s CPU, 0.000s wall-clock]
Instantiating groups... [0.000s CPU, 0.000s wall-clock]
Collecting mutex groups... [0.000s CPU, 0.000s wall-clock]
Choosing groups...
38 uncovered facts
Choosing groups: [0.000s CPU, 0.000s wall-clock]
Building translation key... [0.000s CPU, 0.001s wall-clock]
Computing fact groups: [0.020s CPU, 0.017s wall-clock]
Building STRIPS to SAS dictionary... [0.000s CPU, 0.000s wall-clock]
Building dictionary for full mutex groups... [0.000s CPU, 0.000s wall-clock]
Building mutex information...
Building mutex information: [0.000s CPU, 0.000s wall-clock]
Translating task...
Processing axioms...
Simplifying axioms... [0.000s CPU, 0.000s wall-clock]
Translator axioms removed by simplifying: 0
Computing negative axioms... [0.000s CPU, 0.000s wall-clock]
Processing axioms: [0.000s CPU, 0.001s wall-clock]
Translating task: [0.010s CPU, 0.011s wall-clock]
57 effect conditions simplified
0 implied preconditions added
Detecting unreachable propositions...
0 operators removed
0 axioms removed
4 propositions removed
Detecting unreachable propositions: [0.010s CPU, 0.005s wall-clock]
Reordering and filtering variables...
33 of 39 variables necessary.
0 of 2 mutex groups necessary.
99 of 99 operators necessary.
0 of 0 axiom rules necessary.
Reordering and filtering variables: [0.000s CPU, 0.003s wall-clock]
Translator variables: 33
Translator derived variables: 0
Translator facts: 104
Translator goal facts: 12
Translator mutex groups: 0
Translator total mutex groups size: 0
Translator operators: 99
Translator axioms: 0
Translator task size: 739
Translator peak memory: 35192 KB
Writing output... [0.000s CPU, 0.003s wall-clock]
Done! [0.100s CPU, 0.107s wall-clock]
translate exit code: 0

INFO     Running search (release).
INFO     search stdin: output.sas
INFO     search time limit: 1799s
INFO     search memory limit: None
INFO     search command line string: /home/bharath/Desktop/GitHub/downward/builds/release/bin/downward --search 'let(hlm,landmark_sum(lm_factory=lm_reasonable_orders_hps(lm_rhw()),transform=adapt_costs(one),pref=false),let(hff,ff(transform=adapt_costs(one)),lazy_greedy([hff,hlm],preferred=[hff,hlm],cost_type=one,reopen_closed=false)))' --internal-plan-file /home/bharath/Desktop/ISWC_test/best_planner/random_policy_results/results/plan-parcprinter-instance-3.txt < output.sas
[t=0.00389107s, 10980 KB] reading input...
[t=0.00389107s, 10980 KB] done reading input!
[t=0.00789284s, 11236 KB] Initializing landmark sum heuristic...
[t=0.00789284s, 11236 KB] Generating landmark graph...
[t=0.00789284s, 11236 KB] Building a landmark graph with reasonable orders.
[t=0.00789284s, 11236 KB] Initializing Exploration...
[t=0.00789284s, 11236 KB] Generating landmarks using the RPG/SAS+ approach
[t=0.00789284s, 11236 KB] Removed 0 reasonable or obedient reasonable orders
[t=0.00789284s, 11236 KB] Landmarks generation time: 0s
[t=0.00789284s, 11236 KB] Discovered 56 landmarks, of which 8 are disjunctive and 0 are conjunctive.
[t=0.00789284s, 11236 KB] 170 edges
[t=0.00789284s, 11236 KB] approx. reasonable orders
[t=0.00789284s, 11236 KB] approx. obedient reasonable orders
[t=0.00789284s, 11236 KB] Removed 0 reasonable or obedient reasonable orders
[t=0.00789284s, 11236 KB] Landmarks generation time: 0s
[t=0.00789284s, 11236 KB] Discovered 56 landmarks, of which 8 are disjunctive and 0 are conjunctive.
[t=0.00789284s, 11236 KB] 170 edges
[t=0.00789284s, 11236 KB] Landmark graph generation time: 0s
[t=0.00789284s, 11236 KB] Landmark graph contains 56 landmarks, of which 8 are disjunctive and 0 are conjunctive.
[t=0.00789284s, 11236 KB] Landmark graph contains 170 orderings.
[t=0.00789284s, 11236 KB] Simplifying 213 unary operators... done! [193 unary operators]
[t=0.00789284s, 11236 KB] time to simplify: 0s
[t=0.00789284s, 11236 KB] Initializing additive heuristic...
[t=0.00789284s, 11236 KB] Initializing FF heuristic...
[t=0.0119024s, 11236 KB] Building successor generator...done!
[t=0.0119024s, 11236 KB] peak memory difference for successor generator creation: 0 KB
[t=0.0119024s, 11236 KB] time for successor generation creation: 0s
[t=0.0119024s, 11236 KB] Variables: 33
[t=0.0119024s, 11236 KB] FactPairs: 104
[t=0.0119024s, 11236 KB] Bytes per state: 8
[t=0.0119024s, 11236 KB] Conducting lazy best first search, (real) bound = 2147483647
[t=0.0119024s, 11372 KB] 31 initial landmarks, 12 goal landmarks
[t=0.0119024s, 11372 KB] New best heuristic value for landmark_sum(lm_factory=lm_reasonable_orders_hps(lm_rhw()),transform=adapt_costs(one),pref=false): 25
[t=0.0119024s, 11372 KB] New best heuristic value for ff(transform=adapt_costs(one)): 20
[t=0.0119024s, 11372 KB] g=0, 1 evaluated, 0 expanded
[t=0.0119024s, 11372 KB] Initial heuristic value for landmark_sum(lm_factory=lm_reasonable_orders_hps(lm_rhw()),transform=adapt_costs(one),pref=false): 25
[t=0.0119024s, 11372 KB] Initial heuristic value for ff(transform=adapt_costs(one)): 20
[t=0.0119024s, 11372 KB] New best heuristic value for landmark_sum(lm_factory=lm_reasonable_orders_hps(lm_rhw()),transform=adapt_costs(one),pref=false): 19
[t=0.0119024s, 11372 KB] New best heuristic value for ff(transform=adapt_costs(one)): 19
[t=0.0119024s, 11372 KB] g=1, 2 evaluated, 1 expanded
[t=0.0119024s, 11372 KB] New best heuristic value for landmark_sum(lm_factory=lm_reasonable_orders_hps(lm_rhw()),transform=adapt_costs(one),pref=false): 17
[t=0.0119024s, 11372 KB] New best heuristic value for ff(transform=adapt_costs(one)): 18
[t=0.0119024s, 11372 KB] g=2, 3 evaluated, 2 expanded
[t=0.0119024s, 11372 KB] New best heuristic value for landmark_sum(lm_factory=lm_reasonable_orders_hps(lm_rhw()),transform=adapt_costs(one),pref=false): 16
[t=0.0119024s, 11372 KB] New best heuristic value for ff(transform=adapt_costs(one)): 17
[t=0.0119024s, 11372 KB] g=3, 4 evaluated, 3 expanded
[t=0.0119024s, 11372 KB] New best heuristic value for ff(transform=adapt_costs(one)): 15
[t=0.0119024s, 11372 KB] g=4, 6 evaluated, 5 expanded
[t=0.0119024s, 11372 KB] New best heuristic value for landmark_sum(lm_factory=lm_reasonable_orders_hps(lm_rhw()),transform=adapt_costs(one),pref=false): 14
[t=0.0119024s, 11372 KB] New best heuristic value for ff(transform=adapt_costs(one)): 14
[t=0.0119024s, 11372 KB] g=5, 7 evaluated, 6 expanded
[t=0.0119024s, 11372 KB] New best heuristic value for landmark_sum(lm_factory=lm_reasonable_orders_hps(lm_rhw()),transform=adapt_costs(one),pref=false): 13
[t=0.0119024s, 11372 KB] New best heuristic value for ff(transform=adapt_costs(one)): 13
[t=0.0119024s, 11372 KB] g=6, 8 evaluated, 7 expanded
[t=0.0119024s, 11372 KB] New best heuristic value for landmark_sum(lm_factory=lm_reasonable_orders_hps(lm_rhw()),transform=adapt_costs(one),pref=false): 12
[t=0.0119024s, 11372 KB] New best heuristic value for ff(transform=adapt_costs(one)): 12
[t=0.0119024s, 11372 KB] g=7, 9 evaluated, 8 expanded
[t=0.0119024s, 11372 KB] New best heuristic value for landmark_sum(lm_factory=lm_reasonable_orders_hps(lm_rhw()),transform=adapt_costs(one),pref=false): 11
[t=0.0119024s, 11372 KB] New best heuristic value for ff(transform=adapt_costs(one)): 11
[t=0.0119024s, 11372 KB] g=8, 10 evaluated, 9 expanded
[t=0.0119024s, 11372 KB] New best heuristic value for landmark_sum(lm_factory=lm_reasonable_orders_hps(lm_rhw()),transform=adapt_costs(one),pref=false): 9
[t=0.0119024s, 11372 KB] New best heuristic value for ff(transform=adapt_costs(one)): 10
[t=0.0119024s, 11372 KB] g=9, 11 evaluated, 10 expanded
[t=0.0119024s, 11372 KB] New best heuristic value for landmark_sum(lm_factory=lm_reasonable_orders_hps(lm_rhw()),transform=adapt_costs(one),pref=false): 7
[t=0.0119024s, 11372 KB] New best heuristic value for ff(transform=adapt_costs(one)): 9
[t=0.0119024s, 11372 KB] g=10, 12 evaluated, 11 expanded
[t=0.0119024s, 11372 KB] New best heuristic value for landmark_sum(lm_factory=lm_reasonable_orders_hps(lm_rhw()),transform=adapt_costs(one),pref=false): 6
[t=0.0119024s, 11372 KB] New best heuristic value for ff(transform=adapt_costs(one)): 6
[t=0.0119024s, 11372 KB] g=11, 13 evaluated, 12 expanded
[t=0.0119024s, 11372 KB] New best heuristic value for landmark_sum(lm_factory=lm_reasonable_orders_hps(lm_rhw()),transform=adapt_costs(one),pref=false): 4
[t=0.0119024s, 11372 KB] New best heuristic value for ff(transform=adapt_costs(one)): 5
[t=0.0119024s, 11372 KB] g=12, 14 evaluated, 13 expanded
[t=0.0119024s, 11372 KB] New best heuristic value for landmark_sum(lm_factory=lm_reasonable_orders_hps(lm_rhw()),transform=adapt_costs(one),pref=false): 3
[t=0.0119024s, 11372 KB] New best heuristic value for ff(transform=adapt_costs(one)): 4
[t=0.0119024s, 11372 KB] g=13, 15 evaluated, 14 expanded
[t=0.0119024s, 11372 KB] New best heuristic value for ff(transform=adapt_costs(one)): 3
[t=0.0119024s, 11372 KB] g=14, 16 evaluated, 15 expanded
[t=0.0119024s, 11372 KB] New best heuristic value for landmark_sum(lm_factory=lm_reasonable_orders_hps(lm_rhw()),transform=adapt_costs(one),pref=false): 2
[t=0.0119024s, 11372 KB] New best heuristic value for ff(transform=adapt_costs(one)): 2
[t=0.0119024s, 11372 KB] g=15, 17 evaluated, 16 expanded
[t=0.0119024s, 11372 KB] New best heuristic value for landmark_sum(lm_factory=lm_reasonable_orders_hps(lm_rhw()),transform=adapt_costs(one),pref=false): 1
[t=0.0119024s, 11372 KB] New best heuristic value for ff(transform=adapt_costs(one)): 1
[t=0.0119024s, 11372 KB] g=16, 18 evaluated, 17 expanded
[t=0.0119024s, 11372 KB] Solution found!
[t=0.0119024s, 11372 KB] Actual search time: 0s
initialize  (0)
fe1-feed-letter sheet1 (899)
im1-moveupper-letter sheet1 (8171)
uc1-fmove-letter sheet1 (10890)
uc2-divert-letter sheet1 back front (17452)
ure-simplex-letter sheet1 front image-1 (211849)
uc2-mergeinvert-letter sheet1 (78919)
om-upperout-letter sheet1 (8037)
sys-stack-letter sheet1 dummy-sheet (1499)
fe1-feed-letter sheet2 (899)
im1-movelower-letter sheet2 (3088)
lc1-divert-letter sheet2 back front (11805)
lbe-simplex-letter sheet2 front image-2 (123749)
lc1-merge-letter sheet2 (27709)
lc2-fmove-letter sheet2 (11207)
om-lowerout-letter sheet2 (3251)
sys-stack-letter sheet2 sheet1 (1499)
[t=0.0119024s, 11372 KB] Plan length: 17 step(s).
[t=0.0119024s, 11372 KB] Plan cost: 520923
[t=0.0119024s, 11372 KB] Expanded 18 state(s).
[t=0.0119024s, 11372 KB] Reopened 0 state(s).
[t=0.0119024s, 11372 KB] Evaluated 19 state(s).
[t=0.0119024s, 11372 KB] Evaluations: 38
[t=0.0119024s, 11372 KB] Generated 49 state(s).
[t=0.0119024s, 11372 KB] Dead ends: 0 state(s).
[t=0.0119024s, 11372 KB] Number of registered states: 19
[t=0.0119024s, 11372 KB] Int hash set load factor: 19/32 = 0.59375
[t=0.0119024s, 11372 KB] Int hash set resizes: 5
[t=0.0119024s, 11372 KB] Search time: 0s
[t=0.0119024s, 11372 KB] Total time: 0.0119024s
Solution found.
Peak memory: 11372 KB
Remove intermediate file output.sas
search exit code: 0

INFO     Planner time: 0.26s
