INFO     planner time limit: 1800s
INFO     planner memory limit: None

INFO     Running translator.
INFO     translator stdin: None
INFO     translator time limit: 1799s
INFO     translator memory limit: None
INFO     translator command line string: /usr/bin/python3 /home/bharath/Desktop/GitHub/downward/builds/release/bin/translate/translate.py /home/bharath/Desktop/ISWC_test/best_planner/data/pegsol/domain.pddl /home/bharath/Desktop/ISWC_test/best_planner/data/pegsol/instance-3.pddl --sas-file output.sas
Parsing...
Parsing: [0.000s CPU, 0.004s wall-clock]
Normalizing task... [0.000s CPU, 0.000s wall-clock]
Instantiating...
Generating Datalog program... [0.000s CPU, 0.001s wall-clock]
Normalizing Datalog program...
Normalizing Datalog program: [0.000s CPU, 0.002s wall-clock]
Preparing model... [0.010s CPU, 0.001s wall-clock]
Generated 25 rules.
Computing model... [0.010s CPU, 0.010s wall-clock]
461 relevant atoms
611 auxiliary atoms
1072 final queue length
1647 total queue pushes
Completing instantiation... [0.010s CPU, 0.014s wall-clock]
Instantiating: [0.030s CPU, 0.028s wall-clock]
Computing fact groups...
Finding invariants...
7 initial candidates
Finding invariants: [0.000s CPU, 0.004s wall-clock]
Checking invariant weight... [0.000s CPU, 0.000s wall-clock]
Instantiating groups... [0.000s CPU, 0.000s wall-clock]
Collecting mutex groups... [0.000s CPU, 0.000s wall-clock]
Choosing groups...
0 uncovered facts
Choosing groups: [0.000s CPU, 0.000s wall-clock]
Building translation key... [0.000s CPU, 0.000s wall-clock]
Computing fact groups: [0.010s CPU, 0.006s wall-clock]
Building STRIPS to SAS dictionary... [0.000s CPU, 0.000s wall-clock]
Building dictionary for full mutex groups... [0.000s CPU, 0.000s wall-clock]
Building mutex information...
Building mutex information: [0.000s CPU, 0.000s wall-clock]
Translating task...
Processing axioms...
Simplifying axioms... [0.000s CPU, 0.000s wall-clock]
Translator axioms removed by simplifying: 0
Computing negative axioms... [0.000s CPU, 0.000s wall-clock]
Processing axioms: [0.000s CPU, 0.001s wall-clock]
Translating task: [0.010s CPU, 0.010s wall-clock]
0 effect conditions simplified
0 implied preconditions added
Detecting unreachable propositions...
0 operators removed
0 axioms removed
34 propositions removed
Detecting unreachable propositions: [0.000s CPU, 0.006s wall-clock]
Reordering and filtering variables...
34 of 34 variables necessary.
0 of 34 mutex groups necessary.
185 of 185 operators necessary.
0 of 0 axiom rules necessary.
Reordering and filtering variables: [0.000s CPU, 0.003s wall-clock]
Translator variables: 34
Translator derived variables: 0
Translator facts: 100
Translator goal facts: 33
Translator mutex groups: 0
Translator total mutex groups size: 0
Translator operators: 185
Translator axioms: 0
Translator task size: 1634
Translator peak memory: 35196 KB
Writing output... [0.000s CPU, 0.002s wall-clock]
Done! [0.060s CPU, 0.060s wall-clock]
translate exit code: 0

INFO     Running search (release).
INFO     search stdin: output.sas
INFO     search time limit: 1799s
INFO     search memory limit: None
INFO     search command line string: /home/bharath/Desktop/GitHub/downward/builds/release/bin/downward --search 'astar(lmcut())' --internal-plan-file /home/bharath/Desktop/ISWC_test/best_planner/random_policy_results/results/plan-pegsol-instance-3.txt < output.sas
[t=0.00715397s, 10980 KB] reading input...
[t=0.0111519s, 10980 KB] done reading input!
[t=0.0133595s, 11372 KB] Initializing landmark cut heuristic...
[t=0.0133595s, 11372 KB] Building successor generator...done!
[t=0.0151004s, 11372 KB] peak memory difference for successor generator creation: 0 KB
[t=0.0151004s, 11372 KB] time for successor generation creation: 0s
[t=0.0151004s, 11372 KB] Variables: 34
[t=0.0151004s, 11372 KB] FactPairs: 100
[t=0.0151004s, 11372 KB] Bytes per state: 8
[t=0.0151004s, 11372 KB] Conducting best first search with reopening closed nodes, (real) bound = 2147483647
[t=0.0151004s, 11372 KB] New best heuristic value for lmcut(): 5
[t=0.0151004s, 11372 KB] g=0, 1 evaluated, 0 expanded
[t=0.0151004s, 11372 KB] f = 5, 1 evaluated, 0 expanded
[t=0.0151004s, 11372 KB] Initial heuristic value for lmcut(): 5
[t=0.0151004s, 11372 KB] pruning method: none
[t=0.0151004s, 11372 KB] New best heuristic value for lmcut(): 3
[t=0.0151004s, 11372 KB] g=1, 3 evaluated, 1 expanded
[t=0.0151004s, 11372 KB] New best heuristic value for lmcut(): 1
[t=0.0151004s, 11372 KB] g=1, 9 evaluated, 1 expanded
[t=0.0470023s, 11372 KB] f = 6, 896 evaluated, 326 expanded, 3 reopened
[t=0.194975s, 11504 KB] f = 7, 4725 evaluated, 2011 expanded, 47 reopened
[t=0.194975s, 11504 KB] New best heuristic value for lmcut(): 0
[t=0.194975s, 11504 KB] g=7, 4784 evaluated, 2041 expanded, 47 reopened
[t=0.248331s, 11640 KB] Solution found!
[t=0.250946s, 11640 KB] Actual search time: 0.235845s
jump-new-move pos-5-4 pos-4-4 pos-3-4 (1)
jump-continue-move pos-3-4 pos-2-4 pos-1-4 (0)
jump-continue-move pos-1-4 pos-1-3 pos-1-2 (0)
jump-continue-move pos-1-2 pos-2-2 pos-3-2 (0)
jump-continue-move pos-3-2 pos-4-2 pos-5-2 (0)
end-move pos-5-2 (0)
jump-new-move pos-4-6 pos-4-5 pos-4-4 (1)
end-move pos-4-4 (0)
jump-new-move pos-6-4 pos-6-3 pos-6-2 (1)
jump-continue-move pos-6-2 pos-5-2 pos-4-2 (0)
end-move pos-4-2 (0)
jump-new-move pos-4-1 pos-4-2 pos-4-3 (1)
jump-continue-move pos-4-3 pos-4-4 pos-4-5 (0)
end-move pos-4-5 (0)
jump-new-move pos-2-6 pos-3-6 pos-4-6 (1)
jump-continue-move pos-4-6 pos-4-5 pos-4-4 (0)
end-move pos-4-4 (0)
jump-new-move pos-2-5 pos-3-5 pos-4-5 (1)
jump-continue-move pos-4-5 pos-4-4 pos-4-3 (0)
end-move pos-4-3 (0)
jump-new-move pos-5-3 pos-4-3 pos-3-3 (1)
[t=0.250946s, 11640 KB] Plan length: 21 step(s).
[t=0.250946s, 11640 KB] Plan cost: 7
[t=0.250946s, 11640 KB] Expanded 2895 state(s).
[t=0.250946s, 11640 KB] Reopened 47 state(s).
[t=0.250946s, 11640 KB] Evaluated 6573 state(s).
[t=0.250946s, 11640 KB] Evaluations: 6573
[t=0.250946s, 11640 KB] Generated 8070 state(s).
[t=0.250946s, 11640 KB] Dead ends: 550 state(s).
[t=0.250946s, 11640 KB] Expanded until last jump: 2011 state(s).
[t=0.250946s, 11640 KB] Reopened until last jump: 47 state(s).
[t=0.250946s, 11640 KB] Evaluated until last jump: 4725 state(s).
[t=0.250946s, 11640 KB] Generated until last jump: 5766 state(s).
[t=0.250946s, 11640 KB] Number of registered states: 6573
[t=0.250946s, 11640 KB] Int hash set load factor: 6573/8192 = 0.802368
[t=0.250946s, 11640 KB] Int hash set resizes: 13
[t=0.250946s, 11640 KB] Search time: 0.235845s
[t=0.250946s, 11640 KB] Total time: 0.250946s
Solution found.
Peak memory: 11640 KB
Remove intermediate file output.sas
search exit code: 0

INFO     Planner time: 0.44s
