INFO     planner time limit: 1800s
INFO     planner memory limit: None

INFO     Running translator.
INFO     translator stdin: None
INFO     translator time limit: 1799s
INFO     translator memory limit: None
INFO     translator command line string: /usr/bin/python3 /home/bharath/Desktop/GitHub/downward/builds/release/bin/translate/translate.py /home/bharath/Desktop/ISWC_test/best_planner/data/scanalyzer/domain.pddl /home/bharath/Desktop/ISWC_test/best_planner/data/scanalyzer/instance-2.pddl --sas-file output.sas
Parsing...
Parsing: [0.000s CPU, 0.005s wall-clock]
Normalizing task... [0.000s CPU, 0.000s wall-clock]
Instantiating...
Generating Datalog program... [0.010s CPU, 0.001s wall-clock]
Normalizing Datalog program...
Normalizing Datalog program: [0.000s CPU, 0.005s wall-clock]
Preparing model... [0.000s CPU, 0.002s wall-clock]
Generated 51 rules.
Computing model... [0.010s CPU, 0.013s wall-clock]
523 relevant atoms
876 auxiliary atoms
1399 final queue length
2335 total queue pushes
Completing instantiation... [0.020s CPU, 0.016s wall-clock]
Instantiating: [0.040s CPU, 0.036s wall-clock]
Computing fact groups...
Finding invariants...
5 initial candidates
Finding invariants: [0.020s CPU, 0.016s wall-clock]
Checking invariant weight... [0.000s CPU, 0.000s wall-clock]
Instantiating groups... [0.000s CPU, 0.000s wall-clock]
Collecting mutex groups... [0.000s CPU, 0.000s wall-clock]
Choosing groups...
6 uncovered facts
Choosing groups: [0.000s CPU, 0.000s wall-clock]
Building translation key... [0.000s CPU, 0.000s wall-clock]
Computing fact groups: [0.020s CPU, 0.017s wall-clock]
Building STRIPS to SAS dictionary... [0.000s CPU, 0.000s wall-clock]
Building dictionary for full mutex groups... [0.000s CPU, 0.000s wall-clock]
Building mutex information...
Building mutex information: [0.000s CPU, 0.000s wall-clock]
Translating task...
Processing axioms...
Simplifying axioms... [0.000s CPU, 0.000s wall-clock]
Translator axioms removed by simplifying: 0
Computing negative axioms... [0.000s CPU, 0.000s wall-clock]
Processing axioms: [0.000s CPU, 0.001s wall-clock]
Translating task: [0.010s CPU, 0.013s wall-clock]
0 effect conditions simplified
0 implied preconditions added
Detecting unreachable propositions...
0 operators removed
0 axioms removed
6 propositions removed
Detecting unreachable propositions: [0.010s CPU, 0.006s wall-clock]
Reordering and filtering variables...
12 of 12 variables necessary.
6 of 12 mutex groups necessary.
360 of 360 operators necessary.
0 of 0 axiom rules necessary.
Reordering and filtering variables: [0.000s CPU, 0.002s wall-clock]
Translator variables: 12
Translator derived variables: 0
Translator facts: 48
Translator goal facts: 12
Translator mutex groups: 6
Translator total mutex groups size: 36
Translator operators: 360
Translator axioms: 0
Translator task size: 1998
Translator peak memory: 36324 KB
Writing output... [0.000s CPU, 0.003s wall-clock]
Done! [0.080s CPU, 0.084s wall-clock]
translate exit code: 0

INFO     Running search (release).
INFO     search stdin: output.sas
INFO     search time limit: 1799s
INFO     search memory limit: None
INFO     search command line string: /home/bharath/Desktop/GitHub/downward/builds/release/bin/downward --search 'let(hlm,landmark_sum(lm_factory=lm_reasonable_orders_hps(lm_rhw()),transform=adapt_costs(one),pref=false),let(hff,ff(transform=adapt_costs(one)),lazy_greedy([hff,hlm],preferred=[hff,hlm],cost_type=one,reopen_closed=false)))' --internal-plan-file /home/bharath/Desktop/ISWC_test/best_planner/random_policy_results/results/plan-scanalyzer-instance-2.txt < output.sas
[t=0s, 10980 KB] reading input...
[t=0.00399973s, 11104 KB] done reading input!
[t=0.00800057s, 11360 KB] Initializing landmark sum heuristic...
[t=0.00800057s, 11360 KB] Generating landmark graph...
[t=0.00800057s, 11360 KB] Building a landmark graph with reasonable orders.
[t=0.00800057s, 11360 KB] Initializing Exploration...
[t=0.00800057s, 11360 KB] Generating landmarks using the RPG/SAS+ approach
[t=0.00800057s, 11360 KB] Removed 0 reasonable or obedient reasonable orders
[t=0.00800057s, 11360 KB] Landmarks generation time: 0s
[t=0.00800057s, 11360 KB] Discovered 18 landmarks, of which 0 are disjunctive and 0 are conjunctive.
[t=0.00800057s, 11360 KB] 6 edges
[t=0.00800057s, 11360 KB] approx. reasonable orders
[t=0.00800057s, 11360 KB] approx. obedient reasonable orders
[t=0.00800057s, 11360 KB] Removed 0 reasonable or obedient reasonable orders
[t=0.00800057s, 11360 KB] Landmarks generation time: 0s
[t=0.00800057s, 11360 KB] Discovered 18 landmarks, of which 0 are disjunctive and 0 are conjunctive.
[t=0.00800057s, 11360 KB] 6 edges
[t=0.00800057s, 11360 KB] Landmark graph generation time: 0s
[t=0.00800057s, 11360 KB] Landmark graph contains 18 landmarks, of which 0 are disjunctive and 0 are conjunctive.
[t=0.00800057s, 11360 KB] Landmark graph contains 6 orderings.
[t=0.00800057s, 11360 KB] Simplifying 810 unary operators... done! [630 unary operators]
[t=0.00800057s, 11360 KB] time to simplify: 0s
[t=0.00800057s, 11360 KB] Initializing additive heuristic...
[t=0.00800057s, 11360 KB] Initializing FF heuristic...
[t=0.00800057s, 11360 KB] Building successor generator...done!
[t=0.00800057s, 11360 KB] peak memory difference for successor generator creation: 0 KB
[t=0.00800057s, 11360 KB] time for successor generation creation: 0s
[t=0.00800057s, 11360 KB] Variables: 12
[t=0.00800057s, 11360 KB] FactPairs: 48
[t=0.00800057s, 11360 KB] Bytes per state: 4
[t=0.00800057s, 11360 KB] Conducting lazy best first search, (real) bound = 2147483647
[t=0.0120027s, 11360 KB] 12 initial landmarks, 12 goal landmarks
[t=0.0120027s, 11496 KB] New best heuristic value for landmark_sum(lm_factory=lm_reasonable_orders_hps(lm_rhw()),transform=adapt_costs(one),pref=false): 6
[t=0.0120027s, 11496 KB] New best heuristic value for ff(transform=adapt_costs(one)): 8
[t=0.0120027s, 11496 KB] g=0, 1 evaluated, 0 expanded
[t=0.0120027s, 11496 KB] Initial heuristic value for landmark_sum(lm_factory=lm_reasonable_orders_hps(lm_rhw()),transform=adapt_costs(one),pref=false): 6
[t=0.0120027s, 11496 KB] Initial heuristic value for ff(transform=adapt_costs(one)): 8
[t=0.0120027s, 11496 KB] New best heuristic value for ff(transform=adapt_costs(one)): 7
[t=0.0120027s, 11496 KB] g=1, 2 evaluated, 1 expanded
[t=0.0120027s, 11496 KB] New best heuristic value for landmark_sum(lm_factory=lm_reasonable_orders_hps(lm_rhw()),transform=adapt_costs(one),pref=false): 4
[t=0.0120027s, 11496 KB] New best heuristic value for ff(transform=adapt_costs(one)): 6
[t=0.0120027s, 11496 KB] g=2, 6 evaluated, 5 expanded
[t=0.0120027s, 11496 KB] New best heuristic value for landmark_sum(lm_factory=lm_reasonable_orders_hps(lm_rhw()),transform=adapt_costs(one),pref=false): 3
[t=0.0120027s, 11496 KB] New best heuristic value for ff(transform=adapt_costs(one)): 5
[t=0.0120027s, 11496 KB] g=4, 15 evaluated, 14 expanded
[t=0.0120027s, 11496 KB] New best heuristic value for landmark_sum(lm_factory=lm_reasonable_orders_hps(lm_rhw()),transform=adapt_costs(one),pref=false): 2
[t=0.0120027s, 11496 KB] New best heuristic value for ff(transform=adapt_costs(one)): 4
[t=0.0120027s, 11496 KB] g=6, 22 evaluated, 21 expanded
[t=0.0120027s, 11496 KB] New best heuristic value for ff(transform=adapt_costs(one)): 3
[t=0.0120027s, 11496 KB] g=9, 38 evaluated, 37 expanded
[t=0.0120027s, 11496 KB] New best heuristic value for landmark_sum(lm_factory=lm_reasonable_orders_hps(lm_rhw()),transform=adapt_costs(one),pref=false): 1
[t=0.0120027s, 11496 KB] New best heuristic value for ff(transform=adapt_costs(one)): 2
[t=0.0120027s, 11496 KB] g=10, 39 evaluated, 38 expanded
[t=0.0120027s, 11496 KB] New best heuristic value for ff(transform=adapt_costs(one)): 1
[t=0.0120027s, 11496 KB] g=13, 49 evaluated, 48 expanded
[t=0.0120027s, 11496 KB] Solution found!
[t=0.0120027s, 11496 KB] Actual search time: 0s
analyze-2 seg-in-1 seg-out-1 car-in-1 car-out-1 (3)
analyze-2 seg-in-1 seg-out-1 car-out-1 car-in-1 (3)
analyze-2 seg-in-2 seg-out-1 car-in-2 car-out-1 (3)
analyze-2 seg-in-2 seg-out-1 car-out-1 car-in-2 (3)
analyze-2 seg-in-3 seg-out-1 car-in-3 car-out-1 (3)
analyze-2 seg-in-3 seg-out-1 car-out-1 car-in-3 (3)
rotate-2 seg-in-1 seg-out-2 car-in-1 car-out-2 (1)
analyze-2 seg-in-1 seg-out-1 car-out-2 car-out-1 (3)
analyze-2 seg-in-1 seg-out-1 car-out-1 car-out-2 (3)
rotate-2 seg-in-1 seg-out-2 car-out-2 car-in-1 (1)
rotate-2 seg-in-1 seg-out-3 car-in-1 car-out-3 (1)
analyze-2 seg-in-1 seg-out-1 car-out-3 car-out-1 (3)
analyze-2 seg-in-1 seg-out-1 car-out-1 car-out-3 (3)
rotate-2 seg-in-1 seg-out-3 car-out-3 car-in-1 (1)
[t=0.0120027s, 11496 KB] Plan length: 14 step(s).
[t=0.0120027s, 11496 KB] Plan cost: 34
[t=0.0120027s, 11496 KB] Expanded 49 state(s).
[t=0.0120027s, 11496 KB] Reopened 0 state(s).
[t=0.0120027s, 11496 KB] Evaluated 50 state(s).
[t=0.0120027s, 11496 KB] Evaluations: 100
[t=0.0120027s, 11496 KB] Generated 588 state(s).
[t=0.0120027s, 11496 KB] Dead ends: 0 state(s).
[t=0.0120027s, 11496 KB] Number of registered states: 50
[t=0.0120027s, 11496 KB] Int hash set load factor: 50/64 = 0.78125
[t=0.0120027s, 11496 KB] Int hash set resizes: 6
[t=0.0120027s, 11496 KB] Search time: 0.00400214s
[t=0.0120027s, 11496 KB] Total time: 0.0120027s
Solution found.
Peak memory: 11496 KB
Remove intermediate file output.sas
search exit code: 0

INFO     Planner time: 0.22s
