INFO     planner time limit: 1800s
INFO     planner memory limit: None

INFO     Running translator.
INFO     translator stdin: None
INFO     translator time limit: 1799s
INFO     translator memory limit: None
INFO     translator command line string: /usr/bin/python3 /home/bharath/Desktop/GitHub/downward/builds/release/bin/translate/translate.py /home/bharath/Desktop/ISWC_test/best_planner/data/sokoban/domain.pddl /home/bharath/Desktop/ISWC_test/best_planner/data/sokoban/instance-3.pddl --sas-file output.sas
Parsing...
Parsing: [0.010s CPU, 0.008s wall-clock]
Normalizing task... [0.000s CPU, 0.000s wall-clock]
Instantiating...
Generating Datalog program... [0.000s CPU, 0.001s wall-clock]
Normalizing Datalog program...
Normalizing Datalog program: [0.000s CPU, 0.003s wall-clock]
Preparing model... [0.010s CPU, 0.003s wall-clock]
Generated 38 rules.
Computing model... [0.030s CPU, 0.034s wall-clock]
771 relevant atoms
1204 auxiliary atoms
1975 final queue length
2422 total queue pushes
Completing instantiation... [0.010s CPU, 0.012s wall-clock]
Instantiating: [0.050s CPU, 0.053s wall-clock]
Computing fact groups...
Finding invariants...
7 initial candidates
Finding invariants: [0.010s CPU, 0.007s wall-clock]
Checking invariant weight... [0.000s CPU, 0.000s wall-clock]
Instantiating groups... [0.000s CPU, 0.004s wall-clock]
Collecting mutex groups... [0.000s CPU, 0.000s wall-clock]
Choosing groups...
38 uncovered facts
Choosing groups: [0.000s CPU, 0.001s wall-clock]
Building translation key... [0.000s CPU, 0.000s wall-clock]
Computing fact groups: [0.020s CPU, 0.013s wall-clock]
Building STRIPS to SAS dictionary... [0.000s CPU, 0.000s wall-clock]
Building dictionary for full mutex groups... [0.000s CPU, 0.000s wall-clock]
Building mutex information...
Building mutex information: [0.000s CPU, 0.000s wall-clock]
Translating task...
Processing axioms...
Simplifying axioms... [0.000s CPU, 0.000s wall-clock]
Translator axioms removed by simplifying: 0
Computing negative axioms... [0.000s CPU, 0.000s wall-clock]
Processing axioms: [0.000s CPU, 0.001s wall-clock]
Translating task: [0.020s CPU, 0.012s wall-clock]
324 effect conditions simplified
0 implied preconditions added
Detecting unreachable propositions...
0 operators removed
0 axioms removed
14 propositions removed
Detecting unreachable propositions: [0.000s CPU, 0.006s wall-clock]
Reordering and filtering variables...
37 of 37 variables necessary.
30 of 34 mutex groups necessary.
210 of 210 operators necessary.
0 of 0 axiom rules necessary.
Reordering and filtering variables: [0.010s CPU, 0.004s wall-clock]
Translator variables: 37
Translator derived variables: 0
Translator facts: 186
Translator goal facts: 3
Translator mutex groups: 30
Translator total mutex groups size: 150
Translator operators: 210
Translator axioms: 0
Translator task size: 2032
Translator peak memory: 35364 KB
Writing output... [0.000s CPU, 0.003s wall-clock]
Done! [0.110s CPU, 0.101s wall-clock]
translate exit code: 0

INFO     Running search (release).
INFO     search stdin: output.sas
INFO     search time limit: 1799s
INFO     search memory limit: None
INFO     search command line string: /home/bharath/Desktop/GitHub/downward/builds/release/bin/downward --search 'astar(lmcut())' --internal-plan-file /home/bharath/Desktop/ISWC_test/best_planner/random_policy_results/results/plan-sokoban-instance-3.txt < output.sas
[t=0.00341658s, 10980 KB] reading input...
[t=0.00341658s, 11104 KB] done reading input!
[t=0.00741412s, 11368 KB] Initializing landmark cut heuristic...
[t=0.00741412s, 11368 KB] Building successor generator...done!
[t=0.00741412s, 11368 KB] peak memory difference for successor generator creation: 0 KB
[t=0.00741412s, 11368 KB] time for successor generation creation: 0s
[t=0.00741412s, 11368 KB] Variables: 37
[t=0.00741412s, 11368 KB] FactPairs: 186
[t=0.00741412s, 11368 KB] Bytes per state: 8
[t=0.00741412s, 11368 KB] Conducting best first search with reopening closed nodes, (real) bound = 2147483647
[t=0.00741412s, 11368 KB] New best heuristic value for lmcut(): 10
[t=0.00741412s, 11368 KB] g=0, 1 evaluated, 0 expanded
[t=0.00741412s, 11368 KB] f = 10, 1 evaluated, 0 expanded
[t=0.00741412s, 11368 KB] Initial heuristic value for lmcut(): 10
[t=0.00741412s, 11368 KB] pruning method: none
[t=0.00741412s, 11368 KB] New best heuristic value for lmcut(): 9
[t=0.00741412s, 11368 KB] g=1, 8 evaluated, 5 expanded
[t=0.00741412s, 11368 KB] f = 11, 16 evaluated, 11 expanded
[t=0.00741412s, 11368 KB] New best heuristic value for lmcut(): 7
[t=0.00741412s, 11368 KB] g=3, 23 evaluated, 15 expanded
[t=0.0114177s, 11368 KB] f = 12, 60 evaluated, 47 expanded
[t=0.0114177s, 11368 KB] f = 13, 72 evaluated, 57 expanded
[t=0.0154162s, 11368 KB] New best heuristic value for lmcut(): 6
[t=0.0154162s, 11368 KB] g=7, 74 evaluated, 58 expanded
[t=0.0154162s, 11368 KB] New best heuristic value for lmcut(): 5
[t=0.0154162s, 11368 KB] g=8, 77 evaluated, 59 expanded
[t=0.0274167s, 11368 KB] f = 14, 219 evaluated, 183 expanded
[t=0.0394179s, 11368 KB] f = 15, 369 evaluated, 323 expanded
[t=0.0474148s, 11368 KB] f = 16, 445 evaluated, 396 expanded
[t=0.0474148s, 11368 KB] New best heuristic value for lmcut(): 4
[t=0.0474148s, 11368 KB] g=12, 466 evaluated, 409 expanded
[t=0.0594154s, 11368 KB] f = 17, 636 evaluated, 570 expanded
[t=0.0714153s, 11368 KB] f = 18, 836 evaluated, 752 expanded
[t=0.107418s, 11504 KB] f = 19, 1155 evaluated, 1047 expanded
[t=0.11542s, 11504 KB] New best heuristic value for lmcut(): 3
[t=0.11542s, 11504 KB] g=16, 1238 evaluated, 1114 expanded
[t=0.11542s, 11504 KB] New best heuristic value for lmcut(): 2
[t=0.11542s, 11504 KB] g=17, 1248 evaluated, 1121 expanded
[t=0.139351s, 11504 KB] f = 20, 1542 evaluated, 1401 expanded
[t=0.183312s, 11504 KB] f = 21, 2198 evaluated, 1996 expanded
[t=0.215313s, 11504 KB] f = 22, 2645 evaluated, 2418 expanded
[t=0.247313s, 11504 KB] f = 23, 3156 evaluated, 2885 expanded
[t=0.303313s, 11664 KB] f = 24, 4011 evaluated, 3673 expanded
[t=0.383363s, 11664 KB] f = 25, 4673 evaluated, 4306 expanded
[t=0.423286s, 11664 KB] f = 26, 5231 evaluated, 4833 expanded
[t=0.459286s, 11664 KB] f = 27, 5716 evaluated, 5309 expanded
[t=0.491286s, 11664 KB] f = 28, 6239 evaluated, 5819 expanded
[t=0.519285s, 11664 KB] f = 29, 6601 evaluated, 6170 expanded
[t=0.519285s, 11664 KB] New best heuristic value for lmcut(): 1
[t=0.519285s, 11664 KB] g=28, 6620 evaluated, 6185 expanded
[t=0.519285s, 11664 KB] New best heuristic value for lmcut(): 0
[t=0.519285s, 11664 KB] g=29, 6629 evaluated, 6192 expanded
[t=0.519285s, 11664 KB] Solution found!
[t=0.519285s, 11664 KB] Actual search time: 0.511871s
move player-01 pos-3-2 pos-4-2 dir-right (0)
move player-01 pos-4-2 pos-4-3 dir-down (0)
push-to-nongoal player-01 stone-02 pos-4-3 pos-5-3 pos-6-3 dir-right (1)
push-to-nongoal player-01 stone-02 pos-5-3 pos-6-3 pos-7-3 dir-right (1)
move player-01 pos-6-3 pos-6-2 dir-up (0)
move player-01 pos-6-2 pos-7-2 dir-right (0)
push-to-nongoal player-01 stone-02 pos-7-2 pos-7-3 pos-7-4 dir-down (1)
move player-01 pos-7-3 pos-6-3 dir-left (0)
move player-01 pos-6-3 pos-5-3 dir-left (0)
move player-01 pos-5-3 pos-4-3 dir-left (0)
move player-01 pos-4-3 pos-4-2 dir-up (0)
move player-01 pos-4-2 pos-3-2 dir-left (0)
move player-01 pos-3-2 pos-2-2 dir-left (0)
move player-01 pos-2-2 pos-2-3 dir-down (0)
push-to-nongoal player-01 stone-01 pos-2-3 pos-3-3 pos-4-3 dir-right (1)
push-to-nongoal player-01 stone-03 pos-3-3 pos-3-4 pos-3-5 dir-down (1)
move player-01 pos-3-4 pos-3-3 dir-up (0)
push-to-nongoal player-01 stone-01 pos-3-3 pos-4-3 pos-5-3 dir-right (1)
push-to-nongoal player-01 stone-01 pos-4-3 pos-5-3 pos-6-3 dir-right (1)
push-to-nongoal player-01 stone-01 pos-5-3 pos-6-3 pos-7-3 dir-right (1)
move player-01 pos-6-3 pos-6-2 dir-up (0)
move player-01 pos-6-2 pos-7-2 dir-right (0)
move player-01 pos-7-2 pos-8-2 dir-right (0)
move player-01 pos-8-2 pos-8-3 dir-down (0)
push-to-nongoal player-01 stone-01 pos-8-3 pos-7-3 pos-6-3 dir-left (1)
push-to-nongoal player-01 stone-02 pos-7-3 pos-7-4 pos-7-5 dir-down (1)
push-to-nongoal player-01 stone-02 pos-7-4 pos-7-5 pos-7-6 dir-down (1)
move player-01 pos-7-5 pos-6-5 dir-left (0)
move player-01 pos-6-5 pos-5-5 dir-left (0)
move player-01 pos-5-5 pos-4-5 dir-left (0)
move player-01 pos-4-5 pos-4-6 dir-down (0)
move player-01 pos-4-6 pos-3-6 dir-left (0)
move player-01 pos-3-6 pos-2-6 dir-left (0)
move player-01 pos-2-6 pos-2-5 dir-up (0)
push-to-goal player-01 stone-03 pos-2-5 pos-3-5 pos-4-5 dir-right (1)
move player-01 pos-3-5 pos-3-4 dir-up (0)
move player-01 pos-3-4 pos-3-3 dir-up (0)
move player-01 pos-3-3 pos-4-3 dir-right (0)
move player-01 pos-4-3 pos-5-3 dir-right (0)
push-to-nongoal player-01 stone-01 pos-5-3 pos-6-3 pos-7-3 dir-right (1)
move player-01 pos-6-3 pos-6-2 dir-up (0)
move player-01 pos-6-2 pos-7-2 dir-right (0)
move player-01 pos-7-2 pos-8-2 dir-right (0)
move player-01 pos-8-2 pos-8-3 dir-down (0)
push-to-nongoal player-01 stone-01 pos-8-3 pos-7-3 pos-6-3 dir-left (1)
move player-01 pos-7-3 pos-7-4 dir-down (0)
move player-01 pos-7-4 pos-7-5 dir-down (0)
move player-01 pos-7-5 pos-8-5 dir-right (0)
move player-01 pos-8-5 pos-8-6 dir-down (0)
move player-01 pos-8-6 pos-8-7 dir-down (0)
move player-01 pos-8-7 pos-7-7 dir-left (0)
push-to-nongoal player-01 stone-02 pos-7-7 pos-7-6 pos-7-5 dir-up (1)
move player-01 pos-7-6 pos-8-6 dir-right (0)
move player-01 pos-8-6 pos-8-5 dir-up (0)
push-to-goal player-01 stone-02 pos-8-5 pos-7-5 pos-6-5 dir-left (1)
push-to-goal player-01 stone-02 pos-7-5 pos-6-5 pos-5-5 dir-left (1)
move player-01 pos-6-5 pos-7-5 dir-right (0)
move player-01 pos-7-5 pos-7-4 dir-up (0)
move player-01 pos-7-4 pos-7-3 dir-up (0)
push-to-nongoal player-01 stone-01 pos-7-3 pos-6-3 pos-5-3 dir-left (1)
push-to-nongoal player-01 stone-01 pos-6-3 pos-5-3 pos-4-3 dir-left (1)
push-to-nongoal player-01 stone-01 pos-5-3 pos-4-3 pos-3-3 dir-left (1)
move player-01 pos-4-3 pos-4-2 dir-up (0)
move player-01 pos-4-2 pos-3-2 dir-left (0)
move player-01 pos-3-2 pos-2-2 dir-left (0)
move player-01 pos-2-2 pos-2-3 dir-down (0)
push-to-nongoal player-01 stone-01 pos-2-3 pos-3-3 pos-4-3 dir-right (1)
push-to-nongoal player-01 stone-01 pos-3-3 pos-4-3 pos-5-3 dir-right (1)
push-to-nongoal player-01 stone-01 pos-4-3 pos-5-3 pos-6-3 dir-right (1)
push-to-nongoal player-01 stone-01 pos-5-3 pos-6-3 pos-7-3 dir-right (1)
move player-01 pos-6-3 pos-6-2 dir-up (0)
move player-01 pos-6-2 pos-7-2 dir-right (0)
push-to-nongoal player-01 stone-01 pos-7-2 pos-7-3 pos-7-4 dir-down (1)
push-to-nongoal player-01 stone-01 pos-7-3 pos-7-4 pos-7-5 dir-down (1)
push-to-nongoal player-01 stone-01 pos-7-4 pos-7-5 pos-7-6 dir-down (1)
move player-01 pos-7-5 pos-8-5 dir-right (0)
move player-01 pos-8-5 pos-8-6 dir-down (0)
move player-01 pos-8-6 pos-8-7 dir-down (0)
move player-01 pos-8-7 pos-7-7 dir-left (0)
push-to-nongoal player-01 stone-01 pos-7-7 pos-7-6 pos-7-5 dir-up (1)
move player-01 pos-7-6 pos-8-6 dir-right (0)
move player-01 pos-8-6 pos-8-5 dir-up (0)
push-to-goal player-01 stone-01 pos-8-5 pos-7-5 pos-6-5 dir-left (1)
[t=0.519285s, 11664 KB] Plan length: 83 step(s).
[t=0.519285s, 11664 KB] Plan cost: 29
[t=0.519285s, 11664 KB] Expanded 6193 state(s).
[t=0.519285s, 11664 KB] Reopened 0 state(s).
[t=0.519285s, 11664 KB] Evaluated 6629 state(s).
[t=0.519285s, 11664 KB] Evaluations: 6629
[t=0.519285s, 11664 KB] Generated 15589 state(s).
[t=0.519285s, 11664 KB] Dead ends: 390 state(s).
[t=0.519285s, 11664 KB] Expanded until last jump: 6170 state(s).
[t=0.519285s, 11664 KB] Reopened until last jump: 0 state(s).
[t=0.519285s, 11664 KB] Evaluated until last jump: 6601 state(s).
[t=0.519285s, 11664 KB] Generated until last jump: 15535 state(s).
[t=0.519285s, 11664 KB] Number of registered states: 6629
[t=0.519285s, 11664 KB] Int hash set load factor: 6629/8192 = 0.809204
[t=0.519285s, 11664 KB] Int hash set resizes: 13
[t=0.519285s, 11664 KB] Search time: 0.511871s
[t=0.519285s, 11664 KB] Total time: 0.519285s
Solution found.
Peak memory: 11664 KB
Remove intermediate file output.sas
search exit code: 0

INFO     Planner time: 0.76s
