INFO     planner time limit: 1800s
INFO     planner memory limit: None

INFO     Running translator.
INFO     translator stdin: None
INFO     translator time limit: 1799s
INFO     translator memory limit: None
INFO     translator command line string: /usr/bin/python3 /home/bharath/Desktop/GitHub/downward/builds/release/bin/translate/translate.py /home/bharath/Desktop/ISWC_test/best_planner/data/elevators/domain.pddl /home/bharath/Desktop/ISWC_test/best_planner/data/elevators/instance-3.pddl --sas-file output.sas
Parsing...
Parsing: [0.000s CPU, 0.003s wall-clock]
Normalizing task... [0.000s CPU, 0.000s wall-clock]
Instantiating...
Generating Datalog program... [0.000s CPU, 0.001s wall-clock]
Normalizing Datalog program...
Normalizing Datalog program: [0.000s CPU, 0.003s wall-clock]
Preparing model... [0.010s CPU, 0.002s wall-clock]
Generated 46 rules.
Computing model... [0.010s CPU, 0.015s wall-clock]
750 relevant atoms
1133 auxiliary atoms
1883 final queue length
2625 total queue pushes
Completing instantiation... [0.020s CPU, 0.022s wall-clock]
Instantiating: [0.040s CPU, 0.043s wall-clock]
Computing fact groups...
Finding invariants...
12 initial candidates
Finding invariants: [0.010s CPU, 0.006s wall-clock]
Checking invariant weight... [0.000s CPU, 0.000s wall-clock]
Instantiating groups... [0.000s CPU, 0.001s wall-clock]
Collecting mutex groups... [0.000s CPU, 0.000s wall-clock]
Choosing groups...
0 uncovered facts
Choosing groups: [0.000s CPU, 0.000s wall-clock]
Building translation key... [0.000s CPU, 0.000s wall-clock]
Computing fact groups: [0.010s CPU, 0.009s wall-clock]
Building STRIPS to SAS dictionary... [0.000s CPU, 0.000s wall-clock]
Building dictionary for full mutex groups... [0.000s CPU, 0.000s wall-clock]
Building mutex information...
Building mutex information: [0.000s CPU, 0.000s wall-clock]
Translating task...
Processing axioms...
Simplifying axioms... [0.000s CPU, 0.000s wall-clock]
Translator axioms removed by simplifying: 0
Computing negative axioms... [0.000s CPU, 0.000s wall-clock]
Processing axioms: [0.010s CPU, 0.002s wall-clock]
Translating task: [0.040s CPU, 0.035s wall-clock]
0 effect conditions simplified
0 implied preconditions added
Detecting unreachable propositions...
0 operators removed
0 axioms removed
11 propositions removed
Detecting unreachable propositions: [0.010s CPU, 0.014s wall-clock]
Reordering and filtering variables...
11 of 11 variables necessary.
0 of 11 mutex groups necessary.
472 of 472 operators necessary.
0 of 0 axiom rules necessary.
Reordering and filtering variables: [0.000s CPU, 0.003s wall-clock]
Translator variables: 11
Translator derived variables: 0
Translator facts: 89
Translator goal facts: 3
Translator mutex groups: 0
Translator total mutex groups size: 0
Translator operators: 472
Translator axioms: 0
Translator task size: 2563
Translator peak memory: 36356 KB
Writing output... [0.000s CPU, 0.004s wall-clock]
Done! [0.110s CPU, 0.112s wall-clock]
translate exit code: 0

INFO     Running search (release).
INFO     search portfolio: /home/bharath/Desktop/GitHub/downward/driver/portfolios/seq_opt_fdss_1.py
remaining time: 1799.0
config 0: relative time 175, remaining 1631
args: ['/home/bharath/Desktop/GitHub/downward/builds/release/bin/downward', '--search', 'astar(merge_and_shrink(merge_strategy=merge_precomputed(merge_tree=linear(variable_order=reverse_level)),shrink_strategy=shrink_bisimulation(greedy=true),label_reduction=exact(before_shrinking=true,before_merging=false),max_states=infinity,threshold_before_merge=1))', '--internal-plan-file', '/home/bharath/Desktop/ISWC_test/best_planner/random_policy_results/results/plan-elevators-instance-3.txt']
INFO     search stdin: output.sas
INFO     search time limit: 193s
INFO     search memory limit: None
INFO     search command line string: /home/bharath/Desktop/GitHub/downward/builds/release/bin/downward --search 'astar(merge_and_shrink(merge_strategy=merge_precomputed(merge_tree=linear(variable_order=reverse_level)),shrink_strategy=shrink_bisimulation(greedy=true),label_reduction=exact(before_shrinking=true,before_merging=false),max_states=infinity,threshold_before_merge=1))' --internal-plan-file /home/bharath/Desktop/ISWC_test/best_planner/random_policy_results/results/plan-elevators-instance-3.txt < output.sas
[t=0.000926793s, 10980 KB] reading input...
[t=0.00396001s, 11104 KB] done reading input!
[t=0.00796157s, 11368 KB] Initializing merge-and-shrink heuristic...
[t=0.00796157s, 11368 KB] Running merge-and-shrink algorithm...
[t=0.00796157s, 11368 KB] Merge strategy options:
[t=0.00796157s, 11368 KB] Type: precomputed
[t=0.00796157s, 11368 KB] Merge tree options: 
[t=0.00796157s, 11368 KB] Type: linear
[t=0.00796157s, 11368 KB] Update option: use random
[t=0.00796157s, 11368 KB] Variable order type: by reverse level

[t=0.00796157s, 11368 KB] Options related to size limits and shrinking: 
[t=0.00796157s, 11368 KB] Transition system size limit: 2147483647
[t=0.00796157s, 11368 KB] Transition system size limit right before merge: 2147483647
[t=0.00796157s, 11368 KB] Threshold to trigger shrinking right before merge: 1

[t=0.00796157s, 11368 KB] Shrink strategy options: 
[t=0.00796157s, 11368 KB] Type: bisimulation
[t=0.00796157s, 11368 KB] Bisimulation type: greedy
[t=0.00796157s, 11368 KB] At limit: return

[t=0.00796157s, 11368 KB] Pruning unreachable states: yes
[t=0.00796157s, 11368 KB] Pruning irrelevant states: yes

[t=0.00796157s, 11368 KB] Label reduction options:
[t=0.00796157s, 11368 KB] Before merging: disabled
[t=0.00796157s, 11368 KB] Before shrinking: enabled
[t=0.00796157s, 11368 KB] Method: all transition systems with fixpoint computation
[t=0.00796157s, 11368 KB] System order: random

[t=0.00796157s, 11368 KB] Main loop max time in seconds: inf


[t=0.00796157s, 11368 KB] Building atomic transition systems... 
[t=0.00796157s, 11368 KB] M&S algorithm timer: 0s (after computation of atomic factors)

[t=0.00796157s, 11368 KB] Starting main loop without a time limit.
[t=0.00796157s, 11368 KB] building causal graph...done! [t=0.00399981s]
[t=0.0119614s, 11368 KB] Next pair of indices: (0, 1)
[t=0.0119614s, 11368 KB] M&S algorithm main loop timer: 0.00399981s (after computation of next merge)
[t=0.0159643s, 11368 KB] M&S algorithm main loop timer: 0.00800273s (after label reduction)
[t=0.0159643s, 11368 KB] M&S algorithm main loop timer: 0.00800273s (after merging)

[t=0.0159643s, 11368 KB] Next pair of indices: (11, 2)
[t=0.0159643s, 11368 KB] M&S algorithm main loop timer: 0.00800273s (after computation of next merge)
[t=0.0199625s, 11368 KB] M&S algorithm main loop timer: 0.012001s (after label reduction)
[t=0.0199625s, 11500 KB] M&S algorithm main loop timer: 0.012001s (after merging)

[t=0.0199625s, 11500 KB] Next pair of indices: (12, 3)
[t=0.0199625s, 11500 KB] M&S algorithm main loop timer: 0.012001s (after computation of next merge)
[t=0.0199625s, 11500 KB] M&S algorithm main loop timer: 0.012001s (after label reduction)
[t=0.0239637s, 11896 KB] M&S algorithm main loop timer: 0.0160022s (after merging)

[t=0.0239637s, 11896 KB] Next pair of indices: (13, 4)
[t=0.0239637s, 11896 KB] M&S algorithm main loop timer: 0.0160022s (after computation of next merge)
[t=0.0279646s, 11896 KB] M&S algorithm main loop timer: 0.0200031s (after label reduction)
[t=0.0359636s, 13296 KB] M&S algorithm main loop timer: 0.028002s (after merging)

[t=0.0359636s, 13296 KB] Next pair of indices: (14, 5)
[t=0.0359636s, 13296 KB] M&S algorithm main loop timer: 0.028002s (after computation of next merge)
[t=0.0679682s, 17420 KB] M&S algorithm main loop timer: 0.0600066s (after merging)

[t=0.0679682s, 17420 KB] Next pair of indices: (15, 6)
[t=0.0679682s, 17420 KB] M&S algorithm main loop timer: 0.0600066s (after computation of next merge)
[t=0.227512s, 35444 KB] M&S algorithm main loop timer: 0.219551s (after merging)

[t=0.231513s, 35444 KB] Next pair of indices: (16, 7)
[t=0.231513s, 35444 KB] M&S algorithm main loop timer: 0.223552s (after computation of next merge)
[t=0.855498s, 107688 KB] M&S algorithm main loop timer: 0.847537s (after merging)

[t=0.8715s, 107688 KB] Next pair of indices: (17, 8)
[t=0.8715s, 107688 KB] M&S algorithm main loop timer: 0.863539s (after computation of next merge)
[t=14.29s, 1601084 KB] M&S algorithm main loop timer: 14.2821s (after merging)

[t=14.546s, 1601084 KB] Next pair of indices: (18, 9)
[t=14.546s, 1601084 KB] M&S algorithm main loop timer: 14.5381s (after computation of next merge)
[t=14.614s, 1601084 KB] M&S algorithm main loop timer: 14.6061s (after label reduction)
exitcode: -9

remaining time: 1736.83
config 1: relative time 432, remaining 1456
args: ['/home/bharath/Desktop/GitHub/downward/builds/release/bin/downward', '--search', 'astar(merge_and_shrink(merge_strategy=merge_precomputed(merge_tree=linear(variable_order=reverse_level)),shrink_strategy=shrink_bisimulation(greedy=false),label_reduction=exact(before_shrinking=true,before_merging=false),max_states=200000))', '--internal-plan-file', '/home/bharath/Desktop/ISWC_test/best_planner/random_policy_results/results/plan-elevators-instance-3.txt']
INFO     search stdin: output.sas
INFO     search time limit: 515s
INFO     search memory limit: None
INFO     search command line string: /home/bharath/Desktop/GitHub/downward/builds/release/bin/downward --search 'astar(merge_and_shrink(merge_strategy=merge_precomputed(merge_tree=linear(variable_order=reverse_level)),shrink_strategy=shrink_bisimulation(greedy=false),label_reduction=exact(before_shrinking=true,before_merging=false),max_states=200000))' --internal-plan-file /home/bharath/Desktop/ISWC_test/best_planner/random_policy_results/results/plan-elevators-instance-3.txt < output.sas
[t=0.00430715s, 10980 KB] reading input...
[t=0.00628447s, 11104 KB] done reading input!
[t=0.0144803s, 11368 KB] Initializing merge-and-shrink heuristic...
[t=0.0144803s, 11368 KB] Running merge-and-shrink algorithm...
[t=0.0144803s, 11368 KB] Merge strategy options:
[t=0.0144803s, 11368 KB] Type: precomputed
[t=0.0144803s, 11368 KB] Merge tree options: 
[t=0.0144803s, 11368 KB] Type: linear
[t=0.0144803s, 11368 KB] Update option: use random
[t=0.0144803s, 11368 KB] Variable order type: by reverse level

[t=0.0144803s, 11368 KB] Options related to size limits and shrinking: 
[t=0.0144803s, 11368 KB] Transition system size limit: 200000
[t=0.0144803s, 11368 KB] Transition system size limit right before merge: 200000
[t=0.0144803s, 11368 KB] Threshold to trigger shrinking right before merge: 200000

[t=0.0144803s, 11368 KB] Shrink strategy options: 
[t=0.0144803s, 11368 KB] Type: bisimulation
[t=0.0144803s, 11368 KB] Bisimulation type: exact
[t=0.0144803s, 11368 KB] At limit: return

[t=0.0144803s, 11368 KB] Pruning unreachable states: yes
[t=0.0144803s, 11368 KB] Pruning irrelevant states: yes

[t=0.0144803s, 11368 KB] Label reduction options:
[t=0.0144803s, 11368 KB] Before merging: disabled
[t=0.0144803s, 11368 KB] Before shrinking: enabled
[t=0.0144803s, 11368 KB] Method: all transition systems with fixpoint computation
[t=0.0144803s, 11368 KB] System order: random

[t=0.0144803s, 11368 KB] Main loop max time in seconds: inf


[t=0.0144803s, 11368 KB] Building atomic transition systems... 
[t=0.0144803s, 11368 KB] M&S algorithm timer: 0.00399639s (after computation of atomic factors)

[t=0.0184767s, 11368 KB] Starting main loop without a time limit.
[t=0.0184767s, 11368 KB] building causal graph...done! [t=0s]
[t=0.0184767s, 11368 KB] Next pair of indices: (0, 1)
[t=0.0184767s, 11368 KB] M&S algorithm main loop timer: 0s (after computation of next merge)
[t=0.0264753s, 11368 KB] M&S algorithm main loop timer: 0.00799868s (after label reduction)
[t=0.0264753s, 11368 KB] M&S algorithm main loop timer: 0.00799868s (after merging)

[t=0.0264753s, 11368 KB] Next pair of indices: (11, 2)
[t=0.0264753s, 11368 KB] M&S algorithm main loop timer: 0.00799868s (after computation of next merge)
[t=0.0304768s, 11368 KB] M&S algorithm main loop timer: 0.0120001s (after label reduction)
[t=0.0304768s, 11500 KB] M&S algorithm main loop timer: 0.0120001s (after merging)

[t=0.0304768s, 11500 KB] Next pair of indices: (12, 3)
[t=0.0304768s, 11500 KB] M&S algorithm main loop timer: 0.0120001s (after computation of next merge)
[t=0.0304768s, 11500 KB] M&S algorithm main loop timer: 0.0120001s (after label reduction)
[t=0.0344762s, 11900 KB] M&S algorithm main loop timer: 0.0159996s (after merging)

[t=0.0344762s, 11900 KB] Next pair of indices: (13, 4)
[t=0.0344762s, 11900 KB] M&S algorithm main loop timer: 0.0159996s (after computation of next merge)
[t=0.0384771s, 11900 KB] M&S algorithm main loop timer: 0.0200004s (after label reduction)
[t=0.046479s, 13296 KB] M&S algorithm main loop timer: 0.0280024s (after merging)

[t=0.046479s, 13296 KB] Next pair of indices: (14, 5)
[t=0.046479s, 13296 KB] M&S algorithm main loop timer: 0.0280024s (after computation of next merge)
[t=0.0744819s, 17408 KB] M&S algorithm main loop timer: 0.0560053s (after merging)

[t=0.0784826s, 17408 KB] Next pair of indices: (15, 6)
[t=0.0784826s, 17408 KB] M&S algorithm main loop timer: 0.0600059s (after computation of next merge)
[t=0.210282s, 35440 KB] M&S algorithm main loop timer: 0.191806s (after merging)

[t=0.21428s, 35440 KB] Next pair of indices: (16, 7)
[t=0.21428s, 35440 KB] M&S algorithm main loop timer: 0.195804s (after computation of next merge)
[t=0.825531s, 107692 KB] M&S algorithm main loop timer: 0.807054s (after merging)

[t=0.845532s, 107692 KB] Next pair of indices: (17, 8)
[t=0.845532s, 107692 KB] M&S algorithm main loop timer: 0.827055s (after computation of next merge)
[t=1.43575s, 107692 KB] M&S algorithm main loop timer: 1.42128s (after shrinking)
[t=1.43975s, 107692 KB] M&S algorithm main loop timer: 1.42128s (after merging)

[t=1.43975s, 107692 KB] Next pair of indices: (18, 9)
[t=1.43975s, 107692 KB] M&S algorithm main loop timer: 1.42128s (after computation of next merge)
[t=1.43975s, 107692 KB] M&S algorithm main loop timer: 1.42128s (after label reduction)
[t=1.43975s, 107692 KB] M&S algorithm main loop timer: 1.42128s (after merging)

[t=1.43975s, 107692 KB] Next pair of indices: (19, 10)
[t=1.43975s, 107692 KB] M&S algorithm main loop timer: 1.42128s (after computation of next merge)
[t=1.43975s, 107692 KB] M&S algorithm main loop timer: 1.42128s (after label reduction)
[t=1.44774s, 107692 KB] M&S algorithm main loop timer: 1.42927s (after merging)

[t=1.44774s, 107692 KB] End of merge-and-shrink algorithm, statistics:
[t=1.44774s, 107692 KB] Main loop runtime: 1.42927s
[t=1.44774s, 107692 KB] Maximum intermediate abstraction size: 176400
[t=1.44774s, 107692 KB] Final peak memory increase of merge-and-shrink algorithm: 96324 KB
[t=1.44774s, 107692 KB] Merge-and-shrink algorithm runtime: 1.43326s

[t=1.44774s, 107692 KB] Number of remaining factors: 1
[t=1.44774s, 107692 KB] Number of factors kept: 1
[t=1.44774s, 107692 KB] Done initializing merge-and-shrink heuristic.

[t=1.44774s, 107692 KB] Building successor generator...done!
[t=1.44774s, 107692 KB] peak memory difference for successor generator creation: 0 KB
[t=1.44774s, 107692 KB] time for successor generation creation: 0s
[t=1.44774s, 107692 KB] Variables: 11
[t=1.44774s, 107692 KB] FactPairs: 89
[t=1.44774s, 107692 KB] Bytes per state: 8
[t=1.44774s, 107692 KB] Conducting best first search with reopening closed nodes, (real) bound = 2147483647
[t=1.44774s, 107692 KB] New best heuristic value for merge_and_shrink(merge_strategy=merge_precomputed(merge_tree=linear(variable_order=reverse_level)),shrink_strategy=shrink_bisimulation(greedy=false),label_reduction=exact(before_shrinking=true,before_merging=false),max_states=200000): 0
[t=1.44774s, 107692 KB] g=0, 1 evaluated, 0 expanded
[t=1.44774s, 107692 KB] f = 0, 1 evaluated, 0 expanded
[t=1.44774s, 107692 KB] Initial heuristic value for merge_and_shrink(merge_strategy=merge_precomputed(merge_tree=linear(variable_order=reverse_level)),shrink_strategy=shrink_bisimulation(greedy=false),label_reduction=exact(before_shrinking=true,before_merging=false),max_states=200000): 0
[t=1.44774s, 107692 KB] pruning method: none
[t=1.44774s, 107692 KB] f = 6, 21 evaluated, 1 expanded
[t=1.44774s, 107692 KB] f = 7, 82 evaluated, 5 expanded
[t=1.45174s, 107692 KB] f = 8, 139 evaluated, 9 expanded
[t=1.45174s, 107692 KB] f = 9, 160 evaluated, 11 expanded
[t=1.45174s, 107692 KB] f = 10, 200 evaluated, 14 expanded
[t=1.45174s, 107692 KB] f = 11, 217 evaluated, 17 expanded
[t=1.45174s, 107692 KB] f = 12, 223 evaluated, 18 expanded
[t=1.45174s, 107692 KB] f = 13, 375 evaluated, 28 expanded
[t=1.45174s, 107692 KB] f = 14, 591 evaluated, 44 expanded
[t=1.45174s, 107692 KB] f = 15, 842 evaluated, 62 expanded
[t=1.45174s, 107692 KB] f = 16, 1063 evaluated, 80 expanded
[t=1.45174s, 107692 KB] f = 17, 1394 evaluated, 110 expanded
[t=1.45574s, 107692 KB] f = 18, 1545 evaluated, 129 expanded
[t=1.45574s, 107692 KB] f = 19, 1946 evaluated, 163 expanded
[t=1.45574s, 107692 KB] f = 20, 2880 evaluated, 237 expanded
[t=1.45974s, 107692 KB] f = 21, 4059 evaluated, 329 expanded
[t=1.46374s, 107692 KB] f = 22, 5886 evaluated, 461 expanded
[t=1.46374s, 107692 KB] f = 23, 7162 evaluated, 583 expanded
[t=1.47175s, 107692 KB] f = 24, 8542 evaluated, 722 expanded
[t=1.47175s, 107692 KB] f = 25, 9702 evaluated, 849 expanded
[t=1.47975s, 107692 KB] f = 26, 12413 evaluated, 1103 expanded
[t=1.49175s, 107692 KB] f = 27, 17148 evaluated, 1516 expanded
[t=1.50775s, 107692 KB] f = 28, 22543 evaluated, 2016 expanded
[t=1.52375s, 107692 KB] f = 29, 29106 evaluated, 2636 expanded
[t=1.53974s, 107692 KB] f = 30, 34197 evaluated, 3235 expanded
[t=1.55574s, 107692 KB] f = 31, 40303 evaluated, 3925 expanded
[t=1.57575s, 107692 KB] f = 32, 47706 evaluated, 4798 expanded
[t=1.59975s, 107692 KB] f = 33, 57999 evaluated, 5946 expanded
[t=1.63559s, 107692 KB] f = 34, 70469 evaluated, 7332 expanded
[t=1.67159s, 107692 KB] f = 35, 85320 evaluated, 8991 expanded
[t=1.70758s, 107692 KB] f = 36, 102512 evaluated, 11041 expanded
[t=1.75158s, 107692 KB] f = 37, 119300 evaluated, 13300 expanded
[t=1.79558s, 107692 KB] f = 38, 138959 evaluated, 16029 expanded
[t=1.83939s, 107692 KB] f = 39, 158647 evaluated, 18992 expanded
[t=1.88739s, 107692 KB] f = 40, 179820 evaluated, 22059 expanded
[t=1.95137s, 107692 KB] f = 41, 205443 evaluated, 25774 expanded
[t=2.03537s, 107692 KB] f = 42, 236601 evaluated, 30186 expanded
[t=2.11937s, 107692 KB] f = 43, 271914 evaluated, 35448 expanded
[t=2.21525s, 107692 KB] f = 44, 307751 evaluated, 41163 expanded
[t=2.31124s, 107692 KB] f = 45, 346427 evaluated, 47706 expanded
[t=2.40725s, 107692 KB] f = 46, 384808 evaluated, 54645 expanded
[t=2.51898s, 107692 KB] f = 47, 428096 evaluated, 62303 expanded
[t=2.67478s, 107692 KB] f = 48, 474815 evaluated, 71066 expanded
[t=2.82273s, 107692 KB] f = 49, 526232 evaluated, 80321 expanded
[t=2.98653s, 107692 KB] f = 50, 582942 evaluated, 90511 expanded
[t=3.1825s, 107692 KB] f = 51, 646319 evaluated, 102142 expanded
[t=3.48588s, 107692 KB] f = 52, 720172 evaluated, 115938 expanded
[t=3.73379s, 107692 KB] f = 53, 795129 evaluated, 130977 expanded
[t=4.14178s, 107692 KB] f = 54, 875900 evaluated, 147532 expanded
[t=4.3898s, 107692 KB] Solution found!
[t=4.3898s, 107692 KB] Actual search time: 2.94205s
move-down-slow slow0-0 n6 n5 (6)
board p1 slow0-0 n5 n0 n1 (0)
move-down-slow slow0-0 n5 n4 (6)
board p2 slow0-0 n4 n1 n2 (0)
move-up-slow slow0-0 n4 n6 (7)
leave p2 slow0-0 n6 n2 n1 (0)
move-down-slow slow0-0 n6 n3 (8)
leave p1 slow0-0 n3 n1 n0 (0)
move-down-slow slow0-0 n3 n2 (6)
board p0 slow0-0 n2 n0 n1 (0)
move-down-slow slow1-0 n8 n6 (7)
board p2 slow1-0 n6 n0 n1 (0)
move-up-slow slow1-0 n6 n8 (7)
leave p2 slow1-0 n8 n1 n0 (0)
move-down-slow slow0-0 n2 n0 (7)
leave p0 slow0-0 n0 n1 n0 (0)
[t=4.3898s, 107692 KB] Plan length: 16 step(s).
[t=4.3898s, 107692 KB] Plan cost: 54
[t=4.3898s, 107692 KB] Expanded 165230 state(s).
[t=4.3898s, 107692 KB] Reopened 0 state(s).
[t=4.3898s, 107692 KB] Evaluated 956353 state(s).
[t=4.3898s, 107692 KB] Evaluations: 956353
[t=4.3898s, 107692 KB] Generated 3550120 state(s).
[t=4.3898s, 107692 KB] Dead ends: 0 state(s).
[t=4.3898s, 107692 KB] Expanded until last jump: 147532 state(s).
[t=4.3898s, 107692 KB] Reopened until last jump: 0 state(s).
[t=4.3898s, 107692 KB] Evaluated until last jump: 875900 state(s).
[t=4.3898s, 107692 KB] Generated until last jump: 3169352 state(s).
[t=4.3898s, 107692 KB] Number of registered states: 956353
[t=4.3898s, 107692 KB] Int hash set load factor: 956353/2097152 = 0.456025
[t=4.3898s, 107692 KB] Int hash set resizes: 21
[t=4.3898s, 107692 KB] Search time: 2.94205s
[t=4.3898s, 107692 KB] Total time: 4.3898s
Solution found.
Peak memory: 107692 KB
exitcode: 0

Exit codes: [-9, 0]
Remove intermediate file output.sas
search exit code: 0

INFO     Planner time: 66.88s
