INFO     planner time limit: 1800s
INFO     planner memory limit: None

INFO     Running translator.
INFO     translator stdin: None
INFO     translator time limit: 1799s
INFO     translator memory limit: None
INFO     translator command line string: /usr/bin/python3 /home/bharath/Desktop/GitHub/downward/builds/release/bin/translate/translate.py /home/bharath/Desktop/ISWC_test/best_planner/data/sokoban/domain.pddl /home/bharath/Desktop/ISWC_test/best_planner/data/sokoban/instance-1.pddl --sas-file output.sas
Parsing...
Parsing: [0.010s CPU, 0.003s wall-clock]
Normalizing task... [0.000s CPU, 0.000s wall-clock]
Instantiating...
Generating Datalog program... [0.000s CPU, 0.001s wall-clock]
Normalizing Datalog program...
Normalizing Datalog program: [0.000s CPU, 0.003s wall-clock]
Preparing model... [0.000s CPU, 0.002s wall-clock]
Generated 38 rules.
Computing model... [0.020s CPU, 0.021s wall-clock]
511 relevant atoms
752 auxiliary atoms
1263 final queue length
1566 total queue pushes
Completing instantiation... [0.020s CPU, 0.014s wall-clock]
Instantiating: [0.040s CPU, 0.041s wall-clock]
Computing fact groups...
Finding invariants...
7 initial candidates
Finding invariants: [0.010s CPU, 0.013s wall-clock]
Checking invariant weight... [0.000s CPU, 0.001s wall-clock]
Instantiating groups... [0.000s CPU, 0.004s wall-clock]
Collecting mutex groups... [0.000s CPU, 0.000s wall-clock]
Choosing groups...
28 uncovered facts
Choosing groups: [0.010s CPU, 0.001s wall-clock]
Building translation key... [0.000s CPU, 0.000s wall-clock]
Computing fact groups: [0.020s CPU, 0.020s wall-clock]
Building STRIPS to SAS dictionary... [0.000s CPU, 0.000s wall-clock]
Building dictionary for full mutex groups... [0.000s CPU, 0.000s wall-clock]
Building mutex information...
Building mutex information: [0.000s CPU, 0.000s wall-clock]
Translating task...
Processing axioms...
Simplifying axioms... [0.000s CPU, 0.000s wall-clock]
Translator axioms removed by simplifying: 0
Computing negative axioms... [0.000s CPU, 0.000s wall-clock]
Processing axioms: [0.000s CPU, 0.001s wall-clock]
Translating task: [0.010s CPU, 0.015s wall-clock]
192 effect conditions simplified
0 implied preconditions added
Detecting unreachable propositions...
0 operators removed
0 axioms removed
20 propositions removed
Detecting unreachable propositions: [0.010s CPU, 0.008s wall-clock]
Reordering and filtering variables...
24 of 24 variables necessary.
17 of 21 mutex groups necessary.
132 of 132 operators necessary.
0 of 0 axiom rules necessary.
Reordering and filtering variables: [0.010s CPU, 0.004s wall-clock]
Translator variables: 24
Translator derived variables: 0
Translator facts: 108
Translator goal facts: 3
Translator mutex groups: 17
Translator total mutex groups size: 85
Translator operators: 132
Translator axioms: 0
Translator task size: 1264
Translator peak memory: 35164 KB
Writing output... [0.000s CPU, 0.004s wall-clock]
Done! [0.100s CPU, 0.098s wall-clock]
translate exit code: 0

INFO     Running search (release).
INFO     search stdin: output.sas
INFO     search time limit: 1799s
INFO     search memory limit: None
INFO     search command line string: /home/bharath/Desktop/GitHub/downward/builds/release/bin/downward --search 'astar(lmcut())' --internal-plan-file /home/bharath/Desktop/ISWC_test/best_planner/random_policy_results/results/plan-sokoban-instance-1.txt < output.sas
[t=0.00371015s, 10980 KB] reading input...
[t=0.00371015s, 10980 KB] done reading input!
[t=0.00771072s, 11368 KB] Initializing landmark cut heuristic...
[t=0.00771072s, 11368 KB] Building successor generator...done!
[t=0.00771072s, 11368 KB] peak memory difference for successor generator creation: 0 KB
[t=0.00771072s, 11368 KB] time for successor generation creation: 0s
[t=0.00771072s, 11368 KB] Variables: 24
[t=0.00771072s, 11368 KB] FactPairs: 108
[t=0.00771072s, 11368 KB] Bytes per state: 8
[t=0.00771072s, 11368 KB] Conducting best first search with reopening closed nodes, (real) bound = 2147483647
[t=0.00771072s, 11368 KB] New best heuristic value for lmcut(): 2
[t=0.00771072s, 11368 KB] g=0, 1 evaluated, 0 expanded
[t=0.00771072s, 11368 KB] f = 2, 1 evaluated, 0 expanded
[t=0.00771072s, 11368 KB] Initial heuristic value for lmcut(): 2
[t=0.00771072s, 11368 KB] pruning method: none
[t=0.00771072s, 11368 KB] f = 3, 18 evaluated, 14 expanded
[t=0.00771072s, 11368 KB] f = 4, 55 evaluated, 39 expanded
[t=0.00771072s, 11368 KB] f = 5, 113 evaluated, 83 expanded
[t=0.0117114s, 11368 KB] f = 6, 193 evaluated, 150 expanded
[t=0.0157107s, 11368 KB] f = 7, 314 evaluated, 251 expanded
[t=0.0157107s, 11368 KB] f = 8, 378 evaluated, 306 expanded
[t=0.0197103s, 11368 KB] f = 9, 495 evaluated, 404 expanded
[t=0.0197103s, 11368 KB] New best heuristic value for lmcut(): 1
[t=0.0197103s, 11368 KB] g=8, 511 evaluated, 415 expanded
[t=0.0197103s, 11368 KB] New best heuristic value for lmcut(): 0
[t=0.0197103s, 11368 KB] g=9, 526 evaluated, 425 expanded
[t=0.0197103s, 11368 KB] Solution found!
[t=0.0197103s, 11368 KB] Actual search time: 0.0119995s
move player-01 pos-6-4 pos-6-3 dir-up (0)
move player-01 pos-6-3 pos-5-3 dir-left (0)
move player-01 pos-5-3 pos-4-3 dir-left (0)
push-to-nongoal player-01 stone-02 pos-4-3 pos-4-4 pos-4-5 dir-down (1)
move player-01 pos-4-4 pos-4-3 dir-up (0)
move player-01 pos-4-3 pos-3-3 dir-left (0)
move player-01 pos-3-3 pos-2-3 dir-left (0)
move player-01 pos-2-3 pos-2-4 dir-down (0)
move player-01 pos-2-4 pos-2-5 dir-down (0)
move player-01 pos-2-5 pos-3-5 dir-right (0)
push-to-nongoal player-01 stone-01 pos-3-5 pos-3-4 pos-3-3 dir-up (1)
move player-01 pos-3-4 pos-4-4 dir-right (0)
move player-01 pos-4-4 pos-4-3 dir-up (0)
move player-01 pos-4-3 pos-5-3 dir-right (0)
move player-01 pos-5-3 pos-6-3 dir-right (0)
move player-01 pos-6-3 pos-6-4 dir-down (0)
push-to-goal player-01 stone-03 pos-6-4 pos-5-4 pos-4-4 dir-left (1)
push-to-goal player-01 stone-03 pos-5-4 pos-4-4 pos-3-4 dir-left (1)
push-to-goal player-01 stone-03 pos-4-4 pos-3-4 pos-2-4 dir-left (1)
move player-01 pos-3-4 pos-3-5 dir-down (0)
move player-01 pos-3-5 pos-3-6 dir-down (0)
move player-01 pos-3-6 pos-4-6 dir-right (0)
push-to-goal player-01 stone-02 pos-4-6 pos-4-5 pos-4-4 dir-up (1)
move player-01 pos-4-5 pos-3-5 dir-left (0)
move player-01 pos-3-5 pos-3-4 dir-up (0)
push-to-nongoal player-01 stone-02 pos-3-4 pos-4-4 pos-5-4 dir-right (1)
move player-01 pos-4-4 pos-4-3 dir-up (0)
move player-01 pos-4-3 pos-4-2 dir-up (0)
move player-01 pos-4-2 pos-3-2 dir-left (0)
push-to-goal player-01 stone-01 pos-3-2 pos-3-3 pos-3-4 dir-down (1)
move player-01 pos-3-3 pos-4-3 dir-right (0)
move player-01 pos-4-3 pos-5-3 dir-right (0)
move player-01 pos-5-3 pos-6-3 dir-right (0)
move player-01 pos-6-3 pos-6-4 dir-down (0)
push-to-goal player-01 stone-02 pos-6-4 pos-5-4 pos-4-4 dir-left (1)
[t=0.0197103s, 11368 KB] Plan length: 35 step(s).
[t=0.0197103s, 11368 KB] Plan cost: 9
[t=0.0197103s, 11368 KB] Expanded 426 state(s).
[t=0.0197103s, 11368 KB] Reopened 0 state(s).
[t=0.0197103s, 11368 KB] Evaluated 526 state(s).
[t=0.0197103s, 11368 KB] Evaluations: 526
[t=0.0197103s, 11368 KB] Generated 1116 state(s).
[t=0.0197103s, 11368 KB] Dead ends: 86 state(s).
[t=0.0197103s, 11368 KB] Expanded until last jump: 404 state(s).
[t=0.0197103s, 11368 KB] Reopened until last jump: 0 state(s).
[t=0.0197103s, 11368 KB] Evaluated until last jump: 495 state(s).
[t=0.0197103s, 11368 KB] Generated until last jump: 1060 state(s).
[t=0.0197103s, 11368 KB] Number of registered states: 526
[t=0.0197103s, 11368 KB] Int hash set load factor: 526/1024 = 0.513672
[t=0.0197103s, 11368 KB] Int hash set resizes: 10
[t=0.0197103s, 11368 KB] Search time: 0.0119995s
[t=0.0197103s, 11368 KB] Total time: 0.0197103s
Solution found.
Peak memory: 11368 KB
Remove intermediate file output.sas
search exit code: 0

INFO     Planner time: 0.25s
