INFO     planner time limit: 1800s
INFO     planner memory limit: None

INFO     Running translator.
INFO     translator stdin: None
INFO     translator time limit: 1799s
INFO     translator memory limit: None
INFO     translator command line string: /usr/bin/python3 /home/bharath/Desktop/GitHub/downward/builds/release/bin/translate/translate.py /home/bharath/Desktop/ISWC_test/best_planner/data/pegsol/domain.pddl /home/bharath/Desktop/ISWC_test/best_planner/data/pegsol/instance-3.pddl --sas-file output.sas
Parsing...
Parsing: [0.000s CPU, 0.003s wall-clock]
Normalizing task... [0.000s CPU, 0.000s wall-clock]
Instantiating...
Generating Datalog program... [0.000s CPU, 0.001s wall-clock]
Normalizing Datalog program...
Normalizing Datalog program: [0.000s CPU, 0.001s wall-clock]
Preparing model... [0.000s CPU, 0.001s wall-clock]
Generated 25 rules.
Computing model... [0.010s CPU, 0.011s wall-clock]
461 relevant atoms
611 auxiliary atoms
1072 final queue length
1647 total queue pushes
Completing instantiation... [0.010s CPU, 0.012s wall-clock]
Instantiating: [0.030s CPU, 0.027s wall-clock]
Computing fact groups...
Finding invariants...
7 initial candidates
Finding invariants: [0.000s CPU, 0.005s wall-clock]
Checking invariant weight... [0.000s CPU, 0.000s wall-clock]
Instantiating groups... [0.000s CPU, 0.000s wall-clock]
Collecting mutex groups... [0.000s CPU, 0.000s wall-clock]
Choosing groups...
0 uncovered facts
Choosing groups: [0.000s CPU, 0.000s wall-clock]
Building translation key... [0.000s CPU, 0.000s wall-clock]
Computing fact groups: [0.000s CPU, 0.006s wall-clock]
Building STRIPS to SAS dictionary... [0.000s CPU, 0.000s wall-clock]
Building dictionary for full mutex groups... [0.000s CPU, 0.000s wall-clock]
Building mutex information...
Building mutex information: [0.000s CPU, 0.000s wall-clock]
Translating task...
Processing axioms...
Simplifying axioms... [0.000s CPU, 0.000s wall-clock]
Translator axioms removed by simplifying: 0
Computing negative axioms... [0.000s CPU, 0.000s wall-clock]
Processing axioms: [0.000s CPU, 0.001s wall-clock]
Translating task: [0.020s CPU, 0.013s wall-clock]
0 effect conditions simplified
0 implied preconditions added
Detecting unreachable propositions...
0 operators removed
0 axioms removed
34 propositions removed
Detecting unreachable propositions: [0.000s CPU, 0.007s wall-clock]
Reordering and filtering variables...
34 of 34 variables necessary.
0 of 34 mutex groups necessary.
185 of 185 operators necessary.
0 of 0 axiom rules necessary.
Reordering and filtering variables: [0.010s CPU, 0.003s wall-clock]
Translator variables: 34
Translator derived variables: 0
Translator facts: 100
Translator goal facts: 33
Translator mutex groups: 0
Translator total mutex groups size: 0
Translator operators: 185
Translator axioms: 0
Translator task size: 1634
Translator peak memory: 35196 KB
Writing output... [0.000s CPU, 0.002s wall-clock]
Done! [0.060s CPU, 0.062s wall-clock]
translate exit code: 0

INFO     Running search (release).
INFO     search portfolio: /home/bharath/Desktop/GitHub/downward/driver/portfolios/seq_opt_fdss_1.py
remaining time: 1799.0
config 0: relative time 175, remaining 1631
args: ['/home/bharath/Desktop/GitHub/downward/builds/release/bin/downward', '--search', 'astar(merge_and_shrink(merge_strategy=merge_precomputed(merge_tree=linear(variable_order=reverse_level)),shrink_strategy=shrink_bisimulation(greedy=true),label_reduction=exact(before_shrinking=true,before_merging=false),max_states=infinity,threshold_before_merge=1))', '--internal-plan-file', '/home/bharath/Desktop/ISWC_test/best_planner/ontology_policy_results/results/plan-pegsol-instance-3.txt']
INFO     search stdin: output.sas
INFO     search time limit: 193s
INFO     search memory limit: None
INFO     search command line string: /home/bharath/Desktop/GitHub/downward/builds/release/bin/downward --search 'astar(merge_and_shrink(merge_strategy=merge_precomputed(merge_tree=linear(variable_order=reverse_level)),shrink_strategy=shrink_bisimulation(greedy=true),label_reduction=exact(before_shrinking=true,before_merging=false),max_states=infinity,threshold_before_merge=1))' --internal-plan-file /home/bharath/Desktop/ISWC_test/best_planner/ontology_policy_results/results/plan-pegsol-instance-3.txt < output.sas
[t=0.00321261s, 10980 KB] reading input...
[t=0.00321261s, 10980 KB] done reading input!
[t=0.0072077s, 11368 KB] Initializing merge-and-shrink heuristic...
[t=0.0072077s, 11368 KB] Running merge-and-shrink algorithm...
[t=0.0072077s, 11368 KB] Merge strategy options:
[t=0.0072077s, 11368 KB] Type: precomputed
[t=0.0072077s, 11368 KB] Merge tree options: 
[t=0.0072077s, 11368 KB] Type: linear
[t=0.0072077s, 11368 KB] Update option: use random
[t=0.0072077s, 11368 KB] Variable order type: by reverse level

[t=0.0072077s, 11368 KB] Options related to size limits and shrinking: 
[t=0.0072077s, 11368 KB] Transition system size limit: 2147483647
[t=0.0072077s, 11368 KB] Transition system size limit right before merge: 2147483647
[t=0.0072077s, 11368 KB] Threshold to trigger shrinking right before merge: 1

[t=0.0072077s, 11368 KB] Shrink strategy options: 
[t=0.0072077s, 11368 KB] Type: bisimulation
[t=0.0072077s, 11368 KB] Bisimulation type: greedy
[t=0.0072077s, 11368 KB] At limit: return

[t=0.0072077s, 11368 KB] Pruning unreachable states: yes
[t=0.0072077s, 11368 KB] Pruning irrelevant states: yes

[t=0.0072077s, 11368 KB] Label reduction options:
[t=0.0072077s, 11368 KB] Before merging: disabled
[t=0.0072077s, 11368 KB] Before shrinking: enabled
[t=0.0072077s, 11368 KB] Method: all transition systems with fixpoint computation
[t=0.0072077s, 11368 KB] System order: random

[t=0.0072077s, 11368 KB] Main loop max time in seconds: inf


[t=0.0072077s, 11368 KB] Building atomic transition systems... 
[t=0.0072077s, 11368 KB] M&S algorithm timer: 0s (after computation of atomic factors)

[t=0.0072077s, 11368 KB] Starting main loop without a time limit.
[t=0.0072077s, 11368 KB] building causal graph...done! [t=0s]
[t=0.0072077s, 11368 KB] Next pair of indices: (0, 1)
[t=0.0072077s, 11368 KB] M&S algorithm main loop timer: 0s (after computation of next merge)
[t=0.0511634s, 11368 KB] M&S algorithm main loop timer: 0.0439557s (after label reduction)
[t=0.0511634s, 11368 KB] M&S algorithm main loop timer: 0.0439557s (after merging)
[t=0.0511634s, 11368 KB] M&S algorithm main loop timer: 0.0439557s (after pruning)

[t=0.0511634s, 11368 KB] Next pair of indices: (34, 2)
[t=0.0511634s, 11368 KB] M&S algorithm main loop timer: 0.0439557s (after computation of next merge)
[t=0.075149s, 11368 KB] M&S algorithm main loop timer: 0.0679413s (after merging)
[t=0.075149s, 11368 KB] M&S algorithm main loop timer: 0.0679413s (after pruning)

[t=0.075149s, 11368 KB] Next pair of indices: (35, 3)
[t=0.075149s, 11368 KB] M&S algorithm main loop timer: 0.0679413s (after computation of next merge)
[t=0.0991157s, 11368 KB] M&S algorithm main loop timer: 0.091908s (after merging)
[t=0.0991157s, 11368 KB] M&S algorithm main loop timer: 0.091908s (after pruning)

[t=0.0991157s, 11368 KB] Next pair of indices: (36, 4)
[t=0.0991157s, 11368 KB] M&S algorithm main loop timer: 0.091908s (after computation of next merge)
[t=0.122965s, 11368 KB] M&S algorithm main loop timer: 0.115757s (after label reduction)
[t=0.126962s, 11368 KB] M&S algorithm main loop timer: 0.119755s (after merging)
[t=0.126962s, 11368 KB] M&S algorithm main loop timer: 0.119755s (after pruning)

[t=0.126962s, 11368 KB] Next pair of indices: (37, 5)
[t=0.126962s, 11368 KB] M&S algorithm main loop timer: 0.119755s (after computation of next merge)
[t=0.134958s, 11500 KB] M&S algorithm main loop timer: 0.12775s (after merging)
[t=0.138967s, 11500 KB] M&S algorithm main loop timer: 0.131759s (after pruning)

[t=0.138967s, 11500 KB] Next pair of indices: (38, 6)
[t=0.138967s, 11500 KB] M&S algorithm main loop timer: 0.131759s (after computation of next merge)
[t=0.150938s, 11632 KB] M&S algorithm main loop timer: 0.14373s (after merging)
[t=0.150938s, 11632 KB] M&S algorithm main loop timer: 0.14373s (after pruning)

[t=0.150938s, 11632 KB] Next pair of indices: (39, 7)
[t=0.150938s, 11632 KB] M&S algorithm main loop timer: 0.14373s (after computation of next merge)
[t=0.16292s, 11632 KB] M&S algorithm main loop timer: 0.155713s (after label reduction)
[t=0.16692s, 12008 KB] M&S algorithm main loop timer: 0.159712s (after merging)
[t=0.16692s, 12008 KB] M&S algorithm main loop timer: 0.159712s (after pruning)

[t=0.16692s, 12008 KB] Next pair of indices: (40, 8)
[t=0.16692s, 12008 KB] M&S algorithm main loop timer: 0.159712s (after computation of next merge)
[t=0.186904s, 12804 KB] M&S algorithm main loop timer: 0.179697s (after merging)
[t=0.190904s, 12804 KB] M&S algorithm main loop timer: 0.183696s (after pruning)

[t=0.190904s, 12804 KB] Next pair of indices: (41, 9)
[t=0.190904s, 12804 KB] M&S algorithm main loop timer: 0.183696s (after computation of next merge)
[t=0.238836s, 14204 KB] M&S algorithm main loop timer: 0.231629s (after merging)
[t=0.238836s, 14204 KB] M&S algorithm main loop timer: 0.231629s (after pruning)

[t=0.238836s, 14204 KB] Next pair of indices: (42, 10)
[t=0.238836s, 14204 KB] M&S algorithm main loop timer: 0.231629s (after computation of next merge)
[t=0.254811s, 14204 KB] M&S algorithm main loop timer: 0.247604s (after label reduction)
[t=0.31076s, 16952 KB] M&S algorithm main loop timer: 0.303552s (after merging)
[t=0.314757s, 16952 KB] M&S algorithm main loop timer: 0.30755s (after pruning)

[t=0.314757s, 16952 KB] Next pair of indices: (43, 11)
[t=0.314757s, 16952 KB] M&S algorithm main loop timer: 0.30755s (after computation of next merge)
[t=0.442678s, 22524 KB] M&S algorithm main loop timer: 0.43547s (after merging)
[t=0.450672s, 22524 KB] M&S algorithm main loop timer: 0.443464s (after pruning)

[t=0.450672s, 22524 KB] Next pair of indices: (44, 12)
[t=0.450672s, 22524 KB] M&S algorithm main loop timer: 0.443464s (after computation of next merge)
[t=0.730401s, 33328 KB] M&S algorithm main loop timer: 0.723193s (after merging)
[t=0.762361s, 33328 KB] M&S algorithm main loop timer: 0.755153s (after pruning)

[t=0.762361s, 33328 KB] Next pair of indices: (45, 13)
[t=0.762361s, 33328 KB] M&S algorithm main loop timer: 0.755153s (after computation of next merge)
[t=0.802304s, 33328 KB] M&S algorithm main loop timer: 0.795096s (after label reduction)
[t=1.44139s, 53996 KB] M&S algorithm main loop timer: 1.43419s (after merging)
[t=1.49336s, 53996 KB] M&S algorithm main loop timer: 1.48615s (after pruning)

[t=1.49336s, 53996 KB] Next pair of indices: (46, 14)
[t=1.49336s, 53996 KB] M&S algorithm main loop timer: 1.48615s (after computation of next merge)
[t=3.25998s, 94076 KB] M&S algorithm main loop timer: 3.25277s (after merging)
[t=3.34787s, 94076 KB] M&S algorithm main loop timer: 3.34066s (after pruning)

[t=3.34787s, 94076 KB] Next pair of indices: (47, 15)
[t=3.34787s, 94076 KB] M&S algorithm main loop timer: 3.34066s (after computation of next merge)
[t=6.25787s, 108700 KB] M&S algorithm main loop timer: 6.25066s (after shrinking)
[t=7.0532s, 170556 KB] M&S algorithm main loop timer: 7.04599s (after merging)
[t=7.23709s, 170556 KB] M&S algorithm main loop timer: 7.22988s (after pruning)

[t=7.23709s, 170556 KB] Next pair of indices: (48, 16)
[t=7.23709s, 170556 KB] M&S algorithm main loop timer: 7.22988s (after computation of next merge)
[t=7.32901s, 170556 KB] M&S algorithm main loop timer: 7.3218s (after label reduction)
[t=12.3991s, 198724 KB] M&S algorithm main loop timer: 12.3919s (after shrinking)
[t=13.9256s, 319612 KB] M&S algorithm main loop timer: 13.9184s (after merging)
[t=14.2734s, 319612 KB] M&S algorithm main loop timer: 14.2662s (after pruning)

[t=14.2734s, 319612 KB] Next pair of indices: (49, 17)
[t=14.2734s, 319612 KB] M&S algorithm main loop timer: 14.2662s (after computation of next merge)
[t=14.2894s, 319612 KB] M&S algorithm main loop timer: 14.2822s (after label reduction)
[t=29.6984s, 402124 KB] M&S algorithm main loop timer: 29.6912s (after shrinking)
[t=32.9704s, 605676 KB] M&S algorithm main loop timer: 32.9632s (after merging)
[t=33.657s, 605676 KB] M&S algorithm main loop timer: 33.6498s (after pruning)

[t=33.657s, 605676 KB] Next pair of indices: (50, 18)
[t=33.657s, 605676 KB] M&S algorithm main loop timer: 33.6498s (after computation of next merge)
[t=61.1946s, 638816 KB] M&S algorithm main loop timer: 61.1874s (after shrinking)
[t=67.8668s, 1151280 KB] M&S algorithm main loop timer: 67.8596s (after merging)
[t=69.2246s, 1151280 KB] M&S algorithm main loop timer: 69.2174s (after pruning)

[t=69.2246s, 1151280 KB] Next pair of indices: (51, 19)
[t=69.2246s, 1151280 KB] M&S algorithm main loop timer: 69.2174s (after computation of next merge)
[t=69.9235s, 1151280 KB] M&S algorithm main loop timer: 69.9163s (after label reduction)
[t=131.408s, 1492236 KB] M&S algorithm main loop timer: 131.717s (after shrinking)
[t=144.726s, 2202584 KB] M&S algorithm main loop timer: 144.719s (after merging)
[t=147.436s, 2202584 KB] M&S algorithm main loop timer: 147.429s (after pruning)

[t=147.436s, 2202584 KB] Next pair of indices: (52, 20)
[t=147.436s, 2202584 KB] M&S algorithm main loop timer: 147.429s (after computation of next merge)
[t=147.524s, 2202584 KB] M&S algorithm main loop timer: 147.517s (after label reduction)
Peak memory: 2353976 KB
caught signal 24 -- exiting
Time limit has been reached.
exitcode: 23

remaining time: 1605.94
config 1: relative time 432, remaining 1456
args: ['/home/bharath/Desktop/GitHub/downward/builds/release/bin/downward', '--search', 'astar(merge_and_shrink(merge_strategy=merge_precomputed(merge_tree=linear(variable_order=reverse_level)),shrink_strategy=shrink_bisimulation(greedy=false),label_reduction=exact(before_shrinking=true,before_merging=false),max_states=200000))', '--internal-plan-file', '/home/bharath/Desktop/ISWC_test/best_planner/ontology_policy_results/results/plan-pegsol-instance-3.txt']
INFO     search stdin: output.sas
INFO     search time limit: 476s
INFO     search memory limit: None
INFO     search command line string: /home/bharath/Desktop/GitHub/downward/builds/release/bin/downward --search 'astar(merge_and_shrink(merge_strategy=merge_precomputed(merge_tree=linear(variable_order=reverse_level)),shrink_strategy=shrink_bisimulation(greedy=false),label_reduction=exact(before_shrinking=true,before_merging=false),max_states=200000))' --internal-plan-file /home/bharath/Desktop/ISWC_test/best_planner/ontology_policy_results/results/plan-pegsol-instance-3.txt < output.sas
[t=0.00284469s, 10980 KB] reading input...
[t=0.00284469s, 10980 KB] done reading input!
[t=0.00680941s, 11368 KB] Initializing merge-and-shrink heuristic...
[t=0.00680941s, 11368 KB] Running merge-and-shrink algorithm...
[t=0.00680941s, 11368 KB] Merge strategy options:
[t=0.00680941s, 11368 KB] Type: precomputed
[t=0.00680941s, 11368 KB] Merge tree options: 
[t=0.00680941s, 11368 KB] Type: linear
[t=0.00680941s, 11368 KB] Update option: use random
[t=0.00680941s, 11368 KB] Variable order type: by reverse level

[t=0.00680941s, 11368 KB] Options related to size limits and shrinking: 
[t=0.00680941s, 11368 KB] Transition system size limit: 200000
[t=0.00680941s, 11368 KB] Transition system size limit right before merge: 200000
[t=0.00680941s, 11368 KB] Threshold to trigger shrinking right before merge: 200000

[t=0.00680941s, 11368 KB] Shrink strategy options: 
[t=0.00680941s, 11368 KB] Type: bisimulation
[t=0.00680941s, 11368 KB] Bisimulation type: exact
[t=0.00680941s, 11368 KB] At limit: return

[t=0.00680941s, 11368 KB] Pruning unreachable states: yes
[t=0.00680941s, 11368 KB] Pruning irrelevant states: yes

[t=0.00680941s, 11368 KB] Label reduction options:
[t=0.00680941s, 11368 KB] Before merging: disabled
[t=0.00680941s, 11368 KB] Before shrinking: enabled
[t=0.00680941s, 11368 KB] Method: all transition systems with fixpoint computation
[t=0.00680941s, 11368 KB] System order: random

[t=0.00680941s, 11368 KB] Main loop max time in seconds: inf


[t=0.00680941s, 11368 KB] Building atomic transition systems... 
[t=0.00680941s, 11368 KB] M&S algorithm timer: 0s (after computation of atomic factors)

[t=0.00680941s, 11368 KB] Starting main loop without a time limit.
[t=0.00680941s, 11368 KB] building causal graph...done! [t=0s]
[t=0.00680941s, 11368 KB] Next pair of indices: (0, 1)
[t=0.00680941s, 11368 KB] M&S algorithm main loop timer: 0s (after computation of next merge)
[t=0.0427707s, 11368 KB] M&S algorithm main loop timer: 0.0359613s (after label reduction)
[t=0.0427707s, 11368 KB] M&S algorithm main loop timer: 0.0359613s (after merging)
[t=0.0427707s, 11368 KB] M&S algorithm main loop timer: 0.0359613s (after pruning)

[t=0.0427707s, 11368 KB] Next pair of indices: (34, 2)
[t=0.0427707s, 11368 KB] M&S algorithm main loop timer: 0.0359613s (after computation of next merge)
[t=0.054768s, 11368 KB] M&S algorithm main loop timer: 0.0479585s (after merging)
[t=0.054768s, 11368 KB] M&S algorithm main loop timer: 0.0479585s (after pruning)

[t=0.054768s, 11368 KB] Next pair of indices: (35, 3)
[t=0.054768s, 11368 KB] M&S algorithm main loop timer: 0.0479585s (after computation of next merge)
[t=0.0667655s, 11368 KB] M&S algorithm main loop timer: 0.059956s (after merging)
[t=0.0667655s, 11368 KB] M&S algorithm main loop timer: 0.059956s (after pruning)

[t=0.0667655s, 11368 KB] Next pair of indices: (36, 4)
[t=0.0667655s, 11368 KB] M&S algorithm main loop timer: 0.059956s (after computation of next merge)
[t=0.0867628s, 11368 KB] M&S algorithm main loop timer: 0.0799534s (after label reduction)
[t=0.0867628s, 11368 KB] M&S algorithm main loop timer: 0.0799534s (after merging)
[t=0.0867628s, 11368 KB] M&S algorithm main loop timer: 0.0799534s (after pruning)

[t=0.0867628s, 11368 KB] Next pair of indices: (37, 5)
[t=0.0867628s, 11368 KB] M&S algorithm main loop timer: 0.0799534s (after computation of next merge)
[t=0.0947594s, 11500 KB] M&S algorithm main loop timer: 0.08795s (after merging)
[t=0.0947594s, 11500 KB] M&S algorithm main loop timer: 0.08795s (after pruning)

[t=0.0947594s, 11500 KB] Next pair of indices: (38, 6)
[t=0.0947594s, 11500 KB] M&S algorithm main loop timer: 0.08795s (after computation of next merge)
[t=0.106757s, 11632 KB] M&S algorithm main loop timer: 0.0999473s (after merging)
[t=0.106757s, 11632 KB] M&S algorithm main loop timer: 0.0999473s (after pruning)

[t=0.106757s, 11632 KB] Next pair of indices: (39, 7)
[t=0.106757s, 11632 KB] M&S algorithm main loop timer: 0.0999473s (after computation of next merge)
[t=0.114755s, 11632 KB] M&S algorithm main loop timer: 0.107946s (after label reduction)
[t=0.118755s, 12044 KB] M&S algorithm main loop timer: 0.111946s (after merging)
[t=0.118755s, 12044 KB] M&S algorithm main loop timer: 0.111946s (after pruning)

[t=0.118755s, 12044 KB] Next pair of indices: (40, 8)
[t=0.118755s, 12044 KB] M&S algorithm main loop timer: 0.111946s (after computation of next merge)
[t=0.130752s, 12780 KB] M&S algorithm main loop timer: 0.123943s (after merging)
[t=0.130752s, 12780 KB] M&S algorithm main loop timer: 0.123943s (after pruning)

[t=0.134752s, 12780 KB] Next pair of indices: (41, 9)
[t=0.134752s, 12780 KB] M&S algorithm main loop timer: 0.127942s (after computation of next merge)
[t=0.150748s, 14200 KB] M&S algorithm main loop timer: 0.143939s (after merging)
[t=0.150748s, 14200 KB] M&S algorithm main loop timer: 0.143939s (after pruning)

[t=0.150748s, 14200 KB] Next pair of indices: (42, 10)
[t=0.150748s, 14200 KB] M&S algorithm main loop timer: 0.143939s (after computation of next merge)
[t=0.162745s, 14200 KB] M&S algorithm main loop timer: 0.155935s (after label reduction)
[t=0.182741s, 16976 KB] M&S algorithm main loop timer: 0.175932s (after merging)
[t=0.190741s, 16976 KB] M&S algorithm main loop timer: 0.183932s (after pruning)

[t=0.190741s, 16976 KB] Next pair of indices: (43, 11)
[t=0.190741s, 16976 KB] M&S algorithm main loop timer: 0.183932s (after computation of next merge)
[t=0.234716s, 22532 KB] M&S algorithm main loop timer: 0.227906s (after merging)
[t=0.242712s, 22532 KB] M&S algorithm main loop timer: 0.239902s (after pruning)

[t=0.246712s, 22532 KB] Next pair of indices: (44, 12)
[t=0.246712s, 22532 KB] M&S algorithm main loop timer: 0.239902s (after computation of next merge)
[t=0.330575s, 33328 KB] M&S algorithm main loop timer: 0.327763s (after merging)
[t=0.354568s, 33328 KB] M&S algorithm main loop timer: 0.347759s (after pruning)

[t=0.354568s, 33328 KB] Next pair of indices: (45, 13)
[t=0.354568s, 33328 KB] M&S algorithm main loop timer: 0.347759s (after computation of next merge)
[t=0.374562s, 33328 KB] M&S algorithm main loop timer: 0.367753s (after label reduction)
[t=0.61052s, 36712 KB] M&S algorithm main loop timer: 0.60371s (after shrinking)
[t=0.72579s, 45736 KB] M&S algorithm main loop timer: 0.718981s (after merging)
[t=0.757655s, 45736 KB] M&S algorithm main loop timer: 0.750845s (after pruning)

[t=0.757655s, 45736 KB] Next pair of indices: (46, 14)
[t=0.757655s, 45736 KB] M&S algorithm main loop timer: 0.750845s (after computation of next merge)
[t=1.02129s, 51604 KB] M&S algorithm main loop timer: 1.01448s (after shrinking)
[t=1.16513s, 57592 KB] M&S algorithm main loop timer: 1.15832s (after merging)
[t=1.20911s, 57592 KB] M&S algorithm main loop timer: 1.2023s (after pruning)

[t=1.20911s, 57592 KB] Next pair of indices: (47, 15)
[t=1.20911s, 57592 KB] M&S algorithm main loop timer: 1.2023s (after computation of next merge)
[t=1.5327s, 60012 KB] M&S algorithm main loop timer: 1.52589s (after shrinking)
[t=1.71666s, 73148 KB] M&S algorithm main loop timer: 1.70985s (after merging)
[t=1.78437s, 79556 KB] M&S algorithm main loop timer: 1.77756s (after pruning)

[t=1.78437s, 79556 KB] Next pair of indices: (48, 16)
[t=1.78437s, 79556 KB] M&S algorithm main loop timer: 1.77756s (after computation of next merge)
[t=1.90434s, 79556 KB] M&S algorithm main loop timer: 1.89753s (after label reduction)
[t=2.51101s, 84180 KB] M&S algorithm main loop timer: 2.5042s (after shrinking)
[t=2.89847s, 120592 KB] M&S algorithm main loop timer: 2.89166s (after merging)
[t=3.04221s, 133068 KB] M&S algorithm main loop timer: 3.0354s (after pruning)

[t=3.04221s, 133068 KB] Next pair of indices: (49, 17)
[t=3.04221s, 133068 KB] M&S algorithm main loop timer: 3.0354s (after computation of next merge)
[t=3.05021s, 133068 KB] M&S algorithm main loop timer: 3.0434s (after label reduction)
[t=3.9772s, 134584 KB] M&S algorithm main loop timer: 3.97039s (after shrinking)
[t=4.58102s, 177400 KB] M&S algorithm main loop timer: 4.57421s (after merging)
[t=4.82094s, 200076 KB] M&S algorithm main loop timer: 4.81414s (after pruning)

[t=4.82094s, 200076 KB] Next pair of indices: (50, 18)
[t=4.82094s, 200076 KB] M&S algorithm main loop timer: 4.81414s (after computation of next merge)
[t=5.92463s, 200768 KB] M&S algorithm main loop timer: 5.91782s (after shrinking)
[t=6.71984s, 222248 KB] M&S algorithm main loop timer: 6.71303s (after merging)
[t=7.03956s, 251344 KB] M&S algorithm main loop timer: 7.03275s (after pruning)

[t=7.03956s, 251344 KB] Next pair of indices: (51, 19)
[t=7.03956s, 251344 KB] M&S algorithm main loop timer: 7.03275s (after computation of next merge)
[t=7.60697s, 251344 KB] M&S algorithm main loop timer: 7.60016s (after label reduction)
[t=9.4847s, 266304 KB] M&S algorithm main loop timer: 9.47789s (after shrinking)
[t=10.3512s, 266304 KB] M&S algorithm main loop timer: 10.3444s (after merging)
[t=10.691s, 273992 KB] M&S algorithm main loop timer: 10.6882s (after pruning)

[t=10.695s, 273992 KB] Next pair of indices: (52, 20)
[t=10.695s, 273992 KB] M&S algorithm main loop timer: 10.6882s (after computation of next merge)
[t=10.707s, 273992 KB] M&S algorithm main loop timer: 10.7001s (after label reduction)
[t=11.8251s, 273992 KB] M&S algorithm main loop timer: 11.8183s (after shrinking)
[t=12.3408s, 273992 KB] M&S algorithm main loop timer: 12.334s (after merging)
[t=12.5288s, 273992 KB] M&S algorithm main loop timer: 12.526s (after pruning)

[t=12.5328s, 273992 KB] Next pair of indices: (53, 21)
[t=12.5328s, 273992 KB] M&S algorithm main loop timer: 12.526s (after computation of next merge)
[t=13.1126s, 273992 KB] M&S algorithm main loop timer: 13.1058s (after shrinking)
[t=13.2406s, 273992 KB] M&S algorithm main loop timer: 13.2338s (after merging)
[t=13.2886s, 273992 KB] M&S algorithm main loop timer: 13.2818s (after pruning)

[t=13.2886s, 273992 KB] Next pair of indices: (54, 22)
[t=13.2886s, 273992 KB] M&S algorithm main loop timer: 13.2818s (after computation of next merge)
[t=13.3686s, 273992 KB] M&S algorithm main loop timer: 13.3618s (after label reduction)
[t=13.6325s, 273992 KB] M&S algorithm main loop timer: 13.6257s (after merging)
[t=13.7325s, 273992 KB] M&S algorithm main loop timer: 13.7257s (after pruning)

[t=13.7325s, 273992 KB] Next pair of indices: (55, 23)
[t=13.7325s, 273992 KB] M&S algorithm main loop timer: 13.7257s (after computation of next merge)
[t=13.7405s, 273992 KB] M&S algorithm main loop timer: 13.7337s (after label reduction)
[t=14.2883s, 273992 KB] M&S algorithm main loop timer: 14.2815s (after merging)
[t=14.4842s, 273992 KB] M&S algorithm main loop timer: 14.4774s (after pruning)

[t=14.4842s, 273992 KB] Next pair of indices: (56, 24)
[t=14.4842s, 273992 KB] M&S algorithm main loop timer: 14.4774s (after computation of next merge)
[t=15.068s, 273992 KB] M&S algorithm main loop timer: 15.0652s (after shrinking)
[t=15.08s, 273992 KB] M&S algorithm main loop timer: 15.0732s (after merging)
[t=15.08s, 273992 KB] M&S algorithm main loop timer: 15.0732s (after pruning)

[t=15.08s, 273992 KB] Next pair of indices: (57, 25)
[t=15.08s, 273992 KB] M&S algorithm main loop timer: 15.0732s (after computation of next merge)
[t=15.088s, 273992 KB] M&S algorithm main loop timer: 15.0812s (after label reduction)
[t=15.1s, 273992 KB] M&S algorithm main loop timer: 15.0932s (after merging)
[t=15.108s, 273992 KB] M&S algorithm main loop timer: 15.1012s (after pruning)

[t=15.108s, 273992 KB] Next pair of indices: (58, 26)
[t=15.108s, 273992 KB] M&S algorithm main loop timer: 15.1012s (after computation of next merge)
[t=15.116s, 273992 KB] M&S algorithm main loop timer: 15.1092s (after label reduction)
[t=15.148s, 273992 KB] M&S algorithm main loop timer: 15.1412s (after merging)
[t=15.156s, 273992 KB] M&S algorithm main loop timer: 15.1492s (after pruning)

[t=15.156s, 273992 KB] Next pair of indices: (59, 27)
[t=15.156s, 273992 KB] M&S algorithm main loop timer: 15.1492s (after computation of next merge)
[t=15.168s, 273992 KB] M&S algorithm main loop timer: 15.1612s (after label reduction)
[t=15.232s, 273992 KB] M&S algorithm main loop timer: 15.2252s (after merging)
[t=15.252s, 273992 KB] M&S algorithm main loop timer: 15.2452s (after pruning)

[t=15.252s, 273992 KB] Next pair of indices: (60, 28)
[t=15.252s, 273992 KB] M&S algorithm main loop timer: 15.2452s (after computation of next merge)
[t=15.288s, 273992 KB] M&S algorithm main loop timer: 15.2812s (after label reduction)
[t=15.408s, 273992 KB] M&S algorithm main loop timer: 15.4012s (after merging)
[t=15.4519s, 273992 KB] M&S algorithm main loop timer: 15.4451s (after pruning)

[t=15.4519s, 273992 KB] Next pair of indices: (61, 29)
[t=15.4519s, 273992 KB] M&S algorithm main loop timer: 15.4451s (after computation of next merge)
[t=15.5159s, 273992 KB] M&S algorithm main loop timer: 15.5091s (after label reduction)
[t=15.7599s, 273992 KB] M&S algorithm main loop timer: 15.7531s (after merging)
[t=15.8398s, 273992 KB] M&S algorithm main loop timer: 15.833s (after pruning)

[t=15.8398s, 273992 KB] Next pair of indices: (62, 30)
[t=15.8398s, 273992 KB] M&S algorithm main loop timer: 15.833s (after computation of next merge)
[t=16.0318s, 273992 KB] M&S algorithm main loop timer: 16.025s (after label reduction)
[t=16.5194s, 273992 KB] M&S algorithm main loop timer: 16.5126s (after merging)
[t=16.6712s, 273992 KB] M&S algorithm main loop timer: 16.6644s (after pruning)

[t=16.6712s, 273992 KB] Next pair of indices: (63, 31)
[t=16.6712s, 273992 KB] M&S algorithm main loop timer: 16.6644s (after computation of next merge)
[t=16.999s, 273992 KB] M&S algorithm main loop timer: 16.9922s (after label reduction)
[t=18.7416s, 273992 KB] M&S algorithm main loop timer: 18.7348s (after shrinking)
[t=19.0895s, 273992 KB] M&S algorithm main loop timer: 19.0827s (after merging)
[t=19.2135s, 273992 KB] M&S algorithm main loop timer: 19.2067s (after pruning)

[t=19.2135s, 273992 KB] Next pair of indices: (64, 32)
[t=19.2135s, 273992 KB] M&S algorithm main loop timer: 19.2067s (after computation of next merge)
[t=19.5414s, 273992 KB] M&S algorithm main loop timer: 19.5346s (after label reduction)
[t=20.6851s, 273992 KB] M&S algorithm main loop timer: 20.6783s (after shrinking)
[t=21.1129s, 273992 KB] M&S algorithm main loop timer: 21.1061s (after merging)
[t=21.268s, 273992 KB] M&S algorithm main loop timer: 21.2612s (after pruning)

[t=21.268s, 273992 KB] Next pair of indices: (65, 33)
[t=21.268s, 273992 KB] M&S algorithm main loop timer: 21.2612s (after computation of next merge)
[t=21.7873s, 273992 KB] M&S algorithm main loop timer: 21.7805s (after label reduction)
[t=23.2506s, 273992 KB] M&S algorithm main loop timer: 23.2438s (after shrinking)
[t=23.7505s, 273992 KB] M&S algorithm main loop timer: 23.7437s (after merging)
[t=23.9384s, 273992 KB] M&S algorithm main loop timer: 23.9316s (after pruning)

[t=23.9384s, 273992 KB] End of merge-and-shrink algorithm, statistics:
[t=23.9384s, 273992 KB] Main loop runtime: 23.9316s
[t=23.9384s, 273992 KB] Maximum intermediate abstraction size: 199888
[t=23.9384s, 273992 KB] Final peak memory increase of merge-and-shrink algorithm: 262624 KB
[t=23.9384s, 273992 KB] Merge-and-shrink algorithm runtime: 23.9316s

[t=23.9384s, 273992 KB] Number of remaining factors: 1
[t=23.9384s, 273992 KB] Number of factors kept: 1
[t=23.9384s, 273992 KB] Done initializing merge-and-shrink heuristic.

[t=23.9384s, 273992 KB] Building successor generator...done!
[t=23.9424s, 273992 KB] peak memory difference for successor generator creation: 0 KB
[t=23.9424s, 273992 KB] time for successor generation creation: 0.00399945s
[t=23.9424s, 273992 KB] Variables: 34
[t=23.9424s, 273992 KB] FactPairs: 100
[t=23.9424s, 273992 KB] Bytes per state: 8
[t=23.9424s, 273992 KB] Conducting best first search with reopening closed nodes, (real) bound = 2147483647
[t=23.9424s, 273992 KB] New best heuristic value for merge_and_shrink(merge_strategy=merge_precomputed(merge_tree=linear(variable_order=reverse_level)),shrink_strategy=shrink_bisimulation(greedy=false),label_reduction=exact(before_shrinking=true,before_merging=false),max_states=200000): 4
[t=23.9424s, 273992 KB] g=0, 1 evaluated, 0 expanded
[t=23.9424s, 273992 KB] f = 4, 1 evaluated, 0 expanded
[t=23.9424s, 273992 KB] Initial heuristic value for merge_and_shrink(merge_strategy=merge_precomputed(merge_tree=linear(variable_order=reverse_level)),shrink_strategy=shrink_bisimulation(greedy=false),label_reduction=exact(before_shrinking=true,before_merging=false),max_states=200000): 4
[t=23.9424s, 273992 KB] pruning method: none
[t=23.9424s, 273992 KB] New best heuristic value for merge_and_shrink(merge_strategy=merge_precomputed(merge_tree=linear(variable_order=reverse_level)),shrink_strategy=shrink_bisimulation(greedy=false),label_reduction=exact(before_shrinking=true,before_merging=false),max_states=200000): 3
[t=23.9424s, 273992 KB] g=1, 3 evaluated, 1 expanded
[t=23.9424s, 273992 KB] New best heuristic value for merge_and_shrink(merge_strategy=merge_precomputed(merge_tree=linear(variable_order=reverse_level)),shrink_strategy=shrink_bisimulation(greedy=false),label_reduction=exact(before_shrinking=true,before_merging=false),max_states=200000): 2
[t=23.9424s, 273992 KB] g=2, 37 evaluated, 15 expanded
[t=23.9424s, 273992 KB] New best heuristic value for merge_and_shrink(merge_strategy=merge_precomputed(merge_tree=linear(variable_order=reverse_level)),shrink_strategy=shrink_bisimulation(greedy=false),label_reduction=exact(before_shrinking=true,before_merging=false),max_states=200000): 1
[t=23.9424s, 273992 KB] g=3, 137 evaluated, 41 expanded
[t=23.9424s, 273992 KB] f = 5, 172 evaluated, 52 expanded
[t=23.9464s, 273992 KB] f = 6, 1381 evaluated, 564 expanded
[t=23.9624s, 273992 KB] f = 7, 5912 evaluated, 3035 expanded
[t=23.9704s, 273992 KB] New best heuristic value for merge_and_shrink(merge_strategy=merge_precomputed(merge_tree=linear(variable_order=reverse_level)),shrink_strategy=shrink_bisimulation(greedy=false),label_reduction=exact(before_shrinking=true,before_merging=false),max_states=200000): 0
[t=23.9704s, 273992 KB] g=7, 8462 evaluated, 4974 expanded
[t=23.9704s, 273992 KB] Solution found!
[t=23.9704s, 273992 KB] Actual search time: 0.0279935s
jump-new-move pos-5-4 pos-4-4 pos-3-4 (1)
jump-continue-move pos-3-4 pos-2-4 pos-1-4 (0)
jump-continue-move pos-1-4 pos-1-3 pos-1-2 (0)
jump-continue-move pos-1-2 pos-2-2 pos-3-2 (0)
jump-continue-move pos-3-2 pos-4-2 pos-5-2 (0)
end-move pos-5-2 (0)
jump-new-move pos-4-6 pos-4-5 pos-4-4 (1)
end-move pos-4-4 (0)
jump-new-move pos-6-4 pos-6-3 pos-6-2 (1)
jump-continue-move pos-6-2 pos-5-2 pos-4-2 (0)
end-move pos-4-2 (0)
jump-new-move pos-4-1 pos-4-2 pos-4-3 (1)
jump-continue-move pos-4-3 pos-4-4 pos-4-5 (0)
end-move pos-4-5 (0)
jump-new-move pos-2-6 pos-3-6 pos-4-6 (1)
jump-continue-move pos-4-6 pos-4-5 pos-4-4 (0)
end-move pos-4-4 (0)
jump-new-move pos-2-5 pos-3-5 pos-4-5 (1)
jump-continue-move pos-4-5 pos-4-4 pos-4-3 (0)
end-move pos-4-3 (0)
jump-new-move pos-5-3 pos-4-3 pos-3-3 (1)
[t=23.9704s, 273992 KB] Plan length: 21 step(s).
[t=23.9704s, 273992 KB] Plan cost: 7
[t=23.9704s, 273992 KB] Expanded 4975 state(s).
[t=23.9704s, 273992 KB] Reopened 0 state(s).
[t=23.9704s, 273992 KB] Evaluated 8462 state(s).
[t=23.9704s, 273992 KB] Evaluations: 8462
[t=23.9704s, 273992 KB] Generated 11413 state(s).
[t=23.9704s, 273992 KB] Dead ends: 9 state(s).
[t=23.9704s, 273992 KB] Expanded until last jump: 3035 state(s).
[t=23.9704s, 273992 KB] Reopened until last jump: 0 state(s).
[t=23.9704s, 273992 KB] Evaluated until last jump: 5912 state(s).
[t=23.9704s, 273992 KB] Generated until last jump: 7618 state(s).
[t=23.9704s, 273992 KB] Number of registered states: 8462
[t=23.9704s, 273992 KB] Int hash set load factor: 8462/16384 = 0.516479
[t=23.9704s, 273992 KB] Int hash set resizes: 14
[t=23.9704s, 273992 KB] Search time: 0.0279935s
[t=23.9704s, 273992 KB] Total time: 23.9704s
Solution found.
Peak memory: 273992 KB
exitcode: 0

Exit codes: [23, 0]
Remove intermediate file output.sas
search exit code: 2

INFO     Planner time: 217.31s
