INFO     planner time limit: 1800s
INFO     planner memory limit: None

INFO     Running translator.
INFO     translator stdin: None
INFO     translator time limit: 1799s
INFO     translator memory limit: None
INFO     translator command line string: /usr/bin/python3 /home/bharath/Desktop/GitHub/downward/builds/release/bin/translate/translate.py /home/bharath/Desktop/ISWC_test/best_planner/data/sokoban/domain.pddl /home/bharath/Desktop/ISWC_test/best_planner/data/sokoban/instance-2.pddl --sas-file output.sas
Parsing...
Parsing: [0.010s CPU, 0.012s wall-clock]
Normalizing task... [0.000s CPU, 0.000s wall-clock]
Instantiating...
Generating Datalog program... [0.000s CPU, 0.004s wall-clock]
Normalizing Datalog program...
Normalizing Datalog program: [0.000s CPU, 0.006s wall-clock]
Preparing model... [0.010s CPU, 0.007s wall-clock]
Generated 38 rules.
Computing model... [0.060s CPU, 0.049s wall-clock]
1131 relevant atoms
1946 auxiliary atoms
3077 final queue length
3564 total queue pushes
Completing instantiation... [0.010s CPU, 0.017s wall-clock]
Instantiating: [0.080s CPU, 0.085s wall-clock]
Computing fact groups...
Finding invariants...
7 initial candidates
Finding invariants: [0.010s CPU, 0.008s wall-clock]
Checking invariant weight... [0.000s CPU, 0.001s wall-clock]
Instantiating groups... [0.010s CPU, 0.011s wall-clock]
Collecting mutex groups... [0.000s CPU, 0.000s wall-clock]
Choosing groups...
75 uncovered facts
Choosing groups: [0.010s CPU, 0.001s wall-clock]
Building translation key... [0.000s CPU, 0.000s wall-clock]
Computing fact groups: [0.030s CPU, 0.022s wall-clock]
Building STRIPS to SAS dictionary... [0.000s CPU, 0.000s wall-clock]
Building dictionary for full mutex groups... [0.000s CPU, 0.000s wall-clock]
Building mutex information...
Building mutex information: [0.000s CPU, 0.000s wall-clock]
Translating task...
Processing axioms...
Simplifying axioms... [0.000s CPU, 0.000s wall-clock]
Translator axioms removed by simplifying: 0
Computing negative axioms... [0.000s CPU, 0.000s wall-clock]
Processing axioms: [0.000s CPU, 0.001s wall-clock]
Translating task: [0.010s CPU, 0.013s wall-clock]
355 effect conditions simplified
0 implied preconditions added
Detecting unreachable propositions...
0 operators removed
0 axioms removed
74 propositions removed
Detecting unreachable propositions: [0.010s CPU, 0.007s wall-clock]
Reordering and filtering variables...
44 of 44 variables necessary.
37 of 41 mutex groups necessary.
232 of 232 operators necessary.
0 of 0 axiom rules necessary.
Reordering and filtering variables: [0.000s CPU, 0.004s wall-clock]
Translator variables: 44
Translator derived variables: 0
Translator facts: 207
Translator goal facts: 3
Translator mutex groups: 37
Translator total mutex groups size: 164
Translator operators: 232
Translator axioms: 0
Translator task size: 2224
Translator peak memory: 36368 KB
Writing output... [0.010s CPU, 0.006s wall-clock]
Done! [0.150s CPU, 0.151s wall-clock]
translate exit code: 0

INFO     Running search (release).
INFO     search portfolio: /home/bharath/Desktop/GitHub/downward/driver/portfolios/seq_opt_fdss_1.py
remaining time: 1799.0
config 0: relative time 175, remaining 1631
args: ['/home/bharath/Desktop/GitHub/downward/builds/release/bin/downward', '--search', 'astar(merge_and_shrink(merge_strategy=merge_precomputed(merge_tree=linear(variable_order=reverse_level)),shrink_strategy=shrink_bisimulation(greedy=true),label_reduction=exact(before_shrinking=true,before_merging=false),max_states=infinity,threshold_before_merge=1))', '--internal-plan-file', '/home/bharath/Desktop/ISWC_test/best_planner/ontology_policy_results/results/plan-sokoban-instance-2.txt']
INFO     search stdin: output.sas
INFO     search time limit: 193s
INFO     search memory limit: None
INFO     search command line string: /home/bharath/Desktop/GitHub/downward/builds/release/bin/downward --search 'astar(merge_and_shrink(merge_strategy=merge_precomputed(merge_tree=linear(variable_order=reverse_level)),shrink_strategy=shrink_bisimulation(greedy=true),label_reduction=exact(before_shrinking=true,before_merging=false),max_states=infinity,threshold_before_merge=1))' --internal-plan-file /home/bharath/Desktop/ISWC_test/best_planner/ontology_policy_results/results/plan-sokoban-instance-2.txt < output.sas
[t=0.00724577s, 10980 KB] reading input...
[t=0.00724577s, 11104 KB] done reading input!
[t=0.0112471s, 11368 KB] Initializing merge-and-shrink heuristic...
[t=0.0112471s, 11368 KB] Running merge-and-shrink algorithm...
[t=0.0112471s, 11368 KB] Merge strategy options:
[t=0.0112471s, 11368 KB] Type: precomputed
[t=0.0112471s, 11368 KB] Merge tree options: 
[t=0.0112471s, 11368 KB] Type: linear
[t=0.0112471s, 11368 KB] Update option: use random
[t=0.0112471s, 11368 KB] Variable order type: by reverse level

[t=0.0112471s, 11368 KB] Options related to size limits and shrinking: 
[t=0.0112471s, 11368 KB] Transition system size limit: 2147483647
[t=0.0112471s, 11368 KB] Transition system size limit right before merge: 2147483647
[t=0.0112471s, 11368 KB] Threshold to trigger shrinking right before merge: 1

[t=0.0112471s, 11368 KB] Shrink strategy options: 
[t=0.0112471s, 11368 KB] Type: bisimulation
[t=0.0112471s, 11368 KB] Bisimulation type: greedy
[t=0.0112471s, 11368 KB] At limit: return

[t=0.0112471s, 11368 KB] Pruning unreachable states: yes
[t=0.0112471s, 11368 KB] Pruning irrelevant states: yes

[t=0.0112471s, 11368 KB] Label reduction options:
[t=0.0112471s, 11368 KB] Before merging: disabled
[t=0.0112471s, 11368 KB] Before shrinking: enabled
[t=0.0112471s, 11368 KB] Method: all transition systems with fixpoint computation
[t=0.0112471s, 11368 KB] System order: random

[t=0.0112471s, 11368 KB] Main loop max time in seconds: inf


[t=0.0112471s, 11368 KB] Building atomic transition systems... 
[t=0.0112471s, 11500 KB] M&S algorithm timer: 0s (after computation of atomic factors)

[t=0.0112471s, 11500 KB] Starting main loop without a time limit.
[t=0.0112471s, 11500 KB] building causal graph...done! [t=0.0040021s]
[t=0.0152492s, 11624 KB] Next pair of indices: (0, 1)
[t=0.0152492s, 11624 KB] M&S algorithm main loop timer: 0.0040021s (after computation of next merge)
[t=0.075058s, 11624 KB] M&S algorithm main loop timer: 0.0638109s (after merging)

[t=0.075058s, 11624 KB] Next pair of indices: (44, 2)
[t=0.075058s, 11624 KB] M&S algorithm main loop timer: 0.0638109s (after computation of next merge)
[t=0.139057s, 11624 KB] M&S algorithm main loop timer: 0.12781s (after merging)

[t=0.139057s, 11624 KB] Next pair of indices: (45, 3)
[t=0.139057s, 11624 KB] M&S algorithm main loop timer: 0.12781s (after computation of next merge)
[t=0.17905s, 11624 KB] M&S algorithm main loop timer: 0.167803s (after merging)

[t=0.17905s, 11624 KB] Next pair of indices: (46, 4)
[t=0.17905s, 11624 KB] M&S algorithm main loop timer: 0.167803s (after computation of next merge)
[t=0.211056s, 11624 KB] M&S algorithm main loop timer: 0.199809s (after merging)

[t=0.211056s, 11624 KB] Next pair of indices: (47, 5)
[t=0.211056s, 11624 KB] M&S algorithm main loop timer: 0.199809s (after computation of next merge)
[t=0.247037s, 11624 KB] M&S algorithm main loop timer: 0.23579s (after merging)

[t=0.247037s, 11624 KB] Next pair of indices: (48, 6)
[t=0.247037s, 11624 KB] M&S algorithm main loop timer: 0.23579s (after computation of next merge)
[t=0.275043s, 11624 KB] M&S algorithm main loop timer: 0.263796s (after merging)

[t=0.275043s, 11624 KB] Next pair of indices: (49, 7)
[t=0.275043s, 11624 KB] M&S algorithm main loop timer: 0.263796s (after computation of next merge)
[t=0.31505s, 11624 KB] M&S algorithm main loop timer: 0.303803s (after merging)

[t=0.31505s, 11624 KB] Next pair of indices: (50, 8)
[t=0.31505s, 11624 KB] M&S algorithm main loop timer: 0.303803s (after computation of next merge)
[t=0.355058s, 11756 KB] M&S algorithm main loop timer: 0.343811s (after merging)

[t=0.355058s, 11756 KB] Next pair of indices: (51, 9)
[t=0.355058s, 11756 KB] M&S algorithm main loop timer: 0.343811s (after computation of next merge)
[t=0.379063s, 12012 KB] M&S algorithm main loop timer: 0.367816s (after merging)

[t=0.379063s, 12012 KB] Next pair of indices: (52, 10)
[t=0.379063s, 12012 KB] M&S algorithm main loop timer: 0.367816s (after computation of next merge)
[t=0.407069s, 12528 KB] M&S algorithm main loop timer: 0.395822s (after merging)

[t=0.407069s, 12528 KB] Next pair of indices: (53, 11)
[t=0.407069s, 12528 KB] M&S algorithm main loop timer: 0.395822s (after computation of next merge)
[t=0.451079s, 13736 KB] M&S algorithm main loop timer: 0.439832s (after merging)

[t=0.451079s, 13736 KB] Next pair of indices: (54, 12)
[t=0.451079s, 13736 KB] M&S algorithm main loop timer: 0.439832s (after computation of next merge)
[t=0.499089s, 16280 KB] M&S algorithm main loop timer: 0.487842s (after merging)

[t=0.499089s, 16280 KB] Next pair of indices: (55, 13)
[t=0.499089s, 16280 KB] M&S algorithm main loop timer: 0.487842s (after computation of next merge)
[t=0.575104s, 21812 KB] M&S algorithm main loop timer: 0.563857s (after merging)

[t=0.575104s, 21812 KB] Next pair of indices: (56, 14)
[t=0.575104s, 21812 KB] M&S algorithm main loop timer: 0.563857s (after computation of next merge)
[t=0.731134s, 34512 KB] M&S algorithm main loop timer: 0.719887s (after merging)

[t=0.731134s, 34512 KB] Next pair of indices: (57, 15)
[t=0.731134s, 34512 KB] M&S algorithm main loop timer: 0.719887s (after computation of next merge)
[t=1.05494s, 63256 KB] M&S algorithm main loop timer: 1.04369s (after merging)

[t=1.06692s, 63256 KB] Next pair of indices: (58, 16)
[t=1.06692s, 63256 KB] M&S algorithm main loop timer: 1.05567s (after computation of next merge)
[t=1.85047s, 123176 KB] M&S algorithm main loop timer: 1.83922s (after merging)

[t=1.87447s, 123176 KB] Next pair of indices: (59, 17)
[t=1.87447s, 123176 KB] M&S algorithm main loop timer: 1.86323s (after computation of next merge)
[t=3.48523s, 240728 KB] M&S algorithm main loop timer: 3.47398s (after merging)

[t=3.52122s, 240728 KB] Next pair of indices: (60, 18)
[t=3.52122s, 240728 KB] M&S algorithm main loop timer: 3.50997s (after computation of next merge)
[t=6.69706s, 490500 KB] M&S algorithm main loop timer: 6.68981s (after merging)

[t=6.74972s, 490500 KB] Next pair of indices: (61, 19)
[t=6.74972s, 490500 KB] M&S algorithm main loop timer: 6.73847s (after computation of next merge)
[t=13.1258s, 991200 KB] M&S algorithm main loop timer: 13.1145s (after merging)

[t=13.2138s, 991200 KB] Next pair of indices: (62, 20)
[t=13.2138s, 991200 KB] M&S algorithm main loop timer: 13.2025s (after computation of next merge)
[t=26.1214s, 2044064 KB] M&S algorithm main loop timer: 26.1102s (after merging)

[t=26.2934s, 2044064 KB] Next pair of indices: (63, 21)
[t=26.2934s, 2044064 KB] M&S algorithm main loop timer: 26.2822s (after computation of next merge)
[t=54.1129s, 4192192 KB] M&S algorithm main loop timer: 54.1017s (after merging)

[t=54.457s, 4192192 KB] Next pair of indices: (64, 22)
[t=54.457s, 4192192 KB] M&S algorithm main loop timer: 54.4457s (after computation of next merge)
exitcode: -9

remaining time: 1708.97
config 1: relative time 432, remaining 1456
args: ['/home/bharath/Desktop/GitHub/downward/builds/release/bin/downward', '--search', 'astar(merge_and_shrink(merge_strategy=merge_precomputed(merge_tree=linear(variable_order=reverse_level)),shrink_strategy=shrink_bisimulation(greedy=false),label_reduction=exact(before_shrinking=true,before_merging=false),max_states=200000))', '--internal-plan-file', '/home/bharath/Desktop/ISWC_test/best_planner/ontology_policy_results/results/plan-sokoban-instance-2.txt']
INFO     search stdin: output.sas
INFO     search time limit: 507s
INFO     search memory limit: None
INFO     search command line string: /home/bharath/Desktop/GitHub/downward/builds/release/bin/downward --search 'astar(merge_and_shrink(merge_strategy=merge_precomputed(merge_tree=linear(variable_order=reverse_level)),shrink_strategy=shrink_bisimulation(greedy=false),label_reduction=exact(before_shrinking=true,before_merging=false),max_states=200000))' --internal-plan-file /home/bharath/Desktop/ISWC_test/best_planner/ontology_policy_results/results/plan-sokoban-instance-2.txt < output.sas
[t=0.00348214s, 10980 KB] reading input...
[t=0.00717167s, 11104 KB] done reading input!
[t=0.0119862s, 11368 KB] Initializing merge-and-shrink heuristic...
[t=0.0119862s, 11368 KB] Running merge-and-shrink algorithm...
[t=0.0119862s, 11368 KB] Merge strategy options:
[t=0.0119862s, 11368 KB] Type: precomputed
[t=0.0119862s, 11368 KB] Merge tree options: 
[t=0.0119862s, 11368 KB] Type: linear
[t=0.0119862s, 11368 KB] Update option: use random
[t=0.0119862s, 11368 KB] Variable order type: by reverse level

[t=0.0119862s, 11368 KB] Options related to size limits and shrinking: 
[t=0.0119862s, 11368 KB] Transition system size limit: 200000
[t=0.0119862s, 11368 KB] Transition system size limit right before merge: 200000
[t=0.0119862s, 11368 KB] Threshold to trigger shrinking right before merge: 200000

[t=0.0119862s, 11368 KB] Shrink strategy options: 
[t=0.0119862s, 11368 KB] Type: bisimulation
[t=0.0119862s, 11368 KB] Bisimulation type: exact
[t=0.0119862s, 11368 KB] At limit: return

[t=0.0119862s, 11368 KB] Pruning unreachable states: yes
[t=0.0119862s, 11368 KB] Pruning irrelevant states: yes

[t=0.0119862s, 11368 KB] Label reduction options:
[t=0.0119862s, 11368 KB] Before merging: disabled
[t=0.0119862s, 11368 KB] Before shrinking: enabled
[t=0.0119862s, 11368 KB] Method: all transition systems with fixpoint computation
[t=0.0119862s, 11368 KB] System order: random

[t=0.0119862s, 11368 KB] Main loop max time in seconds: inf


[t=0.0119862s, 11368 KB] Building atomic transition systems... 
[t=0.0147654s, 11500 KB] M&S algorithm timer: 0.00277922s (after computation of atomic factors)

[t=0.0147654s, 11500 KB] Starting main loop without a time limit.
[t=0.0147654s, 11500 KB] building causal graph...done! [t=0s]
[t=0.0147654s, 11624 KB] Next pair of indices: (0, 1)
[t=0.0147654s, 11624 KB] M&S algorithm main loop timer: 0s (after computation of next merge)
[t=0.0547666s, 11624 KB] M&S algorithm main loop timer: 0.0400012s (after merging)

[t=0.0547666s, 11624 KB] Next pair of indices: (44, 2)
[t=0.0547666s, 11624 KB] M&S algorithm main loop timer: 0.0400012s (after computation of next merge)
[t=0.0867702s, 11624 KB] M&S algorithm main loop timer: 0.0720048s (after merging)

[t=0.0867702s, 11624 KB] Next pair of indices: (45, 3)
[t=0.0867702s, 11624 KB] M&S algorithm main loop timer: 0.0720048s (after computation of next merge)
[t=0.118774s, 11624 KB] M&S algorithm main loop timer: 0.104008s (after merging)

[t=0.118774s, 11624 KB] Next pair of indices: (46, 4)
[t=0.118774s, 11624 KB] M&S algorithm main loop timer: 0.104008s (after computation of next merge)
[t=0.146768s, 11624 KB] M&S algorithm main loop timer: 0.132002s (after merging)

[t=0.146768s, 11624 KB] Next pair of indices: (47, 5)
[t=0.146768s, 11624 KB] M&S algorithm main loop timer: 0.132002s (after computation of next merge)
[t=0.174772s, 11624 KB] M&S algorithm main loop timer: 0.160006s (after merging)

[t=0.174772s, 11624 KB] Next pair of indices: (48, 6)
[t=0.174772s, 11624 KB] M&S algorithm main loop timer: 0.160006s (after computation of next merge)
[t=0.202775s, 11624 KB] M&S algorithm main loop timer: 0.188009s (after merging)

[t=0.202775s, 11624 KB] Next pair of indices: (49, 7)
[t=0.202775s, 11624 KB] M&S algorithm main loop timer: 0.188009s (after computation of next merge)
[t=0.226779s, 11624 KB] M&S algorithm main loop timer: 0.212014s (after merging)

[t=0.226779s, 11624 KB] Next pair of indices: (50, 8)
[t=0.226779s, 11624 KB] M&S algorithm main loop timer: 0.216014s (after computation of next merge)
[t=0.254771s, 11756 KB] M&S algorithm main loop timer: 0.240006s (after merging)

[t=0.254771s, 11756 KB] Next pair of indices: (51, 9)
[t=0.254771s, 11756 KB] M&S algorithm main loop timer: 0.240006s (after computation of next merge)
[t=0.278773s, 12012 KB] M&S algorithm main loop timer: 0.264008s (after merging)

[t=0.278773s, 12012 KB] Next pair of indices: (52, 10)
[t=0.278773s, 12012 KB] M&S algorithm main loop timer: 0.264008s (after computation of next merge)
[t=0.306762s, 12532 KB] M&S algorithm main loop timer: 0.291997s (after merging)

[t=0.306762s, 12532 KB] Next pair of indices: (53, 11)
[t=0.306762s, 12532 KB] M&S algorithm main loop timer: 0.291997s (after computation of next merge)
[t=0.334758s, 13760 KB] M&S algorithm main loop timer: 0.319993s (after merging)

[t=0.334758s, 13760 KB] Next pair of indices: (54, 12)
[t=0.334758s, 13760 KB] M&S algorithm main loop timer: 0.319993s (after computation of next merge)
[t=0.370763s, 16288 KB] M&S algorithm main loop timer: 0.355998s (after merging)

[t=0.370763s, 16288 KB] Next pair of indices: (55, 13)
[t=0.370763s, 16288 KB] M&S algorithm main loop timer: 0.355998s (after computation of next merge)
[t=0.426775s, 21816 KB] M&S algorithm main loop timer: 0.412009s (after merging)

[t=0.430772s, 21816 KB] Next pair of indices: (56, 14)
[t=0.430772s, 21816 KB] M&S algorithm main loop timer: 0.416007s (after computation of next merge)
[t=0.538787s, 34484 KB] M&S algorithm main loop timer: 0.524022s (after merging)

[t=0.542786s, 34484 KB] Next pair of indices: (57, 15)
[t=0.542786s, 34484 KB] M&S algorithm main loop timer: 0.528021s (after computation of next merge)
[t=0.774818s, 63236 KB] M&S algorithm main loop timer: 0.760052s (after merging)

[t=0.782819s, 63236 KB] Next pair of indices: (58, 16)
[t=0.782819s, 63236 KB] M&S algorithm main loop timer: 0.768054s (after computation of next merge)
[t=1.25482s, 123176 KB] M&S algorithm main loop timer: 1.24006s (after merging)

[t=1.26682s, 123176 KB] Next pair of indices: (59, 17)
[t=1.26682s, 123176 KB] M&S algorithm main loop timer: 1.25206s (after computation of next merge)
[t=1.78284s, 123176 KB] M&S algorithm main loop timer: 1.77208s (after shrinking)
[t=1.78684s, 123176 KB] M&S algorithm main loop timer: 1.77208s (after merging)

[t=1.78684s, 123176 KB] Next pair of indices: (60, 18)
[t=1.78684s, 123176 KB] M&S algorithm main loop timer: 1.77208s (after computation of next merge)
[t=1.80284s, 123176 KB] M&S algorithm main loop timer: 1.78808s (after label reduction)
[t=1.80284s, 123176 KB] M&S algorithm main loop timer: 1.78808s (after merging)

[t=1.80284s, 123176 KB] Next pair of indices: (61, 19)
[t=1.80284s, 123176 KB] M&S algorithm main loop timer: 1.78808s (after computation of next merge)
[t=1.81084s, 123176 KB] M&S algorithm main loop timer: 1.79608s (after merging)

[t=1.81084s, 123176 KB] Next pair of indices: (62, 20)
[t=1.81084s, 123176 KB] M&S algorithm main loop timer: 1.79608s (after computation of next merge)
[t=1.82283s, 123176 KB] M&S algorithm main loop timer: 1.80807s (after merging)

[t=1.82283s, 123176 KB] Next pair of indices: (63, 21)
[t=1.82283s, 123176 KB] M&S algorithm main loop timer: 1.80807s (after computation of next merge)
[t=1.83084s, 123176 KB] M&S algorithm main loop timer: 1.81607s (after merging)

[t=1.83084s, 123176 KB] Next pair of indices: (64, 22)
[t=1.83084s, 123176 KB] M&S algorithm main loop timer: 1.81607s (after computation of next merge)
[t=1.84684s, 123176 KB] M&S algorithm main loop timer: 1.83207s (after merging)

[t=1.84684s, 123176 KB] Next pair of indices: (65, 23)
[t=1.84684s, 123176 KB] M&S algorithm main loop timer: 1.83207s (after computation of next merge)
[t=1.85484s, 123176 KB] M&S algorithm main loop timer: 1.84007s (after merging)

[t=1.85484s, 123176 KB] Next pair of indices: (66, 24)
[t=1.85484s, 123176 KB] M&S algorithm main loop timer: 1.84007s (after computation of next merge)
[t=1.86284s, 123176 KB] M&S algorithm main loop timer: 1.84807s (after merging)

[t=1.86284s, 123176 KB] Next pair of indices: (67, 25)
[t=1.86284s, 123176 KB] M&S algorithm main loop timer: 1.84807s (after computation of next merge)
[t=1.87084s, 123176 KB] M&S algorithm main loop timer: 1.85608s (after merging)

[t=1.87084s, 123176 KB] Next pair of indices: (68, 26)
[t=1.87084s, 123176 KB] M&S algorithm main loop timer: 1.85608s (after computation of next merge)
[t=1.87884s, 123176 KB] M&S algorithm main loop timer: 1.86408s (after merging)

[t=1.87884s, 123176 KB] Next pair of indices: (69, 27)
[t=1.87884s, 123176 KB] M&S algorithm main loop timer: 1.86408s (after computation of next merge)
[t=1.89085s, 123176 KB] M&S algorithm main loop timer: 1.87608s (after merging)

[t=1.89085s, 123176 KB] Next pair of indices: (70, 28)
[t=1.89085s, 123176 KB] M&S algorithm main loop timer: 1.87608s (after computation of next merge)
[t=1.90285s, 123176 KB] M&S algorithm main loop timer: 1.88808s (after merging)

[t=1.90285s, 123176 KB] Next pair of indices: (71, 29)
[t=1.90285s, 123176 KB] M&S algorithm main loop timer: 1.88808s (after computation of next merge)
[t=1.92685s, 123176 KB] M&S algorithm main loop timer: 1.91209s (after merging)

[t=1.92685s, 123176 KB] Next pair of indices: (72, 30)
[t=1.92685s, 123176 KB] M&S algorithm main loop timer: 1.91209s (after computation of next merge)
[t=1.98285s, 123176 KB] M&S algorithm main loop timer: 1.96808s (after merging)

[t=1.98285s, 123176 KB] Next pair of indices: (73, 31)
[t=1.98285s, 123176 KB] M&S algorithm main loop timer: 1.96808s (after computation of next merge)
[t=2.09486s, 123176 KB] M&S algorithm main loop timer: 2.0801s (after merging)

[t=2.09886s, 123176 KB] Next pair of indices: (74, 32)
[t=2.09886s, 123176 KB] M&S algorithm main loop timer: 2.0841s (after computation of next merge)
[t=2.36282s, 123176 KB] M&S algorithm main loop timer: 2.34805s (after merging)

[t=2.36682s, 123176 KB] Next pair of indices: (75, 33)
[t=2.36682s, 123176 KB] M&S algorithm main loop timer: 2.35205s (after computation of next merge)
[t=2.97489s, 150600 KB] M&S algorithm main loop timer: 2.96013s (after merging)

[t=2.9869s, 150600 KB] Next pair of indices: (76, 34)
[t=2.9869s, 150600 KB] M&S algorithm main loop timer: 2.97213s (after computation of next merge)
[t=3.59892s, 150600 KB] M&S algorithm main loop timer: 3.58416s (after shrinking)
[t=3.60292s, 150600 KB] M&S algorithm main loop timer: 3.58816s (after merging)

[t=3.60292s, 150600 KB] Next pair of indices: (77, 35)
[t=3.60292s, 150600 KB] M&S algorithm main loop timer: 3.58816s (after computation of next merge)
[t=3.60292s, 150600 KB] M&S algorithm main loop timer: 3.58816s (after label reduction)
[t=3.60292s, 150600 KB] M&S algorithm main loop timer: 3.58816s (after merging)

[t=3.60292s, 150600 KB] Next pair of indices: (78, 36)
[t=3.60292s, 150600 KB] M&S algorithm main loop timer: 3.58816s (after computation of next merge)
[t=3.60692s, 150600 KB] M&S algorithm main loop timer: 3.59216s (after merging)

[t=3.60692s, 150600 KB] Next pair of indices: (79, 37)
[t=3.60692s, 150600 KB] M&S algorithm main loop timer: 3.59216s (after computation of next merge)
[t=3.61092s, 150600 KB] M&S algorithm main loop timer: 3.59616s (after merging)

[t=3.61092s, 150600 KB] Next pair of indices: (80, 38)
[t=3.61092s, 150600 KB] M&S algorithm main loop timer: 3.59616s (after computation of next merge)
[t=3.61892s, 150600 KB] M&S algorithm main loop timer: 3.60416s (after merging)

[t=3.61892s, 150600 KB] Next pair of indices: (81, 39)
[t=3.62292s, 150600 KB] M&S algorithm main loop timer: 3.60816s (after computation of next merge)
[t=3.64293s, 150600 KB] M&S algorithm main loop timer: 3.62816s (after shrinking)
[t=3.81092s, 150600 KB] M&S algorithm main loop timer: 3.79616s (after merging)

[t=3.81892s, 150600 KB] Next pair of indices: (82, 40)
[t=3.81892s, 150600 KB] M&S algorithm main loop timer: 3.80416s (after computation of next merge)
[t=3.81892s, 150600 KB] M&S algorithm main loop timer: 3.80416s (after label reduction)
[t=3.99092s, 150600 KB] M&S algorithm main loop timer: 3.97615s (after shrinking)
[t=3.99092s, 150600 KB] M&S algorithm main loop timer: 3.97615s (after merging)

[t=3.99092s, 150600 KB] Next pair of indices: (83, 41)
[t=3.99092s, 150600 KB] M&S algorithm main loop timer: 3.97615s (after computation of next merge)
[t=3.99092s, 150600 KB] M&S algorithm main loop timer: 3.97615s (after label reduction)
[t=3.99092s, 150600 KB] M&S algorithm main loop timer: 3.97615s (after merging)

[t=3.99092s, 150600 KB] Next pair of indices: (84, 42)
[t=3.99092s, 150600 KB] M&S algorithm main loop timer: 3.98015s (after computation of next merge)
[t=3.99492s, 150600 KB] M&S algorithm main loop timer: 3.98015s (after label reduction)
[t=3.99492s, 150600 KB] M&S algorithm main loop timer: 3.98015s (after merging)

[t=3.99492s, 150600 KB] Next pair of indices: (85, 43)
[t=3.99492s, 150600 KB] M&S algorithm main loop timer: 3.98015s (after computation of next merge)
[t=3.99492s, 150600 KB] M&S algorithm main loop timer: 3.98015s (after label reduction)
[t=3.99492s, 150600 KB] M&S algorithm main loop timer: 3.98015s (after merging)

[t=3.99492s, 150600 KB] End of merge-and-shrink algorithm, statistics:
[t=3.99492s, 150600 KB] Main loop runtime: 3.98015s
[t=3.99492s, 150600 KB] Maximum intermediate abstraction size: 131072
[t=3.99492s, 150600 KB] Final peak memory increase of merge-and-shrink algorithm: 139232 KB
[t=3.99492s, 150600 KB] Merge-and-shrink algorithm runtime: 3.98293s

[t=3.99492s, 150600 KB] Number of remaining factors: 1
[t=3.99492s, 150600 KB] Number of factors kept: 1
[t=3.99492s, 150600 KB] Done initializing merge-and-shrink heuristic.

[t=3.99492s, 150600 KB] Building successor generator...done!
[t=3.99492s, 150600 KB] peak memory difference for successor generator creation: 0 KB
[t=3.99492s, 150600 KB] time for successor generation creation: 0s
[t=3.99492s, 150600 KB] Variables: 44
[t=3.99492s, 150600 KB] FactPairs: 207
[t=3.99492s, 150600 KB] Bytes per state: 8
[t=3.99492s, 150600 KB] Conducting best first search with reopening closed nodes, (real) bound = 2147483647
[t=3.99492s, 150600 KB] New best heuristic value for merge_and_shrink(merge_strategy=merge_precomputed(merge_tree=linear(variable_order=reverse_level)),shrink_strategy=shrink_bisimulation(greedy=false),label_reduction=exact(before_shrinking=true,before_merging=false),max_states=200000): 3
[t=3.99492s, 150600 KB] g=0, 1 evaluated, 0 expanded
[t=3.99492s, 150600 KB] f = 3, 1 evaluated, 0 expanded
[t=3.99492s, 150600 KB] Initial heuristic value for merge_and_shrink(merge_strategy=merge_precomputed(merge_tree=linear(variable_order=reverse_level)),shrink_strategy=shrink_bisimulation(greedy=false),label_reduction=exact(before_shrinking=true,before_merging=false),max_states=200000): 3
[t=3.99492s, 150600 KB] pruning method: none
[t=3.99492s, 150600 KB] New best heuristic value for merge_and_shrink(merge_strategy=merge_precomputed(merge_tree=linear(variable_order=reverse_level)),shrink_strategy=shrink_bisimulation(greedy=false),label_reduction=exact(before_shrinking=true,before_merging=false),max_states=200000): 2
[t=3.99492s, 150600 KB] g=1, 19 evaluated, 11 expanded
[t=3.99492s, 150600 KB] f = 4, 45 evaluated, 41 expanded
[t=3.99892s, 150600 KB] f = 5, 135 evaluated, 127 expanded
[t=3.99892s, 150600 KB] f = 6, 298 evaluated, 281 expanded
[t=3.99892s, 150600 KB] f = 7, 581 evaluated, 554 expanded
[t=4.00292s, 150600 KB] f = 8, 916 evaluated, 878 expanded
[t=4.00692s, 150600 KB] f = 9, 1418 evaluated, 1357 expanded
[t=4.01092s, 150600 KB] f = 10, 2171 evaluated, 2085 expanded
[t=4.01492s, 150600 KB] f = 11, 3223 evaluated, 3114 expanded
[t=4.02692s, 150600 KB] f = 12, 4535 evaluated, 4403 expanded
[t=4.02692s, 150600 KB] New best heuristic value for merge_and_shrink(merge_strategy=merge_precomputed(merge_tree=linear(variable_order=reverse_level)),shrink_strategy=shrink_bisimulation(greedy=false),label_reduction=exact(before_shrinking=true,before_merging=false),max_states=200000): 1
[t=4.02692s, 150600 KB] g=11, 4583 evaluated, 4423 expanded
[t=4.03492s, 150600 KB] f = 13, 6098 evaluated, 5957 expanded
[t=4.04692s, 150600 KB] f = 14, 7718 evaluated, 7558 expanded
[t=4.05892s, 150600 KB] f = 15, 9719 evaluated, 9500 expanded
[t=4.07493s, 150600 KB] f = 16, 12796 evaluated, 12477 expanded
[t=4.10293s, 150600 KB] f = 17, 17044 evaluated, 16608 expanded
[t=4.13491s, 150600 KB] f = 18, 22579 evaluated, 22064 expanded
[t=4.17492s, 150600 KB] f = 19, 28691 evaluated, 28123 expanded
[t=4.21492s, 150600 KB] f = 20, 35224 evaluated, 34622 expanded
[t=4.25892s, 150600 KB] f = 21, 42513 evaluated, 41841 expanded
[t=4.31092s, 150600 KB] f = 22, 50828 evaluated, 50073 expanded
[t=4.37093s, 150600 KB] f = 23, 60350 evaluated, 59505 expanded
[t=4.43893s, 150600 KB] f = 24, 71041 evaluated, 70129 expanded
[t=4.51044s, 150600 KB] f = 25, 82113 evaluated, 81149 expanded
[t=4.57845s, 150600 KB] f = 26, 93767 evaluated, 92769 expanded
[t=4.65446s, 150600 KB] f = 27, 106097 evaluated, 105019 expanded
[t=4.74246s, 150600 KB] f = 28, 119356 evaluated, 118190 expanded
[t=4.83447s, 150600 KB] f = 29, 133459 evaluated, 132201 expanded
[t=4.92647s, 150600 KB] f = 30, 148710 evaluated, 147430 expanded
[t=5.02646s, 150600 KB] f = 31, 163956 evaluated, 162630 expanded
[t=5.16648s, 150600 KB] f = 32, 180143 evaluated, 178772 expanded
[t=5.27047s, 150600 KB] f = 33, 196705 evaluated, 195256 expanded
[t=5.38246s, 150600 KB] f = 34, 214770 evaluated, 213278 expanded
[t=5.51446s, 150600 KB] f = 35, 232864 evaluated, 231395 expanded
[t=5.63448s, 150600 KB] f = 36, 251646 evaluated, 250177 expanded
[t=5.74647s, 150600 KB] f = 37, 269518 evaluated, 268076 expanded
[t=5.74647s, 150600 KB] New best heuristic value for merge_and_shrink(merge_strategy=merge_precomputed(merge_tree=linear(variable_order=reverse_level)),shrink_strategy=shrink_bisimulation(greedy=false),label_reduction=exact(before_shrinking=true,before_merging=false),max_states=200000): 0
[t=5.74647s, 150600 KB] g=37, 269537 evaluated, 268084 expanded
[t=5.74647s, 150600 KB] Solution found!
[t=5.74647s, 150600 KB] Actual search time: 1.75155s
push-to-nongoal player-01 stone-02 pos-06-06 pos-07-06 pos-08-06 dir-right (1)
push-to-nongoal player-01 stone-02 pos-07-06 pos-08-06 pos-09-06 dir-right (1)
move player-01 pos-08-06 pos-08-07 dir-down (0)
move player-01 pos-08-07 pos-09-07 dir-right (0)
move player-01 pos-09-07 pos-10-07 dir-right (0)
move player-01 pos-10-07 pos-10-06 dir-up (0)
push-to-nongoal player-01 stone-02 pos-10-06 pos-09-06 pos-08-06 dir-left (1)
push-to-nongoal player-01 stone-02 pos-09-06 pos-08-06 pos-07-06 dir-left (1)
push-to-nongoal player-01 stone-02 pos-08-06 pos-07-06 pos-06-06 dir-left (1)
move player-01 pos-07-06 pos-08-06 dir-right (0)
move player-01 pos-08-06 pos-08-07 dir-down (0)
move player-01 pos-08-07 pos-09-07 dir-right (0)
move player-01 pos-09-07 pos-09-08 dir-down (0)
move player-01 pos-09-08 pos-09-09 dir-down (0)
push-to-nongoal player-01 stone-03 pos-09-09 pos-08-09 pos-07-09 dir-left (1)
push-to-nongoal player-01 stone-03 pos-08-09 pos-07-09 pos-06-09 dir-left (1)
move player-01 pos-07-09 pos-07-10 dir-down (0)
move player-01 pos-07-10 pos-06-10 dir-left (0)
move player-01 pos-06-10 pos-05-10 dir-left (0)
move player-01 pos-05-10 pos-05-09 dir-up (0)
push-to-nongoal player-01 stone-03 pos-05-09 pos-06-09 pos-07-09 dir-right (1)
move player-01 pos-06-09 pos-06-08 dir-up (0)
move player-01 pos-06-08 pos-06-07 dir-up (0)
push-to-goal player-01 stone-02 pos-06-07 pos-06-06 pos-06-05 dir-up (1)
push-to-nongoal player-01 stone-02 pos-06-06 pos-06-05 pos-06-04 dir-up (1)
push-to-nongoal player-01 stone-02 pos-06-05 pos-06-04 pos-06-03 dir-up (1)
move player-01 pos-06-04 pos-07-04 dir-right (0)
move player-01 pos-07-04 pos-07-03 dir-up (0)
push-to-nongoal player-01 stone-02 pos-07-03 pos-06-03 pos-05-03 dir-left (1)
move player-01 pos-06-03 pos-06-04 dir-down (0)
move player-01 pos-06-04 pos-06-05 dir-down (0)
move player-01 pos-06-05 pos-06-06 dir-down (0)
push-to-nongoal player-01 stone-01 pos-06-06 pos-05-06 pos-04-06 dir-left (1)
push-to-nongoal player-01 stone-01 pos-05-06 pos-04-06 pos-03-06 dir-left (1)
move player-01 pos-04-06 pos-04-05 dir-up (0)
move player-01 pos-04-05 pos-03-05 dir-left (0)
move player-01 pos-03-05 pos-02-05 dir-left (0)
move player-01 pos-02-05 pos-02-06 dir-down (0)
push-to-nongoal player-01 stone-01 pos-02-06 pos-03-06 pos-04-06 dir-right (1)
push-to-nongoal player-01 stone-01 pos-03-06 pos-04-06 pos-05-06 dir-right (1)
push-to-nongoal player-01 stone-01 pos-04-06 pos-05-06 pos-06-06 dir-right (1)
push-to-nongoal player-01 stone-01 pos-05-06 pos-06-06 pos-07-06 dir-right (1)
push-to-nongoal player-01 stone-01 pos-06-06 pos-07-06 pos-08-06 dir-right (1)
push-to-nongoal player-01 stone-01 pos-07-06 pos-08-06 pos-09-06 dir-right (1)
move player-01 pos-08-06 pos-08-07 dir-down (0)
move player-01 pos-08-07 pos-09-07 dir-right (0)
move player-01 pos-09-07 pos-10-07 dir-right (0)
move player-01 pos-10-07 pos-10-06 dir-up (0)
push-to-nongoal player-01 stone-01 pos-10-06 pos-09-06 pos-08-06 dir-left (1)
push-to-nongoal player-01 stone-01 pos-09-06 pos-08-06 pos-07-06 dir-left (1)
push-to-nongoal player-01 stone-01 pos-08-06 pos-07-06 pos-06-06 dir-left (1)
move player-01 pos-07-06 pos-08-06 dir-right (0)
move player-01 pos-08-06 pos-08-07 dir-down (0)
move player-01 pos-08-07 pos-09-07 dir-right (0)
move player-01 pos-09-07 pos-09-08 dir-down (0)
move player-01 pos-09-08 pos-09-09 dir-down (0)
move player-01 pos-09-09 pos-08-09 dir-left (0)
push-to-nongoal player-01 stone-03 pos-08-09 pos-07-09 pos-06-09 dir-left (1)
move player-01 pos-07-09 pos-07-10 dir-down (0)
move player-01 pos-07-10 pos-06-10 dir-left (0)
move player-01 pos-06-10 pos-05-10 dir-left (0)
move player-01 pos-05-10 pos-05-09 dir-up (0)
push-to-nongoal player-01 stone-03 pos-05-09 pos-06-09 pos-07-09 dir-right (1)
move player-01 pos-06-09 pos-06-08 dir-up (0)
move player-01 pos-06-08 pos-06-07 dir-up (0)
push-to-goal player-01 stone-01 pos-06-07 pos-06-06 pos-06-05 dir-up (1)
move player-01 pos-06-06 pos-06-07 dir-down (0)
move player-01 pos-06-07 pos-06-08 dir-down (0)
move player-01 pos-06-08 pos-06-09 dir-down (0)
push-to-nongoal player-01 stone-03 pos-06-09 pos-07-09 pos-08-09 dir-right (1)
push-to-goal player-01 stone-03 pos-07-09 pos-08-09 pos-09-09 dir-right (1)
move player-01 pos-08-09 pos-07-09 dir-left (0)
move player-01 pos-07-09 pos-06-09 dir-left (0)
move player-01 pos-06-09 pos-06-08 dir-up (0)
move player-01 pos-06-08 pos-06-07 dir-up (0)
move player-01 pos-06-07 pos-06-06 dir-up (0)
push-to-nongoal player-01 stone-01 pos-06-06 pos-06-05 pos-06-04 dir-up (1)
push-to-nongoal player-01 stone-01 pos-06-05 pos-06-04 pos-06-03 dir-up (1)
move player-01 pos-06-04 pos-07-04 dir-right (0)
move player-01 pos-07-04 pos-07-03 dir-up (0)
move player-01 pos-07-03 pos-07-02 dir-up (0)
move player-01 pos-07-02 pos-06-02 dir-left (0)
push-to-nongoal player-01 stone-01 pos-06-02 pos-06-03 pos-06-04 dir-down (1)
push-to-goal player-01 stone-01 pos-06-03 pos-06-04 pos-06-05 dir-down (1)
push-to-nongoal player-01 stone-01 pos-06-04 pos-06-05 pos-06-06 dir-down (1)
push-to-goal player-01 stone-01 pos-06-05 pos-06-06 pos-06-07 dir-down (1)
move player-01 pos-06-06 pos-06-05 dir-up (0)
move player-01 pos-06-05 pos-06-04 dir-up (0)
move player-01 pos-06-04 pos-06-03 dir-up (0)
move player-01 pos-06-03 pos-06-02 dir-up (0)
move player-01 pos-06-02 pos-05-02 dir-left (0)
move player-01 pos-05-02 pos-04-02 dir-left (0)
move player-01 pos-04-02 pos-04-03 dir-down (0)
push-to-nongoal player-01 stone-02 pos-04-03 pos-05-03 pos-06-03 dir-right (1)
move player-01 pos-05-03 pos-05-02 dir-up (0)
move player-01 pos-05-02 pos-06-02 dir-right (0)
push-to-nongoal player-01 stone-02 pos-06-02 pos-06-03 pos-06-04 dir-down (1)
push-to-goal player-01 stone-02 pos-06-03 pos-06-04 pos-06-05 dir-down (1)
[t=5.74647s, 150600 KB] Plan length: 98 step(s).
[t=5.74647s, 150600 KB] Plan cost: 37
[t=5.74647s, 150600 KB] Expanded 268085 state(s).
[t=5.74647s, 150600 KB] Reopened 0 state(s).
[t=5.74647s, 150600 KB] Evaluated 269537 state(s).
[t=5.74647s, 150600 KB] Evaluations: 269537
[t=5.74647s, 150600 KB] Generated 657522 state(s).
[t=5.74647s, 150600 KB] Dead ends: 0 state(s).
[t=5.74647s, 150600 KB] Expanded until last jump: 268076 state(s).
[t=5.74647s, 150600 KB] Reopened until last jump: 0 state(s).
[t=5.74647s, 150600 KB] Evaluated until last jump: 269518 state(s).
[t=5.74647s, 150600 KB] Generated until last jump: 657502 state(s).
[t=5.74647s, 150600 KB] Number of registered states: 269537
[t=5.74647s, 150600 KB] Int hash set load factor: 269537/524288 = 0.514101
[t=5.74647s, 150600 KB] Int hash set resizes: 19
[t=5.74647s, 150600 KB] Search time: 1.75155s
[t=5.74647s, 150600 KB] Total time: 5.74647s
Solution found.
Peak memory: 150600 KB
exitcode: 0

Exit codes: [-9, 0]
Remove intermediate file output.sas
search exit code: 0

INFO     Planner time: 96.14s
