INFO     planner time limit: 1800s
INFO     planner memory limit: None

INFO     Running translator.
INFO     translator stdin: None
INFO     translator time limit: 1799s
INFO     translator memory limit: None
INFO     translator command line string: /usr/bin/python3 /home/bharath/Desktop/GitHub/downward/builds/release/bin/translate/translate.py /home/bharath/Desktop/ISWC_test/best_planner/data/barman/domain.pddl /home/bharath/Desktop/ISWC_test/best_planner/data/barman/instance-3.pddl --sas-file output.sas
Parsing...
Parsing: [0.010s CPU, 0.005s wall-clock]
Normalizing task... [0.000s CPU, 0.000s wall-clock]
Instantiating...
Generating Datalog program... [0.000s CPU, 0.001s wall-clock]
Normalizing Datalog program...
Normalizing Datalog program: [0.010s CPU, 0.005s wall-clock]
Preparing model... [0.000s CPU, 0.002s wall-clock]
Generated 115 rules.
Computing model... [0.010s CPU, 0.012s wall-clock]
593 relevant atoms
673 auxiliary atoms
1266 final queue length
2072 total queue pushes
Completing instantiation... [0.020s CPU, 0.018s wall-clock]
Instantiating: [0.040s CPU, 0.039s wall-clock]
Computing fact groups...
Finding invariants...
24 initial candidates
Finding invariants: [0.010s CPU, 0.011s wall-clock]
Checking invariant weight... [0.000s CPU, 0.000s wall-clock]
Instantiating groups... [0.000s CPU, 0.000s wall-clock]
Collecting mutex groups... [0.000s CPU, 0.000s wall-clock]
Choosing groups...
59 uncovered facts
Choosing groups: [0.000s CPU, 0.000s wall-clock]
Building translation key... [0.000s CPU, 0.000s wall-clock]
Computing fact groups: [0.010s CPU, 0.012s wall-clock]
Building STRIPS to SAS dictionary... [0.000s CPU, 0.000s wall-clock]
Building dictionary for full mutex groups... [0.000s CPU, 0.000s wall-clock]
Building mutex information...
Building mutex information: [0.000s CPU, 0.000s wall-clock]
Translating task...
Processing axioms...
Simplifying axioms... [0.000s CPU, 0.000s wall-clock]
Translator axioms removed by simplifying: 0
Computing negative axioms... [0.000s CPU, 0.000s wall-clock]
Processing axioms: [0.010s CPU, 0.001s wall-clock]
Translating task: [0.030s CPU, 0.022s wall-clock]
592 effect conditions simplified
0 implied preconditions added
Detecting unreachable propositions...
0 operators removed
0 axioms removed
3 propositions removed
Detecting unreachable propositions: [0.010s CPU, 0.010s wall-clock]
Reordering and filtering variables...
62 of 62 variables necessary.
5 of 8 mutex groups necessary.
358 of 358 operators necessary.
0 of 0 axiom rules necessary.
Reordering and filtering variables: [0.000s CPU, 0.006s wall-clock]
Translator variables: 62
Translator derived variables: 0
Translator facts: 133
Translator goal facts: 3
Translator mutex groups: 5
Translator total mutex groups size: 15
Translator operators: 358
Translator axioms: 0
Translator task size: 3439
Translator peak memory: 36200 KB
Writing output... [0.010s CPU, 0.005s wall-clock]
Done! [0.110s CPU, 0.102s wall-clock]
translate exit code: 0

INFO     Running search (release).
INFO     search portfolio: /home/bharath/Desktop/GitHub/downward/driver/portfolios/seq_opt_fdss_1.py
remaining time: 1799.0
config 0: relative time 175, remaining 1631
args: ['/home/bharath/Desktop/GitHub/downward/builds/release/bin/downward', '--search', 'astar(merge_and_shrink(merge_strategy=merge_precomputed(merge_tree=linear(variable_order=reverse_level)),shrink_strategy=shrink_bisimulation(greedy=true),label_reduction=exact(before_shrinking=true,before_merging=false),max_states=infinity,threshold_before_merge=1))', '--internal-plan-file', '/home/bharath/Desktop/ISWC_test/best_planner/ontology_policy_results/results/plan-barman-instance-3.txt']
INFO     search stdin: output.sas
INFO     search time limit: 193s
INFO     search memory limit: None
INFO     search command line string: /home/bharath/Desktop/GitHub/downward/builds/release/bin/downward --search 'astar(merge_and_shrink(merge_strategy=merge_precomputed(merge_tree=linear(variable_order=reverse_level)),shrink_strategy=shrink_bisimulation(greedy=true),label_reduction=exact(before_shrinking=true,before_merging=false),max_states=infinity,threshold_before_merge=1))' --internal-plan-file /home/bharath/Desktop/ISWC_test/best_planner/ontology_policy_results/results/plan-barman-instance-3.txt < output.sas
[t=0.00271475s, 10980 KB] reading input...
[t=0.00671498s, 11104 KB] done reading input!
[t=0.0107169s, 11368 KB] Initializing merge-and-shrink heuristic...
[t=0.0107169s, 11368 KB] Running merge-and-shrink algorithm...
[t=0.0107169s, 11368 KB] Merge strategy options:
[t=0.0107169s, 11368 KB] Type: precomputed
[t=0.0107169s, 11368 KB] Merge tree options: 
[t=0.0107169s, 11368 KB] Type: linear
[t=0.0107169s, 11368 KB] Update option: use random
[t=0.0107169s, 11368 KB] Variable order type: by reverse level

[t=0.0107169s, 11368 KB] Options related to size limits and shrinking: 
[t=0.0107169s, 11368 KB] Transition system size limit: 2147483647
[t=0.0107169s, 11368 KB] Transition system size limit right before merge: 2147483647
[t=0.0107169s, 11368 KB] Threshold to trigger shrinking right before merge: 1

[t=0.0107169s, 11368 KB] Shrink strategy options: 
[t=0.0107169s, 11368 KB] Type: bisimulation
[t=0.0107169s, 11368 KB] Bisimulation type: greedy
[t=0.0107169s, 11368 KB] At limit: return

[t=0.0107169s, 11368 KB] Pruning unreachable states: yes
[t=0.0107169s, 11368 KB] Pruning irrelevant states: yes

[t=0.0107169s, 11368 KB] Label reduction options:
[t=0.0107169s, 11368 KB] Before merging: disabled
[t=0.0107169s, 11368 KB] Before shrinking: enabled
[t=0.0107169s, 11368 KB] Method: all transition systems with fixpoint computation
[t=0.0107169s, 11368 KB] System order: random

[t=0.0107169s, 11368 KB] Main loop max time in seconds: inf


[t=0.0107169s, 11368 KB] Building atomic transition systems... 
[t=0.0147162s, 11632 KB] M&S algorithm timer: 0.00399933s (after computation of atomic factors)

[t=0.0147162s, 11632 KB] Starting main loop without a time limit.
[t=0.0147162s, 11632 KB] building causal graph...done! [t=0s]
[t=0.0147162s, 11764 KB] Next pair of indices: (0, 1)
[t=0.0147162s, 11764 KB] M&S algorithm main loop timer: 0s (after computation of next merge)
[t=0.178717s, 11764 KB] M&S algorithm main loop timer: 0.164001s (after label reduction)
[t=0.178717s, 11764 KB] M&S algorithm main loop timer: 0.164001s (after shrinking)
[t=0.178717s, 11764 KB] M&S algorithm main loop timer: 0.164001s (after merging)

[t=0.178717s, 11764 KB] Next pair of indices: (62, 2)
[t=0.178717s, 11764 KB] M&S algorithm main loop timer: 0.168s (after computation of next merge)
[t=0.270717s, 11764 KB] M&S algorithm main loop timer: 0.256s (after label reduction)
[t=0.270717s, 11764 KB] M&S algorithm main loop timer: 0.256s (after shrinking)
[t=0.270717s, 11764 KB] M&S algorithm main loop timer: 0.256s (after merging)

[t=0.270717s, 11764 KB] Next pair of indices: (63, 3)
[t=0.270717s, 11764 KB] M&S algorithm main loop timer: 0.256s (after computation of next merge)
[t=0.310703s, 11764 KB] M&S algorithm main loop timer: 0.295986s (after label reduction)
[t=0.310703s, 11764 KB] M&S algorithm main loop timer: 0.295986s (after shrinking)
[t=0.310703s, 11764 KB] M&S algorithm main loop timer: 0.295986s (after merging)

[t=0.310703s, 11764 KB] Next pair of indices: (64, 4)
[t=0.310703s, 11764 KB] M&S algorithm main loop timer: 0.295986s (after computation of next merge)
[t=0.342704s, 11764 KB] M&S algorithm main loop timer: 0.327988s (after label reduction)
[t=0.342704s, 11764 KB] M&S algorithm main loop timer: 0.327988s (after shrinking)
[t=0.342704s, 11764 KB] M&S algorithm main loop timer: 0.327988s (after merging)

[t=0.342704s, 11764 KB] Next pair of indices: (65, 5)
[t=0.342704s, 11764 KB] M&S algorithm main loop timer: 0.327988s (after computation of next merge)
[t=0.374705s, 11764 KB] M&S algorithm main loop timer: 0.359989s (after label reduction)
[t=0.374705s, 11764 KB] M&S algorithm main loop timer: 0.359989s (after shrinking)
[t=0.374705s, 11764 KB] M&S algorithm main loop timer: 0.359989s (after merging)

[t=0.374705s, 11764 KB] Next pair of indices: (66, 6)
[t=0.374705s, 11764 KB] M&S algorithm main loop timer: 0.359989s (after computation of next merge)
[t=0.422705s, 11764 KB] M&S algorithm main loop timer: 0.407989s (after label reduction)
[t=0.422705s, 11764 KB] M&S algorithm main loop timer: 0.407989s (after shrinking)
[t=0.422705s, 11764 KB] M&S algorithm main loop timer: 0.407989s (after merging)

[t=0.422705s, 11764 KB] Next pair of indices: (67, 7)
[t=0.422705s, 11764 KB] M&S algorithm main loop timer: 0.407989s (after computation of next merge)
[t=0.450684s, 11764 KB] M&S algorithm main loop timer: 0.435968s (after shrinking)
[t=0.450684s, 11764 KB] M&S algorithm main loop timer: 0.435968s (after merging)

[t=0.450684s, 11764 KB] Next pair of indices: (68, 8)
[t=0.450684s, 11764 KB] M&S algorithm main loop timer: 0.435968s (after computation of next merge)
[t=0.498685s, 11764 KB] M&S algorithm main loop timer: 0.483969s (after label reduction)
[t=0.498685s, 11764 KB] M&S algorithm main loop timer: 0.483969s (after shrinking)
[t=0.498685s, 11764 KB] M&S algorithm main loop timer: 0.483969s (after merging)

[t=0.498685s, 11764 KB] Next pair of indices: (69, 9)
[t=0.498685s, 11764 KB] M&S algorithm main loop timer: 0.483969s (after computation of next merge)
[t=0.546684s, 11764 KB] M&S algorithm main loop timer: 0.531968s (after label reduction)
[t=0.546684s, 11764 KB] M&S algorithm main loop timer: 0.531968s (after shrinking)
[t=0.546684s, 11764 KB] M&S algorithm main loop timer: 0.531968s (after merging)

[t=0.546684s, 11764 KB] Next pair of indices: (70, 10)
[t=0.546684s, 11764 KB] M&S algorithm main loop timer: 0.531968s (after computation of next merge)
[t=0.574668s, 11764 KB] M&S algorithm main loop timer: 0.559952s (after label reduction)
[t=0.574668s, 11764 KB] M&S algorithm main loop timer: 0.559952s (after shrinking)
[t=0.574668s, 11764 KB] M&S algorithm main loop timer: 0.559952s (after merging)

[t=0.574668s, 11764 KB] Next pair of indices: (71, 11)
[t=0.574668s, 11764 KB] M&S algorithm main loop timer: 0.559952s (after computation of next merge)
[t=0.614667s, 11764 KB] M&S algorithm main loop timer: 0.603951s (after label reduction)
[t=0.618667s, 11764 KB] M&S algorithm main loop timer: 0.603951s (after shrinking)
[t=0.618667s, 11764 KB] M&S algorithm main loop timer: 0.603951s (after merging)

[t=0.618667s, 11764 KB] Next pair of indices: (72, 12)
[t=0.618667s, 11764 KB] M&S algorithm main loop timer: 0.603951s (after computation of next merge)
[t=0.654667s, 11764 KB] M&S algorithm main loop timer: 0.63995s (after label reduction)
[t=0.654667s, 11764 KB] M&S algorithm main loop timer: 0.63995s (after shrinking)
[t=0.654667s, 11764 KB] M&S algorithm main loop timer: 0.63995s (after merging)

[t=0.654667s, 11764 KB] Next pair of indices: (73, 13)
[t=0.654667s, 11764 KB] M&S algorithm main loop timer: 0.63995s (after computation of next merge)
[t=0.686667s, 11764 KB] M&S algorithm main loop timer: 0.671951s (after label reduction)
[t=0.686667s, 11764 KB] M&S algorithm main loop timer: 0.671951s (after shrinking)
[t=0.686667s, 11764 KB] M&S algorithm main loop timer: 0.671951s (after merging)

[t=0.686667s, 11764 KB] Next pair of indices: (74, 14)
[t=0.686667s, 11764 KB] M&S algorithm main loop timer: 0.671951s (after computation of next merge)
[t=0.718669s, 11764 KB] M&S algorithm main loop timer: 0.703953s (after label reduction)
[t=0.718669s, 11764 KB] M&S algorithm main loop timer: 0.703953s (after shrinking)
[t=0.718669s, 11764 KB] M&S algorithm main loop timer: 0.703953s (after merging)

[t=0.718669s, 11764 KB] Next pair of indices: (75, 15)
[t=0.718669s, 11764 KB] M&S algorithm main loop timer: 0.703953s (after computation of next merge)
[t=0.754668s, 11764 KB] M&S algorithm main loop timer: 0.739952s (after label reduction)
[t=0.754668s, 11764 KB] M&S algorithm main loop timer: 0.739952s (after shrinking)
[t=0.754668s, 11764 KB] M&S algorithm main loop timer: 0.739952s (after merging)

[t=0.754668s, 11764 KB] Next pair of indices: (76, 16)
[t=0.754668s, 11764 KB] M&S algorithm main loop timer: 0.739952s (after computation of next merge)
[t=0.786669s, 11764 KB] M&S algorithm main loop timer: 0.771952s (after label reduction)
[t=0.786669s, 11764 KB] M&S algorithm main loop timer: 0.771952s (after shrinking)
[t=0.786669s, 11764 KB] M&S algorithm main loop timer: 0.771952s (after merging)

[t=0.786669s, 11764 KB] Next pair of indices: (77, 17)
[t=0.786669s, 11764 KB] M&S algorithm main loop timer: 0.771952s (after computation of next merge)
[t=0.806668s, 11764 KB] M&S algorithm main loop timer: 0.791951s (after label reduction)
[t=0.806668s, 11764 KB] M&S algorithm main loop timer: 0.791951s (after shrinking)
[t=0.806668s, 11764 KB] M&S algorithm main loop timer: 0.791951s (after merging)

[t=0.806668s, 11764 KB] Next pair of indices: (78, 18)
[t=0.806668s, 11764 KB] M&S algorithm main loop timer: 0.791951s (after computation of next merge)
[t=0.822668s, 11764 KB] M&S algorithm main loop timer: 0.807951s (after label reduction)
[t=0.822668s, 11764 KB] M&S algorithm main loop timer: 0.807951s (after shrinking)
[t=0.822668s, 11764 KB] M&S algorithm main loop timer: 0.807951s (after merging)

[t=0.822668s, 11764 KB] Next pair of indices: (79, 19)
[t=0.822668s, 11764 KB] M&S algorithm main loop timer: 0.807951s (after computation of next merge)
[t=0.838669s, 11764 KB] M&S algorithm main loop timer: 0.823953s (after label reduction)
[t=0.838669s, 11764 KB] M&S algorithm main loop timer: 0.823953s (after shrinking)
[t=0.838669s, 11764 KB] M&S algorithm main loop timer: 0.823953s (after merging)

[t=0.838669s, 11764 KB] Next pair of indices: (80, 20)
[t=0.838669s, 11764 KB] M&S algorithm main loop timer: 0.823953s (after computation of next merge)
[t=0.854668s, 11764 KB] M&S algorithm main loop timer: 0.839952s (after label reduction)
[t=0.854668s, 11764 KB] M&S algorithm main loop timer: 0.839952s (after shrinking)
[t=0.854668s, 11764 KB] M&S algorithm main loop timer: 0.839952s (after merging)

[t=0.854668s, 11764 KB] Next pair of indices: (81, 21)
[t=0.854668s, 11764 KB] M&S algorithm main loop timer: 0.839952s (after computation of next merge)
[t=0.87067s, 11764 KB] M&S algorithm main loop timer: 0.855954s (after label reduction)
[t=0.87067s, 11764 KB] M&S algorithm main loop timer: 0.855954s (after shrinking)
[t=0.87067s, 11764 KB] M&S algorithm main loop timer: 0.855954s (after merging)

[t=0.87067s, 11764 KB] Next pair of indices: (82, 22)
[t=0.87067s, 11764 KB] M&S algorithm main loop timer: 0.855954s (after computation of next merge)
[t=0.882668s, 11764 KB] M&S algorithm main loop timer: 0.867952s (after label reduction)
[t=0.882668s, 11764 KB] M&S algorithm main loop timer: 0.867952s (after shrinking)
[t=0.882668s, 11764 KB] M&S algorithm main loop timer: 0.867952s (after merging)

[t=0.882668s, 11764 KB] Next pair of indices: (83, 23)
[t=0.882668s, 11764 KB] M&S algorithm main loop timer: 0.867952s (after computation of next merge)
[t=0.89467s, 11764 KB] M&S algorithm main loop timer: 0.883954s (after label reduction)
[t=0.89867s, 11764 KB] M&S algorithm main loop timer: 0.883954s (after shrinking)
[t=0.89867s, 11764 KB] M&S algorithm main loop timer: 0.883954s (after merging)

[t=0.89867s, 11764 KB] Next pair of indices: (84, 24)
[t=0.89867s, 11764 KB] M&S algorithm main loop timer: 0.883954s (after computation of next merge)
[t=0.918673s, 11764 KB] M&S algorithm main loop timer: 0.903957s (after label reduction)
[t=0.918673s, 11764 KB] M&S algorithm main loop timer: 0.903957s (after shrinking)
[t=0.918673s, 11764 KB] M&S algorithm main loop timer: 0.903957s (after merging)

[t=0.918673s, 11764 KB] Next pair of indices: (85, 25)
[t=0.918673s, 11764 KB] M&S algorithm main loop timer: 0.903957s (after computation of next merge)
[t=0.942694s, 11764 KB] M&S algorithm main loop timer: 0.927978s (after label reduction)
[t=0.942694s, 11764 KB] M&S algorithm main loop timer: 0.927978s (after shrinking)
[t=0.942694s, 11764 KB] M&S algorithm main loop timer: 0.927978s (after merging)

[t=0.942694s, 11764 KB] Next pair of indices: (86, 26)
[t=0.942694s, 11764 KB] M&S algorithm main loop timer: 0.927978s (after computation of next merge)
[t=0.962635s, 11764 KB] M&S algorithm main loop timer: 0.947919s (after label reduction)
[t=0.962635s, 11764 KB] M&S algorithm main loop timer: 0.947919s (after shrinking)
[t=0.962635s, 11764 KB] M&S algorithm main loop timer: 0.947919s (after merging)

[t=0.962635s, 11764 KB] Next pair of indices: (87, 27)
[t=0.962635s, 11764 KB] M&S algorithm main loop timer: 0.947919s (after computation of next merge)
[t=0.970637s, 11764 KB] M&S algorithm main loop timer: 0.955921s (after label reduction)
[t=0.970637s, 11764 KB] M&S algorithm main loop timer: 0.955921s (after shrinking)
[t=0.970637s, 11764 KB] M&S algorithm main loop timer: 0.955921s (after merging)

[t=0.970637s, 11764 KB] Next pair of indices: (88, 28)
[t=0.970637s, 11764 KB] M&S algorithm main loop timer: 0.955921s (after computation of next merge)
[t=0.986636s, 11764 KB] M&S algorithm main loop timer: 0.97192s (after label reduction)
[t=0.986636s, 11764 KB] M&S algorithm main loop timer: 0.97192s (after shrinking)
[t=0.986636s, 11764 KB] M&S algorithm main loop timer: 0.97192s (after merging)

[t=0.986636s, 11764 KB] Next pair of indices: (89, 29)
[t=0.986636s, 11764 KB] M&S algorithm main loop timer: 0.97192s (after computation of next merge)
[t=1.00263s, 11764 KB] M&S algorithm main loop timer: 0.987919s (after label reduction)
[t=1.00263s, 11764 KB] M&S algorithm main loop timer: 0.987919s (after shrinking)
[t=1.00263s, 11764 KB] M&S algorithm main loop timer: 0.987919s (after merging)

[t=1.00263s, 11764 KB] Next pair of indices: (90, 30)
[t=1.00263s, 11764 KB] M&S algorithm main loop timer: 0.987919s (after computation of next merge)
[t=1.01461s, 11764 KB] M&S algorithm main loop timer: 0.999893s (after label reduction)
[t=1.01461s, 11764 KB] M&S algorithm main loop timer: 0.999893s (after shrinking)
[t=1.01461s, 11764 KB] M&S algorithm main loop timer: 0.999893s (after merging)

[t=1.01461s, 11764 KB] Next pair of indices: (91, 31)
[t=1.01461s, 11764 KB] M&S algorithm main loop timer: 0.999893s (after computation of next merge)
[t=1.02261s, 11764 KB] M&S algorithm main loop timer: 1.00789s (after label reduction)
[t=1.02261s, 11764 KB] M&S algorithm main loop timer: 1.00789s (after shrinking)
[t=1.02261s, 11764 KB] M&S algorithm main loop timer: 1.00789s (after merging)

[t=1.02261s, 11764 KB] Next pair of indices: (92, 32)
[t=1.02261s, 11764 KB] M&S algorithm main loop timer: 1.00789s (after computation of next merge)
[t=1.03061s, 11764 KB] M&S algorithm main loop timer: 1.01589s (after shrinking)
[t=1.03061s, 11764 KB] M&S algorithm main loop timer: 1.01589s (after merging)

[t=1.03061s, 11764 KB] Next pair of indices: (93, 33)
[t=1.03061s, 11764 KB] M&S algorithm main loop timer: 1.01589s (after computation of next merge)
[t=1.03461s, 11764 KB] M&S algorithm main loop timer: 1.01989s (after label reduction)
[t=1.03461s, 11764 KB] M&S algorithm main loop timer: 1.01989s (after shrinking)
[t=1.03461s, 11764 KB] M&S algorithm main loop timer: 1.01989s (after merging)

[t=1.03461s, 11764 KB] Next pair of indices: (94, 34)
[t=1.03461s, 11764 KB] M&S algorithm main loop timer: 1.01989s (after computation of next merge)
[t=1.04259s, 11764 KB] M&S algorithm main loop timer: 1.02788s (after label reduction)
[t=1.04259s, 11764 KB] M&S algorithm main loop timer: 1.02788s (after shrinking)
[t=1.04259s, 11764 KB] M&S algorithm main loop timer: 1.02788s (after merging)

[t=1.04259s, 11764 KB] Next pair of indices: (95, 35)
[t=1.04259s, 11764 KB] M&S algorithm main loop timer: 1.02788s (after computation of next merge)
[t=1.05059s, 11764 KB] M&S algorithm main loop timer: 1.03588s (after label reduction)
[t=1.05059s, 11764 KB] M&S algorithm main loop timer: 1.03588s (after shrinking)
[t=1.05059s, 11764 KB] M&S algorithm main loop timer: 1.03588s (after merging)

[t=1.05059s, 11764 KB] Next pair of indices: (96, 36)
[t=1.05059s, 11764 KB] M&S algorithm main loop timer: 1.03588s (after computation of next merge)
[t=1.0586s, 11764 KB] M&S algorithm main loop timer: 1.04388s (after label reduction)
[t=1.0586s, 11764 KB] M&S algorithm main loop timer: 1.04388s (after shrinking)
[t=1.0586s, 11764 KB] M&S algorithm main loop timer: 1.04388s (after merging)

[t=1.0586s, 11764 KB] Next pair of indices: (97, 37)
[t=1.0586s, 11764 KB] M&S algorithm main loop timer: 1.04388s (after computation of next merge)
[t=1.0626s, 11764 KB] M&S algorithm main loop timer: 1.04788s (after label reduction)
[t=1.0626s, 11764 KB] M&S algorithm main loop timer: 1.05188s (after shrinking)
[t=1.06659s, 11764 KB] M&S algorithm main loop timer: 1.05188s (after merging)

[t=1.06659s, 11764 KB] Next pair of indices: (98, 38)
[t=1.06659s, 11764 KB] M&S algorithm main loop timer: 1.05188s (after computation of next merge)
[t=1.0706s, 11764 KB] M&S algorithm main loop timer: 1.05588s (after label reduction)
[t=1.0706s, 11764 KB] M&S algorithm main loop timer: 1.05588s (after shrinking)
[t=1.0706s, 11764 KB] M&S algorithm main loop timer: 1.05588s (after merging)

[t=1.0706s, 11764 KB] Next pair of indices: (99, 39)
[t=1.0706s, 11764 KB] M&S algorithm main loop timer: 1.05588s (after computation of next merge)
[t=1.0746s, 11764 KB] M&S algorithm main loop timer: 1.05988s (after label reduction)
[t=1.0746s, 11764 KB] M&S algorithm main loop timer: 1.05988s (after shrinking)
[t=1.0746s, 11764 KB] M&S algorithm main loop timer: 1.05988s (after merging)

[t=1.0746s, 11764 KB] Next pair of indices: (100, 40)
[t=1.0746s, 11764 KB] M&S algorithm main loop timer: 1.05988s (after computation of next merge)
[t=1.0786s, 11764 KB] M&S algorithm main loop timer: 1.06388s (after label reduction)
[t=1.0786s, 11764 KB] M&S algorithm main loop timer: 1.06388s (after shrinking)
[t=1.0786s, 11764 KB] M&S algorithm main loop timer: 1.06388s (after merging)

[t=1.0786s, 11764 KB] Next pair of indices: (101, 41)
[t=1.0786s, 11764 KB] M&S algorithm main loop timer: 1.06388s (after computation of next merge)
[t=1.0826s, 11764 KB] M&S algorithm main loop timer: 1.06788s (after label reduction)
[t=1.0826s, 11764 KB] M&S algorithm main loop timer: 1.06788s (after shrinking)
[t=1.0826s, 11764 KB] M&S algorithm main loop timer: 1.06788s (after merging)

[t=1.0826s, 11764 KB] Next pair of indices: (102, 42)
[t=1.0826s, 11764 KB] M&S algorithm main loop timer: 1.06788s (after computation of next merge)
[t=1.09059s, 11764 KB] M&S algorithm main loop timer: 1.07588s (after label reduction)
[t=1.09059s, 11764 KB] M&S algorithm main loop timer: 1.07588s (after shrinking)
[t=1.09059s, 11764 KB] M&S algorithm main loop timer: 1.07588s (after merging)

[t=1.09059s, 11764 KB] Next pair of indices: (103, 43)
[t=1.09059s, 11764 KB] M&S algorithm main loop timer: 1.07588s (after computation of next merge)
[t=1.0946s, 11764 KB] M&S algorithm main loop timer: 1.07988s (after label reduction)
[t=1.0946s, 11764 KB] M&S algorithm main loop timer: 1.07988s (after shrinking)
[t=1.0946s, 11764 KB] M&S algorithm main loop timer: 1.07988s (after merging)

[t=1.0946s, 11764 KB] Next pair of indices: (104, 44)
[t=1.0946s, 11764 KB] M&S algorithm main loop timer: 1.07988s (after computation of next merge)
[t=1.0946s, 11764 KB] M&S algorithm main loop timer: 1.07988s (after label reduction)
[t=1.0946s, 11764 KB] M&S algorithm main loop timer: 1.07988s (after shrinking)
[t=1.0946s, 11764 KB] M&S algorithm main loop timer: 1.07988s (after merging)

[t=1.0946s, 11764 KB] Next pair of indices: (105, 45)
[t=1.0946s, 11764 KB] M&S algorithm main loop timer: 1.07988s (after computation of next merge)
[t=1.0986s, 11764 KB] M&S algorithm main loop timer: 1.08388s (after shrinking)
[t=1.0986s, 11764 KB] M&S algorithm main loop timer: 1.08388s (after merging)

[t=1.0986s, 11764 KB] Next pair of indices: (106, 46)
[t=1.0986s, 11764 KB] M&S algorithm main loop timer: 1.08388s (after computation of next merge)
[t=1.0986s, 11764 KB] M&S algorithm main loop timer: 1.08388s (after shrinking)
[t=1.0986s, 11764 KB] M&S algorithm main loop timer: 1.08388s (after merging)

[t=1.0986s, 11764 KB] Next pair of indices: (107, 47)
[t=1.0986s, 11764 KB] M&S algorithm main loop timer: 1.08388s (after computation of next merge)
[t=1.1026s, 11764 KB] M&S algorithm main loop timer: 1.08788s (after shrinking)
[t=1.1026s, 11764 KB] M&S algorithm main loop timer: 1.08788s (after merging)

[t=1.1026s, 11764 KB] Next pair of indices: (108, 48)
[t=1.1026s, 11764 KB] M&S algorithm main loop timer: 1.08788s (after computation of next merge)
[t=1.1026s, 11764 KB] M&S algorithm main loop timer: 1.08788s (after label reduction)
[t=1.1026s, 11764 KB] M&S algorithm main loop timer: 1.08788s (after shrinking)
[t=1.1026s, 11764 KB] M&S algorithm main loop timer: 1.08788s (after merging)

[t=1.1026s, 11764 KB] Next pair of indices: (109, 49)
[t=1.1026s, 11764 KB] M&S algorithm main loop timer: 1.08788s (after computation of next merge)
[t=1.1026s, 11764 KB] M&S algorithm main loop timer: 1.08788s (after label reduction)
[t=1.1026s, 11764 KB] M&S algorithm main loop timer: 1.08788s (after shrinking)
[t=1.1026s, 11764 KB] M&S algorithm main loop timer: 1.08788s (after merging)

[t=1.1026s, 11764 KB] Next pair of indices: (110, 50)
[t=1.1026s, 11764 KB] M&S algorithm main loop timer: 1.08788s (after computation of next merge)
[t=1.1066s, 11764 KB] M&S algorithm main loop timer: 1.09188s (after label reduction)
[t=1.1066s, 11764 KB] M&S algorithm main loop timer: 1.09188s (after shrinking)
[t=1.1066s, 11764 KB] M&S algorithm main loop timer: 1.09188s (after merging)

[t=1.1066s, 11764 KB] Next pair of indices: (111, 51)
[t=1.1066s, 11764 KB] M&S algorithm main loop timer: 1.09188s (after computation of next merge)
[t=1.1066s, 11764 KB] M&S algorithm main loop timer: 1.09188s (after label reduction)
[t=1.1066s, 11764 KB] M&S algorithm main loop timer: 1.09188s (after shrinking)
[t=1.1066s, 11764 KB] M&S algorithm main loop timer: 1.09188s (after merging)

[t=1.1066s, 11764 KB] Next pair of indices: (112, 52)
[t=1.1066s, 11764 KB] M&S algorithm main loop timer: 1.09188s (after computation of next merge)
[t=1.1066s, 11764 KB] M&S algorithm main loop timer: 1.09188s (after label reduction)
[t=1.1066s, 11764 KB] M&S algorithm main loop timer: 1.09188s (after shrinking)
[t=1.1066s, 11764 KB] M&S algorithm main loop timer: 1.09188s (after merging)

[t=1.1066s, 11764 KB] Next pair of indices: (113, 53)
[t=1.1066s, 11764 KB] M&S algorithm main loop timer: 1.09188s (after computation of next merge)
[t=1.1066s, 11764 KB] M&S algorithm main loop timer: 1.09188s (after label reduction)
[t=1.1066s, 11764 KB] M&S algorithm main loop timer: 1.09188s (after shrinking)
[t=1.1066s, 11764 KB] M&S algorithm main loop timer: 1.09188s (after merging)

[t=1.1066s, 11764 KB] Next pair of indices: (114, 54)
[t=1.1066s, 11764 KB] M&S algorithm main loop timer: 1.09188s (after computation of next merge)
[t=1.1066s, 11764 KB] M&S algorithm main loop timer: 1.09188s (after label reduction)
[t=1.1066s, 11764 KB] M&S algorithm main loop timer: 1.09188s (after shrinking)
[t=1.1066s, 11764 KB] M&S algorithm main loop timer: 1.09188s (after merging)

[t=1.1066s, 11764 KB] Next pair of indices: (115, 55)
[t=1.1066s, 11764 KB] M&S algorithm main loop timer: 1.09188s (after computation of next merge)
[t=1.1066s, 11764 KB] M&S algorithm main loop timer: 1.09188s (after label reduction)
[t=1.1066s, 11764 KB] M&S algorithm main loop timer: 1.09188s (after shrinking)
[t=1.1066s, 11764 KB] M&S algorithm main loop timer: 1.09188s (after merging)

[t=1.1066s, 11764 KB] Next pair of indices: (116, 56)
[t=1.1066s, 11764 KB] M&S algorithm main loop timer: 1.09188s (after computation of next merge)
[t=1.1066s, 11764 KB] M&S algorithm main loop timer: 1.09188s (after shrinking)
[t=1.1066s, 11764 KB] M&S algorithm main loop timer: 1.09188s (after merging)

[t=1.1066s, 11764 KB] Next pair of indices: (117, 57)
[t=1.1066s, 11764 KB] M&S algorithm main loop timer: 1.09188s (after computation of next merge)
[t=1.1066s, 11764 KB] M&S algorithm main loop timer: 1.09188s (after label reduction)
[t=1.1066s, 11764 KB] M&S algorithm main loop timer: 1.09188s (after shrinking)
[t=1.1066s, 11764 KB] M&S algorithm main loop timer: 1.09588s (after merging)

[t=1.1106s, 11764 KB] Next pair of indices: (118, 58)
[t=1.1106s, 11764 KB] M&S algorithm main loop timer: 1.09588s (after computation of next merge)
[t=1.1106s, 11764 KB] M&S algorithm main loop timer: 1.09588s (after label reduction)
[t=1.1106s, 11764 KB] M&S algorithm main loop timer: 1.09588s (after shrinking)
[t=1.1106s, 11764 KB] M&S algorithm main loop timer: 1.09588s (after merging)

[t=1.1106s, 11764 KB] Next pair of indices: (119, 59)
[t=1.1106s, 11764 KB] M&S algorithm main loop timer: 1.09588s (after computation of next merge)
[t=1.1106s, 11764 KB] M&S algorithm main loop timer: 1.09588s (after label reduction)
[t=1.1106s, 11764 KB] M&S algorithm main loop timer: 1.09588s (after merging)

[t=1.1106s, 11764 KB] Next pair of indices: (120, 60)
[t=1.1106s, 11764 KB] M&S algorithm main loop timer: 1.09588s (after computation of next merge)
[t=1.1106s, 11764 KB] M&S algorithm main loop timer: 1.09588s (after merging)

[t=1.1106s, 11764 KB] Next pair of indices: (121, 61)
[t=1.1106s, 11764 KB] M&S algorithm main loop timer: 1.09588s (after computation of next merge)
[t=1.1106s, 11764 KB] M&S algorithm main loop timer: 1.09588s (after label reduction)
[t=1.1106s, 11764 KB] M&S algorithm main loop timer: 1.09588s (after shrinking)
[t=1.1106s, 11764 KB] M&S algorithm main loop timer: 1.09588s (after merging)

[t=1.1106s, 11764 KB] End of merge-and-shrink algorithm, statistics:
[t=1.1106s, 11764 KB] Main loop runtime: 1.09588s
[t=1.1106s, 11764 KB] Maximum intermediate abstraction size: 6
[t=1.1106s, 11764 KB] Final peak memory increase of merge-and-shrink algorithm: 396 KB
[t=1.1106s, 11764 KB] Merge-and-shrink algorithm runtime: 1.09988s

[t=1.1106s, 11764 KB] Number of remaining factors: 1
[t=1.1106s, 11764 KB] Number of factors kept: 1
[t=1.1106s, 11764 KB] Done initializing merge-and-shrink heuristic.

[t=1.1106s, 11764 KB] Building successor generator...done!
[t=1.1106s, 11764 KB] peak memory difference for successor generator creation: 0 KB
[t=1.1106s, 11764 KB] time for successor generation creation: 0s
[t=1.1106s, 11764 KB] Variables: 62
[t=1.1106s, 11764 KB] FactPairs: 133
[t=1.1106s, 11764 KB] Bytes per state: 12
[t=1.1106s, 11764 KB] Conducting best first search with reopening closed nodes, (real) bound = 2147483647
[t=1.1106s, 11764 KB] New best heuristic value for merge_and_shrink(merge_strategy=merge_precomputed(merge_tree=linear(variable_order=reverse_level)),shrink_strategy=shrink_bisimulation(greedy=true),label_reduction=exact(before_shrinking=true,before_merging=false),max_states=infinity,threshold_before_merge=1): 3
[t=1.1106s, 11764 KB] g=0, 1 evaluated, 0 expanded
[t=1.1106s, 11764 KB] f = 3, 1 evaluated, 0 expanded
[t=1.1106s, 11764 KB] Initial heuristic value for merge_and_shrink(merge_strategy=merge_precomputed(merge_tree=linear(variable_order=reverse_level)),shrink_strategy=shrink_bisimulation(greedy=true),label_reduction=exact(before_shrinking=true,before_merging=false),max_states=infinity,threshold_before_merge=1): 3
[t=1.1106s, 11764 KB] pruning method: none
[t=1.1106s, 11764 KB] f = 4, 11 evaluated, 1 expanded
[t=1.1106s, 11764 KB] f = 5, 55 evaluated, 11 expanded
[t=1.1106s, 11764 KB] f = 14, 55 evaluated, 31 expanded
[t=1.1106s, 11764 KB] f = 15, 211 evaluated, 55 expanded
[t=1.1106s, 11764 KB] f = 16, 571 evaluated, 211 expanded
[t=1.1146s, 11764 KB] f = 17, 1234 evaluated, 547 expanded
[t=1.1186s, 11764 KB] f = 18, 1960 evaluated, 946 expanded
[t=1.1186s, 11764 KB] f = 25, 1960 evaluated, 1240 expanded
[t=1.1186s, 11764 KB] f = 26, 2092 evaluated, 1264 expanded
[t=1.1226s, 11764 KB] f = 27, 3898 evaluated, 1660 expanded
[t=1.14259s, 11896 KB] f = 28, 9661 evaluated, 3874 expanded
[t=1.1706s, 12428 KB] f = 29, 16600 evaluated, 9181 expanded
[t=1.19458s, 12568 KB] f = 30, 22882 evaluated, 14656 expanded
[t=1.21058s, 12568 KB] New best heuristic value for merge_and_shrink(merge_strategy=merge_precomputed(merge_tree=linear(variable_order=reverse_level)),shrink_strategy=shrink_bisimulation(greedy=true),label_reduction=exact(before_shrinking=true,before_merging=false),max_states=infinity,threshold_before_merge=1): 2
[t=1.21058s, 12568 KB] g=28, 26525 evaluated, 17717 expanded
[t=1.21058s, 12704 KB] f = 31, 27178 evaluated, 17806 expanded
[t=1.22258s, 12704 KB] f = 32, 29772 evaluated, 19732 expanded
[t=1.24258s, 13232 KB] f = 33, 35862 evaluated, 22248 expanded
[t=1.28257s, 13504 KB] f = 34, 46352 evaluated, 27456 expanded
[t=1.33457s, 14804 KB] f = 35, 59275 evaluated, 35552 expanded
[t=1.38657s, 14828 KB] f = 36, 72301 evaluated, 45703 expanded
[t=1.44257s, 15236 KB] f = 37, 84863 evaluated, 56689 expanded
[t=1.49855s, 15644 KB] f = 38, 98207 evaluated, 67785 expanded
[t=1.57452s, 16188 KB] f = 39, 117678 evaluated, 80569 expanded
[t=1.71447s, 18416 KB] f = 40, 152284 evaluated, 100798 expanded
[t=1.90248s, 19904 KB] f = 41, 197620 evaluated, 134458 expanded
[t=2.08244s, 24956 KB] f = 42, 230485 evaluated, 173458 expanded
[t=2.21391s, 24956 KB] f = 43, 259294 evaluated, 198991 expanded
[t=2.36191s, 25192 KB] f = 44, 298306 evaluated, 220270 expanded
[t=2.58186s, 26932 KB] f = 45, 353725 evaluated, 254728 expanded
[t=2.86131s, 29228 KB] f = 46, 422242 evaluated, 304783 expanded
[t=3.20528s, 37956 KB] f = 47, 497397 evaluated, 365380 expanded
[t=3.52119s, 38024 KB] f = 48, 570841 evaluated, 432163 expanded
[t=3.8132s, 40052 KB] f = 49, 635385 evaluated, 498109 expanded
[t=4.0812s, 41944 KB] f = 50, 693450 evaluated, 558469 expanded
[t=4.38119s, 44240 KB] f = 51, 765687 evaluated, 619102 expanded
[t=4.74115s, 46936 KB] f = 52, 851820 evaluated, 693097 expanded
[t=5.24913s, 65344 KB] f = 53, 954127 evaluated, 780712 expanded
[t=5.6811s, 65344 KB] f = 54, 1047160 evaluated, 878725 expanded
[t=6.04911s, 65344 KB] f = 55, 1124140 evaluated, 966916 expanded
[t=6.44109s, 66784 KB] f = 56, 1217005 evaluated, 1044520 expanded
[t=6.953s, 70716 KB] f = 57, 1340974 evaluated, 1138825 expanded
[t=7.58883s, 75576 KB] f = 58, 1493057 evaluated, 1261630 expanded
[t=8.3048s, 80956 KB] f = 59, 1660875 evaluated, 1406595 expanded
[t=9.11673s, 115496 KB] f = 60, 1806063 evaluated, 1559643 expanded
[t=9.22472s, 115496 KB] New best heuristic value for merge_and_shrink(merge_strategy=merge_precomputed(merge_tree=linear(variable_order=reverse_level)),shrink_strategy=shrink_bisimulation(greedy=true),label_reduction=exact(before_shrinking=true,before_merging=false),max_states=infinity,threshold_before_merge=1): 1
[t=9.22472s, 115496 KB] g=59, 1831327 evaluated, 1580787 expanded
[t=9.71269s, 115496 KB] f = 61, 1930216 evaluated, 1697161 expanded
[t=10.3006s, 115496 KB] f = 62, 2062330 evaluated, 1823388 expanded
[t=10.9726s, 115496 KB] f = 63, 2218592 evaluated, 1958536 expanded
[t=11.7005s, 120108 KB] f = 64, 2380416 evaluated, 2112268 expanded
[t=12.3645s, 124444 KB] f = 65, 2519768 evaluated, 2264408 expanded
[t=12.96s, 128396 KB] f = 66, 2644809 evaluated, 2400412 expanded
[t=13.556s, 132472 KB] f = 67, 2775779 evaluated, 2528995 expanded
[t=14.244s, 137492 KB] f = 68, 2933312 evaluated, 2663821 expanded
[t=15.0878s, 143844 KB] f = 69, 3134492 evaluated, 2825192 expanded
[t=16.0757s, 151016 KB] f = 70, 3360693 evaluated, 3024700 expanded
[t=17.3157s, 219276 KB] f = 71, 3566881 evaluated, 3239289 expanded
[t=18.2036s, 219276 KB] f = 72, 3754488 evaluated, 3440299 expanded
[t=19.1156s, 219276 KB] f = 73, 3952799 evaluated, 3632118 expanded
[t=20.0874s, 219276 KB] f = 74, 4165337 evaluated, 3835201 expanded
[t=20.9833s, 219276 KB] f = 75, 4344803 evaluated, 4040183 expanded
[t=21.7273s, 219276 KB] f = 76, 4489480 evaluated, 4217431 expanded
[t=22.3633s, 223008 KB] f = 77, 4609897 evaluated, 4369652 expanded
[t=22.9232s, 226400 KB] f = 78, 4718310 evaluated, 4496257 expanded
[t=23.4631s, 230068 KB] f = 79, 4833254 evaluated, 4609372 expanded
[t=24.1031s, 234548 KB] f = 80, 4976479 evaluated, 4737090 expanded
[t=24.795s, 239020 KB] f = 81, 5120817 evaluated, 4886037 expanded
[t=25.439s, 243092 KB] f = 82, 5248458 evaluated, 5034393 expanded
[t=26.051s, 246892 KB] f = 83, 5373348 evaluated, 5171902 expanded
[t=26.6629s, 250832 KB] f = 84, 5497427 evaluated, 5308570 expanded
[t=27.1829s, 253808 KB] f = 85, 5591970 evaluated, 5435063 expanded
[t=27.5869s, 255980 KB] f = 86, 5661282 evaluated, 5534504 expanded
[t=27.9029s, 257748 KB] f = 87, 5716477 evaluated, 5612840 expanded
[t=28.1828s, 259512 KB] f = 88, 5771992 evaluated, 5674653 expanded
[t=28.4868s, 261684 KB] f = 89, 5842139 evaluated, 5732352 expanded
[t=28.8708s, 264540 KB] f = 90, 5932981 evaluated, 5805083 expanded
[t=28.8948s, 264676 KB] New best heuristic value for merge_and_shrink(merge_strategy=merge_precomputed(merge_tree=linear(variable_order=reverse_level)),shrink_strategy=shrink_bisimulation(greedy=true),label_reduction=exact(before_shrinking=true,before_merging=false),max_states=infinity,threshold_before_merge=1): 0
[t=28.8948s, 264676 KB] g=90, 5939869 evaluated, 5810069 expanded
[t=28.8948s, 264676 KB] Solution found!
[t=28.8948s, 264676 KB] Actual search time: 27.7842s
grasp left shot4 (1)
fill-shot shot4 ingredient2 left right dispenser2 (10)
pour-shot-to-clean-shaker shot4 ingredient2 shaker1 left l0 l1 (1)
clean-shot shot4 ingredient2 left right (1)
fill-shot shot4 ingredient1 left right dispenser1 (10)
grasp right shaker1 (1)
pour-shot-to-used-shaker shot4 ingredient1 shaker1 left l1 l2 (1)
leave left shot4 (1)
shake cocktail1 ingredient1 ingredient2 shaker1 right left (1)
pour-shaker-to-shot cocktail1 shot3 right shaker1 l2 l1 (1)
empty-shaker right shaker1 cocktail1 l1 l0 (1)
clean-shaker right left shaker1 (1)
grasp left shot4 (1)
leave right shaker1 (1)
refill-shot shot4 ingredient1 left right dispenser1 (10)
pour-shot-to-clean-shaker shot4 ingredient1 shaker1 left l0 l1 (1)
clean-shot shot4 ingredient1 left right (1)
fill-shot shot4 ingredient2 left right dispenser2 (10)
grasp right shaker1 (1)
pour-shot-to-used-shaker shot4 ingredient2 shaker1 left l1 l2 (1)
leave left shot4 (1)
shake cocktail2 ingredient1 ingredient2 shaker1 right left (1)
pour-shaker-to-shot cocktail2 shot2 right shaker1 l2 l1 (1)
empty-shaker right shaker1 cocktail2 l1 l0 (1)
clean-shaker right left shaker1 (1)
grasp left shot4 (1)
leave right shaker1 (1)
refill-shot shot4 ingredient2 left right dispenser2 (10)
pour-shot-to-clean-shaker shot4 ingredient2 shaker1 left l0 l1 (1)
clean-shot shot4 ingredient2 left right (1)
fill-shot shot4 ingredient3 left right dispenser3 (10)
grasp right shaker1 (1)
pour-shot-to-used-shaker shot4 ingredient3 shaker1 left l1 l2 (1)
leave left shot4 (1)
shake cocktail3 ingredient3 ingredient2 shaker1 right left (1)
pour-shaker-to-shot cocktail3 shot1 right shaker1 l2 l1 (1)
[t=28.8948s, 264676 KB] Plan length: 36 step(s).
[t=28.8948s, 264676 KB] Plan cost: 90
[t=28.8948s, 264676 KB] Expanded 5810070 state(s).
[t=28.8948s, 264676 KB] Reopened 0 state(s).
[t=28.8948s, 264676 KB] Evaluated 5939869 state(s).
[t=28.8948s, 264676 KB] Evaluations: 5939869
[t=28.8948s, 264676 KB] Generated 25370517 state(s).
[t=28.8948s, 264676 KB] Dead ends: 0 state(s).
[t=28.8948s, 264676 KB] Expanded until last jump: 5805083 state(s).
[t=28.8948s, 264676 KB] Reopened until last jump: 0 state(s).
[t=28.8948s, 264676 KB] Evaluated until last jump: 5932981 state(s).
[t=28.8948s, 264676 KB] Generated until last jump: 25349028 state(s).
[t=28.8948s, 264676 KB] Number of registered states: 5939869
[t=28.8948s, 264676 KB] Int hash set load factor: 5939869/8388608 = 0.708088
[t=28.8948s, 264676 KB] Int hash set resizes: 23
[t=28.8948s, 264676 KB] Search time: 27.7842s
[t=28.8948s, 264676 KB] Total time: 28.8948s
Solution found.
Peak memory: 264676 KB
exitcode: 0

Exit codes: [0]
Remove intermediate file output.sas
search exit code: 0

INFO     Planner time: 29.18s
