INFO     planner time limit: 1800s
INFO     planner memory limit: None

INFO     Running translator.
INFO     translator stdin: None
INFO     translator time limit: 1799s
INFO     translator memory limit: None
INFO     translator command line string: /usr/bin/python3 /home/bharath/Desktop/GitHub/downward/builds/release/bin/translate/translate.py /home/bharath/Desktop/ISWC_test/best_planner/data/openstacks/domain-2.pddl /home/bharath/Desktop/ISWC_test/best_planner/data/openstacks/instance-2.pddl --sas-file output.sas
Parsing...
Parsing: [0.000s CPU, 0.006s wall-clock]
Normalizing task... [0.000s CPU, 0.000s wall-clock]
Instantiating...
Generating Datalog program... [0.000s CPU, 0.001s wall-clock]
Normalizing Datalog program...
Normalizing Datalog program: [0.010s CPU, 0.003s wall-clock]
Preparing model... [0.000s CPU, 0.002s wall-clock]
Generated 100 rules.
Computing model... [0.010s CPU, 0.009s wall-clock]
462 relevant atoms
442 auxiliary atoms
904 final queue length
1366 total queue pushes
Completing instantiation... [0.010s CPU, 0.009s wall-clock]
Instantiating: [0.030s CPU, 0.024s wall-clock]
Computing fact groups...
Finding invariants...
12 initial candidates
Finding invariants: [0.000s CPU, 0.008s wall-clock]
Checking invariant weight... [0.010s CPU, 0.000s wall-clock]
Instantiating groups... [0.000s CPU, 0.000s wall-clock]
Collecting mutex groups... [0.000s CPU, 0.000s wall-clock]
Choosing groups...
0 uncovered facts
Choosing groups: [0.000s CPU, 0.000s wall-clock]
Building translation key... [0.000s CPU, 0.000s wall-clock]
Computing fact groups: [0.010s CPU, 0.009s wall-clock]
Building STRIPS to SAS dictionary... [0.000s CPU, 0.000s wall-clock]
Building dictionary for full mutex groups... [0.000s CPU, 0.000s wall-clock]
Building mutex information...
Building mutex information: [0.000s CPU, 0.000s wall-clock]
Translating task...
Processing axioms...
Simplifying axioms... [0.000s CPU, 0.000s wall-clock]
Translator axioms removed by simplifying: 0
Computing negative axioms... [0.000s CPU, 0.000s wall-clock]
Processing axioms: [0.000s CPU, 0.001s wall-clock]
Translating task: [0.010s CPU, 0.011s wall-clock]
0 effect conditions simplified
0 implied preconditions added
Detecting unreachable propositions...
0 operators removed
0 axioms removed
23 propositions removed
Detecting unreachable propositions: [0.000s CPU, 0.005s wall-clock]
Reordering and filtering variables...
23 of 23 variables necessary.
0 of 34 mutex groups necessary.
264 of 264 operators necessary.
0 of 0 axiom rules necessary.
Reordering and filtering variables: [0.000s CPU, 0.002s wall-clock]
Translator variables: 23
Translator derived variables: 0
Translator facts: 67
Translator goal facts: 11
Translator mutex groups: 0
Translator total mutex groups size: 0
Translator operators: 264
Translator axioms: 0
Translator task size: 1581
Translator peak memory: 35200 KB
Writing output... [0.010s CPU, 0.003s wall-clock]
Done! [0.060s CPU, 0.062s wall-clock]
translate exit code: 0

INFO     Running search (release).
INFO     search portfolio: /home/bharath/Desktop/GitHub/downward/driver/portfolios/seq_opt_fdss_1.py
remaining time: 1799.0
config 0: relative time 175, remaining 1631
args: ['/home/bharath/Desktop/GitHub/downward/builds/release/bin/downward', '--search', 'astar(merge_and_shrink(merge_strategy=merge_precomputed(merge_tree=linear(variable_order=reverse_level)),shrink_strategy=shrink_bisimulation(greedy=true),label_reduction=exact(before_shrinking=true,before_merging=false),max_states=infinity,threshold_before_merge=1))', '--internal-plan-file', '/home/bharath/Desktop/ISWC_test/best_planner/ontology_policy_results/results/plan-openstacks-instance-2.txt']
INFO     search stdin: output.sas
INFO     search time limit: 193s
INFO     search memory limit: None
INFO     search command line string: /home/bharath/Desktop/GitHub/downward/builds/release/bin/downward --search 'astar(merge_and_shrink(merge_strategy=merge_precomputed(merge_tree=linear(variable_order=reverse_level)),shrink_strategy=shrink_bisimulation(greedy=true),label_reduction=exact(before_shrinking=true,before_merging=false),max_states=infinity,threshold_before_merge=1))' --internal-plan-file /home/bharath/Desktop/ISWC_test/best_planner/ontology_policy_results/results/plan-openstacks-instance-2.txt < output.sas
[t=0.00364895s, 10980 KB] reading input...
[t=0.00364895s, 10980 KB] done reading input!
[t=0.0076494s, 11368 KB] Initializing merge-and-shrink heuristic...
[t=0.0076494s, 11368 KB] Running merge-and-shrink algorithm...
[t=0.0076494s, 11368 KB] Merge strategy options:
[t=0.0076494s, 11368 KB] Type: precomputed
[t=0.0076494s, 11368 KB] Merge tree options: 
[t=0.0076494s, 11368 KB] Type: linear
[t=0.0076494s, 11368 KB] Update option: use random
[t=0.0076494s, 11368 KB] Variable order type: by reverse level

[t=0.0076494s, 11368 KB] Options related to size limits and shrinking: 
[t=0.0076494s, 11368 KB] Transition system size limit: 2147483647
[t=0.0076494s, 11368 KB] Transition system size limit right before merge: 2147483647
[t=0.0076494s, 11368 KB] Threshold to trigger shrinking right before merge: 1

[t=0.0076494s, 11368 KB] Shrink strategy options: 
[t=0.0076494s, 11368 KB] Type: bisimulation
[t=0.0076494s, 11368 KB] Bisimulation type: greedy
[t=0.0076494s, 11368 KB] At limit: return

[t=0.0076494s, 11368 KB] Pruning unreachable states: yes
[t=0.0076494s, 11368 KB] Pruning irrelevant states: yes

[t=0.0076494s, 11368 KB] Label reduction options:
[t=0.0076494s, 11368 KB] Before merging: disabled
[t=0.0076494s, 11368 KB] Before shrinking: enabled
[t=0.0076494s, 11368 KB] Method: all transition systems with fixpoint computation
[t=0.0076494s, 11368 KB] System order: random

[t=0.0076494s, 11368 KB] Main loop max time in seconds: inf


[t=0.0076494s, 11368 KB] Building atomic transition systems... 
[t=0.0076494s, 11368 KB] M&S algorithm timer: 0s (after computation of atomic factors)

[t=0.0076494s, 11368 KB] Starting main loop without a time limit.
[t=0.0076494s, 11368 KB] building causal graph...done! [t=0s]
[t=0.0076494s, 11368 KB] Next pair of indices: (0, 1)
[t=0.0076494s, 11368 KB] M&S algorithm main loop timer: 0s (after computation of next merge)
[t=0.0116501s, 11368 KB] M&S algorithm main loop timer: 0.00400074s (after label reduction)
[t=0.0116501s, 11368 KB] M&S algorithm main loop timer: 0.00400074s (after merging)

[t=0.0116501s, 11368 KB] Next pair of indices: (23, 2)
[t=0.0116501s, 11368 KB] M&S algorithm main loop timer: 0.00400074s (after computation of next merge)
[t=0.0156484s, 11368 KB] M&S algorithm main loop timer: 0.00799903s (after merging)

[t=0.0156484s, 11368 KB] Next pair of indices: (24, 3)
[t=0.0156484s, 11368 KB] M&S algorithm main loop timer: 0.00799903s (after computation of next merge)
[t=0.0156484s, 11368 KB] M&S algorithm main loop timer: 0.00799903s (after merging)

[t=0.0156484s, 11368 KB] Next pair of indices: (25, 4)
[t=0.0156484s, 11368 KB] M&S algorithm main loop timer: 0.00799903s (after computation of next merge)
[t=0.0156484s, 11368 KB] M&S algorithm main loop timer: 0.00799903s (after merging)

[t=0.0156484s, 11368 KB] Next pair of indices: (26, 5)
[t=0.0156484s, 11368 KB] M&S algorithm main loop timer: 0.00799903s (after computation of next merge)
[t=0.0196483s, 11368 KB] M&S algorithm main loop timer: 0.0119989s (after label reduction)
[t=0.0196483s, 11368 KB] M&S algorithm main loop timer: 0.0119989s (after shrinking)
[t=0.0196483s, 11368 KB] M&S algorithm main loop timer: 0.0119989s (after merging)

[t=0.0196483s, 11368 KB] Next pair of indices: (27, 6)
[t=0.0196483s, 11368 KB] M&S algorithm main loop timer: 0.0119989s (after computation of next merge)
[t=0.0196483s, 11368 KB] M&S algorithm main loop timer: 0.0119989s (after merging)

[t=0.0196483s, 11368 KB] Next pair of indices: (28, 7)
[t=0.0196483s, 11368 KB] M&S algorithm main loop timer: 0.0119989s (after computation of next merge)
[t=0.0236499s, 11368 KB] M&S algorithm main loop timer: 0.0160005s (after merging)

[t=0.0236499s, 11368 KB] Next pair of indices: (29, 8)
[t=0.0236499s, 11368 KB] M&S algorithm main loop timer: 0.0160005s (after computation of next merge)
[t=0.0236499s, 11368 KB] M&S algorithm main loop timer: 0.0160005s (after label reduction)
[t=0.0236499s, 11368 KB] M&S algorithm main loop timer: 0.0160005s (after shrinking)
[t=0.0236499s, 11368 KB] M&S algorithm main loop timer: 0.0160005s (after merging)

[t=0.0236499s, 11368 KB] Next pair of indices: (30, 9)
[t=0.0236499s, 11368 KB] M&S algorithm main loop timer: 0.0160005s (after computation of next merge)
[t=0.0276503s, 11368 KB] M&S algorithm main loop timer: 0.0200009s (after merging)

[t=0.0276503s, 11368 KB] Next pair of indices: (31, 10)
[t=0.0276503s, 11368 KB] M&S algorithm main loop timer: 0.0200009s (after computation of next merge)
[t=0.0276503s, 11632 KB] M&S algorithm main loop timer: 0.0200009s (after merging)

[t=0.0276503s, 11632 KB] Next pair of indices: (32, 11)
[t=0.0276503s, 11632 KB] M&S algorithm main loop timer: 0.0200009s (after computation of next merge)
[t=0.0556517s, 14788 KB] M&S algorithm main loop timer: 0.0480023s (after merging)

[t=0.0556517s, 14788 KB] Next pair of indices: (33, 12)
[t=0.0556517s, 14788 KB] M&S algorithm main loop timer: 0.0480023s (after computation of next merge)
[t=0.187559s, 22620 KB] M&S algorithm main loop timer: 0.17991s (after merging)
[t=0.195543s, 22620 KB] M&S algorithm main loop timer: 0.187894s (after pruning)

[t=0.195543s, 22620 KB] Next pair of indices: (34, 13)
[t=0.195543s, 22620 KB] M&S algorithm main loop timer: 0.187894s (after computation of next merge)
[t=0.199544s, 22620 KB] M&S algorithm main loop timer: 0.191894s (after label reduction)
[t=0.451507s, 34108 KB] M&S algorithm main loop timer: 0.443858s (after merging)
[t=0.471506s, 34108 KB] M&S algorithm main loop timer: 0.463857s (after pruning)

[t=0.471506s, 34108 KB] Next pair of indices: (35, 14)
[t=0.471506s, 34108 KB] M&S algorithm main loop timer: 0.463857s (after computation of next merge)
[t=0.475505s, 34108 KB] M&S algorithm main loop timer: 0.467856s (after label reduction)
[t=0.831242s, 34108 KB] M&S algorithm main loop timer: 0.823593s (after shrinking)
[t=1.07121s, 53352 KB] M&S algorithm main loop timer: 1.06356s (after merging)
[t=1.11121s, 53352 KB] M&S algorithm main loop timer: 1.10356s (after pruning)

[t=1.11121s, 53352 KB] Next pair of indices: (36, 15)
[t=1.11121s, 53352 KB] M&S algorithm main loop timer: 1.10356s (after computation of next merge)
[t=1.12321s, 53352 KB] M&S algorithm main loop timer: 1.11556s (after label reduction)
[t=1.80233s, 56008 KB] M&S algorithm main loop timer: 1.79468s (after shrinking)
[t=2.29416s, 84948 KB] M&S algorithm main loop timer: 2.28651s (after merging)
[t=2.37416s, 84948 KB] M&S algorithm main loop timer: 2.36651s (after pruning)

[t=2.37416s, 84948 KB] Next pair of indices: (37, 16)
[t=2.37416s, 84948 KB] M&S algorithm main loop timer: 2.36651s (after computation of next merge)
[t=2.39815s, 84948 KB] M&S algorithm main loop timer: 2.3905s (after label reduction)
[t=3.90606s, 84948 KB] M&S algorithm main loop timer: 3.89841s (after shrinking)
[t=4.69799s, 142228 KB] M&S algorithm main loop timer: 4.69034s (after merging)
[t=4.82999s, 142228 KB] M&S algorithm main loop timer: 4.82234s (after pruning)

[t=4.82999s, 142228 KB] Next pair of indices: (38, 17)
[t=4.82999s, 142228 KB] M&S algorithm main loop timer: 4.82234s (after computation of next merge)
[t=4.92997s, 142228 KB] M&S algorithm main loop timer: 4.92232s (after label reduction)
[t=7.91372s, 142228 KB] M&S algorithm main loop timer: 7.90607s (after shrinking)
[t=9.11366s, 198916 KB] M&S algorithm main loop timer: 9.10601s (after merging)
[t=9.29762s, 198916 KB] M&S algorithm main loop timer: 9.28997s (after pruning)

[t=9.29762s, 198916 KB] Next pair of indices: (39, 18)
[t=9.29762s, 198916 KB] M&S algorithm main loop timer: 9.28997s (after computation of next merge)
[t=9.4456s, 198916 KB] M&S algorithm main loop timer: 9.43795s (after label reduction)
[t=14.2801s, 198916 KB] M&S algorithm main loop timer: 14.2724s (after shrinking)
[t=15.688s, 251620 KB] M&S algorithm main loop timer: 15.6803s (after merging)
[t=15.864s, 251620 KB] M&S algorithm main loop timer: 15.8563s (after pruning)

[t=15.864s, 251620 KB] Next pair of indices: (40, 19)
[t=15.864s, 251620 KB] M&S algorithm main loop timer: 15.8563s (after computation of next merge)
[t=16.0079s, 251620 KB] M&S algorithm main loop timer: 16.0003s (after label reduction)
[t=21.4315s, 251620 KB] M&S algorithm main loop timer: 21.4239s (after shrinking)
[t=23.2474s, 318556 KB] M&S algorithm main loop timer: 23.2398s (after merging)
[t=23.4834s, 318556 KB] M&S algorithm main loop timer: 23.4758s (after pruning)

[t=23.4834s, 318556 KB] Next pair of indices: (41, 20)
[t=23.4834s, 318556 KB] M&S algorithm main loop timer: 23.4758s (after computation of next merge)
[t=23.7394s, 318556 KB] M&S algorithm main loop timer: 23.7317s (after label reduction)
[t=32.1425s, 318556 KB] M&S algorithm main loop timer: 32.1349s (after shrinking)
[t=34.6662s, 402936 KB] M&S algorithm main loop timer: 34.6585s (after merging)
[t=35.0341s, 442208 KB] M&S algorithm main loop timer: 35.0265s (after pruning)

[t=35.0341s, 442208 KB] Next pair of indices: (42, 21)
[t=35.0341s, 442208 KB] M&S algorithm main loop timer: 35.0265s (after computation of next merge)
[t=35.5781s, 442208 KB] M&S algorithm main loop timer: 35.5704s (after label reduction)
[t=52.901s, 442208 KB] M&S algorithm main loop timer: 52.8934s (after shrinking)
[t=56.2244s, 508664 KB] M&S algorithm main loop timer: 56.2167s (after merging)
[t=56.628s, 508664 KB] M&S algorithm main loop timer: 56.6203s (after pruning)

[t=56.628s, 508664 KB] Next pair of indices: (43, 22)
[t=56.628s, 508664 KB] M&S algorithm main loop timer: 56.6203s (after computation of next merge)
[t=57.3633s, 508664 KB] M&S algorithm main loop timer: 57.3556s (after label reduction)
[t=78.2676s, 508664 KB] M&S algorithm main loop timer: 78.26s (after shrinking)
[t=79.9981s, 508664 KB] M&S algorithm main loop timer: 79.9904s (after merging)
[t=80.134s, 508664 KB] M&S algorithm main loop timer: 80.1263s (after pruning)

[t=80.134s, 508664 KB] End of merge-and-shrink algorithm, statistics:
[t=80.134s, 508664 KB] Main loop runtime: 80.1263s
[t=80.134s, 508664 KB] Maximum intermediate abstraction size: 1858896
[t=80.134s, 508664 KB] Final peak memory increase of merge-and-shrink algorithm: 497296 KB
[t=80.134s, 508664 KB] Merge-and-shrink algorithm runtime: 80.1263s

[t=80.134s, 508664 KB] Number of remaining factors: 1
[t=80.134s, 508664 KB] Number of factors kept: 1
[t=80.134s, 508664 KB] Done initializing merge-and-shrink heuristic.

[t=80.138s, 508664 KB] Building successor generator...done!
[t=80.138s, 508664 KB] peak memory difference for successor generator creation: 0 KB
[t=80.138s, 508664 KB] time for successor generation creation: 0s
[t=80.138s, 508664 KB] Variables: 23
[t=80.138s, 508664 KB] FactPairs: 67
[t=80.138s, 508664 KB] Bytes per state: 8
[t=80.138s, 508664 KB] Conducting best first search with reopening closed nodes, (real) bound = 2147483647
[t=80.138s, 508664 KB] New best heuristic value for merge_and_shrink(merge_strategy=merge_precomputed(merge_tree=linear(variable_order=reverse_level)),shrink_strategy=shrink_bisimulation(greedy=true),label_reduction=exact(before_shrinking=true,before_merging=false),max_states=infinity,threshold_before_merge=1): 5
[t=80.138s, 508664 KB] g=0, 1 evaluated, 0 expanded
[t=80.138s, 508664 KB] f = 5, 1 evaluated, 0 expanded
[t=80.138s, 508664 KB] Initial heuristic value for merge_and_shrink(merge_strategy=merge_precomputed(merge_tree=linear(variable_order=reverse_level)),shrink_strategy=shrink_bisimulation(greedy=true),label_reduction=exact(before_shrinking=true,before_merging=false),max_states=infinity,threshold_before_merge=1): 5
[t=80.138s, 508664 KB] pruning method: none
[t=80.138s, 508664 KB] New best heuristic value for merge_and_shrink(merge_strategy=merge_precomputed(merge_tree=linear(variable_order=reverse_level)),shrink_strategy=shrink_bisimulation(greedy=true),label_reduction=exact(before_shrinking=true,before_merging=false),max_states=infinity,threshold_before_merge=1): 4
[t=80.138s, 508664 KB] g=1, 2 evaluated, 1 expanded
[t=80.138s, 508664 KB] New best heuristic value for merge_and_shrink(merge_strategy=merge_precomputed(merge_tree=linear(variable_order=reverse_level)),shrink_strategy=shrink_bisimulation(greedy=true),label_reduction=exact(before_shrinking=true,before_merging=false),max_states=infinity,threshold_before_merge=1): 3
[t=80.138s, 508664 KB] g=2, 3 evaluated, 2 expanded
[t=80.138s, 508664 KB] New best heuristic value for merge_and_shrink(merge_strategy=merge_precomputed(merge_tree=linear(variable_order=reverse_level)),shrink_strategy=shrink_bisimulation(greedy=true),label_reduction=exact(before_shrinking=true,before_merging=false),max_states=infinity,threshold_before_merge=1): 2
[t=80.138s, 508664 KB] g=3, 15 evaluated, 3 expanded
[t=80.138s, 508664 KB] New best heuristic value for merge_and_shrink(merge_strategy=merge_precomputed(merge_tree=linear(variable_order=reverse_level)),shrink_strategy=shrink_bisimulation(greedy=true),label_reduction=exact(before_shrinking=true,before_merging=false),max_states=infinity,threshold_before_merge=1): 1
[t=80.138s, 508664 KB] g=4, 27 evaluated, 4 expanded
[t=80.138s, 508664 KB] New best heuristic value for merge_and_shrink(merge_strategy=merge_precomputed(merge_tree=linear(variable_order=reverse_level)),shrink_strategy=shrink_bisimulation(greedy=true),label_reduction=exact(before_shrinking=true,before_merging=false),max_states=infinity,threshold_before_merge=1): 0
[t=80.138s, 508664 KB] g=5, 39 evaluated, 5 expanded
[t=81.5567s, 508664 KB] Solution found!
[t=81.5567s, 508664 KB] Actual search time: 1.41878s
open-new-stack n0 n1 (1)
open-new-stack n1 n2 (1)
open-new-stack n2 n3 (1)
open-new-stack n3 n4 (1)
open-new-stack n4 n5 (1)
start-order o1 n5 n4 (0)
start-order o10 n4 n3 (0)
start-order o11 n3 n2 (0)
start-order o5 n2 n1 (0)
make-product-p10  (0)
ship-order-o5 n1 n2 (0)
start-order o8 n2 n1 (0)
start-order o3 n1 n0 (0)
make-product-p2  (0)
make-product-p8  (0)
ship-order-o3 n0 n1 (0)
ship-order-o11 n1 n2 (0)
start-order o9 n2 n1 (0)
start-order o4 n1 n0 (0)
make-product-p11  (0)
make-product-p9  (0)
ship-order-o4 n0 n1 (0)
start-order o6 n1 n0 (0)
make-product-p5  (0)
make-product-p7  (0)
ship-order-o6 n0 n1 (0)
ship-order-o10 n1 n2 (0)
start-order o2 n2 n1 (0)
make-product-p3  (0)
start-order o7 n1 n0 (0)
make-product-p4  (0)
make-product-p6  (0)
make-product-p1  (0)
ship-order-o2 n0 n1 (0)
ship-order-o7 n1 n2 (0)
ship-order-o1 n2 n3 (0)
ship-order-o8 n3 n4 (0)
ship-order-o9 n4 n5 (0)
[t=81.5567s, 508664 KB] Plan length: 38 step(s).
[t=81.5567s, 508664 KB] Plan cost: 5
[t=81.5567s, 508664 KB] Expanded 217613 state(s).
[t=81.5567s, 508664 KB] Reopened 0 state(s).
[t=81.5567s, 508664 KB] Evaluated 438252 state(s).
[t=81.5567s, 508664 KB] Evaluations: 438252
[t=81.5567s, 508664 KB] Generated 1346932 state(s).
[t=81.5567s, 508664 KB] Dead ends: 0 state(s).
[t=81.5567s, 508664 KB] Expanded until last jump: 0 state(s).
[t=81.5567s, 508664 KB] Reopened until last jump: 0 state(s).
[t=81.5567s, 508664 KB] Evaluated until last jump: 1 state(s).
[t=81.5567s, 508664 KB] Generated until last jump: 0 state(s).
[t=81.5567s, 508664 KB] Number of registered states: 438252
[t=81.5567s, 508664 KB] Int hash set load factor: 438252/524288 = 0.835899
[t=81.5567s, 508664 KB] Int hash set resizes: 19
[t=81.5567s, 508664 KB] Search time: 1.41878s
[t=81.5567s, 508664 KB] Total time: 81.5567s
Solution found.
Peak memory: 508664 KB
exitcode: 0

Exit codes: [0]
Remove intermediate file output.sas
search exit code: 0

INFO     Planner time: 81.86s
