INFO     planner time limit: 1800s
INFO     planner memory limit: None

INFO     Running translator.
INFO     translator stdin: None
INFO     translator time limit: 1799s
INFO     translator memory limit: None
INFO     translator command line string: /usr/bin/python3 /home/bharath/Desktop/GitHub/downward/builds/release/bin/translate/translate.py /home/bharath/Desktop/ISWC_test/best_planner/data/sokoban/domain.pddl /home/bharath/Desktop/ISWC_test/best_planner/data/sokoban/instance-3.pddl --sas-file output.sas
Parsing...
Parsing: [0.010s CPU, 0.005s wall-clock]
Normalizing task... [0.000s CPU, 0.000s wall-clock]
Instantiating...
Generating Datalog program... [0.010s CPU, 0.001s wall-clock]
Normalizing Datalog program...
Normalizing Datalog program: [0.000s CPU, 0.003s wall-clock]
Preparing model... [0.000s CPU, 0.003s wall-clock]
Generated 38 rules.
Computing model... [0.020s CPU, 0.019s wall-clock]
771 relevant atoms
1204 auxiliary atoms
1975 final queue length
2422 total queue pushes
Completing instantiation... [0.010s CPU, 0.012s wall-clock]
Instantiating: [0.040s CPU, 0.038s wall-clock]
Computing fact groups...
Finding invariants...
7 initial candidates
Finding invariants: [0.010s CPU, 0.007s wall-clock]
Checking invariant weight... [0.000s CPU, 0.000s wall-clock]
Instantiating groups... [0.000s CPU, 0.004s wall-clock]
Collecting mutex groups... [0.000s CPU, 0.000s wall-clock]
Choosing groups...
38 uncovered facts
Choosing groups: [0.000s CPU, 0.001s wall-clock]
Building translation key... [0.000s CPU, 0.000s wall-clock]
Computing fact groups: [0.010s CPU, 0.013s wall-clock]
Building STRIPS to SAS dictionary... [0.000s CPU, 0.000s wall-clock]
Building dictionary for full mutex groups... [0.000s CPU, 0.000s wall-clock]
Building mutex information...
Building mutex information: [0.000s CPU, 0.000s wall-clock]
Translating task...
Processing axioms...
Simplifying axioms... [0.000s CPU, 0.000s wall-clock]
Translator axioms removed by simplifying: 0
Computing negative axioms... [0.000s CPU, 0.000s wall-clock]
Processing axioms: [0.000s CPU, 0.001s wall-clock]
Translating task: [0.020s CPU, 0.013s wall-clock]
324 effect conditions simplified
0 implied preconditions added
Detecting unreachable propositions...
0 operators removed
0 axioms removed
14 propositions removed
Detecting unreachable propositions: [0.000s CPU, 0.006s wall-clock]
Reordering and filtering variables...
37 of 37 variables necessary.
30 of 34 mutex groups necessary.
210 of 210 operators necessary.
0 of 0 axiom rules necessary.
Reordering and filtering variables: [0.010s CPU, 0.004s wall-clock]
Translator variables: 37
Translator derived variables: 0
Translator facts: 186
Translator goal facts: 3
Translator mutex groups: 30
Translator total mutex groups size: 150
Translator operators: 210
Translator axioms: 0
Translator task size: 2032
Translator peak memory: 35364 KB
Writing output... [0.000s CPU, 0.003s wall-clock]
Done! [0.090s CPU, 0.084s wall-clock]
translate exit code: 0

INFO     Running search (release).
INFO     search portfolio: /home/bharath/Desktop/GitHub/downward/driver/portfolios/seq_opt_fdss_1.py
remaining time: 1799.0
config 0: relative time 175, remaining 1631
args: ['/home/bharath/Desktop/GitHub/downward/builds/release/bin/downward', '--search', 'astar(merge_and_shrink(merge_strategy=merge_precomputed(merge_tree=linear(variable_order=reverse_level)),shrink_strategy=shrink_bisimulation(greedy=true),label_reduction=exact(before_shrinking=true,before_merging=false),max_states=infinity,threshold_before_merge=1))', '--internal-plan-file', '/home/bharath/Desktop/ISWC_test/best_planner/ontology_policy_results/results/plan-sokoban-instance-3.txt']
INFO     search stdin: output.sas
INFO     search time limit: 193s
INFO     search memory limit: None
INFO     search command line string: /home/bharath/Desktop/GitHub/downward/builds/release/bin/downward --search 'astar(merge_and_shrink(merge_strategy=merge_precomputed(merge_tree=linear(variable_order=reverse_level)),shrink_strategy=shrink_bisimulation(greedy=true),label_reduction=exact(before_shrinking=true,before_merging=false),max_states=infinity,threshold_before_merge=1))' --internal-plan-file /home/bharath/Desktop/ISWC_test/best_planner/ontology_policy_results/results/plan-sokoban-instance-3.txt < output.sas
[t=0.00268988s, 10980 KB] reading input...
[t=0.00268988s, 11104 KB] done reading input!
[t=0.00669097s, 11368 KB] Initializing merge-and-shrink heuristic...
[t=0.00669097s, 11368 KB] Running merge-and-shrink algorithm...
[t=0.00669097s, 11368 KB] Merge strategy options:
[t=0.00669097s, 11368 KB] Type: precomputed
[t=0.00669097s, 11368 KB] Merge tree options: 
[t=0.00669097s, 11368 KB] Type: linear
[t=0.00669097s, 11368 KB] Update option: use random
[t=0.00669097s, 11368 KB] Variable order type: by reverse level

[t=0.00669097s, 11368 KB] Options related to size limits and shrinking: 
[t=0.00669097s, 11368 KB] Transition system size limit: 2147483647
[t=0.00669097s, 11368 KB] Transition system size limit right before merge: 2147483647
[t=0.00669097s, 11368 KB] Threshold to trigger shrinking right before merge: 1

[t=0.00669097s, 11368 KB] Shrink strategy options: 
[t=0.00669097s, 11368 KB] Type: bisimulation
[t=0.00669097s, 11368 KB] Bisimulation type: greedy
[t=0.00669097s, 11368 KB] At limit: return

[t=0.00669097s, 11368 KB] Pruning unreachable states: yes
[t=0.00669097s, 11368 KB] Pruning irrelevant states: yes

[t=0.00669097s, 11368 KB] Label reduction options:
[t=0.00669097s, 11368 KB] Before merging: disabled
[t=0.00669097s, 11368 KB] Before shrinking: enabled
[t=0.00669097s, 11368 KB] Method: all transition systems with fixpoint computation
[t=0.00669097s, 11368 KB] System order: random

[t=0.00669097s, 11368 KB] Main loop max time in seconds: inf


[t=0.00669097s, 11368 KB] Building atomic transition systems... 
[t=0.0106927s, 11368 KB] M&S algorithm timer: 0.00400174s (after computation of atomic factors)

[t=0.0106927s, 11368 KB] Starting main loop without a time limit.
[t=0.0106927s, 11368 KB] building causal graph...done! [t=0s]
[t=0.0106927s, 11500 KB] Next pair of indices: (0, 1)
[t=0.0106927s, 11500 KB] M&S algorithm main loop timer: 0s (after computation of next merge)
[t=0.0347002s, 11500 KB] M&S algorithm main loop timer: 0.0240075s (after merging)

[t=0.0347002s, 11500 KB] Next pair of indices: (37, 2)
[t=0.0347002s, 11500 KB] M&S algorithm main loop timer: 0.0240075s (after computation of next merge)
[t=0.0627078s, 11500 KB] M&S algorithm main loop timer: 0.0520151s (after merging)

[t=0.0627078s, 11500 KB] Next pair of indices: (38, 3)
[t=0.0627078s, 11500 KB] M&S algorithm main loop timer: 0.0520151s (after computation of next merge)
[t=0.0827165s, 11500 KB] M&S algorithm main loop timer: 0.0720238s (after merging)

[t=0.0827165s, 11500 KB] Next pair of indices: (39, 4)
[t=0.0827165s, 11500 KB] M&S algorithm main loop timer: 0.0720238s (after computation of next merge)
[t=0.118728s, 11500 KB] M&S algorithm main loop timer: 0.108036s (after merging)

[t=0.118728s, 11500 KB] Next pair of indices: (40, 5)
[t=0.118728s, 11500 KB] M&S algorithm main loop timer: 0.108036s (after computation of next merge)
[t=0.142737s, 11500 KB] M&S algorithm main loop timer: 0.132044s (after merging)

[t=0.142737s, 11500 KB] Next pair of indices: (41, 6)
[t=0.142737s, 11500 KB] M&S algorithm main loop timer: 0.132044s (after computation of next merge)
[t=0.162742s, 11500 KB] M&S algorithm main loop timer: 0.152049s (after merging)

[t=0.162742s, 11500 KB] Next pair of indices: (42, 7)
[t=0.162742s, 11500 KB] M&S algorithm main loop timer: 0.152049s (after computation of next merge)
[t=0.182749s, 11500 KB] M&S algorithm main loop timer: 0.172056s (after merging)

[t=0.182749s, 11500 KB] Next pair of indices: (43, 8)
[t=0.182749s, 11500 KB] M&S algorithm main loop timer: 0.172056s (after computation of next merge)
[t=0.206759s, 11632 KB] M&S algorithm main loop timer: 0.196066s (after merging)

[t=0.206759s, 11632 KB] Next pair of indices: (44, 9)
[t=0.206759s, 11632 KB] M&S algorithm main loop timer: 0.196066s (after computation of next merge)
[t=0.226765s, 11896 KB] M&S algorithm main loop timer: 0.216072s (after merging)

[t=0.226765s, 11896 KB] Next pair of indices: (45, 10)
[t=0.226765s, 11896 KB] M&S algorithm main loop timer: 0.216072s (after computation of next merge)
[t=0.246772s, 12568 KB] M&S algorithm main loop timer: 0.236079s (after merging)

[t=0.246772s, 12568 KB] Next pair of indices: (46, 11)
[t=0.246772s, 12568 KB] M&S algorithm main loop timer: 0.236079s (after computation of next merge)
[t=0.270789s, 13772 KB] M&S algorithm main loop timer: 0.260096s (after merging)

[t=0.270789s, 13772 KB] Next pair of indices: (47, 12)
[t=0.270789s, 13772 KB] M&S algorithm main loop timer: 0.260096s (after computation of next merge)
[t=0.310782s, 17132 KB] M&S algorithm main loop timer: 0.300089s (after merging)

[t=0.310782s, 17132 KB] Next pair of indices: (48, 13)
[t=0.310782s, 17132 KB] M&S algorithm main loop timer: 0.300089s (after computation of next merge)
[t=0.394794s, 23844 KB] M&S algorithm main loop timer: 0.384101s (after merging)

[t=0.398795s, 23844 KB] Next pair of indices: (49, 14)
[t=0.398795s, 23844 KB] M&S algorithm main loop timer: 0.388102s (after computation of next merge)
[t=0.582807s, 38364 KB] M&S algorithm main loop timer: 0.572114s (after merging)

[t=0.582807s, 38364 KB] Next pair of indices: (50, 15)
[t=0.586806s, 38364 KB] M&S algorithm main loop timer: 0.576114s (after computation of next merge)
[t=0.94291s, 68724 KB] M&S algorithm main loop timer: 0.932217s (after merging)

[t=0.946911s, 68724 KB] Next pair of indices: (51, 16)
[t=0.946911s, 68724 KB] M&S algorithm main loop timer: 0.936218s (after computation of next merge)
[t=1.81822s, 135876 KB] M&S algorithm main loop timer: 1.80753s (after merging)

[t=1.83823s, 135876 KB] Next pair of indices: (52, 17)
[t=1.83823s, 135876 KB] M&S algorithm main loop timer: 1.82753s (after computation of next merge)
[t=3.53004s, 268520 KB] M&S algorithm main loop timer: 3.51935s (after merging)

[t=3.55405s, 268520 KB] Next pair of indices: (53, 18)
[t=3.55405s, 268520 KB] M&S algorithm main loop timer: 3.54336s (after computation of next merge)
[t=6.94251s, 541796 KB] M&S algorithm main loop timer: 6.93182s (after merging)

[t=6.98652s, 541796 KB] Next pair of indices: (54, 19)
[t=6.98652s, 541796 KB] M&S algorithm main loop timer: 6.97582s (after computation of next merge)
[t=13.9822s, 1074368 KB] M&S algorithm main loop timer: 13.9715s (after merging)

[t=14.0662s, 1074368 KB] Next pair of indices: (55, 20)
[t=14.0662s, 1074368 KB] M&S algorithm main loop timer: 14.0595s (after computation of next merge)
[t=28.4895s, 2185468 KB] M&S algorithm main loop timer: 28.4788s (after merging)

[t=28.6615s, 2185468 KB] Next pair of indices: (56, 21)
[t=28.6615s, 2185468 KB] M&S algorithm main loop timer: 28.6508s (after computation of next merge)
[t=59.2794s, 4584472 KB] M&S algorithm main loop timer: 59.2687s (after merging)

[t=59.6275s, 4584472 KB] Next pair of indices: (57, 22)
[t=59.6275s, 4584472 KB] M&S algorithm main loop timer: 59.6168s (after computation of next merge)
exitcode: -9

remaining time: 1707.48
config 1: relative time 432, remaining 1456
args: ['/home/bharath/Desktop/GitHub/downward/builds/release/bin/downward', '--search', 'astar(merge_and_shrink(merge_strategy=merge_precomputed(merge_tree=linear(variable_order=reverse_level)),shrink_strategy=shrink_bisimulation(greedy=false),label_reduction=exact(before_shrinking=true,before_merging=false),max_states=200000))', '--internal-plan-file', '/home/bharath/Desktop/ISWC_test/best_planner/ontology_policy_results/results/plan-sokoban-instance-3.txt']
INFO     search stdin: output.sas
INFO     search time limit: 506s
INFO     search memory limit: None
INFO     search command line string: /home/bharath/Desktop/GitHub/downward/builds/release/bin/downward --search 'astar(merge_and_shrink(merge_strategy=merge_precomputed(merge_tree=linear(variable_order=reverse_level)),shrink_strategy=shrink_bisimulation(greedy=false),label_reduction=exact(before_shrinking=true,before_merging=false),max_states=200000))' --internal-plan-file /home/bharath/Desktop/ISWC_test/best_planner/ontology_policy_results/results/plan-sokoban-instance-3.txt < output.sas
[t=0.00242136s, 10980 KB] reading input...
[t=0.00551489s, 11104 KB] done reading input!
[t=0.011359s, 11368 KB] Initializing merge-and-shrink heuristic...
[t=0.011359s, 11368 KB] Running merge-and-shrink algorithm...
[t=0.011359s, 11368 KB] Merge strategy options:
[t=0.011359s, 11368 KB] Type: precomputed
[t=0.011359s, 11368 KB] Merge tree options: 
[t=0.011359s, 11368 KB] Type: linear
[t=0.011359s, 11368 KB] Update option: use random
[t=0.011359s, 11368 KB] Variable order type: by reverse level

[t=0.0131543s, 11368 KB] Options related to size limits and shrinking: 
[t=0.0131543s, 11368 KB] Transition system size limit: 200000
[t=0.0131543s, 11368 KB] Transition system size limit right before merge: 200000
[t=0.0131543s, 11368 KB] Threshold to trigger shrinking right before merge: 200000

[t=0.0131543s, 11368 KB] Shrink strategy options: 
[t=0.0131543s, 11368 KB] Type: bisimulation
[t=0.0131543s, 11368 KB] Bisimulation type: exact
[t=0.0131543s, 11368 KB] At limit: return

[t=0.0131543s, 11368 KB] Pruning unreachable states: yes
[t=0.0131543s, 11368 KB] Pruning irrelevant states: yes

[t=0.0131543s, 11368 KB] Label reduction options:
[t=0.0131543s, 11368 KB] Before merging: disabled
[t=0.0131543s, 11368 KB] Before shrinking: enabled
[t=0.0131543s, 11368 KB] Method: all transition systems with fixpoint computation
[t=0.0131543s, 11368 KB] System order: random

[t=0.0131543s, 11368 KB] Main loop max time in seconds: inf


[t=0.0131543s, 11368 KB] Building atomic transition systems... 
[t=0.0131543s, 11368 KB] M&S algorithm timer: 0.00179532s (after computation of atomic factors)

[t=0.0131543s, 11368 KB] Starting main loop without a time limit.
[t=0.0131543s, 11368 KB] building causal graph...done! [t=0s]
[t=0.0131543s, 11500 KB] Next pair of indices: (0, 1)
[t=0.0131543s, 11500 KB] M&S algorithm main loop timer: 0s (after computation of next merge)
[t=0.045159s, 11500 KB] M&S algorithm main loop timer: 0.0320047s (after merging)

[t=0.045159s, 11500 KB] Next pair of indices: (37, 2)
[t=0.045159s, 11500 KB] M&S algorithm main loop timer: 0.0320047s (after computation of next merge)
[t=0.0651626s, 11500 KB] M&S algorithm main loop timer: 0.0520083s (after merging)

[t=0.0651626s, 11500 KB] Next pair of indices: (38, 3)
[t=0.0651626s, 11500 KB] M&S algorithm main loop timer: 0.0520083s (after computation of next merge)
[t=0.0851667s, 11500 KB] M&S algorithm main loop timer: 0.0720124s (after merging)

[t=0.0851667s, 11500 KB] Next pair of indices: (39, 4)
[t=0.0851667s, 11500 KB] M&S algorithm main loop timer: 0.0720124s (after computation of next merge)
[t=0.10517s, 11500 KB] M&S algorithm main loop timer: 0.092016s (after merging)

[t=0.10517s, 11500 KB] Next pair of indices: (40, 5)
[t=0.10517s, 11500 KB] M&S algorithm main loop timer: 0.092016s (after computation of next merge)
[t=0.121177s, 11500 KB] M&S algorithm main loop timer: 0.108023s (after merging)

[t=0.121177s, 11500 KB] Next pair of indices: (41, 6)
[t=0.125165s, 11500 KB] M&S algorithm main loop timer: 0.112011s (after computation of next merge)
[t=0.141167s, 11500 KB] M&S algorithm main loop timer: 0.128013s (after merging)

[t=0.141167s, 11500 KB] Next pair of indices: (42, 7)
[t=0.141167s, 11500 KB] M&S algorithm main loop timer: 0.128013s (after computation of next merge)
[t=0.157171s, 11500 KB] M&S algorithm main loop timer: 0.144016s (after merging)

[t=0.157171s, 11500 KB] Next pair of indices: (43, 8)
[t=0.157171s, 11500 KB] M&S algorithm main loop timer: 0.144016s (after computation of next merge)
[t=0.173174s, 11632 KB] M&S algorithm main loop timer: 0.160019s (after merging)

[t=0.173174s, 11632 KB] Next pair of indices: (44, 9)
[t=0.173174s, 11632 KB] M&S algorithm main loop timer: 0.160019s (after computation of next merge)
[t=0.189178s, 11900 KB] M&S algorithm main loop timer: 0.176023s (after merging)

[t=0.189178s, 11900 KB] Next pair of indices: (45, 10)
[t=0.189178s, 11900 KB] M&S algorithm main loop timer: 0.176023s (after computation of next merge)
[t=0.209182s, 12564 KB] M&S algorithm main loop timer: 0.196028s (after merging)

[t=0.209182s, 12564 KB] Next pair of indices: (46, 11)
[t=0.209182s, 12564 KB] M&S algorithm main loop timer: 0.196028s (after computation of next merge)
[t=0.229186s, 13756 KB] M&S algorithm main loop timer: 0.216032s (after merging)

[t=0.229186s, 13756 KB] Next pair of indices: (47, 12)
[t=0.229186s, 13756 KB] M&S algorithm main loop timer: 0.216032s (after computation of next merge)
[t=0.261196s, 17016 KB] M&S algorithm main loop timer: 0.248041s (after merging)

[t=0.265201s, 17016 KB] Next pair of indices: (48, 13)
[t=0.265201s, 17016 KB] M&S algorithm main loop timer: 0.252046s (after computation of next merge)
[t=0.317207s, 23852 KB] M&S algorithm main loop timer: 0.304053s (after merging)

[t=0.321205s, 23852 KB] Next pair of indices: (49, 14)
[t=0.321205s, 23852 KB] M&S algorithm main loop timer: 0.308051s (after computation of next merge)
[t=0.441236s, 38372 KB] M&S algorithm main loop timer: 0.428082s (after merging)

[t=0.445216s, 38372 KB] Next pair of indices: (50, 15)
[t=0.445216s, 38372 KB] M&S algorithm main loop timer: 0.432062s (after computation of next merge)
[t=0.709254s, 68776 KB] M&S algorithm main loop timer: 0.6961s (after merging)

[t=0.713253s, 68776 KB] Next pair of indices: (51, 16)
[t=0.713253s, 68776 KB] M&S algorithm main loop timer: 0.700099s (after computation of next merge)
[t=1.30135s, 135720 KB] M&S algorithm main loop timer: 1.2882s (after merging)

[t=1.30935s, 135720 KB] Next pair of indices: (52, 17)
[t=1.30935s, 135720 KB] M&S algorithm main loop timer: 1.2962s (after computation of next merge)
[t=1.88543s, 135720 KB] M&S algorithm main loop timer: 1.87227s (after shrinking)
[t=1.88543s, 135720 KB] M&S algorithm main loop timer: 1.87227s (after merging)

[t=1.88543s, 135720 KB] Next pair of indices: (53, 18)
[t=1.88543s, 135720 KB] M&S algorithm main loop timer: 1.87227s (after computation of next merge)
[t=1.89743s, 135720 KB] M&S algorithm main loop timer: 1.88427s (after label reduction)
[t=1.89743s, 135720 KB] M&S algorithm main loop timer: 1.88427s (after merging)

[t=1.89743s, 135720 KB] Next pair of indices: (54, 19)
[t=1.89743s, 135720 KB] M&S algorithm main loop timer: 1.88427s (after computation of next merge)
[t=1.90543s, 135720 KB] M&S algorithm main loop timer: 1.89227s (after merging)

[t=1.90543s, 135720 KB] Next pair of indices: (55, 20)
[t=1.90543s, 135720 KB] M&S algorithm main loop timer: 1.89227s (after computation of next merge)
[t=1.91343s, 135720 KB] M&S algorithm main loop timer: 1.90028s (after merging)

[t=1.91343s, 135720 KB] Next pair of indices: (56, 21)
[t=1.91343s, 135720 KB] M&S algorithm main loop timer: 1.90028s (after computation of next merge)
[t=1.92143s, 135720 KB] M&S algorithm main loop timer: 1.90828s (after merging)

[t=1.92143s, 135720 KB] Next pair of indices: (57, 22)
[t=1.92143s, 135720 KB] M&S algorithm main loop timer: 1.90828s (after computation of next merge)
[t=1.92543s, 135720 KB] M&S algorithm main loop timer: 1.91228s (after merging)

[t=1.92543s, 135720 KB] Next pair of indices: (58, 23)
[t=1.92543s, 135720 KB] M&S algorithm main loop timer: 1.91228s (after computation of next merge)
[t=1.92943s, 135720 KB] M&S algorithm main loop timer: 1.91628s (after merging)

[t=1.92943s, 135720 KB] Next pair of indices: (59, 24)
[t=1.92943s, 135720 KB] M&S algorithm main loop timer: 1.91628s (after computation of next merge)
[t=1.93344s, 135720 KB] M&S algorithm main loop timer: 1.92028s (after merging)

[t=1.93344s, 135720 KB] Next pair of indices: (60, 25)
[t=1.93344s, 135720 KB] M&S algorithm main loop timer: 1.92028s (after computation of next merge)
[t=1.93744s, 135720 KB] M&S algorithm main loop timer: 1.92428s (after merging)

[t=1.93744s, 135720 KB] Next pair of indices: (61, 26)
[t=1.93744s, 135720 KB] M&S algorithm main loop timer: 1.92428s (after computation of next merge)
[t=1.94144s, 135720 KB] M&S algorithm main loop timer: 1.92828s (after merging)

[t=1.94144s, 135720 KB] Next pair of indices: (62, 27)
[t=1.94144s, 135720 KB] M&S algorithm main loop timer: 1.92828s (after computation of next merge)
[t=1.94544s, 135720 KB] M&S algorithm main loop timer: 1.93228s (after merging)

[t=1.94544s, 135720 KB] Next pair of indices: (63, 28)
[t=1.94544s, 135720 KB] M&S algorithm main loop timer: 1.93228s (after computation of next merge)
[t=1.95745s, 135720 KB] M&S algorithm main loop timer: 1.94429s (after merging)

[t=1.95745s, 135720 KB] Next pair of indices: (64, 29)
[t=1.95745s, 135720 KB] M&S algorithm main loop timer: 1.94429s (after computation of next merge)
[t=1.98545s, 135720 KB] M&S algorithm main loop timer: 1.9723s (after merging)

[t=1.98545s, 135720 KB] Next pair of indices: (65, 30)
[t=1.98545s, 135720 KB] M&S algorithm main loop timer: 1.9723s (after computation of next merge)
[t=2.01344s, 135720 KB] M&S algorithm main loop timer: 2.00028s (after shrinking)
[t=2.01344s, 135720 KB] M&S algorithm main loop timer: 2.00028s (after merging)

[t=2.01344s, 135720 KB] Next pair of indices: (66, 31)
[t=2.01344s, 135720 KB] M&S algorithm main loop timer: 2.00028s (after computation of next merge)
[t=2.01344s, 135720 KB] M&S algorithm main loop timer: 2.00028s (after label reduction)
[t=2.01344s, 135720 KB] M&S algorithm main loop timer: 2.00028s (after merging)

[t=2.01344s, 135720 KB] Next pair of indices: (67, 32)
[t=2.01344s, 135720 KB] M&S algorithm main loop timer: 2.00028s (after computation of next merge)
[t=2.03745s, 135720 KB] M&S algorithm main loop timer: 2.0243s (after merging)

[t=2.03745s, 135720 KB] Next pair of indices: (68, 33)
[t=2.03745s, 135720 KB] M&S algorithm main loop timer: 2.0243s (after computation of next merge)
[t=2.08144s, 135720 KB] M&S algorithm main loop timer: 2.06828s (after shrinking)
[t=2.17746s, 135720 KB] M&S algorithm main loop timer: 2.1643s (after merging)

[t=2.19346s, 135720 KB] Next pair of indices: (69, 34)
[t=2.19346s, 135720 KB] M&S algorithm main loop timer: 2.18031s (after computation of next merge)
[t=2.19346s, 135720 KB] M&S algorithm main loop timer: 2.18031s (after label reduction)
[t=3.10108s, 135720 KB] M&S algorithm main loop timer: 3.08793s (after shrinking)
[t=3.26912s, 135720 KB] M&S algorithm main loop timer: 3.25596s (after merging)
[t=3.31312s, 135720 KB] M&S algorithm main loop timer: 3.29997s (after pruning)

[t=3.31312s, 135720 KB] Next pair of indices: (70, 35)
[t=3.31312s, 135720 KB] M&S algorithm main loop timer: 3.29997s (after computation of next merge)
[t=3.31312s, 135720 KB] M&S algorithm main loop timer: 3.29997s (after label reduction)
[t=3.96917s, 135720 KB] M&S algorithm main loop timer: 3.95602s (after shrinking)
[t=4.1652s, 135720 KB] M&S algorithm main loop timer: 4.15205s (after merging)

[t=4.1812s, 135720 KB] Next pair of indices: (71, 36)
[t=4.1812s, 135720 KB] M&S algorithm main loop timer: 4.16805s (after computation of next merge)
[t=4.1892s, 135720 KB] M&S algorithm main loop timer: 4.17605s (after label reduction)
[t=4.86526s, 135720 KB] M&S algorithm main loop timer: 4.8521s (after shrinking)
[t=5.0613s, 135720 KB] M&S algorithm main loop timer: 5.04814s (after merging)

[t=5.0773s, 135720 KB] End of merge-and-shrink algorithm, statistics:
[t=5.0773s, 135720 KB] Main loop runtime: 5.06415s
[t=5.0773s, 135720 KB] Maximum intermediate abstraction size: 197386
[t=5.0773s, 135720 KB] Final peak memory increase of merge-and-shrink algorithm: 124352 KB
[t=5.0773s, 135720 KB] Merge-and-shrink algorithm runtime: 5.06594s

[t=5.0773s, 135720 KB] Number of remaining factors: 1
[t=5.0773s, 135720 KB] Number of factors kept: 1
[t=5.0773s, 135720 KB] Done initializing merge-and-shrink heuristic.

[t=5.0773s, 135720 KB] Building successor generator...done!
[t=5.0773s, 135720 KB] peak memory difference for successor generator creation: 0 KB
[t=5.0773s, 135720 KB] time for successor generation creation: 0s
[t=5.0773s, 135720 KB] Variables: 37
[t=5.0773s, 135720 KB] FactPairs: 186
[t=5.0773s, 135720 KB] Bytes per state: 8
[t=5.0773s, 135720 KB] Conducting best first search with reopening closed nodes, (real) bound = 2147483647
[t=5.0773s, 135720 KB] New best heuristic value for merge_and_shrink(merge_strategy=merge_precomputed(merge_tree=linear(variable_order=reverse_level)),shrink_strategy=shrink_bisimulation(greedy=false),label_reduction=exact(before_shrinking=true,before_merging=false),max_states=200000): 3
[t=5.0773s, 135720 KB] g=0, 1 evaluated, 0 expanded
[t=5.0773s, 135720 KB] f = 3, 1 evaluated, 0 expanded
[t=5.0773s, 135720 KB] Initial heuristic value for merge_and_shrink(merge_strategy=merge_precomputed(merge_tree=linear(variable_order=reverse_level)),shrink_strategy=shrink_bisimulation(greedy=false),label_reduction=exact(before_shrinking=true,before_merging=false),max_states=200000): 3
[t=5.0773s, 135720 KB] pruning method: none
[t=5.0773s, 135720 KB] f = 4, 8 evaluated, 5 expanded
[t=5.0773s, 135720 KB] f = 5, 27 evaluated, 21 expanded
[t=5.0773s, 135720 KB] f = 6, 67 evaluated, 55 expanded
[t=5.0813s, 135720 KB] f = 7, 227 evaluated, 204 expanded
[t=5.0813s, 135720 KB] f = 8, 564 evaluated, 528 expanded
[t=5.0853s, 135720 KB] New best heuristic value for merge_and_shrink(merge_strategy=merge_precomputed(merge_tree=linear(variable_order=reverse_level)),shrink_strategy=shrink_bisimulation(greedy=false),label_reduction=exact(before_shrinking=true,before_merging=false),max_states=200000): 2
[t=5.0853s, 135720 KB] g=6, 1069 evaluated, 999 expanded
[t=5.0853s, 135720 KB] f = 9, 1122 evaluated, 1066 expanded
[t=5.0893s, 135720 KB] f = 10, 2051 evaluated, 1950 expanded
[t=5.1013s, 135720 KB] f = 11, 3695 evaluated, 3528 expanded
[t=5.1013s, 135720 KB] New best heuristic value for merge_and_shrink(merge_strategy=merge_precomputed(merge_tree=linear(variable_order=reverse_level)),shrink_strategy=shrink_bisimulation(greedy=false),label_reduction=exact(before_shrinking=true,before_merging=false),max_states=200000): 1
[t=5.1013s, 135720 KB] g=10, 3886 evaluated, 3661 expanded
[t=5.11331s, 135720 KB] f = 12, 6161 evaluated, 5909 expanded
[t=5.13331s, 135720 KB] f = 13, 9574 evaluated, 9254 expanded
[t=5.15331s, 135720 KB] f = 14, 13596 evaluated, 13209 expanded
[t=5.18532s, 135720 KB] f = 15, 18606 evaluated, 18090 expanded
[t=5.22133s, 135720 KB] f = 16, 25362 evaluated, 24669 expanded
[t=5.27734s, 135720 KB] f = 17, 34411 evaluated, 33564 expanded
[t=5.33735s, 135720 KB] f = 18, 45087 evaluated, 44170 expanded
[t=5.40536s, 135720 KB] f = 19, 57007 evaluated, 55959 expanded
[t=5.48938s, 135720 KB] f = 20, 70351 evaluated, 69175 expanded
[t=5.5734s, 135720 KB] f = 21, 85024 evaluated, 83883 expanded
[t=5.65742s, 135720 KB] f = 22, 99475 evaluated, 98381 expanded
[t=5.74942s, 135720 KB] f = 23, 114132 evaluated, 112918 expanded
[t=5.84542s, 135720 KB] f = 24, 129908 evaluated, 128594 expanded
[t=5.94541s, 135720 KB] f = 25, 146917 evaluated, 145525 expanded
[t=6.04939s, 135720 KB] f = 26, 164954 evaluated, 163645 expanded
[t=6.1494s, 135720 KB] f = 27, 181880 evaluated, 180642 expanded
[t=6.24542s, 135720 KB] f = 28, 198616 evaluated, 197371 expanded
[t=6.34542s, 135720 KB] f = 29, 215321 evaluated, 214081 expanded
[t=6.34542s, 135720 KB] New best heuristic value for merge_and_shrink(merge_strategy=merge_precomputed(merge_tree=linear(variable_order=reverse_level)),shrink_strategy=shrink_bisimulation(greedy=false),label_reduction=exact(before_shrinking=true,before_merging=false),max_states=200000): 0
[t=6.34542s, 135720 KB] g=29, 215396 evaluated, 214144 expanded
[t=6.34542s, 135720 KB] Solution found!
[t=6.34542s, 135720 KB] Actual search time: 1.26812s
move player-01 pos-3-2 pos-4-2 dir-right (0)
move player-01 pos-4-2 pos-4-3 dir-down (0)
push-to-nongoal player-01 stone-02 pos-4-3 pos-5-3 pos-6-3 dir-right (1)
push-to-nongoal player-01 stone-02 pos-5-3 pos-6-3 pos-7-3 dir-right (1)
move player-01 pos-6-3 pos-6-2 dir-up (0)
move player-01 pos-6-2 pos-7-2 dir-right (0)
push-to-nongoal player-01 stone-02 pos-7-2 pos-7-3 pos-7-4 dir-down (1)
move player-01 pos-7-3 pos-6-3 dir-left (0)
move player-01 pos-6-3 pos-5-3 dir-left (0)
move player-01 pos-5-3 pos-4-3 dir-left (0)
move player-01 pos-4-3 pos-4-2 dir-up (0)
move player-01 pos-4-2 pos-3-2 dir-left (0)
move player-01 pos-3-2 pos-2-2 dir-left (0)
move player-01 pos-2-2 pos-2-3 dir-down (0)
push-to-nongoal player-01 stone-01 pos-2-3 pos-3-3 pos-4-3 dir-right (1)
push-to-nongoal player-01 stone-03 pos-3-3 pos-3-4 pos-3-5 dir-down (1)
move player-01 pos-3-4 pos-3-3 dir-up (0)
push-to-nongoal player-01 stone-01 pos-3-3 pos-4-3 pos-5-3 dir-right (1)
push-to-nongoal player-01 stone-01 pos-4-3 pos-5-3 pos-6-3 dir-right (1)
push-to-nongoal player-01 stone-01 pos-5-3 pos-6-3 pos-7-3 dir-right (1)
move player-01 pos-6-3 pos-6-2 dir-up (0)
move player-01 pos-6-2 pos-7-2 dir-right (0)
move player-01 pos-7-2 pos-8-2 dir-right (0)
move player-01 pos-8-2 pos-8-3 dir-down (0)
push-to-nongoal player-01 stone-01 pos-8-3 pos-7-3 pos-6-3 dir-left (1)
push-to-nongoal player-01 stone-02 pos-7-3 pos-7-4 pos-7-5 dir-down (1)
push-to-nongoal player-01 stone-02 pos-7-4 pos-7-5 pos-7-6 dir-down (1)
move player-01 pos-7-5 pos-6-5 dir-left (0)
move player-01 pos-6-5 pos-5-5 dir-left (0)
move player-01 pos-5-5 pos-4-5 dir-left (0)
move player-01 pos-4-5 pos-4-6 dir-down (0)
move player-01 pos-4-6 pos-3-6 dir-left (0)
move player-01 pos-3-6 pos-2-6 dir-left (0)
move player-01 pos-2-6 pos-2-5 dir-up (0)
push-to-goal player-01 stone-03 pos-2-5 pos-3-5 pos-4-5 dir-right (1)
move player-01 pos-3-5 pos-3-4 dir-up (0)
move player-01 pos-3-4 pos-3-3 dir-up (0)
move player-01 pos-3-3 pos-4-3 dir-right (0)
move player-01 pos-4-3 pos-5-3 dir-right (0)
push-to-nongoal player-01 stone-01 pos-5-3 pos-6-3 pos-7-3 dir-right (1)
move player-01 pos-6-3 pos-6-2 dir-up (0)
move player-01 pos-6-2 pos-7-2 dir-right (0)
move player-01 pos-7-2 pos-8-2 dir-right (0)
move player-01 pos-8-2 pos-8-3 dir-down (0)
push-to-nongoal player-01 stone-01 pos-8-3 pos-7-3 pos-6-3 dir-left (1)
move player-01 pos-7-3 pos-7-4 dir-down (0)
move player-01 pos-7-4 pos-7-5 dir-down (0)
move player-01 pos-7-5 pos-8-5 dir-right (0)
move player-01 pos-8-5 pos-8-6 dir-down (0)
move player-01 pos-8-6 pos-8-7 dir-down (0)
move player-01 pos-8-7 pos-7-7 dir-left (0)
push-to-nongoal player-01 stone-02 pos-7-7 pos-7-6 pos-7-5 dir-up (1)
move player-01 pos-7-6 pos-8-6 dir-right (0)
move player-01 pos-8-6 pos-8-5 dir-up (0)
push-to-goal player-01 stone-02 pos-8-5 pos-7-5 pos-6-5 dir-left (1)
push-to-goal player-01 stone-02 pos-7-5 pos-6-5 pos-5-5 dir-left (1)
move player-01 pos-6-5 pos-7-5 dir-right (0)
move player-01 pos-7-5 pos-7-4 dir-up (0)
move player-01 pos-7-4 pos-7-3 dir-up (0)
push-to-nongoal player-01 stone-01 pos-7-3 pos-6-3 pos-5-3 dir-left (1)
push-to-nongoal player-01 stone-01 pos-6-3 pos-5-3 pos-4-3 dir-left (1)
push-to-nongoal player-01 stone-01 pos-5-3 pos-4-3 pos-3-3 dir-left (1)
move player-01 pos-4-3 pos-4-2 dir-up (0)
move player-01 pos-4-2 pos-3-2 dir-left (0)
move player-01 pos-3-2 pos-2-2 dir-left (0)
move player-01 pos-2-2 pos-2-3 dir-down (0)
push-to-nongoal player-01 stone-01 pos-2-3 pos-3-3 pos-4-3 dir-right (1)
push-to-nongoal player-01 stone-01 pos-3-3 pos-4-3 pos-5-3 dir-right (1)
push-to-nongoal player-01 stone-01 pos-4-3 pos-5-3 pos-6-3 dir-right (1)
push-to-nongoal player-01 stone-01 pos-5-3 pos-6-3 pos-7-3 dir-right (1)
move player-01 pos-6-3 pos-6-2 dir-up (0)
move player-01 pos-6-2 pos-7-2 dir-right (0)
push-to-nongoal player-01 stone-01 pos-7-2 pos-7-3 pos-7-4 dir-down (1)
push-to-nongoal player-01 stone-01 pos-7-3 pos-7-4 pos-7-5 dir-down (1)
push-to-nongoal player-01 stone-01 pos-7-4 pos-7-5 pos-7-6 dir-down (1)
move player-01 pos-7-5 pos-8-5 dir-right (0)
move player-01 pos-8-5 pos-8-6 dir-down (0)
move player-01 pos-8-6 pos-8-7 dir-down (0)
move player-01 pos-8-7 pos-7-7 dir-left (0)
push-to-nongoal player-01 stone-01 pos-7-7 pos-7-6 pos-7-5 dir-up (1)
move player-01 pos-7-6 pos-8-6 dir-right (0)
move player-01 pos-8-6 pos-8-5 dir-up (0)
push-to-goal player-01 stone-01 pos-8-5 pos-7-5 pos-6-5 dir-left (1)
[t=6.34542s, 135720 KB] Plan length: 83 step(s).
[t=6.34542s, 135720 KB] Plan cost: 29
[t=6.34542s, 135720 KB] Expanded 214145 state(s).
[t=6.34542s, 135720 KB] Reopened 0 state(s).
[t=6.34542s, 135720 KB] Evaluated 215396 state(s).
[t=6.34542s, 135720 KB] Evaluations: 215396
[t=6.34542s, 135720 KB] Generated 531844 state(s).
[t=6.34542s, 135720 KB] Dead ends: 0 state(s).
[t=6.34542s, 135720 KB] Expanded until last jump: 214081 state(s).
[t=6.34542s, 135720 KB] Reopened until last jump: 0 state(s).
[t=6.34542s, 135720 KB] Evaluated until last jump: 215321 state(s).
[t=6.34542s, 135720 KB] Generated until last jump: 531691 state(s).
[t=6.34542s, 135720 KB] Number of registered states: 215396
[t=6.34542s, 135720 KB] Int hash set load factor: 215396/262144 = 0.821671
[t=6.34542s, 135720 KB] Int hash set resizes: 18
[t=6.34542s, 135720 KB] Search time: 1.26812s
[t=6.34542s, 135720 KB] Total time: 6.34542s
Solution found.
Peak memory: 135720 KB
exitcode: 0

Exit codes: [-9, 0]
Remove intermediate file output.sas
search exit code: 0

INFO     Planner time: 98.15s
