INFO     planner time limit: 1800s
INFO     planner memory limit: None

INFO     Running translator.
INFO     translator stdin: None
INFO     translator time limit: 1799s
INFO     translator memory limit: None
INFO     translator command line string: /usr/bin/python3 /home/bharath/Desktop/GitHub/downward/builds/release/bin/translate/translate.py /home/bharath/Desktop/ISWC_test/best_planner/data/elevators/domain.pddl /home/bharath/Desktop/ISWC_test/best_planner/data/elevators/instance-3.pddl --sas-file output.sas
Parsing...
Parsing: [0.000s CPU, 0.010s wall-clock]
Normalizing task... [0.000s CPU, 0.000s wall-clock]
Instantiating...
Generating Datalog program... [0.010s CPU, 0.001s wall-clock]
Normalizing Datalog program...
Normalizing Datalog program: [0.000s CPU, 0.004s wall-clock]
Preparing model... [0.000s CPU, 0.004s wall-clock]
Generated 46 rules.
Computing model... [0.030s CPU, 0.018s wall-clock]
750 relevant atoms
1133 auxiliary atoms
1883 final queue length
2625 total queue pushes
Completing instantiation... [0.020s CPU, 0.018s wall-clock]
Instantiating: [0.060s CPU, 0.047s wall-clock]
Computing fact groups...
Finding invariants...
12 initial candidates
Finding invariants: [0.000s CPU, 0.003s wall-clock]
Checking invariant weight... [0.000s CPU, 0.000s wall-clock]
Instantiating groups... [0.000s CPU, 0.000s wall-clock]
Collecting mutex groups... [0.000s CPU, 0.000s wall-clock]
Choosing groups...
0 uncovered facts
Choosing groups: [0.000s CPU, 0.000s wall-clock]
Building translation key... [0.000s CPU, 0.000s wall-clock]
Computing fact groups: [0.000s CPU, 0.005s wall-clock]
Building STRIPS to SAS dictionary... [0.000s CPU, 0.000s wall-clock]
Building dictionary for full mutex groups... [0.000s CPU, 0.000s wall-clock]
Building mutex information...
Building mutex information: [0.000s CPU, 0.000s wall-clock]
Translating task...
Processing axioms...
Simplifying axioms... [0.000s CPU, 0.000s wall-clock]
Translator axioms removed by simplifying: 0
Computing negative axioms... [0.000s CPU, 0.000s wall-clock]
Processing axioms: [0.000s CPU, 0.001s wall-clock]
Translating task: [0.020s CPU, 0.016s wall-clock]
0 effect conditions simplified
0 implied preconditions added
Detecting unreachable propositions...
0 operators removed
0 axioms removed
11 propositions removed
Detecting unreachable propositions: [0.000s CPU, 0.007s wall-clock]
Reordering and filtering variables...
11 of 11 variables necessary.
0 of 11 mutex groups necessary.
472 of 472 operators necessary.
0 of 0 axiom rules necessary.
Reordering and filtering variables: [0.010s CPU, 0.003s wall-clock]
Translator variables: 11
Translator derived variables: 0
Translator facts: 89
Translator goal facts: 3
Translator mutex groups: 0
Translator total mutex groups size: 0
Translator operators: 472
Translator axioms: 0
Translator task size: 2563
Translator peak memory: 36356 KB
Writing output... [0.000s CPU, 0.004s wall-clock]
Done! [0.090s CPU, 0.092s wall-clock]
translate exit code: 0

INFO     Running search (release).
INFO     search portfolio: /home/bharath/Desktop/GitHub/downward/driver/portfolios/seq_opt_fdss_1.py
remaining time: 1799.0
config 0: relative time 175, remaining 1631
args: ['/home/bharath/Desktop/GitHub/downward/builds/release/bin/downward', '--search', 'astar(merge_and_shrink(merge_strategy=merge_precomputed(merge_tree=linear(variable_order=reverse_level)),shrink_strategy=shrink_bisimulation(greedy=true),label_reduction=exact(before_shrinking=true,before_merging=false),max_states=infinity,threshold_before_merge=1))', '--internal-plan-file', '/home/bharath/Desktop/ISWC_test/best_planner/ontology_policy_results/results/plan-elevators-instance-3.txt']
INFO     search stdin: output.sas
INFO     search time limit: 193s
INFO     search memory limit: None
INFO     search command line string: /home/bharath/Desktop/GitHub/downward/builds/release/bin/downward --search 'astar(merge_and_shrink(merge_strategy=merge_precomputed(merge_tree=linear(variable_order=reverse_level)),shrink_strategy=shrink_bisimulation(greedy=true),label_reduction=exact(before_shrinking=true,before_merging=false),max_states=infinity,threshold_before_merge=1))' --internal-plan-file /home/bharath/Desktop/ISWC_test/best_planner/ontology_policy_results/results/plan-elevators-instance-3.txt < output.sas
[t=0s, 10980 KB] reading input...
[t=0.00400014s, 11104 KB] done reading input!
[t=0.00799885s, 11368 KB] Initializing merge-and-shrink heuristic...
[t=0.00799885s, 11368 KB] Running merge-and-shrink algorithm...
[t=0.00799885s, 11368 KB] Merge strategy options:
[t=0.00799885s, 11368 KB] Type: precomputed
[t=0.00799885s, 11368 KB] Merge tree options: 
[t=0.00799885s, 11368 KB] Type: linear
[t=0.00799885s, 11368 KB] Update option: use random
[t=0.00799885s, 11368 KB] Variable order type: by reverse level

[t=0.00799885s, 11368 KB] Options related to size limits and shrinking: 
[t=0.00799885s, 11368 KB] Transition system size limit: 2147483647
[t=0.00799885s, 11368 KB] Transition system size limit right before merge: 2147483647
[t=0.00799885s, 11368 KB] Threshold to trigger shrinking right before merge: 1

[t=0.00799885s, 11368 KB] Shrink strategy options: 
[t=0.00799885s, 11368 KB] Type: bisimulation
[t=0.00799885s, 11368 KB] Bisimulation type: greedy
[t=0.00799885s, 11368 KB] At limit: return

[t=0.00799885s, 11368 KB] Pruning unreachable states: yes
[t=0.00799885s, 11368 KB] Pruning irrelevant states: yes

[t=0.00799885s, 11368 KB] Label reduction options:
[t=0.00799885s, 11368 KB] Before merging: disabled
[t=0.00799885s, 11368 KB] Before shrinking: enabled
[t=0.00799885s, 11368 KB] Method: all transition systems with fixpoint computation
[t=0.00799885s, 11368 KB] System order: random

[t=0.00799885s, 11368 KB] Main loop max time in seconds: inf


[t=0.00799885s, 11368 KB] Building atomic transition systems... 
[t=0.00799885s, 11368 KB] M&S algorithm timer: 0s (after computation of atomic factors)

[t=0.00799885s, 11368 KB] Starting main loop without a time limit.
[t=0.00799885s, 11368 KB] building causal graph...done! [t=0s]
[t=0.00799885s, 11368 KB] Next pair of indices: (0, 1)
[t=0.00799885s, 11368 KB] M&S algorithm main loop timer: 0s (after computation of next merge)
[t=0.0160002s, 11368 KB] M&S algorithm main loop timer: 0.00800134s (after label reduction)
[t=0.0160002s, 11368 KB] M&S algorithm main loop timer: 0.00800134s (after merging)

[t=0.0160002s, 11368 KB] Next pair of indices: (11, 2)
[t=0.0160002s, 11368 KB] M&S algorithm main loop timer: 0.00800134s (after computation of next merge)
[t=0.0200013s, 11368 KB] M&S algorithm main loop timer: 0.0120025s (after label reduction)
[t=0.0200013s, 11500 KB] M&S algorithm main loop timer: 0.0120025s (after merging)

[t=0.0200013s, 11500 KB] Next pair of indices: (12, 3)
[t=0.0200013s, 11500 KB] M&S algorithm main loop timer: 0.0120025s (after computation of next merge)
[t=0.0240003s, 11500 KB] M&S algorithm main loop timer: 0.0160014s (after label reduction)
[t=0.0279995s, 11896 KB] M&S algorithm main loop timer: 0.0200006s (after merging)

[t=0.0279995s, 11896 KB] Next pair of indices: (13, 4)
[t=0.0279995s, 11896 KB] M&S algorithm main loop timer: 0.0200006s (after computation of next merge)
[t=0.031999s, 11896 KB] M&S algorithm main loop timer: 0.0240002s (after label reduction)
[t=0.0440009s, 13296 KB] M&S algorithm main loop timer: 0.036002s (after merging)

[t=0.0440009s, 13296 KB] Next pair of indices: (14, 5)
[t=0.0440009s, 13296 KB] M&S algorithm main loop timer: 0.036002s (after computation of next merge)
[t=0.0840051s, 17420 KB] M&S algorithm main loop timer: 0.0760063s (after merging)

[t=0.0840051s, 17420 KB] Next pair of indices: (15, 6)
[t=0.0840051s, 17420 KB] M&S algorithm main loop timer: 0.0760063s (after computation of next merge)
[t=0.243991s, 35444 KB] M&S algorithm main loop timer: 0.235992s (after merging)

[t=0.247991s, 35444 KB] Next pair of indices: (16, 7)
[t=0.247991s, 35444 KB] M&S algorithm main loop timer: 0.239992s (after computation of next merge)
[t=0.863952s, 107688 KB] M&S algorithm main loop timer: 0.855954s (after merging)

[t=0.883953s, 107688 KB] Next pair of indices: (17, 8)
[t=0.883953s, 107688 KB] M&S algorithm main loop timer: 0.875954s (after computation of next merge)
[t=13.1894s, 1601084 KB] M&S algorithm main loop timer: 13.1814s (after merging)

[t=13.4291s, 1601084 KB] Next pair of indices: (18, 9)
[t=13.4291s, 1601084 KB] M&S algorithm main loop timer: 13.4211s (after computation of next merge)
[t=13.5011s, 1601084 KB] M&S algorithm main loop timer: 13.4931s (after label reduction)
exitcode: -9

remaining time: 1743.0
config 1: relative time 432, remaining 1456
args: ['/home/bharath/Desktop/GitHub/downward/builds/release/bin/downward', '--search', 'astar(merge_and_shrink(merge_strategy=merge_precomputed(merge_tree=linear(variable_order=reverse_level)),shrink_strategy=shrink_bisimulation(greedy=false),label_reduction=exact(before_shrinking=true,before_merging=false),max_states=200000))', '--internal-plan-file', '/home/bharath/Desktop/ISWC_test/best_planner/ontology_policy_results/results/plan-elevators-instance-3.txt']
INFO     search stdin: output.sas
INFO     search time limit: 517s
INFO     search memory limit: None
INFO     search command line string: /home/bharath/Desktop/GitHub/downward/builds/release/bin/downward --search 'astar(merge_and_shrink(merge_strategy=merge_precomputed(merge_tree=linear(variable_order=reverse_level)),shrink_strategy=shrink_bisimulation(greedy=false),label_reduction=exact(before_shrinking=true,before_merging=false),max_states=200000))' --internal-plan-file /home/bharath/Desktop/ISWC_test/best_planner/ontology_policy_results/results/plan-elevators-instance-3.txt < output.sas
[t=0.0011219s, 10980 KB] reading input...
[t=0.00435497s, 11104 KB] done reading input!
[t=0.0125491s, 11368 KB] Initializing merge-and-shrink heuristic...
[t=0.0125491s, 11368 KB] Running merge-and-shrink algorithm...
[t=0.0125491s, 11368 KB] Merge strategy options:
[t=0.0125491s, 11368 KB] Type: precomputed
[t=0.0125491s, 11368 KB] Merge tree options: 
[t=0.0125491s, 11368 KB] Type: linear
[t=0.0125491s, 11368 KB] Update option: use random
[t=0.0125491s, 11368 KB] Variable order type: by reverse level

[t=0.0125491s, 11368 KB] Options related to size limits and shrinking: 
[t=0.0125491s, 11368 KB] Transition system size limit: 200000
[t=0.0125491s, 11368 KB] Transition system size limit right before merge: 200000
[t=0.0125491s, 11368 KB] Threshold to trigger shrinking right before merge: 200000

[t=0.0125491s, 11368 KB] Shrink strategy options: 
[t=0.0125491s, 11368 KB] Type: bisimulation
[t=0.0125491s, 11368 KB] Bisimulation type: exact
[t=0.0125491s, 11368 KB] At limit: return

[t=0.0125491s, 11368 KB] Pruning unreachable states: yes
[t=0.0125491s, 11368 KB] Pruning irrelevant states: yes

[t=0.0125491s, 11368 KB] Label reduction options:
[t=0.0125491s, 11368 KB] Before merging: disabled
[t=0.0125491s, 11368 KB] Before shrinking: enabled
[t=0.0125491s, 11368 KB] Method: all transition systems with fixpoint computation
[t=0.0125491s, 11368 KB] System order: random

[t=0.0125491s, 11368 KB] Main loop max time in seconds: inf


[t=0.0125491s, 11368 KB] Building atomic transition systems... 
[t=0.0125491s, 11368 KB] M&S algorithm timer: 0s (after computation of atomic factors)

[t=0.0125491s, 11368 KB] Starting main loop without a time limit.
[t=0.0125491s, 11368 KB] building causal graph...done! [t=0s]
[t=0.0125491s, 11368 KB] Next pair of indices: (0, 1)
[t=0.0165502s, 11368 KB] M&S algorithm main loop timer: 0.00400111s (after computation of next merge)
[t=0.024548s, 11368 KB] M&S algorithm main loop timer: 0.0119989s (after label reduction)
[t=0.024548s, 11368 KB] M&S algorithm main loop timer: 0.0119989s (after merging)

[t=0.024548s, 11368 KB] Next pair of indices: (11, 2)
[t=0.024548s, 11368 KB] M&S algorithm main loop timer: 0.0119989s (after computation of next merge)
[t=0.0285484s, 11368 KB] M&S algorithm main loop timer: 0.0159993s (after label reduction)
[t=0.0285484s, 11500 KB] M&S algorithm main loop timer: 0.0159993s (after merging)

[t=0.0285484s, 11500 KB] Next pair of indices: (12, 3)
[t=0.0285484s, 11500 KB] M&S algorithm main loop timer: 0.0159993s (after computation of next merge)
[t=0.0285484s, 11500 KB] M&S algorithm main loop timer: 0.0159993s (after label reduction)
[t=0.0325477s, 11900 KB] M&S algorithm main loop timer: 0.0199985s (after merging)

[t=0.0325477s, 11900 KB] Next pair of indices: (13, 4)
[t=0.0325477s, 11900 KB] M&S algorithm main loop timer: 0.0199985s (after computation of next merge)
[t=0.0365481s, 11900 KB] M&S algorithm main loop timer: 0.023999s (after label reduction)
[t=0.0445507s, 13296 KB] M&S algorithm main loop timer: 0.0320016s (after merging)

[t=0.0445507s, 13296 KB] Next pair of indices: (14, 5)
[t=0.0445507s, 13296 KB] M&S algorithm main loop timer: 0.0320016s (after computation of next merge)
[t=0.0725501s, 17408 KB] M&S algorithm main loop timer: 0.060001s (after merging)

[t=0.0725501s, 17408 KB] Next pair of indices: (15, 6)
[t=0.0725501s, 17408 KB] M&S algorithm main loop timer: 0.060001s (after computation of next merge)
[t=0.191222s, 35440 KB] M&S algorithm main loop timer: 0.178672s (after merging)

[t=0.19522s, 35440 KB] Next pair of indices: (16, 7)
[t=0.19522s, 35440 KB] M&S algorithm main loop timer: 0.18267s (after computation of next merge)
[t=0.711184s, 107692 KB] M&S algorithm main loop timer: 0.698635s (after merging)

[t=0.727166s, 107692 KB] Next pair of indices: (17, 8)
[t=0.727166s, 107692 KB] M&S algorithm main loop timer: 0.714617s (after computation of next merge)
[t=1.16294s, 107692 KB] M&S algorithm main loop timer: 1.15439s (after shrinking)
[t=1.16694s, 107692 KB] M&S algorithm main loop timer: 1.15439s (after merging)

[t=1.16694s, 107692 KB] Next pair of indices: (18, 9)
[t=1.16694s, 107692 KB] M&S algorithm main loop timer: 1.15439s (after computation of next merge)
[t=1.16694s, 107692 KB] M&S algorithm main loop timer: 1.15439s (after label reduction)
[t=1.16694s, 107692 KB] M&S algorithm main loop timer: 1.15439s (after merging)

[t=1.16694s, 107692 KB] Next pair of indices: (19, 10)
[t=1.16694s, 107692 KB] M&S algorithm main loop timer: 1.15439s (after computation of next merge)
[t=1.16694s, 107692 KB] M&S algorithm main loop timer: 1.15439s (after label reduction)
[t=1.17494s, 107692 KB] M&S algorithm main loop timer: 1.16239s (after merging)

[t=1.17494s, 107692 KB] End of merge-and-shrink algorithm, statistics:
[t=1.17494s, 107692 KB] Main loop runtime: 1.16239s
[t=1.17494s, 107692 KB] Maximum intermediate abstraction size: 176400
[t=1.17494s, 107692 KB] Final peak memory increase of merge-and-shrink algorithm: 96324 KB
[t=1.17494s, 107692 KB] Merge-and-shrink algorithm runtime: 1.16239s

[t=1.17494s, 107692 KB] Number of remaining factors: 1
[t=1.17494s, 107692 KB] Number of factors kept: 1
[t=1.17494s, 107692 KB] Done initializing merge-and-shrink heuristic.

[t=1.17494s, 107692 KB] Building successor generator...done!
[t=1.17494s, 107692 KB] peak memory difference for successor generator creation: 0 KB
[t=1.17494s, 107692 KB] time for successor generation creation: 0s
[t=1.17494s, 107692 KB] Variables: 11
[t=1.17494s, 107692 KB] FactPairs: 89
[t=1.17494s, 107692 KB] Bytes per state: 8
[t=1.17494s, 107692 KB] Conducting best first search with reopening closed nodes, (real) bound = 2147483647
[t=1.17494s, 107692 KB] New best heuristic value for merge_and_shrink(merge_strategy=merge_precomputed(merge_tree=linear(variable_order=reverse_level)),shrink_strategy=shrink_bisimulation(greedy=false),label_reduction=exact(before_shrinking=true,before_merging=false),max_states=200000): 0
[t=1.17494s, 107692 KB] g=0, 1 evaluated, 0 expanded
[t=1.17494s, 107692 KB] f = 0, 1 evaluated, 0 expanded
[t=1.17494s, 107692 KB] Initial heuristic value for merge_and_shrink(merge_strategy=merge_precomputed(merge_tree=linear(variable_order=reverse_level)),shrink_strategy=shrink_bisimulation(greedy=false),label_reduction=exact(before_shrinking=true,before_merging=false),max_states=200000): 0
[t=1.17494s, 107692 KB] pruning method: none
[t=1.17494s, 107692 KB] f = 6, 21 evaluated, 1 expanded
[t=1.17494s, 107692 KB] f = 7, 82 evaluated, 5 expanded
[t=1.17494s, 107692 KB] f = 8, 139 evaluated, 9 expanded
[t=1.17494s, 107692 KB] f = 9, 160 evaluated, 11 expanded
[t=1.17494s, 107692 KB] f = 10, 200 evaluated, 14 expanded
[t=1.17494s, 107692 KB] f = 11, 217 evaluated, 17 expanded
[t=1.17494s, 107692 KB] f = 12, 223 evaluated, 18 expanded
[t=1.17494s, 107692 KB] f = 13, 375 evaluated, 28 expanded
[t=1.17494s, 107692 KB] f = 14, 591 evaluated, 44 expanded
[t=1.17894s, 107692 KB] f = 15, 842 evaluated, 62 expanded
[t=1.17894s, 107692 KB] f = 16, 1063 evaluated, 80 expanded
[t=1.17894s, 107692 KB] f = 17, 1394 evaluated, 110 expanded
[t=1.17894s, 107692 KB] f = 18, 1545 evaluated, 129 expanded
[t=1.17894s, 107692 KB] f = 19, 1946 evaluated, 163 expanded
[t=1.18294s, 107692 KB] f = 20, 2880 evaluated, 237 expanded
[t=1.18294s, 107692 KB] f = 21, 4059 evaluated, 329 expanded
[t=1.18694s, 107692 KB] f = 22, 5886 evaluated, 461 expanded
[t=1.18694s, 107692 KB] f = 23, 7162 evaluated, 583 expanded
[t=1.19094s, 107692 KB] f = 24, 8542 evaluated, 722 expanded
[t=1.19494s, 107692 KB] f = 25, 9702 evaluated, 849 expanded
[t=1.19894s, 107692 KB] f = 26, 12413 evaluated, 1103 expanded
[t=1.20694s, 107692 KB] f = 27, 17148 evaluated, 1516 expanded
[t=1.21894s, 107692 KB] f = 28, 22543 evaluated, 2016 expanded
[t=1.23094s, 107692 KB] f = 29, 29106 evaluated, 2636 expanded
[t=1.24294s, 107692 KB] f = 30, 34197 evaluated, 3235 expanded
[t=1.25494s, 107692 KB] f = 31, 40303 evaluated, 3925 expanded
[t=1.26694s, 107692 KB] f = 32, 47706 evaluated, 4798 expanded
[t=1.28694s, 107692 KB] f = 33, 57999 evaluated, 5946 expanded
[t=1.31494s, 107692 KB] f = 34, 70469 evaluated, 7332 expanded
[t=1.35893s, 107692 KB] f = 35, 85320 evaluated, 8991 expanded
[t=1.40693s, 107692 KB] f = 36, 102512 evaluated, 11041 expanded
[t=1.45093s, 107692 KB] f = 37, 119300 evaluated, 13300 expanded
[t=1.49493s, 107692 KB] f = 38, 138959 evaluated, 16029 expanded
[t=1.53893s, 107692 KB] f = 39, 158647 evaluated, 18992 expanded
[t=1.58693s, 107692 KB] f = 40, 179820 evaluated, 22059 expanded
[t=1.64293s, 107692 KB] f = 41, 205443 evaluated, 25774 expanded
[t=1.72692s, 107692 KB] f = 42, 236601 evaluated, 30186 expanded
[t=1.81092s, 107692 KB] f = 43, 271914 evaluated, 35448 expanded
[t=1.89491s, 107692 KB] f = 44, 307751 evaluated, 41163 expanded
[t=1.9909s, 107692 KB] f = 45, 346427 evaluated, 47706 expanded
[t=2.0909s, 107692 KB] f = 46, 384808 evaluated, 54645 expanded
[t=2.19889s, 107692 KB] f = 47, 428096 evaluated, 62303 expanded
[t=2.35488s, 107692 KB] f = 48, 474815 evaluated, 71066 expanded
[t=2.49086s, 107692 KB] f = 49, 526232 evaluated, 80321 expanded
[t=2.63886s, 107692 KB] f = 50, 582942 evaluated, 90511 expanded
[t=2.80685s, 107692 KB] f = 51, 646319 evaluated, 102142 expanded
[t=3.00285s, 107692 KB] f = 52, 720172 evaluated, 115938 expanded
[t=3.21484s, 107692 KB] f = 53, 795129 evaluated, 130977 expanded
[t=3.50278s, 107692 KB] f = 54, 875900 evaluated, 147532 expanded
[t=3.74278s, 107692 KB] Solution found!
[t=3.74278s, 107692 KB] Actual search time: 2.56784s
move-down-slow slow0-0 n6 n5 (6)
board p1 slow0-0 n5 n0 n1 (0)
move-down-slow slow0-0 n5 n4 (6)
board p2 slow0-0 n4 n1 n2 (0)
move-up-slow slow0-0 n4 n6 (7)
leave p2 slow0-0 n6 n2 n1 (0)
move-down-slow slow0-0 n6 n3 (8)
leave p1 slow0-0 n3 n1 n0 (0)
move-down-slow slow0-0 n3 n2 (6)
board p0 slow0-0 n2 n0 n1 (0)
move-down-slow slow1-0 n8 n6 (7)
board p2 slow1-0 n6 n0 n1 (0)
move-up-slow slow1-0 n6 n8 (7)
leave p2 slow1-0 n8 n1 n0 (0)
move-down-slow slow0-0 n2 n0 (7)
leave p0 slow0-0 n0 n1 n0 (0)
[t=3.74278s, 107692 KB] Plan length: 16 step(s).
[t=3.74278s, 107692 KB] Plan cost: 54
[t=3.74278s, 107692 KB] Expanded 165230 state(s).
[t=3.74278s, 107692 KB] Reopened 0 state(s).
[t=3.74278s, 107692 KB] Evaluated 956353 state(s).
[t=3.74278s, 107692 KB] Evaluations: 956353
[t=3.74278s, 107692 KB] Generated 3550120 state(s).
[t=3.74278s, 107692 KB] Dead ends: 0 state(s).
[t=3.74278s, 107692 KB] Expanded until last jump: 147532 state(s).
[t=3.74278s, 107692 KB] Reopened until last jump: 0 state(s).
[t=3.74278s, 107692 KB] Evaluated until last jump: 875900 state(s).
[t=3.74278s, 107692 KB] Generated until last jump: 3169352 state(s).
[t=3.74278s, 107692 KB] Number of registered states: 956353
[t=3.74278s, 107692 KB] Int hash set load factor: 956353/2097152 = 0.456025
[t=3.74278s, 107692 KB] Int hash set resizes: 21
[t=3.74278s, 107692 KB] Search time: 2.56784s
[t=3.74278s, 107692 KB] Total time: 3.74278s
Solution found.
Peak memory: 107692 KB
exitcode: 0

Exit codes: [-9, 0]
Remove intermediate file output.sas
search exit code: 0

INFO     Planner time: 60.01s
