INFO     planner time limit: 1800s
INFO     planner memory limit: None

INFO     Running translator.
INFO     translator stdin: None
INFO     translator time limit: 1799s
INFO     translator memory limit: None
INFO     translator command line string: /usr/bin/python3 /home/bharath/Desktop/GitHub/downward/builds/release/bin/translate/translate.py /home/bharath/Desktop/ISWC_test/best_planner/data/visitall/domain.pddl /home/bharath/Desktop/ISWC_test/best_planner/data/visitall/instance-1.pddl --sas-file output.sas
Parsing...
Parsing: [0.010s CPU, 0.001s wall-clock]
Normalizing task... [0.000s CPU, 0.000s wall-clock]
Instantiating...
Generating Datalog program... [0.000s CPU, 0.000s wall-clock]
Normalizing Datalog program...
Normalizing Datalog program: [0.000s CPU, 0.001s wall-clock]
Preparing model... [0.000s CPU, 0.000s wall-clock]
Generated 6 rules.
Computing model... [0.000s CPU, 0.000s wall-clock]
37 relevant atoms
12 auxiliary atoms
49 final queue length
59 total queue pushes
Completing instantiation... [0.000s CPU, 0.000s wall-clock]
Instantiating: [0.000s CPU, 0.002s wall-clock]
Computing fact groups...
Finding invariants...
4 initial candidates
Finding invariants: [0.000s CPU, 0.001s wall-clock]
Checking invariant weight... [0.000s CPU, 0.000s wall-clock]
Instantiating groups... [0.000s CPU, 0.000s wall-clock]
Collecting mutex groups... [0.000s CPU, 0.000s wall-clock]
Choosing groups...
4 uncovered facts
Choosing groups: [0.000s CPU, 0.000s wall-clock]
Building translation key... [0.000s CPU, 0.000s wall-clock]
Computing fact groups: [0.000s CPU, 0.001s wall-clock]
Building STRIPS to SAS dictionary... [0.000s CPU, 0.000s wall-clock]
Building dictionary for full mutex groups... [0.000s CPU, 0.000s wall-clock]
Building mutex information...
Building mutex information: [0.000s CPU, 0.000s wall-clock]
Translating task...
Processing axioms...
Simplifying axioms... [0.000s CPU, 0.000s wall-clock]
Translator axioms removed by simplifying: 0
Computing negative axioms... [0.000s CPU, 0.000s wall-clock]
Processing axioms: [0.000s CPU, 0.000s wall-clock]
Translating task: [0.000s CPU, 0.000s wall-clock]
0 effect conditions simplified
0 implied preconditions added
Detecting unreachable propositions...
0 operators removed
0 axioms removed
3 propositions removed
Detecting unreachable propositions: [0.000s CPU, 0.000s wall-clock]
Reordering and filtering variables...
4 of 4 variables necessary.
0 of 1 mutex groups necessary.
8 of 8 operators necessary.
0 of 0 axiom rules necessary.
Reordering and filtering variables: [0.000s CPU, 0.000s wall-clock]
Translator variables: 4
Translator derived variables: 0
Translator facts: 10
Translator goal facts: 3
Translator mutex groups: 0
Translator total mutex groups size: 0
Translator operators: 8
Translator axioms: 0
Translator task size: 47
Translator peak memory: 34020 KB
Writing output... [0.000s CPU, 0.000s wall-clock]
Done! [0.010s CPU, 0.006s wall-clock]
translate exit code: 0

INFO     Running search (release).
INFO     search portfolio: /home/bharath/Desktop/GitHub/downward/driver/portfolios/seq_opt_fdss_1.py
remaining time: 1799.0
config 0: relative time 175, remaining 1631
args: ['/home/bharath/Desktop/GitHub/downward/builds/release/bin/downward', '--search', 'astar(merge_and_shrink(merge_strategy=merge_precomputed(merge_tree=linear(variable_order=reverse_level)),shrink_strategy=shrink_bisimulation(greedy=true),label_reduction=exact(before_shrinking=true,before_merging=false),max_states=infinity,threshold_before_merge=1))', '--internal-plan-file', '/home/bharath/Desktop/ISWC_test/best_planner/ontology_policy_results/results/plan-visitall-instance-1.txt']
INFO     search stdin: output.sas
INFO     search time limit: 193s
INFO     search memory limit: None
INFO     search command line string: /home/bharath/Desktop/GitHub/downward/builds/release/bin/downward --search 'astar(merge_and_shrink(merge_strategy=merge_precomputed(merge_tree=linear(variable_order=reverse_level)),shrink_strategy=shrink_bisimulation(greedy=true),label_reduction=exact(before_shrinking=true,before_merging=false),max_states=infinity,threshold_before_merge=1))' --internal-plan-file /home/bharath/Desktop/ISWC_test/best_planner/ontology_policy_results/results/plan-visitall-instance-1.txt < output.sas
[t=0.00396148s, 10980 KB] reading input...
[t=0.00396148s, 10980 KB] done reading input!
[t=0.00396148s, 11236 KB] Initializing merge-and-shrink heuristic...
[t=0.00396148s, 11236 KB] Running merge-and-shrink algorithm...
[t=0.00396148s, 11236 KB] Merge strategy options:
[t=0.00396148s, 11236 KB] Type: precomputed
[t=0.00396148s, 11236 KB] Merge tree options: 
[t=0.00396148s, 11236 KB] Type: linear
[t=0.00396148s, 11236 KB] Update option: use random
[t=0.00396148s, 11236 KB] Variable order type: by reverse level

[t=0.00396148s, 11236 KB] Options related to size limits and shrinking: 
[t=0.00796206s, 11236 KB] Transition system size limit: 2147483647
[t=0.00796206s, 11236 KB] Transition system size limit right before merge: 2147483647
[t=0.00796206s, 11236 KB] Threshold to trigger shrinking right before merge: 1

[t=0.00796206s, 11236 KB] Shrink strategy options: 
[t=0.00796206s, 11236 KB] Type: bisimulation
[t=0.00796206s, 11236 KB] Bisimulation type: greedy
[t=0.00796206s, 11236 KB] At limit: return

[t=0.00796206s, 11236 KB] Pruning unreachable states: yes
[t=0.00796206s, 11236 KB] Pruning irrelevant states: yes

[t=0.00796206s, 11236 KB] Label reduction options:
[t=0.00796206s, 11236 KB] Before merging: disabled
[t=0.00796206s, 11236 KB] Before shrinking: enabled
[t=0.00796206s, 11236 KB] Method: all transition systems with fixpoint computation
[t=0.00796206s, 11236 KB] System order: random

[t=0.00796206s, 11236 KB] Main loop max time in seconds: inf


[t=0.00796206s, 11236 KB] Building atomic transition systems... 
[t=0.00796206s, 11236 KB] M&S algorithm timer: 0.00400058s (after computation of atomic factors)

[t=0.00796206s, 11236 KB] Starting main loop without a time limit.
[t=0.00796206s, 11236 KB] building causal graph...done! [t=0s]
[t=0.00796206s, 11236 KB] Next pair of indices: (0, 1)
[t=0.00796206s, 11236 KB] M&S algorithm main loop timer: 0s (after computation of next merge)
[t=0.00796206s, 11236 KB] M&S algorithm main loop timer: 0s (after label reduction)
[t=0.00796206s, 11236 KB] M&S algorithm main loop timer: 0s (after shrinking)
[t=0.00796206s, 11236 KB] M&S algorithm main loop timer: 0s (after merging)

[t=0.00796206s, 11236 KB] Next pair of indices: (4, 2)
[t=0.00796206s, 11236 KB] M&S algorithm main loop timer: 0s (after computation of next merge)
[t=0.00796206s, 11236 KB] M&S algorithm main loop timer: 0s (after label reduction)
[t=0.00796206s, 11236 KB] M&S algorithm main loop timer: 0s (after merging)

[t=0.00796206s, 11236 KB] Next pair of indices: (5, 3)
[t=0.00796206s, 11236 KB] M&S algorithm main loop timer: 0s (after computation of next merge)
[t=0.00796206s, 11236 KB] M&S algorithm main loop timer: 0s (after label reduction)
[t=0.00796206s, 11236 KB] M&S algorithm main loop timer: 0s (after shrinking)
[t=0.00796206s, 11236 KB] M&S algorithm main loop timer: 0s (after merging)

[t=0.00796206s, 11236 KB] End of merge-and-shrink algorithm, statistics:
[t=0.00796206s, 11236 KB] Main loop runtime: 0s
[t=0.00796206s, 11236 KB] Maximum intermediate abstraction size: 6
[t=0.00796206s, 11236 KB] Final peak memory increase of merge-and-shrink algorithm: 0 KB
[t=0.00796206s, 11236 KB] Merge-and-shrink algorithm runtime: 0.00400058s

[t=0.00796206s, 11236 KB] Number of remaining factors: 1
[t=0.00796206s, 11236 KB] Number of factors kept: 1
[t=0.00796206s, 11236 KB] Done initializing merge-and-shrink heuristic.

[t=0.00796206s, 11236 KB] Building successor generator...done!
[t=0.00796206s, 11236 KB] peak memory difference for successor generator creation: 0 KB
[t=0.00796206s, 11236 KB] time for successor generation creation: 0s
[t=0.00796206s, 11236 KB] Variables: 4
[t=0.00796206s, 11236 KB] FactPairs: 10
[t=0.00796206s, 11236 KB] Bytes per state: 4
[t=0.00796206s, 11236 KB] Conducting best first search with reopening closed nodes, (real) bound = 2147483647
[t=0.00796206s, 11236 KB] New best heuristic value for merge_and_shrink(merge_strategy=merge_precomputed(merge_tree=linear(variable_order=reverse_level)),shrink_strategy=shrink_bisimulation(greedy=true),label_reduction=exact(before_shrinking=true,before_merging=false),max_states=infinity,threshold_before_merge=1): 3
[t=0.00796206s, 11236 KB] g=0, 1 evaluated, 0 expanded
[t=0.00796206s, 11236 KB] f = 3, 1 evaluated, 0 expanded
[t=0.00796206s, 11236 KB] Initial heuristic value for merge_and_shrink(merge_strategy=merge_precomputed(merge_tree=linear(variable_order=reverse_level)),shrink_strategy=shrink_bisimulation(greedy=true),label_reduction=exact(before_shrinking=true,before_merging=false),max_states=infinity,threshold_before_merge=1): 3
[t=0.00796206s, 11236 KB] pruning method: none
[t=0.00796206s, 11236 KB] New best heuristic value for merge_and_shrink(merge_strategy=merge_precomputed(merge_tree=linear(variable_order=reverse_level)),shrink_strategy=shrink_bisimulation(greedy=true),label_reduction=exact(before_shrinking=true,before_merging=false),max_states=infinity,threshold_before_merge=1): 2
[t=0.00796206s, 11236 KB] g=1, 2 evaluated, 1 expanded
[t=0.00796206s, 11236 KB] New best heuristic value for merge_and_shrink(merge_strategy=merge_precomputed(merge_tree=linear(variable_order=reverse_level)),shrink_strategy=shrink_bisimulation(greedy=true),label_reduction=exact(before_shrinking=true,before_merging=false),max_states=infinity,threshold_before_merge=1): 1
[t=0.00796206s, 11236 KB] g=2, 4 evaluated, 2 expanded
[t=0.00796206s, 11236 KB] New best heuristic value for merge_and_shrink(merge_strategy=merge_precomputed(merge_tree=linear(variable_order=reverse_level)),shrink_strategy=shrink_bisimulation(greedy=true),label_reduction=exact(before_shrinking=true,before_merging=false),max_states=infinity,threshold_before_merge=1): 0
[t=0.00796206s, 11236 KB] g=3, 7 evaluated, 3 expanded
[t=0.00796206s, 11236 KB] Solution found!
[t=0.00796206s, 11236 KB] Actual search time: 0s
move loc-x1-y1 loc-x0-y1 (1)
move loc-x0-y1 loc-x0-y0 (1)
move loc-x0-y0 loc-x1-y0 (1)
[t=0.00796206s, 11236 KB] Plan length: 3 step(s).
[t=0.00796206s, 11236 KB] Plan cost: 3
[t=0.00796206s, 11236 KB] Expanded 4 state(s).
[t=0.00796206s, 11236 KB] Reopened 0 state(s).
[t=0.00796206s, 11236 KB] Evaluated 7 state(s).
[t=0.00796206s, 11236 KB] Evaluations: 7
[t=0.00796206s, 11236 KB] Generated 6 state(s).
[t=0.00796206s, 11236 KB] Dead ends: 0 state(s).
[t=0.00796206s, 11236 KB] Expanded until last jump: 0 state(s).
[t=0.00796206s, 11236 KB] Reopened until last jump: 0 state(s).
[t=0.00796206s, 11236 KB] Evaluated until last jump: 1 state(s).
[t=0.00796206s, 11236 KB] Generated until last jump: 0 state(s).
[t=0.00796206s, 11236 KB] Number of registered states: 7
[t=0.00796206s, 11236 KB] Int hash set load factor: 7/8 = 0.875
[t=0.00796206s, 11236 KB] Int hash set resizes: 3
[t=0.00796206s, 11236 KB] Search time: 0s
[t=0.00796206s, 11236 KB] Total time: 0.00796206s
Solution found.
Peak memory: 11236 KB
exitcode: 0

Exit codes: [0]
Remove intermediate file output.sas
search exit code: 0

INFO     Planner time: 0.16s
