INFO     planner time limit: 1800s
INFO     planner memory limit: None

INFO     Running translator.
INFO     translator stdin: None
INFO     translator time limit: 1799s
INFO     translator memory limit: None
INFO     translator command line string: /usr/bin/python3 /home/bharath/Desktop/GitHub/downward/builds/release/bin/translate/translate.py /home/bharath/Desktop/ISWC_test/best_planner/data/nomystery/domain.pddl /home/bharath/Desktop/ISWC_test/best_planner/data/nomystery/instance-3.pddl --sas-file output.sas
Parsing...
Parsing: [0.010s CPU, 0.020s wall-clock]
Normalizing task... [0.000s CPU, 0.001s wall-clock]
Instantiating...
Generating Datalog program... [0.010s CPU, 0.004s wall-clock]
Normalizing Datalog program...
Normalizing Datalog program: [0.010s CPU, 0.002s wall-clock]
Preparing model... [0.010s CPU, 0.015s wall-clock]
Generated 23 rules.
Computing model... [0.070s CPU, 0.066s wall-clock]
3101 relevant atoms
5231 auxiliary atoms
8332 final queue length
9881 total queue pushes
Completing instantiation... [0.040s CPU, 0.039s wall-clock]
Instantiating: [0.140s CPU, 0.129s wall-clock]
Computing fact groups...
Finding invariants...
9 initial candidates
Finding invariants: [0.000s CPU, 0.003s wall-clock]
Checking invariant weight... [0.000s CPU, 0.001s wall-clock]
Instantiating groups... [0.000s CPU, 0.001s wall-clock]
Collecting mutex groups... [0.000s CPU, 0.000s wall-clock]
Choosing groups...
0 uncovered facts
Choosing groups: [0.000s CPU, 0.000s wall-clock]
Building translation key... [0.000s CPU, 0.000s wall-clock]
Computing fact groups: [0.000s CPU, 0.006s wall-clock]
Building STRIPS to SAS dictionary... [0.000s CPU, 0.000s wall-clock]
Building dictionary for full mutex groups... [0.000s CPU, 0.000s wall-clock]
Building mutex information...
Building mutex information: [0.000s CPU, 0.000s wall-clock]
Translating task...
Processing axioms...
Simplifying axioms... [0.000s CPU, 0.000s wall-clock]
Translator axioms removed by simplifying: 0
Computing negative axioms... [0.010s CPU, 0.000s wall-clock]
Processing axioms: [0.010s CPU, 0.002s wall-clock]
Translating task: [0.030s CPU, 0.027s wall-clock]
0 effect conditions simplified
0 implied preconditions added
Detecting unreachable propositions...
0 operators removed
0 axioms removed
7 propositions removed
Detecting unreachable propositions: [0.010s CPU, 0.014s wall-clock]
Reordering and filtering variables...
7 of 7 variables necessary.
0 of 7 mutex groups necessary.
850 of 850 operators necessary.
0 of 0 axiom rules necessary.
Reordering and filtering variables: [0.010s CPU, 0.004s wall-clock]
Translator variables: 7
Translator derived variables: 0
Translator facts: 98
Translator goal facts: 5
Translator mutex groups: 0
Translator total mutex groups size: 0
Translator operators: 850
Translator axioms: 0
Translator task size: 4300
Translator peak memory: 39456 KB
Writing output... [0.010s CPU, 0.006s wall-clock]
Done! [0.210s CPU, 0.209s wall-clock]
translate exit code: 0

INFO     Running search (release).
INFO     search portfolio: /home/bharath/Desktop/GitHub/downward/driver/portfolios/seq_opt_fdss_1.py
remaining time: 1799.0
config 0: relative time 175, remaining 1631
args: ['/home/bharath/Desktop/GitHub/downward/builds/release/bin/downward', '--search', 'astar(merge_and_shrink(merge_strategy=merge_precomputed(merge_tree=linear(variable_order=reverse_level)),shrink_strategy=shrink_bisimulation(greedy=true),label_reduction=exact(before_shrinking=true,before_merging=false),max_states=infinity,threshold_before_merge=1))', '--internal-plan-file', '/home/bharath/Desktop/ISWC_test/best_planner/ontology_policy_results/results/plan-nomystery-instance-3.txt']
INFO     search stdin: output.sas
INFO     search time limit: 193s
INFO     search memory limit: None
INFO     search command line string: /home/bharath/Desktop/GitHub/downward/builds/release/bin/downward --search 'astar(merge_and_shrink(merge_strategy=merge_precomputed(merge_tree=linear(variable_order=reverse_level)),shrink_strategy=shrink_bisimulation(greedy=true),label_reduction=exact(before_shrinking=true,before_merging=false),max_states=infinity,threshold_before_merge=1))' --internal-plan-file /home/bharath/Desktop/ISWC_test/best_planner/ontology_policy_results/results/plan-nomystery-instance-3.txt < output.sas
[t=0.0039987s, 10980 KB] reading input...
[t=0.00799741s, 11104 KB] done reading input!
[t=0.0119937s, 11500 KB] Initializing merge-and-shrink heuristic...
[t=0.0119937s, 11500 KB] Running merge-and-shrink algorithm...
[t=0.0119937s, 11500 KB] Merge strategy options:
[t=0.0119937s, 11500 KB] Type: precomputed
[t=0.0119937s, 11500 KB] Merge tree options: 
[t=0.0119937s, 11500 KB] Type: linear
[t=0.0119937s, 11500 KB] Update option: use random
[t=0.0119937s, 11500 KB] Variable order type: by reverse level

[t=0.0119937s, 11500 KB] Options related to size limits and shrinking: 
[t=0.0119937s, 11500 KB] Transition system size limit: 2147483647
[t=0.0119937s, 11500 KB] Transition system size limit right before merge: 2147483647
[t=0.0119937s, 11500 KB] Threshold to trigger shrinking right before merge: 1

[t=0.0119937s, 11500 KB] Shrink strategy options: 
[t=0.0119937s, 11500 KB] Type: bisimulation
[t=0.0119937s, 11500 KB] Bisimulation type: greedy
[t=0.0119937s, 11500 KB] At limit: return

[t=0.0119937s, 11500 KB] Pruning unreachable states: yes
[t=0.0119937s, 11500 KB] Pruning irrelevant states: yes

[t=0.0119937s, 11500 KB] Label reduction options:
[t=0.0119937s, 11500 KB] Before merging: disabled
[t=0.0119937s, 11500 KB] Before shrinking: enabled
[t=0.0119937s, 11500 KB] Method: all transition systems with fixpoint computation
[t=0.0119937s, 11500 KB] System order: random

[t=0.0119937s, 11500 KB] Main loop max time in seconds: inf


[t=0.0119937s, 11500 KB] Building atomic transition systems... 
[t=0.0119937s, 11636 KB] M&S algorithm timer: 0s (after computation of atomic factors)

[t=0.0119937s, 11636 KB] Starting main loop without a time limit.
[t=0.0119937s, 11636 KB] building causal graph...done! [t=0s]
[t=0.0119937s, 11636 KB] Next pair of indices: (0, 1)
[t=0.0119937s, 11636 KB] M&S algorithm main loop timer: 0s (after computation of next merge)
[t=0.0159906s, 11636 KB] M&S algorithm main loop timer: 0.00399689s (after label reduction)
[t=0.0159906s, 11636 KB] M&S algorithm main loop timer: 0.00399689s (after shrinking)
[t=0.0159906s, 11636 KB] M&S algorithm main loop timer: 0.00399689s (after merging)

[t=0.0159906s, 11636 KB] Next pair of indices: (7, 2)
[t=0.0159906s, 11636 KB] M&S algorithm main loop timer: 0.00399689s (after computation of next merge)
[t=0.0159906s, 11636 KB] M&S algorithm main loop timer: 0.00399689s (after label reduction)
[t=0.0159906s, 11636 KB] M&S algorithm main loop timer: 0.00399689s (after shrinking)
[t=0.0159906s, 11636 KB] M&S algorithm main loop timer: 0.00399689s (after merging)

[t=0.0159906s, 11636 KB] Next pair of indices: (8, 3)
[t=0.0159906s, 11636 KB] M&S algorithm main loop timer: 0.00399689s (after computation of next merge)
[t=0.0159906s, 11636 KB] M&S algorithm main loop timer: 0.00399689s (after shrinking)
[t=0.0159906s, 11636 KB] M&S algorithm main loop timer: 0.00399689s (after merging)

[t=0.0159906s, 11636 KB] Next pair of indices: (9, 4)
[t=0.0159906s, 11636 KB] M&S algorithm main loop timer: 0.00399689s (after computation of next merge)
[t=0.0159906s, 11636 KB] M&S algorithm main loop timer: 0.00399689s (after label reduction)
[t=0.0159906s, 11636 KB] M&S algorithm main loop timer: 0.00399689s (after shrinking)
[t=0.0159906s, 11636 KB] M&S algorithm main loop timer: 0.00399689s (after merging)

[t=0.0159906s, 11636 KB] Next pair of indices: (10, 5)
[t=0.0159906s, 11636 KB] M&S algorithm main loop timer: 0.00399689s (after computation of next merge)
[t=0.0159906s, 11636 KB] M&S algorithm main loop timer: 0.00399689s (after label reduction)
[t=0.0159906s, 11636 KB] M&S algorithm main loop timer: 0.00399689s (after shrinking)
[t=0.0159906s, 11636 KB] M&S algorithm main loop timer: 0.00399689s (after merging)

[t=0.0199886s, 11636 KB] Next pair of indices: (11, 6)
[t=0.0199886s, 11636 KB] M&S algorithm main loop timer: 0.00799492s (after computation of next merge)
[t=0.0199886s, 11636 KB] M&S algorithm main loop timer: 0.00799492s (after label reduction)
[t=0.0199886s, 11636 KB] M&S algorithm main loop timer: 0.00799492s (after shrinking)
[t=0.0199886s, 11636 KB] M&S algorithm main loop timer: 0.00799492s (after merging)

[t=0.0199886s, 11636 KB] End of merge-and-shrink algorithm, statistics:
[t=0.0199886s, 11636 KB] Main loop runtime: 0.00799492s
[t=0.0199886s, 11636 KB] Maximum intermediate abstraction size: 57
[t=0.0199886s, 11636 KB] Final peak memory increase of merge-and-shrink algorithm: 136 KB
[t=0.0199886s, 11636 KB] Merge-and-shrink algorithm runtime: 0.00799492s

[t=0.0199886s, 11636 KB] Number of remaining factors: 1
[t=0.0199886s, 11636 KB] Number of factors kept: 1
[t=0.0199886s, 11636 KB] Done initializing merge-and-shrink heuristic.

[t=0.0199886s, 11636 KB] Building successor generator...done!
[t=0.0199886s, 11636 KB] peak memory difference for successor generator creation: 0 KB
[t=0.0199886s, 11636 KB] time for successor generation creation: 0s
[t=0.0199886s, 11636 KB] Variables: 7
[t=0.0199886s, 11636 KB] FactPairs: 98
[t=0.0199886s, 11636 KB] Bytes per state: 4
[t=0.0199886s, 11636 KB] Conducting best first search with reopening closed nodes, (real) bound = 2147483647
[t=0.0199886s, 11636 KB] New best heuristic value for merge_and_shrink(merge_strategy=merge_precomputed(merge_tree=linear(variable_order=reverse_level)),shrink_strategy=shrink_bisimulation(greedy=true),label_reduction=exact(before_shrinking=true,before_merging=false),max_states=infinity,threshold_before_merge=1): 10
[t=0.0199886s, 11636 KB] g=0, 1 evaluated, 0 expanded
[t=0.0199886s, 11636 KB] f = 10, 1 evaluated, 0 expanded
[t=0.0199886s, 11636 KB] Initial heuristic value for merge_and_shrink(merge_strategy=merge_precomputed(merge_tree=linear(variable_order=reverse_level)),shrink_strategy=shrink_bisimulation(greedy=true),label_reduction=exact(before_shrinking=true,before_merging=false),max_states=infinity,threshold_before_merge=1): 10
[t=0.0199886s, 11636 KB] pruning method: none
[t=0.0199886s, 11636 KB] New best heuristic value for merge_and_shrink(merge_strategy=merge_precomputed(merge_tree=linear(variable_order=reverse_level)),shrink_strategy=shrink_bisimulation(greedy=true),label_reduction=exact(before_shrinking=true,before_merging=false),max_states=infinity,threshold_before_merge=1): 9
[t=0.0199886s, 11636 KB] g=1, 6 evaluated, 1 expanded
[t=0.0199886s, 11636 KB] New best heuristic value for merge_and_shrink(merge_strategy=merge_precomputed(merge_tree=linear(variable_order=reverse_level)),shrink_strategy=shrink_bisimulation(greedy=true),label_reduction=exact(before_shrinking=true,before_merging=false),max_states=infinity,threshold_before_merge=1): 8
[t=0.0199886s, 11636 KB] g=2, 12 evaluated, 2 expanded
[t=0.0199886s, 11636 KB] f = 11, 20 evaluated, 4 expanded
[t=0.0199886s, 11636 KB] New best heuristic value for merge_and_shrink(merge_strategy=merge_precomputed(merge_tree=linear(variable_order=reverse_level)),shrink_strategy=shrink_bisimulation(greedy=true),label_reduction=exact(before_shrinking=true,before_merging=false),max_states=infinity,threshold_before_merge=1): 7
[t=0.0199886s, 11636 KB] g=4, 28 evaluated, 6 expanded
[t=0.0199886s, 11636 KB] f = 12, 117 evaluated, 26 expanded
[t=0.0199886s, 11636 KB] New best heuristic value for merge_and_shrink(merge_strategy=merge_precomputed(merge_tree=linear(variable_order=reverse_level)),shrink_strategy=shrink_bisimulation(greedy=true),label_reduction=exact(before_shrinking=true,before_merging=false),max_states=infinity,threshold_before_merge=1): 6
[t=0.0199886s, 11636 KB] g=6, 128 evaluated, 28 expanded
[t=0.0199886s, 11636 KB] New best heuristic value for merge_and_shrink(merge_strategy=merge_precomputed(merge_tree=linear(variable_order=reverse_level)),shrink_strategy=shrink_bisimulation(greedy=true),label_reduction=exact(before_shrinking=true,before_merging=false),max_states=infinity,threshold_before_merge=1): 5
[t=0.0199886s, 11636 KB] g=7, 160 evaluated, 35 expanded
[t=0.0199886s, 11636 KB] New best heuristic value for merge_and_shrink(merge_strategy=merge_precomputed(merge_tree=linear(variable_order=reverse_level)),shrink_strategy=shrink_bisimulation(greedy=true),label_reduction=exact(before_shrinking=true,before_merging=false),max_states=infinity,threshold_before_merge=1): 4
[t=0.0199886s, 11636 KB] g=8, 163 evaluated, 36 expanded
[t=0.0199886s, 11636 KB] f = 13, 527 evaluated, 144 expanded
[t=0.0199886s, 11636 KB] New best heuristic value for merge_and_shrink(merge_strategy=merge_precomputed(merge_tree=linear(variable_order=reverse_level)),shrink_strategy=shrink_bisimulation(greedy=true),label_reduction=exact(before_shrinking=true,before_merging=false),max_states=infinity,threshold_before_merge=1): 3
[t=0.0199886s, 11636 KB] g=10, 576 evaluated, 154 expanded
[t=0.0199886s, 11636 KB] New best heuristic value for merge_and_shrink(merge_strategy=merge_precomputed(merge_tree=linear(variable_order=reverse_level)),shrink_strategy=shrink_bisimulation(greedy=true),label_reduction=exact(before_shrinking=true,before_merging=false),max_states=infinity,threshold_before_merge=1): 2
[t=0.0199886s, 11636 KB] g=11, 580 evaluated, 155 expanded
[t=0.0239866s, 11636 KB] f = 14, 1973 evaluated, 625 expanded
[t=0.0319805s, 11772 KB] f = 15, 5994 evaluated, 2231 expanded
[t=0.0319805s, 11772 KB] New best heuristic value for merge_and_shrink(merge_strategy=merge_precomputed(merge_tree=linear(variable_order=reverse_level)),shrink_strategy=shrink_bisimulation(greedy=true),label_reduction=exact(before_shrinking=true,before_merging=false),max_states=infinity,threshold_before_merge=1): 1
[t=0.0319805s, 11772 KB] g=14, 6003 evaluated, 2233 expanded
[t=0.0319805s, 11772 KB] New best heuristic value for merge_and_shrink(merge_strategy=merge_precomputed(merge_tree=linear(variable_order=reverse_level)),shrink_strategy=shrink_bisimulation(greedy=true),label_reduction=exact(before_shrinking=true,before_merging=false),max_states=infinity,threshold_before_merge=1): 0
[t=0.0319805s, 11772 KB] g=15, 6008 evaluated, 2234 expanded
[t=0.0319805s, 11772 KB] Solution found!
[t=0.0319805s, 11772 KB] Actual search time: 0.0119919s
load p1 t0 l2 (1)
load p0 t0 l2 (1)
drive t0 l2 l1 level57 level3 level60 (1)
load p2 t0 l1 (1)
drive t0 l1 l4 level45 level12 level57 (1)
unload p1 t0 l4 (1)
drive t0 l4 l3 level40 level5 level45 (1)
load p4 t0 l3 (1)
load p3 t0 l3 (1)
unload p2 t0 l3 (1)
unload p0 t0 l3 (1)
drive t0 l3 l4 level35 level5 level40 (1)
drive t0 l4 l2 level19 level16 level35 (1)
unload p4 t0 l2 (1)
unload p3 t0 l2 (1)
[t=0.0319805s, 11772 KB] Plan length: 15 step(s).
[t=0.0319805s, 11772 KB] Plan cost: 15
[t=0.0319805s, 11772 KB] Expanded 2235 state(s).
[t=0.0319805s, 11772 KB] Reopened 0 state(s).
[t=0.0319805s, 11772 KB] Evaluated 6008 state(s).
[t=0.0319805s, 11772 KB] Evaluations: 6008
[t=0.0319805s, 11772 KB] Generated 10105 state(s).
[t=0.0319805s, 11772 KB] Dead ends: 0 state(s).
[t=0.0319805s, 11772 KB] Expanded until last jump: 2231 state(s).
[t=0.0319805s, 11772 KB] Reopened until last jump: 0 state(s).
[t=0.0319805s, 11772 KB] Evaluated until last jump: 5994 state(s).
[t=0.0319805s, 11772 KB] Generated until last jump: 10090 state(s).
[t=0.0319805s, 11772 KB] Number of registered states: 6008
[t=0.0319805s, 11772 KB] Int hash set load factor: 6008/8192 = 0.733398
[t=0.0319805s, 11772 KB] Int hash set resizes: 13
[t=0.0319805s, 11772 KB] Search time: 0.0119919s
[t=0.0319805s, 11772 KB] Total time: 0.0319805s
Solution found.
Peak memory: 11772 KB
exitcode: 0

Exit codes: [0]
Remove intermediate file output.sas
search exit code: 0

INFO     Planner time: 0.40s
