INFO     planner time limit: 1800s
INFO     planner memory limit: None

INFO     Running translator.
INFO     translator stdin: None
INFO     translator time limit: 1799s
INFO     translator memory limit: None
INFO     translator command line string: /usr/bin/python3 /home/bharath/Desktop/GitHub/downward/builds/release/bin/translate/translate.py /home/bharath/Desktop/ISWC_test/best_planner/data/pegsol/domain.pddl /home/bharath/Desktop/ISWC_test/best_planner/data/pegsol/instance-2.pddl --sas-file output.sas
Parsing...
Parsing: [0.010s CPU, 0.006s wall-clock]
Normalizing task... [0.000s CPU, 0.000s wall-clock]
Instantiating...
Generating Datalog program... [0.000s CPU, 0.001s wall-clock]
Normalizing Datalog program...
Normalizing Datalog program: [0.000s CPU, 0.002s wall-clock]
Preparing model... [0.000s CPU, 0.002s wall-clock]
Generated 25 rules.
Computing model... [0.020s CPU, 0.018s wall-clock]
461 relevant atoms
611 auxiliary atoms
1072 final queue length
1647 total queue pushes
Completing instantiation... [0.020s CPU, 0.020s wall-clock]
Instantiating: [0.040s CPU, 0.043s wall-clock]
Computing fact groups...
Finding invariants...
7 initial candidates
Finding invariants: [0.000s CPU, 0.005s wall-clock]
Checking invariant weight... [0.000s CPU, 0.000s wall-clock]
Instantiating groups... [0.000s CPU, 0.000s wall-clock]
Collecting mutex groups... [0.000s CPU, 0.000s wall-clock]
Choosing groups...
0 uncovered facts
Choosing groups: [0.000s CPU, 0.000s wall-clock]
Building translation key... [0.000s CPU, 0.000s wall-clock]
Computing fact groups: [0.010s CPU, 0.006s wall-clock]
Building STRIPS to SAS dictionary... [0.000s CPU, 0.000s wall-clock]
Building dictionary for full mutex groups... [0.000s CPU, 0.000s wall-clock]
Building mutex information...
Building mutex information: [0.000s CPU, 0.000s wall-clock]
Translating task...
Processing axioms...
Simplifying axioms... [0.000s CPU, 0.000s wall-clock]
Translator axioms removed by simplifying: 0
Computing negative axioms... [0.000s CPU, 0.000s wall-clock]
Processing axioms: [0.000s CPU, 0.001s wall-clock]
Translating task: [0.000s CPU, 0.009s wall-clock]
0 effect conditions simplified
0 implied preconditions added
Detecting unreachable propositions...
0 operators removed
0 axioms removed
34 propositions removed
Detecting unreachable propositions: [0.010s CPU, 0.005s wall-clock]
Reordering and filtering variables...
34 of 34 variables necessary.
0 of 34 mutex groups necessary.
185 of 185 operators necessary.
0 of 0 axiom rules necessary.
Reordering and filtering variables: [0.000s CPU, 0.003s wall-clock]
Translator variables: 34
Translator derived variables: 0
Translator facts: 100
Translator goal facts: 33
Translator mutex groups: 0
Translator total mutex groups size: 0
Translator operators: 185
Translator axioms: 0
Translator task size: 1634
Translator peak memory: 35196 KB
Writing output... [0.010s CPU, 0.003s wall-clock]
Done! [0.080s CPU, 0.076s wall-clock]
translate exit code: 0

INFO     Running search (release).
INFO     search portfolio: /home/bharath/Desktop/GitHub/downward/driver/portfolios/seq_opt_fdss_1.py
remaining time: 1799.0
config 0: relative time 175, remaining 1631
args: ['/home/bharath/Desktop/GitHub/downward/builds/release/bin/downward', '--search', 'astar(merge_and_shrink(merge_strategy=merge_precomputed(merge_tree=linear(variable_order=reverse_level)),shrink_strategy=shrink_bisimulation(greedy=true),label_reduction=exact(before_shrinking=true,before_merging=false),max_states=infinity,threshold_before_merge=1))', '--internal-plan-file', '/home/bharath/Desktop/ISWC_test/best_planner/ontology_policy_results/results/plan-pegsol-instance-2.txt']
INFO     search stdin: output.sas
INFO     search time limit: 193s
INFO     search memory limit: None
INFO     search command line string: /home/bharath/Desktop/GitHub/downward/builds/release/bin/downward --search 'astar(merge_and_shrink(merge_strategy=merge_precomputed(merge_tree=linear(variable_order=reverse_level)),shrink_strategy=shrink_bisimulation(greedy=true),label_reduction=exact(before_shrinking=true,before_merging=false),max_states=infinity,threshold_before_merge=1))' --internal-plan-file /home/bharath/Desktop/ISWC_test/best_planner/ontology_policy_results/results/plan-pegsol-instance-2.txt < output.sas
[t=0s, 10980 KB] reading input...
[t=0.00399996s, 10980 KB] done reading input!
[t=0.00399996s, 11368 KB] Initializing merge-and-shrink heuristic...
[t=0.00799933s, 11368 KB] Running merge-and-shrink algorithm...
[t=0.00799933s, 11368 KB] Merge strategy options:
[t=0.00799933s, 11368 KB] Type: precomputed
[t=0.00799933s, 11368 KB] Merge tree options: 
[t=0.00799933s, 11368 KB] Type: linear
[t=0.00799933s, 11368 KB] Update option: use random
[t=0.00799933s, 11368 KB] Variable order type: by reverse level

[t=0.00799933s, 11368 KB] Options related to size limits and shrinking: 
[t=0.00799933s, 11368 KB] Transition system size limit: 2147483647
[t=0.00799933s, 11368 KB] Transition system size limit right before merge: 2147483647
[t=0.00799933s, 11368 KB] Threshold to trigger shrinking right before merge: 1

[t=0.00799933s, 11368 KB] Shrink strategy options: 
[t=0.00799933s, 11368 KB] Type: bisimulation
[t=0.00799933s, 11368 KB] Bisimulation type: greedy
[t=0.00799933s, 11368 KB] At limit: return

[t=0.00799933s, 11368 KB] Pruning unreachable states: yes
[t=0.00799933s, 11368 KB] Pruning irrelevant states: yes

[t=0.00799933s, 11368 KB] Label reduction options:
[t=0.00799933s, 11368 KB] Before merging: disabled
[t=0.00799933s, 11368 KB] Before shrinking: enabled
[t=0.00799933s, 11368 KB] Method: all transition systems with fixpoint computation
[t=0.00799933s, 11368 KB] System order: random

[t=0.00799933s, 11368 KB] Main loop max time in seconds: inf


[t=0.00799933s, 11368 KB] Building atomic transition systems... 
[t=0.00799933s, 11368 KB] M&S algorithm timer: 0s (after computation of atomic factors)

[t=0.00799933s, 11368 KB] Starting main loop without a time limit.
[t=0.00799933s, 11368 KB] building causal graph...done! [t=0s]
[t=0.00799933s, 11368 KB] Next pair of indices: (0, 1)
[t=0.00799933s, 11368 KB] M&S algorithm main loop timer: 0s (after computation of next merge)
[t=0.0519054s, 11368 KB] M&S algorithm main loop timer: 0.0439061s (after label reduction)
[t=0.0519054s, 11368 KB] M&S algorithm main loop timer: 0.0439061s (after merging)
[t=0.0519054s, 11368 KB] M&S algorithm main loop timer: 0.0439061s (after pruning)

[t=0.0519054s, 11368 KB] Next pair of indices: (34, 2)
[t=0.0519054s, 11368 KB] M&S algorithm main loop timer: 0.0439061s (after computation of next merge)
[t=0.0798996s, 11368 KB] M&S algorithm main loop timer: 0.0719003s (after merging)
[t=0.0798996s, 11368 KB] M&S algorithm main loop timer: 0.0719003s (after pruning)

[t=0.0798996s, 11368 KB] Next pair of indices: (35, 3)
[t=0.0798996s, 11368 KB] M&S algorithm main loop timer: 0.0719003s (after computation of next merge)
[t=0.0998975s, 11368 KB] M&S algorithm main loop timer: 0.0918982s (after merging)
[t=0.103896s, 11368 KB] M&S algorithm main loop timer: 0.0958963s (after pruning)

[t=0.103896s, 11368 KB] Next pair of indices: (36, 4)
[t=0.103896s, 11368 KB] M&S algorithm main loop timer: 0.0958963s (after computation of next merge)
[t=0.123878s, 11368 KB] M&S algorithm main loop timer: 0.115879s (after label reduction)
[t=0.123878s, 11368 KB] M&S algorithm main loop timer: 0.115879s (after merging)
[t=0.127877s, 11368 KB] M&S algorithm main loop timer: 0.119877s (after pruning)

[t=0.127877s, 11368 KB] Next pair of indices: (37, 5)
[t=0.127877s, 11368 KB] M&S algorithm main loop timer: 0.119877s (after computation of next merge)
[t=0.147862s, 11500 KB] M&S algorithm main loop timer: 0.139863s (after merging)
[t=0.147862s, 11500 KB] M&S algorithm main loop timer: 0.139863s (after pruning)

[t=0.147862s, 11500 KB] Next pair of indices: (38, 6)
[t=0.147862s, 11500 KB] M&S algorithm main loop timer: 0.139863s (after computation of next merge)
[t=0.163902s, 11632 KB] M&S algorithm main loop timer: 0.155902s (after merging)
[t=0.163902s, 11632 KB] M&S algorithm main loop timer: 0.155902s (after pruning)

[t=0.163902s, 11632 KB] Next pair of indices: (39, 7)
[t=0.163902s, 11632 KB] M&S algorithm main loop timer: 0.155902s (after computation of next merge)
[t=0.175307s, 11632 KB] M&S algorithm main loop timer: 0.167308s (after label reduction)
[t=0.179315s, 12004 KB] M&S algorithm main loop timer: 0.171316s (after merging)
[t=0.179315s, 12004 KB] M&S algorithm main loop timer: 0.171316s (after pruning)

[t=0.179315s, 12004 KB] Next pair of indices: (40, 8)
[t=0.179315s, 12004 KB] M&S algorithm main loop timer: 0.171316s (after computation of next merge)
[t=0.207304s, 12780 KB] M&S algorithm main loop timer: 0.199305s (after merging)
[t=0.211302s, 12780 KB] M&S algorithm main loop timer: 0.203303s (after pruning)

[t=0.211302s, 12780 KB] Next pair of indices: (41, 9)
[t=0.211302s, 12780 KB] M&S algorithm main loop timer: 0.203303s (after computation of next merge)
[t=0.267281s, 14172 KB] M&S algorithm main loop timer: 0.259281s (after merging)
[t=0.275277s, 14172 KB] M&S algorithm main loop timer: 0.267278s (after pruning)

[t=0.275277s, 14172 KB] Next pair of indices: (42, 10)
[t=0.275277s, 14172 KB] M&S algorithm main loop timer: 0.267278s (after computation of next merge)
[t=0.303273s, 14172 KB] M&S algorithm main loop timer: 0.295273s (after label reduction)
[t=0.382802s, 16916 KB] M&S algorithm main loop timer: 0.374803s (after merging)
[t=0.386803s, 16916 KB] M&S algorithm main loop timer: 0.378804s (after pruning)

[t=0.386803s, 16916 KB] Next pair of indices: (43, 11)
[t=0.386803s, 16916 KB] M&S algorithm main loop timer: 0.378804s (after computation of next merge)
[t=0.566748s, 22384 KB] M&S algorithm main loop timer: 0.558748s (after merging)
[t=0.581636s, 22384 KB] M&S algorithm main loop timer: 0.573637s (after pruning)

[t=0.581636s, 22384 KB] Next pair of indices: (44, 12)
[t=0.581636s, 22384 KB] M&S algorithm main loop timer: 0.573637s (after computation of next merge)
[t=0.877566s, 33224 KB] M&S algorithm main loop timer: 0.869567s (after merging)
[t=0.901559s, 33224 KB] M&S algorithm main loop timer: 0.89356s (after pruning)

[t=0.901559s, 33224 KB] Next pair of indices: (45, 13)
[t=0.901559s, 33224 KB] M&S algorithm main loop timer: 0.89356s (after computation of next merge)
[t=0.921553s, 33224 KB] M&S algorithm main loop timer: 0.913554s (after label reduction)
[t=1.52141s, 54004 KB] M&S algorithm main loop timer: 1.51341s (after merging)
[t=1.5854s, 54004 KB] M&S algorithm main loop timer: 1.5774s (after pruning)

[t=1.5854s, 54004 KB] Next pair of indices: (46, 14)
[t=1.5854s, 54004 KB] M&S algorithm main loop timer: 1.5774s (after computation of next merge)
[t=3.24968s, 94112 KB] M&S algorithm main loop timer: 3.24168s (after merging)
[t=3.33367s, 94112 KB] M&S algorithm main loop timer: 3.32567s (after pruning)

[t=3.33367s, 94112 KB] Next pair of indices: (47, 15)
[t=3.33367s, 94112 KB] M&S algorithm main loop timer: 3.32567s (after computation of next merge)
[t=6.15611s, 108668 KB] M&S algorithm main loop timer: 6.14811s (after shrinking)
[t=7.14764s, 170524 KB] M&S algorithm main loop timer: 7.13965s (after merging)
[t=7.3276s, 170524 KB] M&S algorithm main loop timer: 7.3196s (after pruning)

[t=7.3276s, 170524 KB] Next pair of indices: (48, 16)
[t=7.3276s, 170524 KB] M&S algorithm main loop timer: 7.3196s (after computation of next merge)
[t=7.41958s, 170524 KB] M&S algorithm main loop timer: 7.41158s (after label reduction)
[t=13.0621s, 218736 KB] M&S algorithm main loop timer: 13.0541s (after shrinking)
[t=14.5099s, 320116 KB] M&S algorithm main loop timer: 14.5019s (after merging)
[t=14.8496s, 320116 KB] M&S algorithm main loop timer: 14.8416s (after pruning)

[t=14.8496s, 320116 KB] Next pair of indices: (49, 17)
[t=14.8496s, 320116 KB] M&S algorithm main loop timer: 14.8416s (after computation of next merge)
[t=14.8656s, 320116 KB] M&S algorithm main loop timer: 14.8576s (after label reduction)
[t=30.1278s, 402608 KB] M&S algorithm main loop timer: 30.1198s (after shrinking)
[t=33.279s, 609128 KB] M&S algorithm main loop timer: 33.271s (after merging)
[t=33.9948s, 609128 KB] M&S algorithm main loop timer: 33.9868s (after pruning)

[t=33.9948s, 609128 KB] Next pair of indices: (50, 18)
[t=33.9948s, 609128 KB] M&S algorithm main loop timer: 33.9868s (after computation of next merge)
[t=64.2312s, 761808 KB] M&S algorithm main loop timer: 64.2232s (after shrinking)
[t=70.5813s, 1150612 KB] M&S algorithm main loop timer: 70.5733s (after merging)
[t=71.9449s, 1150612 KB] M&S algorithm main loop timer: 71.9369s (after pruning)

[t=71.9449s, 1150612 KB] Next pair of indices: (51, 19)
[t=71.9449s, 1150612 KB] M&S algorithm main loop timer: 71.9369s (after computation of next merge)
[t=72.6448s, 1150612 KB] M&S algorithm main loop timer: 72.6368s (after label reduction)
[t=133.931s, 1490968 KB] M&S algorithm main loop timer: 134.238s (after shrinking)
[t=147.229s, 2202596 KB] M&S algorithm main loop timer: 147.221s (after merging)
[t=149.946s, 2202596 KB] M&S algorithm main loop timer: 149.938s (after pruning)

[t=149.946s, 2202596 KB] Next pair of indices: (52, 20)
[t=149.946s, 2202596 KB] M&S algorithm main loop timer: 149.938s (after computation of next merge)
[t=150.026s, 2202596 KB] M&S algorithm main loop timer: 150.018s (after label reduction)
Peak memory: 2353988 KB
caught signal 24 -- exiting
Time limit has been reached.
exitcode: 23

remaining time: 1605.88
config 1: relative time 432, remaining 1456
args: ['/home/bharath/Desktop/GitHub/downward/builds/release/bin/downward', '--search', 'astar(merge_and_shrink(merge_strategy=merge_precomputed(merge_tree=linear(variable_order=reverse_level)),shrink_strategy=shrink_bisimulation(greedy=false),label_reduction=exact(before_shrinking=true,before_merging=false),max_states=200000))', '--internal-plan-file', '/home/bharath/Desktop/ISWC_test/best_planner/ontology_policy_results/results/plan-pegsol-instance-2.txt']
INFO     search stdin: output.sas
INFO     search time limit: 476s
INFO     search memory limit: None
INFO     search command line string: /home/bharath/Desktop/GitHub/downward/builds/release/bin/downward --search 'astar(merge_and_shrink(merge_strategy=merge_precomputed(merge_tree=linear(variable_order=reverse_level)),shrink_strategy=shrink_bisimulation(greedy=false),label_reduction=exact(before_shrinking=true,before_merging=false),max_states=200000))' --internal-plan-file /home/bharath/Desktop/ISWC_test/best_planner/ontology_policy_results/results/plan-pegsol-instance-2.txt < output.sas
[t=0.00399885s, 10980 KB] reading input...
[t=0.00399885s, 10980 KB] done reading input!
[t=0.00799934s, 11368 KB] Initializing merge-and-shrink heuristic...
[t=0.00799934s, 11368 KB] Running merge-and-shrink algorithm...
[t=0.00799934s, 11368 KB] Merge strategy options:
[t=0.00799934s, 11368 KB] Type: precomputed
[t=0.00799934s, 11368 KB] Merge tree options: 
[t=0.00799934s, 11368 KB] Type: linear
[t=0.00799934s, 11368 KB] Update option: use random
[t=0.00799934s, 11368 KB] Variable order type: by reverse level

[t=0.00799934s, 11368 KB] Options related to size limits and shrinking: 
[t=0.00799934s, 11368 KB] Transition system size limit: 200000
[t=0.00799934s, 11368 KB] Transition system size limit right before merge: 200000
[t=0.00799934s, 11368 KB] Threshold to trigger shrinking right before merge: 200000

[t=0.00799934s, 11368 KB] Shrink strategy options: 
[t=0.00799934s, 11368 KB] Type: bisimulation
[t=0.00799934s, 11368 KB] Bisimulation type: exact
[t=0.00799934s, 11368 KB] At limit: return

[t=0.00799934s, 11368 KB] Pruning unreachable states: yes
[t=0.00799934s, 11368 KB] Pruning irrelevant states: yes

[t=0.00799934s, 11368 KB] Label reduction options:
[t=0.00799934s, 11368 KB] Before merging: disabled
[t=0.00799934s, 11368 KB] Before shrinking: enabled
[t=0.00799934s, 11368 KB] Method: all transition systems with fixpoint computation
[t=0.00799934s, 11368 KB] System order: random

[t=0.00799934s, 11368 KB] Main loop max time in seconds: inf


[t=0.00799934s, 11368 KB] Building atomic transition systems... 
[t=0.00799934s, 11368 KB] M&S algorithm timer: 0s (after computation of atomic factors)

[t=0.00799934s, 11368 KB] Starting main loop without a time limit.
[t=0.00799934s, 11368 KB] building causal graph...done! [t=0s]
[t=0.00799934s, 11368 KB] Next pair of indices: (0, 1)
[t=0.00799934s, 11368 KB] M&S algorithm main loop timer: 0s (after computation of next merge)
[t=0.0399929s, 11368 KB] M&S algorithm main loop timer: 0.0319935s (after label reduction)
[t=0.0399929s, 11368 KB] M&S algorithm main loop timer: 0.0319935s (after merging)
[t=0.0399929s, 11368 KB] M&S algorithm main loop timer: 0.0319935s (after pruning)

[t=0.0399929s, 11368 KB] Next pair of indices: (34, 2)
[t=0.0399929s, 11368 KB] M&S algorithm main loop timer: 0.0319935s (after computation of next merge)
[t=0.0519914s, 11368 KB] M&S algorithm main loop timer: 0.043992s (after merging)
[t=0.0519914s, 11368 KB] M&S algorithm main loop timer: 0.043992s (after pruning)

[t=0.0519914s, 11368 KB] Next pair of indices: (35, 3)
[t=0.0519914s, 11368 KB] M&S algorithm main loop timer: 0.043992s (after computation of next merge)
[t=0.0639897s, 11368 KB] M&S algorithm main loop timer: 0.0559903s (after merging)
[t=0.0639897s, 11368 KB] M&S algorithm main loop timer: 0.0559903s (after pruning)

[t=0.0639897s, 11368 KB] Next pair of indices: (36, 4)
[t=0.0639897s, 11368 KB] M&S algorithm main loop timer: 0.0559903s (after computation of next merge)
[t=0.0839871s, 11368 KB] M&S algorithm main loop timer: 0.0759877s (after label reduction)
[t=0.0839871s, 11368 KB] M&S algorithm main loop timer: 0.0759877s (after merging)
[t=0.0839871s, 11368 KB] M&S algorithm main loop timer: 0.0759877s (after pruning)

[t=0.0839871s, 11368 KB] Next pair of indices: (37, 5)
[t=0.0839871s, 11368 KB] M&S algorithm main loop timer: 0.0759877s (after computation of next merge)
[t=0.0919861s, 11500 KB] M&S algorithm main loop timer: 0.0839868s (after merging)
[t=0.0919861s, 11500 KB] M&S algorithm main loop timer: 0.0839868s (after pruning)

[t=0.0919861s, 11500 KB] Next pair of indices: (38, 6)
[t=0.0919861s, 11500 KB] M&S algorithm main loop timer: 0.0839868s (after computation of next merge)
[t=0.103985s, 11632 KB] M&S algorithm main loop timer: 0.0959853s (after merging)
[t=0.103985s, 11632 KB] M&S algorithm main loop timer: 0.0959853s (after pruning)

[t=0.103985s, 11632 KB] Next pair of indices: (39, 7)
[t=0.103985s, 11632 KB] M&S algorithm main loop timer: 0.0959853s (after computation of next merge)
[t=0.111984s, 11632 KB] M&S algorithm main loop timer: 0.103984s (after label reduction)
[t=0.115984s, 12044 KB] M&S algorithm main loop timer: 0.107984s (after merging)
[t=0.115984s, 12044 KB] M&S algorithm main loop timer: 0.107984s (after pruning)

[t=0.115984s, 12044 KB] Next pair of indices: (40, 8)
[t=0.115984s, 12044 KB] M&S algorithm main loop timer: 0.107984s (after computation of next merge)
[t=0.127982s, 12784 KB] M&S algorithm main loop timer: 0.119982s (after merging)
[t=0.127982s, 12784 KB] M&S algorithm main loop timer: 0.119982s (after pruning)

[t=0.127982s, 12784 KB] Next pair of indices: (41, 9)
[t=0.127982s, 12784 KB] M&S algorithm main loop timer: 0.119982s (after computation of next merge)
[t=0.14398s, 14204 KB] M&S algorithm main loop timer: 0.135981s (after merging)
[t=0.14798s, 14204 KB] M&S algorithm main loop timer: 0.139981s (after pruning)

[t=0.14798s, 14204 KB] Next pair of indices: (42, 10)
[t=0.14798s, 14204 KB] M&S algorithm main loop timer: 0.139981s (after computation of next merge)
[t=0.159978s, 14204 KB] M&S algorithm main loop timer: 0.151978s (after label reduction)
[t=0.179979s, 16996 KB] M&S algorithm main loop timer: 0.171979s (after merging)
[t=0.183979s, 16996 KB] M&S algorithm main loop timer: 0.17598s (after pruning)

[t=0.183979s, 16996 KB] Next pair of indices: (43, 11)
[t=0.183979s, 16996 KB] M&S algorithm main loop timer: 0.17598s (after computation of next merge)
[t=0.227974s, 22512 KB] M&S algorithm main loop timer: 0.219975s (after merging)
[t=0.239969s, 22512 KB] M&S algorithm main loop timer: 0.23197s (after pruning)

[t=0.239969s, 22512 KB] Next pair of indices: (44, 12)
[t=0.239969s, 22512 KB] M&S algorithm main loop timer: 0.23197s (after computation of next merge)
[t=0.327951s, 33224 KB] M&S algorithm main loop timer: 0.319951s (after merging)
[t=0.347945s, 33224 KB] M&S algorithm main loop timer: 0.339946s (after pruning)

[t=0.347945s, 33224 KB] Next pair of indices: (45, 13)
[t=0.347945s, 33224 KB] M&S algorithm main loop timer: 0.339946s (after computation of next merge)
[t=0.36794s, 33224 KB] M&S algorithm main loop timer: 0.359941s (after label reduction)
[t=0.559892s, 36288 KB] M&S algorithm main loop timer: 0.551892s (after shrinking)
[t=0.679862s, 45388 KB] M&S algorithm main loop timer: 0.671863s (after merging)
[t=0.711858s, 45388 KB] M&S algorithm main loop timer: 0.703859s (after pruning)

[t=0.711858s, 45388 KB] Next pair of indices: (46, 14)
[t=0.711858s, 45388 KB] M&S algorithm main loop timer: 0.703859s (after computation of next merge)
[t=0.975815s, 51256 KB] M&S algorithm main loop timer: 0.967815s (after shrinking)
[t=1.11579s, 58244 KB] M&S algorithm main loop timer: 1.10779s (after merging)
[t=1.16378s, 58244 KB] M&S algorithm main loop timer: 1.15578s (after pruning)

[t=1.16378s, 58244 KB] Next pair of indices: (47, 15)
[t=1.16378s, 58244 KB] M&S algorithm main loop timer: 1.15578s (after computation of next merge)
[t=1.48371s, 60012 KB] M&S algorithm main loop timer: 1.47571s (after shrinking)
[t=1.66766s, 73148 KB] M&S algorithm main loop timer: 1.65966s (after merging)
[t=1.73945s, 79556 KB] M&S algorithm main loop timer: 1.73145s (after pruning)

[t=1.73945s, 79556 KB] Next pair of indices: (48, 16)
[t=1.73945s, 79556 KB] M&S algorithm main loop timer: 1.73145s (after computation of next merge)
[t=1.85543s, 79556 KB] M&S algorithm main loop timer: 1.84743s (after label reduction)
[t=2.46652s, 84188 KB] M&S algorithm main loop timer: 2.45852s (after shrinking)
[t=2.85406s, 120528 KB] M&S algorithm main loop timer: 2.84606s (after merging)
[t=2.99384s, 133004 KB] M&S algorithm main loop timer: 2.98584s (after pruning)

[t=2.99384s, 133004 KB] Next pair of indices: (49, 17)
[t=2.99384s, 133004 KB] M&S algorithm main loop timer: 2.98584s (after computation of next merge)
[t=3.00583s, 133004 KB] M&S algorithm main loop timer: 2.99783s (after label reduction)
[t=3.92833s, 133004 KB] M&S algorithm main loop timer: 3.92033s (after shrinking)
[t=4.53528s, 177348 KB] M&S algorithm main loop timer: 4.52728s (after merging)
[t=4.7749s, 200024 KB] M&S algorithm main loop timer: 4.7669s (after pruning)

[t=4.7749s, 200024 KB] Next pair of indices: (50, 18)
[t=4.7749s, 200024 KB] M&S algorithm main loop timer: 4.7669s (after computation of next merge)
[t=5.88579s, 200768 KB] M&S algorithm main loop timer: 5.87779s (after shrinking)
[t=6.68063s, 222632 KB] M&S algorithm main loop timer: 6.67263s (after merging)
[t=7.00186s, 251728 KB] M&S algorithm main loop timer: 6.99386s (after pruning)

[t=7.00186s, 251728 KB] Next pair of indices: (51, 19)
[t=7.00186s, 251728 KB] M&S algorithm main loop timer: 6.99386s (after computation of next merge)
[t=7.57608s, 251728 KB] M&S algorithm main loop timer: 7.56808s (after label reduction)
[t=9.46378s, 266304 KB] M&S algorithm main loop timer: 9.45578s (after shrinking)
[t=10.3316s, 266304 KB] M&S algorithm main loop timer: 10.3236s (after merging)
[t=10.675s, 273996 KB] M&S algorithm main loop timer: 10.667s (after pruning)

[t=10.675s, 273996 KB] Next pair of indices: (52, 20)
[t=10.675s, 273996 KB] M&S algorithm main loop timer: 10.667s (after computation of next merge)
[t=10.6874s, 273996 KB] M&S algorithm main loop timer: 10.6794s (after label reduction)
[t=11.81s, 273996 KB] M&S algorithm main loop timer: 11.802s (after shrinking)
[t=12.3295s, 273996 KB] M&S algorithm main loop timer: 12.3215s (after merging)
[t=12.5211s, 273996 KB] M&S algorithm main loop timer: 12.5131s (after pruning)

[t=12.5211s, 273996 KB] Next pair of indices: (53, 21)
[t=12.5211s, 273996 KB] M&S algorithm main loop timer: 12.5131s (after computation of next merge)
[t=13.105s, 273996 KB] M&S algorithm main loop timer: 13.097s (after shrinking)
[t=13.2287s, 273996 KB] M&S algorithm main loop timer: 13.2207s (after merging)
[t=13.2767s, 273996 KB] M&S algorithm main loop timer: 13.2727s (after pruning)

[t=13.2807s, 273996 KB] Next pair of indices: (54, 22)
[t=13.2807s, 273996 KB] M&S algorithm main loop timer: 13.2727s (after computation of next merge)
[t=13.3565s, 273996 KB] M&S algorithm main loop timer: 13.3485s (after label reduction)
[t=13.6244s, 273996 KB] M&S algorithm main loop timer: 13.6164s (after merging)
[t=13.7204s, 273996 KB] M&S algorithm main loop timer: 13.7124s (after pruning)

[t=13.7204s, 273996 KB] Next pair of indices: (55, 23)
[t=13.7204s, 273996 KB] M&S algorithm main loop timer: 13.7124s (after computation of next merge)
[t=13.7284s, 273996 KB] M&S algorithm main loop timer: 13.7204s (after label reduction)
[t=14.2803s, 273996 KB] M&S algorithm main loop timer: 14.2723s (after merging)
[t=14.4723s, 273996 KB] M&S algorithm main loop timer: 14.4643s (after pruning)

[t=14.4723s, 273996 KB] Next pair of indices: (56, 24)
[t=14.4723s, 273996 KB] M&S algorithm main loop timer: 14.4643s (after computation of next merge)
[t=15.0602s, 273996 KB] M&S algorithm main loop timer: 15.0522s (after shrinking)
[t=15.0682s, 273996 KB] M&S algorithm main loop timer: 15.0602s (after merging)
[t=15.0722s, 273996 KB] M&S algorithm main loop timer: 15.0642s (after pruning)

[t=15.0722s, 273996 KB] Next pair of indices: (57, 25)
[t=15.0722s, 273996 KB] M&S algorithm main loop timer: 15.0642s (after computation of next merge)
[t=15.0762s, 273996 KB] M&S algorithm main loop timer: 15.0682s (after label reduction)
[t=15.0922s, 273996 KB] M&S algorithm main loop timer: 15.0842s (after merging)
[t=15.0962s, 273996 KB] M&S algorithm main loop timer: 15.0922s (after pruning)

[t=15.1002s, 273996 KB] Next pair of indices: (58, 26)
[t=15.1002s, 273996 KB] M&S algorithm main loop timer: 15.0922s (after computation of next merge)
[t=15.1082s, 273996 KB] M&S algorithm main loop timer: 15.1002s (after label reduction)
[t=15.1362s, 273996 KB] M&S algorithm main loop timer: 15.1282s (after merging)
[t=15.1482s, 273996 KB] M&S algorithm main loop timer: 15.1402s (after pruning)

[t=15.1482s, 273996 KB] Next pair of indices: (59, 27)
[t=15.1482s, 273996 KB] M&S algorithm main loop timer: 15.1402s (after computation of next merge)
[t=15.1602s, 273996 KB] M&S algorithm main loop timer: 15.1522s (after label reduction)
[t=15.2202s, 273996 KB] M&S algorithm main loop timer: 15.2122s (after merging)
[t=15.2442s, 273996 KB] M&S algorithm main loop timer: 15.2362s (after pruning)

[t=15.2442s, 273996 KB] Next pair of indices: (60, 28)
[t=15.2442s, 273996 KB] M&S algorithm main loop timer: 15.2362s (after computation of next merge)
[t=15.2802s, 273996 KB] M&S algorithm main loop timer: 15.2762s (after label reduction)
[t=15.4001s, 273996 KB] M&S algorithm main loop timer: 15.3921s (after merging)
[t=15.4441s, 273996 KB] M&S algorithm main loop timer: 15.4361s (after pruning)

[t=15.4441s, 273996 KB] Next pair of indices: (61, 29)
[t=15.4441s, 273996 KB] M&S algorithm main loop timer: 15.4361s (after computation of next merge)
[t=15.5081s, 273996 KB] M&S algorithm main loop timer: 15.5001s (after label reduction)
[t=15.7521s, 273996 KB] M&S algorithm main loop timer: 15.7441s (after merging)
[t=15.832s, 273996 KB] M&S algorithm main loop timer: 15.824s (after pruning)

[t=15.832s, 273996 KB] Next pair of indices: (62, 30)
[t=15.832s, 273996 KB] M&S algorithm main loop timer: 15.824s (after computation of next merge)
[t=16.024s, 273996 KB] M&S algorithm main loop timer: 16.02s (after label reduction)
[t=16.5159s, 273996 KB] M&S algorithm main loop timer: 16.5079s (after merging)
[t=16.6677s, 273996 KB] M&S algorithm main loop timer: 16.6597s (after pruning)

[t=16.6677s, 273996 KB] Next pair of indices: (63, 31)
[t=16.6677s, 273996 KB] M&S algorithm main loop timer: 16.6597s (after computation of next merge)
[t=16.9995s, 273996 KB] M&S algorithm main loop timer: 16.9915s (after label reduction)
[t=18.7564s, 273996 KB] M&S algorithm main loop timer: 18.7484s (after shrinking)
[t=19.1041s, 273996 KB] M&S algorithm main loop timer: 19.0961s (after merging)
[t=19.2281s, 273996 KB] M&S algorithm main loop timer: 19.2201s (after pruning)

[t=19.2281s, 273996 KB] Next pair of indices: (64, 32)
[t=19.2281s, 273996 KB] M&S algorithm main loop timer: 19.2201s (after computation of next merge)
[t=19.5556s, 273996 KB] M&S algorithm main loop timer: 19.5476s (after label reduction)
[t=20.7024s, 273996 KB] M&S algorithm main loop timer: 20.6944s (after shrinking)
[t=21.1299s, 273996 KB] M&S algorithm main loop timer: 21.1219s (after merging)
[t=21.2859s, 273996 KB] M&S algorithm main loop timer: 21.2779s (after pruning)

[t=21.2859s, 273996 KB] Next pair of indices: (65, 33)
[t=21.2859s, 273996 KB] M&S algorithm main loop timer: 21.2779s (after computation of next merge)
[t=21.8016s, 273996 KB] M&S algorithm main loop timer: 21.7936s (after label reduction)
[t=23.2654s, 273996 KB] M&S algorithm main loop timer: 23.2574s (after shrinking)
[t=23.7693s, 273996 KB] M&S algorithm main loop timer: 23.7613s (after merging)
[t=23.9532s, 273996 KB] M&S algorithm main loop timer: 23.9452s (after pruning)

[t=23.9532s, 273996 KB] End of merge-and-shrink algorithm, statistics:
[t=23.9532s, 273996 KB] Main loop runtime: 23.9452s
[t=23.9532s, 273996 KB] Maximum intermediate abstraction size: 199888
[t=23.9532s, 273996 KB] Final peak memory increase of merge-and-shrink algorithm: 262628 KB
[t=23.9572s, 273996 KB] Merge-and-shrink algorithm runtime: 23.9492s

[t=23.9572s, 273996 KB] Number of remaining factors: 1
[t=23.9572s, 273996 KB] Number of factors kept: 1
[t=23.9572s, 273996 KB] Done initializing merge-and-shrink heuristic.

[t=23.9572s, 273996 KB] Building successor generator...done!
[t=23.9572s, 273996 KB] peak memory difference for successor generator creation: 0 KB
[t=23.9572s, 273996 KB] time for successor generation creation: 0s
[t=23.9572s, 273996 KB] Variables: 34
[t=23.9572s, 273996 KB] FactPairs: 100
[t=23.9572s, 273996 KB] Bytes per state: 8
[t=23.9572s, 273996 KB] Conducting best first search with reopening closed nodes, (real) bound = 2147483647
[t=23.9572s, 273996 KB] New best heuristic value for merge_and_shrink(merge_strategy=merge_precomputed(merge_tree=linear(variable_order=reverse_level)),shrink_strategy=shrink_bisimulation(greedy=false),label_reduction=exact(before_shrinking=true,before_merging=false),max_states=200000): 2
[t=23.9572s, 273996 KB] g=0, 1 evaluated, 0 expanded
[t=23.9572s, 273996 KB] f = 2, 1 evaluated, 0 expanded
[t=23.9572s, 273996 KB] Initial heuristic value for merge_and_shrink(merge_strategy=merge_precomputed(merge_tree=linear(variable_order=reverse_level)),shrink_strategy=shrink_bisimulation(greedy=false),label_reduction=exact(before_shrinking=true,before_merging=false),max_states=200000): 2
[t=23.9572s, 273996 KB] pruning method: none
[t=23.9572s, 273996 KB] f = 3, 13 evaluated, 1 expanded
[t=23.9572s, 273996 KB] f = 4, 201 evaluated, 39 expanded
[t=23.9572s, 273996 KB] New best heuristic value for merge_and_shrink(merge_strategy=merge_precomputed(merge_tree=linear(variable_order=reverse_level)),shrink_strategy=shrink_bisimulation(greedy=false),label_reduction=exact(before_shrinking=true,before_merging=false),max_states=200000): 1
[t=23.9572s, 273996 KB] g=3, 457 evaluated, 200 expanded
[t=23.9652s, 273996 KB] f = 5, 2519 evaluated, 775 expanded
[t=24.0132s, 273996 KB] f = 6, 16392 evaluated, 7091 expanded
[t=24.1732s, 273996 KB] f = 7, 58217 evaluated, 33094 expanded
[t=24.5044s, 273996 KB] f = 8, 135994 evaluated, 94857 expanded
[t=24.912s, 273996 KB] f = 9, 220732 evaluated, 180449 expanded
[t=25.2038s, 273996 KB] f = 10, 276210 evaluated, 252667 expanded
[t=25.2357s, 273996 KB] New best heuristic value for merge_and_shrink(merge_strategy=merge_precomputed(merge_tree=linear(variable_order=reverse_level)),shrink_strategy=shrink_bisimulation(greedy=false),label_reduction=exact(before_shrinking=true,before_merging=false),max_states=200000): 0
[t=25.2357s, 273996 KB] g=10, 282165 evaluated, 262714 expanded
[t=25.2357s, 273996 KB] Solution found!
[t=25.2357s, 273996 KB] Actual search time: 1.27844s
jump-new-move pos-2-3 pos-2-4 pos-2-5 (1)
end-move pos-2-5 (0)
jump-new-move pos-0-3 pos-1-3 pos-2-3 (1)
end-move pos-2-3 (0)
jump-new-move pos-5-3 pos-4-3 pos-3-3 (1)
jump-continue-move pos-3-3 pos-2-3 pos-1-3 (0)
end-move pos-1-3 (0)
jump-new-move pos-3-2 pos-4-2 pos-5-2 (1)
end-move pos-5-2 (0)
jump-new-move pos-3-0 pos-3-1 pos-3-2 (1)
end-move pos-3-2 (0)
jump-new-move pos-3-4 pos-4-4 pos-5-4 (1)
end-move pos-5-4 (0)
jump-new-move pos-3-6 pos-3-5 pos-3-4 (1)
end-move pos-3-4 (0)
jump-new-move pos-2-2 pos-3-2 pos-4-2 (1)
jump-continue-move pos-4-2 pos-5-2 pos-6-2 (0)
jump-continue-move pos-6-2 pos-6-3 pos-6-4 (0)
jump-continue-move pos-6-4 pos-5-4 pos-4-4 (0)
jump-continue-move pos-4-4 pos-3-4 pos-2-4 (0)
end-move pos-2-4 (0)
jump-new-move pos-2-5 pos-2-4 pos-2-3 (1)
end-move pos-2-3 (0)
jump-new-move pos-1-3 pos-2-3 pos-3-3 (1)
[t=25.2357s, 273996 KB] Plan length: 24 step(s).
[t=25.2357s, 273996 KB] Plan cost: 10
[t=25.2357s, 273996 KB] Expanded 262715 state(s).
[t=25.2357s, 273996 KB] Reopened 0 state(s).
[t=25.2357s, 273996 KB] Evaluated 282165 state(s).
[t=25.2357s, 273996 KB] Evaluations: 282165
[t=25.2357s, 273996 KB] Generated 538778 state(s).
[t=25.2357s, 273996 KB] Dead ends: 394 state(s).
[t=25.2357s, 273996 KB] Expanded until last jump: 252667 state(s).
[t=25.2357s, 273996 KB] Reopened until last jump: 0 state(s).
[t=25.2357s, 273996 KB] Evaluated until last jump: 276210 state(s).
[t=25.2357s, 273996 KB] Generated until last jump: 521513 state(s).
[t=25.2357s, 273996 KB] Number of registered states: 282165
[t=25.2357s, 273996 KB] Int hash set load factor: 282165/524288 = 0.538187
[t=25.2357s, 273996 KB] Int hash set resizes: 19
[t=25.2357s, 273996 KB] Search time: 1.27844s
[t=25.2357s, 273996 KB] Total time: 25.2357s
Solution found.
Peak memory: 273996 KB
exitcode: 0

Exit codes: [23, 0]
Remove intermediate file output.sas
search exit code: 2

INFO     Planner time: 218.65s
