INFO     planner time limit: 1800s
INFO     planner memory limit: None

INFO     Running translator.
INFO     translator stdin: None
INFO     translator time limit: 1799s
INFO     translator memory limit: None
INFO     translator command line string: /usr/bin/python3 /home/bharath/Desktop/GitHub/downward/builds/release/bin/translate/translate.py /home/bharath/Desktop/ISWC_test/best_planner/data/openstacks/domain-1.pddl /home/bharath/Desktop/ISWC_test/best_planner/data/openstacks/instance-1.pddl --sas-file output.sas
Parsing...
Parsing: [0.000s CPU, 0.005s wall-clock]
Normalizing task... [0.000s CPU, 0.000s wall-clock]
Instantiating...
Generating Datalog program... [0.010s CPU, 0.001s wall-clock]
Normalizing Datalog program...
Normalizing Datalog program: [0.000s CPU, 0.003s wall-clock]
Preparing model... [0.000s CPU, 0.002s wall-clock]
Generated 92 rules.
Computing model... [0.010s CPU, 0.007s wall-clock]
400 relevant atoms
372 auxiliary atoms
772 final queue length
1152 total queue pushes
Completing instantiation... [0.010s CPU, 0.011s wall-clock]
Instantiating: [0.030s CPU, 0.025s wall-clock]
Computing fact groups...
Finding invariants...
12 initial candidates
Finding invariants: [0.010s CPU, 0.010s wall-clock]
Checking invariant weight... [0.000s CPU, 0.000s wall-clock]
Instantiating groups... [0.000s CPU, 0.000s wall-clock]
Collecting mutex groups... [0.000s CPU, 0.000s wall-clock]
Choosing groups...
0 uncovered facts
Choosing groups: [0.000s CPU, 0.000s wall-clock]
Building translation key... [0.000s CPU, 0.000s wall-clock]
Computing fact groups: [0.010s CPU, 0.011s wall-clock]
Building STRIPS to SAS dictionary... [0.000s CPU, 0.000s wall-clock]
Building dictionary for full mutex groups... [0.000s CPU, 0.000s wall-clock]
Building mutex information...
Building mutex information: [0.000s CPU, 0.000s wall-clock]
Translating task...
Processing axioms...
Simplifying axioms... [0.000s CPU, 0.000s wall-clock]
Translator axioms removed by simplifying: 0
Computing negative axioms... [0.000s CPU, 0.000s wall-clock]
Processing axioms: [0.000s CPU, 0.001s wall-clock]
Translating task: [0.010s CPU, 0.008s wall-clock]
0 effect conditions simplified
0 implied preconditions added
Detecting unreachable propositions...
0 operators removed
0 axioms removed
21 propositions removed
Detecting unreachable propositions: [0.000s CPU, 0.004s wall-clock]
Reordering and filtering variables...
21 of 21 variables necessary.
0 of 31 mutex groups necessary.
220 of 220 operators necessary.
0 of 0 axiom rules necessary.
Reordering and filtering variables: [0.000s CPU, 0.002s wall-clock]
Translator variables: 21
Translator derived variables: 0
Translator facts: 61
Translator goal facts: 10
Translator mutex groups: 0
Translator total mutex groups size: 0
Translator operators: 220
Translator axioms: 0
Translator task size: 1317
Translator peak memory: 35188 KB
Writing output... [0.000s CPU, 0.002s wall-clock]
Done! [0.060s CPU, 0.058s wall-clock]
translate exit code: 0

INFO     Running search (release).
INFO     search portfolio: /home/bharath/Desktop/GitHub/downward/driver/portfolios/seq_opt_fdss_1.py
remaining time: 1799.0
config 0: relative time 175, remaining 1631
args: ['/home/bharath/Desktop/GitHub/downward/builds/release/bin/downward', '--search', 'astar(merge_and_shrink(merge_strategy=merge_precomputed(merge_tree=linear(variable_order=reverse_level)),shrink_strategy=shrink_bisimulation(greedy=true),label_reduction=exact(before_shrinking=true,before_merging=false),max_states=infinity,threshold_before_merge=1))', '--internal-plan-file', '/home/bharath/Desktop/ISWC_test/best_planner/ontology_policy_results/results/plan-openstacks-instance-1.txt']
INFO     search stdin: output.sas
INFO     search time limit: 193s
INFO     search memory limit: None
INFO     search command line string: /home/bharath/Desktop/GitHub/downward/builds/release/bin/downward --search 'astar(merge_and_shrink(merge_strategy=merge_precomputed(merge_tree=linear(variable_order=reverse_level)),shrink_strategy=shrink_bisimulation(greedy=true),label_reduction=exact(before_shrinking=true,before_merging=false),max_states=infinity,threshold_before_merge=1))' --internal-plan-file /home/bharath/Desktop/ISWC_test/best_planner/ontology_policy_results/results/plan-openstacks-instance-1.txt < output.sas
[t=0s, 10980 KB] reading input...
[t=0s, 10980 KB] done reading input!
[t=0.00399727s, 11368 KB] Initializing merge-and-shrink heuristic...
[t=0.00399727s, 11368 KB] Running merge-and-shrink algorithm...
[t=0.00399727s, 11368 KB] Merge strategy options:
[t=0.00399727s, 11368 KB] Type: precomputed
[t=0.00399727s, 11368 KB] Merge tree options: 
[t=0.00399727s, 11368 KB] Type: linear
[t=0.00399727s, 11368 KB] Update option: use random
[t=0.00399727s, 11368 KB] Variable order type: by reverse level

[t=0.00399727s, 11368 KB] Options related to size limits and shrinking: 
[t=0.00399727s, 11368 KB] Transition system size limit: 2147483647
[t=0.00399727s, 11368 KB] Transition system size limit right before merge: 2147483647
[t=0.00399727s, 11368 KB] Threshold to trigger shrinking right before merge: 1

[t=0.00399727s, 11368 KB] Shrink strategy options: 
[t=0.00399727s, 11368 KB] Type: bisimulation
[t=0.00399727s, 11368 KB] Bisimulation type: greedy
[t=0.00399727s, 11368 KB] At limit: return

[t=0.00399727s, 11368 KB] Pruning unreachable states: yes
[t=0.00399727s, 11368 KB] Pruning irrelevant states: yes

[t=0.00399727s, 11368 KB] Label reduction options:
[t=0.00399727s, 11368 KB] Before merging: disabled
[t=0.00399727s, 11368 KB] Before shrinking: enabled
[t=0.00399727s, 11368 KB] Method: all transition systems with fixpoint computation
[t=0.00399727s, 11368 KB] System order: random

[t=0.00399727s, 11368 KB] Main loop max time in seconds: inf


[t=0.00399727s, 11368 KB] Building atomic transition systems... 
[t=0.00399727s, 11368 KB] M&S algorithm timer: 0s (after computation of atomic factors)

[t=0.00399727s, 11368 KB] Starting main loop without a time limit.
[t=0.00399727s, 11368 KB] building causal graph...done! [t=0s]
[t=0.00399727s, 11368 KB] Next pair of indices: (0, 1)
[t=0.00399727s, 11368 KB] M&S algorithm main loop timer: 0s (after computation of next merge)
[t=0.00799347s, 11368 KB] M&S algorithm main loop timer: 0.00399621s (after label reduction)
[t=0.00799347s, 11368 KB] M&S algorithm main loop timer: 0.00399621s (after merging)

[t=0.00799347s, 11368 KB] Next pair of indices: (21, 2)
[t=0.00799347s, 11368 KB] M&S algorithm main loop timer: 0.00399621s (after computation of next merge)
[t=0.0120065s, 11368 KB] M&S algorithm main loop timer: 0.00800927s (after merging)

[t=0.0120065s, 11368 KB] Next pair of indices: (22, 3)
[t=0.0120065s, 11368 KB] M&S algorithm main loop timer: 0.00800927s (after computation of next merge)
[t=0.0120065s, 11368 KB] M&S algorithm main loop timer: 0.00800927s (after merging)

[t=0.0120065s, 11368 KB] Next pair of indices: (23, 4)
[t=0.0120065s, 11368 KB] M&S algorithm main loop timer: 0.00800927s (after computation of next merge)
[t=0.0120065s, 11368 KB] M&S algorithm main loop timer: 0.00800927s (after merging)

[t=0.0120065s, 11368 KB] Next pair of indices: (24, 5)
[t=0.0120065s, 11368 KB] M&S algorithm main loop timer: 0.00800927s (after computation of next merge)
[t=0.0159682s, 11368 KB] M&S algorithm main loop timer: 0.0119709s (after label reduction)
[t=0.0159682s, 11368 KB] M&S algorithm main loop timer: 0.0119709s (after shrinking)
[t=0.0159682s, 11368 KB] M&S algorithm main loop timer: 0.0119709s (after merging)

[t=0.0159682s, 11368 KB] Next pair of indices: (25, 6)
[t=0.0159682s, 11368 KB] M&S algorithm main loop timer: 0.0119709s (after computation of next merge)
[t=0.0159682s, 11368 KB] M&S algorithm main loop timer: 0.0119709s (after merging)

[t=0.0159682s, 11368 KB] Next pair of indices: (26, 7)
[t=0.0159682s, 11368 KB] M&S algorithm main loop timer: 0.0119709s (after computation of next merge)
[t=0.0159682s, 11368 KB] M&S algorithm main loop timer: 0.0119709s (after merging)

[t=0.0159682s, 11368 KB] Next pair of indices: (27, 8)
[t=0.0159682s, 11368 KB] M&S algorithm main loop timer: 0.0119709s (after computation of next merge)
[t=0.0199658s, 11368 KB] M&S algorithm main loop timer: 0.0159686s (after merging)

[t=0.0199658s, 11368 KB] Next pair of indices: (28, 9)
[t=0.0199658s, 11368 KB] M&S algorithm main loop timer: 0.0159686s (after computation of next merge)
[t=0.0199658s, 11500 KB] M&S algorithm main loop timer: 0.0159686s (after merging)

[t=0.0199658s, 11500 KB] Next pair of indices: (29, 10)
[t=0.0199658s, 11500 KB] M&S algorithm main loop timer: 0.0159686s (after computation of next merge)
[t=0.0359546s, 13432 KB] M&S algorithm main loop timer: 0.0319573s (after merging)

[t=0.0384836s, 13432 KB] Next pair of indices: (30, 11)
[t=0.0384836s, 13432 KB] M&S algorithm main loop timer: 0.0344864s (after computation of next merge)
[t=0.103723s, 17740 KB] M&S algorithm main loop timer: 0.0997253s (after merging)
[t=0.111717s, 17740 KB] M&S algorithm main loop timer: 0.10772s (after pruning)

[t=0.111717s, 17740 KB] Next pair of indices: (31, 12)
[t=0.111717s, 17740 KB] M&S algorithm main loop timer: 0.10772s (after computation of next merge)
[t=0.111717s, 17740 KB] M&S algorithm main loop timer: 0.10772s (after label reduction)
[t=0.258945s, 24344 KB] M&S algorithm main loop timer: 0.254948s (after merging)
[t=0.266922s, 24344 KB] M&S algorithm main loop timer: 0.262925s (after pruning)

[t=0.266922s, 24344 KB] Next pair of indices: (32, 13)
[t=0.266922s, 24344 KB] M&S algorithm main loop timer: 0.262925s (after computation of next merge)
[t=0.27092s, 24344 KB] M&S algorithm main loop timer: 0.266923s (after label reduction)
[t=0.494695s, 24344 KB] M&S algorithm main loop timer: 0.490698s (after shrinking)
[t=0.662527s, 36248 KB] M&S algorithm main loop timer: 0.658529s (after merging)
[t=0.706475s, 36248 KB] M&S algorithm main loop timer: 0.702478s (after pruning)

[t=0.706475s, 36248 KB] Next pair of indices: (33, 14)
[t=0.706475s, 36248 KB] M&S algorithm main loop timer: 0.702478s (after computation of next merge)
[t=0.72646s, 36248 KB] M&S algorithm main loop timer: 0.722462s (after label reduction)
[t=1.19808s, 36248 KB] M&S algorithm main loop timer: 1.19408s (after shrinking)
[t=1.50183s, 57000 KB] M&S algorithm main loop timer: 1.49783s (after merging)
[t=1.54979s, 57000 KB] M&S algorithm main loop timer: 1.5458s (after pruning)

[t=1.54979s, 57000 KB] Next pair of indices: (34, 15)
[t=1.54979s, 57000 KB] M&S algorithm main loop timer: 1.5458s (after computation of next merge)
[t=1.57777s, 57000 KB] M&S algorithm main loop timer: 1.57377s (after label reduction)
[t=2.54088s, 57000 KB] M&S algorithm main loop timer: 2.54088s (after shrinking)
[t=3.06s, 90132 KB] M&S algorithm main loop timer: 3.05601s (after merging)
[t=3.13983s, 90132 KB] M&S algorithm main loop timer: 3.13583s (after pruning)

[t=3.13983s, 90132 KB] Next pair of indices: (35, 16)
[t=3.13983s, 90132 KB] M&S algorithm main loop timer: 3.13583s (after computation of next merge)
[t=3.21175s, 90132 KB] M&S algorithm main loop timer: 3.20776s (after label reduction)
[t=5.01408s, 90132 KB] M&S algorithm main loop timer: 5.01009s (after shrinking)
[t=5.70075s, 122692 KB] M&S algorithm main loop timer: 5.69675s (after merging)
[t=5.80854s, 122692 KB] M&S algorithm main loop timer: 5.80454s (after pruning)

[t=5.80854s, 122692 KB] Next pair of indices: (36, 17)
[t=5.80854s, 122692 KB] M&S algorithm main loop timer: 5.80454s (after computation of next merge)
[t=5.90447s, 122692 KB] M&S algorithm main loop timer: 5.90047s (after label reduction)
[t=9.1573s, 122692 KB] M&S algorithm main loop timer: 9.15331s (after shrinking)
[t=9.80881s, 123304 KB] M&S algorithm main loop timer: 9.80482s (after merging)
[t=9.90474s, 123304 KB] M&S algorithm main loop timer: 9.90074s (after pruning)

[t=9.90474s, 123304 KB] Next pair of indices: (37, 18)
[t=9.90474s, 123304 KB] M&S algorithm main loop timer: 9.90074s (after computation of next merge)
[t=10.0246s, 123304 KB] M&S algorithm main loop timer: 10.0206s (after label reduction)
[t=13.1156s, 127000 KB] M&S algorithm main loop timer: 13.1116s (after shrinking)
[t=14.2655s, 172152 KB] M&S algorithm main loop timer: 14.2615s (after merging)
[t=14.3892s, 172152 KB] M&S algorithm main loop timer: 14.3852s (after pruning)

[t=14.3892s, 172152 KB] Next pair of indices: (38, 19)
[t=14.3892s, 172152 KB] M&S algorithm main loop timer: 14.3852s (after computation of next merge)
[t=14.5449s, 172152 KB] M&S algorithm main loop timer: 14.5409s (after label reduction)
[t=19.3202s, 172152 KB] M&S algorithm main loop timer: 19.3162s (after shrinking)
[t=20.4473s, 196336 KB] M&S algorithm main loop timer: 20.4433s (after merging)
[t=20.5672s, 196336 KB] M&S algorithm main loop timer: 20.5632s (after pruning)

[t=20.5672s, 196336 KB] Next pair of indices: (39, 20)
[t=20.5672s, 196336 KB] M&S algorithm main loop timer: 20.5632s (after computation of next merge)
[t=20.7471s, 196336 KB] M&S algorithm main loop timer: 20.7431s (after label reduction)
[t=27.3742s, 196336 KB] M&S algorithm main loop timer: 27.3702s (after shrinking)
[t=28.3774s, 196336 KB] M&S algorithm main loop timer: 28.3734s (after merging)
[t=28.4494s, 220320 KB] M&S algorithm main loop timer: 28.4454s (after pruning)

[t=28.4494s, 220320 KB] End of merge-and-shrink algorithm, statistics:
[t=28.4494s, 220320 KB] Main loop runtime: 28.4454s
[t=28.4494s, 220320 KB] Maximum intermediate abstraction size: 742968
[t=28.4494s, 220320 KB] Final peak memory increase of merge-and-shrink algorithm: 208952 KB
[t=28.4494s, 220320 KB] Merge-and-shrink algorithm runtime: 28.4454s

[t=28.4494s, 220320 KB] Number of remaining factors: 1
[t=28.4533s, 220320 KB] Number of factors kept: 1
[t=28.4533s, 220320 KB] Done initializing merge-and-shrink heuristic.

[t=28.4533s, 220320 KB] Building successor generator...done!
[t=28.4533s, 220320 KB] peak memory difference for successor generator creation: 0 KB
[t=28.4533s, 220320 KB] time for successor generation creation: 0s
[t=28.4533s, 220320 KB] Variables: 21
[t=28.4533s, 220320 KB] FactPairs: 61
[t=28.4533s, 220320 KB] Bytes per state: 8
[t=28.4533s, 220320 KB] Conducting best first search with reopening closed nodes, (real) bound = 2147483647
[t=28.4533s, 220320 KB] New best heuristic value for merge_and_shrink(merge_strategy=merge_precomputed(merge_tree=linear(variable_order=reverse_level)),shrink_strategy=shrink_bisimulation(greedy=true),label_reduction=exact(before_shrinking=true,before_merging=false),max_states=infinity,threshold_before_merge=1): 2
[t=28.4533s, 220320 KB] g=0, 1 evaluated, 0 expanded
[t=28.4533s, 220320 KB] f = 2, 1 evaluated, 0 expanded
[t=28.4533s, 220320 KB] Initial heuristic value for merge_and_shrink(merge_strategy=merge_precomputed(merge_tree=linear(variable_order=reverse_level)),shrink_strategy=shrink_bisimulation(greedy=true),label_reduction=exact(before_shrinking=true,before_merging=false),max_states=infinity,threshold_before_merge=1): 2
[t=28.4533s, 220320 KB] pruning method: none
[t=28.4533s, 220320 KB] New best heuristic value for merge_and_shrink(merge_strategy=merge_precomputed(merge_tree=linear(variable_order=reverse_level)),shrink_strategy=shrink_bisimulation(greedy=true),label_reduction=exact(before_shrinking=true,before_merging=false),max_states=infinity,threshold_before_merge=1): 1
[t=28.4533s, 220320 KB] g=1, 2 evaluated, 1 expanded
[t=28.4533s, 220320 KB] New best heuristic value for merge_and_shrink(merge_strategy=merge_precomputed(merge_tree=linear(variable_order=reverse_level)),shrink_strategy=shrink_bisimulation(greedy=true),label_reduction=exact(before_shrinking=true,before_merging=false),max_states=infinity,threshold_before_merge=1): 0
[t=28.4533s, 220320 KB] g=2, 3 evaluated, 2 expanded
[t=28.4733s, 220320 KB] Solution found!
[t=28.4733s, 220320 KB] Actual search time: 0.019971s
open-new-stack n0 n1 (1)
open-new-stack n1 n2 (1)
start-order o10 n2 n1 (0)
start-order o4 n1 n0 (0)
make-product-p4  (0)
ship-order-o4 n0 n1 (0)
start-order o1 n1 n0 (0)
make-product-p6  (0)
make-product-p9  (0)
ship-order-o10 n0 n1 (0)
start-order o2 n1 n0 (0)
make-product-p2  (0)
make-product-p10  (0)
ship-order-o2 n0 n1 (0)
ship-order-o1 n1 n2 (0)
start-order o5 n2 n1 (0)
start-order o8 n1 n0 (0)
make-product-p3  (0)
ship-order-o5 n0 n1 (0)
ship-order-o8 n1 n2 (0)
start-order o6 n2 n1 (0)
start-order o7 n1 n0 (0)
make-product-p5  (0)
ship-order-o6 n0 n1 (0)
ship-order-o7 n1 n2 (0)
start-order o9 n2 n1 (0)
start-order o3 n1 n0 (0)
make-product-p7  (0)
make-product-p8  (0)
make-product-p1  (0)
ship-order-o3 n0 n1 (0)
ship-order-o9 n1 n2 (0)
[t=28.4733s, 220320 KB] Plan length: 32 step(s).
[t=28.4733s, 220320 KB] Plan cost: 2
[t=28.4733s, 220320 KB] Expanded 2770 state(s).
[t=28.4733s, 220320 KB] Reopened 0 state(s).
[t=28.4733s, 220320 KB] Evaluated 6275 state(s).
[t=28.4733s, 220320 KB] Evaluations: 6275
[t=28.4733s, 220320 KB] Generated 9331 state(s).
[t=28.4733s, 220320 KB] Dead ends: 0 state(s).
[t=28.4733s, 220320 KB] Expanded until last jump: 0 state(s).
[t=28.4733s, 220320 KB] Reopened until last jump: 0 state(s).
[t=28.4733s, 220320 KB] Evaluated until last jump: 1 state(s).
[t=28.4733s, 220320 KB] Generated until last jump: 0 state(s).
[t=28.4733s, 220320 KB] Number of registered states: 6275
[t=28.4733s, 220320 KB] Int hash set load factor: 6275/8192 = 0.765991
[t=28.4733s, 220320 KB] Int hash set resizes: 13
[t=28.4733s, 220320 KB] Search time: 0.019971s
[t=28.4733s, 220320 KB] Total time: 28.4733s
Solution found.
Peak memory: 220320 KB
exitcode: 0

Exit codes: [0]
Remove intermediate file output.sas
search exit code: 0

INFO     Planner time: 28.72s
