INFO     planner time limit: 300s
INFO     planner memory limit: None

INFO     Running translator.
INFO     translator stdin: None
INFO     translator time limit: 299s
INFO     translator memory limit: None
INFO     translator command line string: /usr/bin/python3 /home/bharath/Desktop/GitHub/downward/builds/release/bin/translate/translate.py /home/bharath/Desktop/ISWC_test/best_planner/data/barman/domain.pddl /home/bharath/Desktop/ISWC_test/best_planner/data/barman/instance-3.pddl --sas-file output.sas
Parsing...
Parsing: [0.000s CPU, 0.007s wall-clock]
Normalizing task... [0.010s CPU, 0.001s wall-clock]
Instantiating...
Generating Datalog program... [0.000s CPU, 0.001s wall-clock]
Normalizing Datalog program...
Normalizing Datalog program: [0.010s CPU, 0.009s wall-clock]
Preparing model... [0.000s CPU, 0.005s wall-clock]
Generated 115 rules.
Computing model... [0.020s CPU, 0.022s wall-clock]
593 relevant atoms
673 auxiliary atoms
1266 final queue length
2072 total queue pushes
Completing instantiation... [0.020s CPU, 0.019s wall-clock]
Instantiating: [0.050s CPU, 0.056s wall-clock]
Computing fact groups...
Finding invariants...
24 initial candidates
Finding invariants: [0.020s CPU, 0.017s wall-clock]
Checking invariant weight... [0.000s CPU, 0.000s wall-clock]
Instantiating groups... [0.000s CPU, 0.000s wall-clock]
Collecting mutex groups... [0.000s CPU, 0.000s wall-clock]
Choosing groups...
59 uncovered facts
Choosing groups: [0.000s CPU, 0.000s wall-clock]
Building translation key... [0.000s CPU, 0.000s wall-clock]
Computing fact groups: [0.020s CPU, 0.018s wall-clock]
Building STRIPS to SAS dictionary... [0.000s CPU, 0.000s wall-clock]
Building dictionary for full mutex groups... [0.000s CPU, 0.000s wall-clock]
Building mutex information...
Building mutex information: [0.000s CPU, 0.000s wall-clock]
Translating task...
Processing axioms...
Simplifying axioms... [0.000s CPU, 0.000s wall-clock]
Translator axioms removed by simplifying: 0
Computing negative axioms... [0.000s CPU, 0.000s wall-clock]
Processing axioms: [0.000s CPU, 0.001s wall-clock]
Translating task: [0.020s CPU, 0.022s wall-clock]
592 effect conditions simplified
0 implied preconditions added
Detecting unreachable propositions...
0 operators removed
0 axioms removed
3 propositions removed
Detecting unreachable propositions: [0.010s CPU, 0.010s wall-clock]
Reordering and filtering variables...
62 of 62 variables necessary.
5 of 8 mutex groups necessary.
358 of 358 operators necessary.
0 of 0 axiom rules necessary.
Reordering and filtering variables: [0.010s CPU, 0.006s wall-clock]
Translator variables: 62
Translator derived variables: 0
Translator facts: 133
Translator goal facts: 3
Translator mutex groups: 5
Translator total mutex groups size: 15
Translator operators: 358
Translator axioms: 0
Translator task size: 3439
Translator peak memory: 36200 KB
Writing output... [0.010s CPU, 0.005s wall-clock]
Done! [0.130s CPU, 0.128s wall-clock]
translate exit code: 0

INFO     Running search (release).
INFO     search portfolio: /home/bharath/Desktop/GitHub/downward/driver/portfolios/seq_opt_merge_and_shrink.py
remaining time: 299.0
config 0: relative time 800, remaining 1800
args: ['/home/bharath/Desktop/GitHub/downward/builds/release/bin/downward', '--search', 'astar(merge_and_shrink(merge_strategy=merge_precomputed(merge_tree=linear(variable_order=reverse_level)),shrink_strategy=shrink_bisimulation(greedy=true),label_reduction=exact(before_shrinking=true,before_merging=false),max_states=infinity,threshold_before_merge=1))', '--internal-plan-file', '/home/bharath/Desktop/ISWC_test/best_planner/random_policy_results/results/plan-barman-instance-3.txt']
INFO     search stdin: output.sas
INFO     search time limit: 132s
INFO     search memory limit: None
INFO     search command line string: /home/bharath/Desktop/GitHub/downward/builds/release/bin/downward --search 'astar(merge_and_shrink(merge_strategy=merge_precomputed(merge_tree=linear(variable_order=reverse_level)),shrink_strategy=shrink_bisimulation(greedy=true),label_reduction=exact(before_shrinking=true,before_merging=false),max_states=infinity,threshold_before_merge=1))' --internal-plan-file /home/bharath/Desktop/ISWC_test/best_planner/random_policy_results/results/plan-barman-instance-3.txt < output.sas
[t=0.00400033s, 10980 KB] reading input...
[t=0.00400033s, 11104 KB] done reading input!
[t=0.00800161s, 11368 KB] Initializing merge-and-shrink heuristic...
[t=0.00800161s, 11368 KB] Running merge-and-shrink algorithm...
[t=0.00800161s, 11368 KB] Merge strategy options:
[t=0.00800161s, 11368 KB] Type: precomputed
[t=0.00800161s, 11368 KB] Merge tree options: 
[t=0.00800161s, 11368 KB] Type: linear
[t=0.00800161s, 11368 KB] Update option: use random
[t=0.00800161s, 11368 KB] Variable order type: by reverse level

[t=0.00800161s, 11368 KB] Options related to size limits and shrinking: 
[t=0.00800161s, 11368 KB] Transition system size limit: 2147483647
[t=0.00800161s, 11368 KB] Transition system size limit right before merge: 2147483647
[t=0.00800161s, 11368 KB] Threshold to trigger shrinking right before merge: 1

[t=0.00800161s, 11368 KB] Shrink strategy options: 
[t=0.00800161s, 11368 KB] Type: bisimulation
[t=0.00800161s, 11368 KB] Bisimulation type: greedy
[t=0.00800161s, 11368 KB] At limit: return

[t=0.00800161s, 11368 KB] Pruning unreachable states: yes
[t=0.00800161s, 11368 KB] Pruning irrelevant states: yes

[t=0.00800161s, 11368 KB] Label reduction options:
[t=0.00800161s, 11368 KB] Before merging: disabled
[t=0.00800161s, 11368 KB] Before shrinking: enabled
[t=0.00800161s, 11368 KB] Method: all transition systems with fixpoint computation
[t=0.00800161s, 11368 KB] System order: random

[t=0.00800161s, 11368 KB] Main loop max time in seconds: inf


[t=0.00800161s, 11368 KB] Building atomic transition systems... 
[t=0.0120007s, 11632 KB] M&S algorithm timer: 0.00399905s (after computation of atomic factors)

[t=0.0120007s, 11632 KB] Starting main loop without a time limit.
[t=0.0120007s, 11632 KB] building causal graph...done! [t=0.00400036s]
[t=0.016001s, 11764 KB] Next pair of indices: (0, 1)
[t=0.0165123s, 11764 KB] M&S algorithm main loop timer: 0.00451159s (after computation of next merge)
[t=0.199796s, 11764 KB] M&S algorithm main loop timer: 0.187796s (after label reduction)
[t=0.199796s, 11764 KB] M&S algorithm main loop timer: 0.187796s (after shrinking)
[t=0.199796s, 11764 KB] M&S algorithm main loop timer: 0.187796s (after merging)

[t=0.199796s, 11764 KB] Next pair of indices: (62, 2)
[t=0.199796s, 11764 KB] M&S algorithm main loop timer: 0.187796s (after computation of next merge)
[t=0.311807s, 11764 KB] M&S algorithm main loop timer: 0.299806s (after label reduction)
[t=0.311807s, 11764 KB] M&S algorithm main loop timer: 0.299806s (after shrinking)
[t=0.311807s, 11764 KB] M&S algorithm main loop timer: 0.299806s (after merging)

[t=0.311807s, 11764 KB] Next pair of indices: (63, 3)
[t=0.311807s, 11764 KB] M&S algorithm main loop timer: 0.299806s (after computation of next merge)
[t=0.351813s, 11764 KB] M&S algorithm main loop timer: 0.339812s (after label reduction)
[t=0.351813s, 11764 KB] M&S algorithm main loop timer: 0.339812s (after shrinking)
[t=0.351813s, 11764 KB] M&S algorithm main loop timer: 0.339812s (after merging)

[t=0.351813s, 11764 KB] Next pair of indices: (64, 4)
[t=0.351813s, 11764 KB] M&S algorithm main loop timer: 0.339812s (after computation of next merge)
[t=0.383816s, 11764 KB] M&S algorithm main loop timer: 0.371815s (after label reduction)
[t=0.383816s, 11764 KB] M&S algorithm main loop timer: 0.371815s (after shrinking)
[t=0.383816s, 11764 KB] M&S algorithm main loop timer: 0.371815s (after merging)

[t=0.383816s, 11764 KB] Next pair of indices: (65, 5)
[t=0.383816s, 11764 KB] M&S algorithm main loop timer: 0.371815s (after computation of next merge)
[t=0.419819s, 11764 KB] M&S algorithm main loop timer: 0.407818s (after label reduction)
[t=0.419819s, 11764 KB] M&S algorithm main loop timer: 0.407818s (after shrinking)
[t=0.419819s, 11764 KB] M&S algorithm main loop timer: 0.407818s (after merging)

[t=0.419819s, 11764 KB] Next pair of indices: (66, 6)
[t=0.419819s, 11764 KB] M&S algorithm main loop timer: 0.407818s (after computation of next merge)
[t=0.467823s, 11764 KB] M&S algorithm main loop timer: 0.455822s (after label reduction)
[t=0.467823s, 11764 KB] M&S algorithm main loop timer: 0.455822s (after shrinking)
[t=0.467823s, 11764 KB] M&S algorithm main loop timer: 0.455822s (after merging)

[t=0.467823s, 11764 KB] Next pair of indices: (67, 7)
[t=0.467823s, 11764 KB] M&S algorithm main loop timer: 0.455822s (after computation of next merge)
[t=0.495827s, 11764 KB] M&S algorithm main loop timer: 0.483826s (after shrinking)
[t=0.495827s, 11764 KB] M&S algorithm main loop timer: 0.483826s (after merging)

[t=0.495827s, 11764 KB] Next pair of indices: (68, 8)
[t=0.495827s, 11764 KB] M&S algorithm main loop timer: 0.483826s (after computation of next merge)
[t=0.543831s, 11764 KB] M&S algorithm main loop timer: 0.53183s (after label reduction)
[t=0.543831s, 11764 KB] M&S algorithm main loop timer: 0.53183s (after shrinking)
[t=0.543831s, 11764 KB] M&S algorithm main loop timer: 0.53183s (after merging)

[t=0.543831s, 11764 KB] Next pair of indices: (69, 9)
[t=0.543831s, 11764 KB] M&S algorithm main loop timer: 0.53183s (after computation of next merge)
[t=0.587822s, 11764 KB] M&S algorithm main loop timer: 0.575821s (after label reduction)
[t=0.587822s, 11764 KB] M&S algorithm main loop timer: 0.575821s (after shrinking)
[t=0.587822s, 11764 KB] M&S algorithm main loop timer: 0.575821s (after merging)

[t=0.587822s, 11764 KB] Next pair of indices: (70, 10)
[t=0.587822s, 11764 KB] M&S algorithm main loop timer: 0.575821s (after computation of next merge)
[t=0.615824s, 11764 KB] M&S algorithm main loop timer: 0.603823s (after label reduction)
[t=0.615824s, 11764 KB] M&S algorithm main loop timer: 0.603823s (after shrinking)
[t=0.615824s, 11764 KB] M&S algorithm main loop timer: 0.603823s (after merging)

[t=0.615824s, 11764 KB] Next pair of indices: (71, 11)
[t=0.615824s, 11764 KB] M&S algorithm main loop timer: 0.603823s (after computation of next merge)
[t=0.655827s, 11764 KB] M&S algorithm main loop timer: 0.643826s (after label reduction)
[t=0.655827s, 11764 KB] M&S algorithm main loop timer: 0.643826s (after shrinking)
[t=0.655827s, 11764 KB] M&S algorithm main loop timer: 0.643826s (after merging)

[t=0.655827s, 11764 KB] Next pair of indices: (72, 12)
[t=0.655827s, 11764 KB] M&S algorithm main loop timer: 0.643826s (after computation of next merge)
[t=0.691831s, 11764 KB] M&S algorithm main loop timer: 0.679831s (after label reduction)
[t=0.691831s, 11764 KB] M&S algorithm main loop timer: 0.679831s (after shrinking)
[t=0.691831s, 11764 KB] M&S algorithm main loop timer: 0.679831s (after merging)

[t=0.691831s, 11764 KB] Next pair of indices: (73, 13)
[t=0.691831s, 11764 KB] M&S algorithm main loop timer: 0.679831s (after computation of next merge)
[t=0.723835s, 11764 KB] M&S algorithm main loop timer: 0.711835s (after label reduction)
[t=0.723835s, 11764 KB] M&S algorithm main loop timer: 0.711835s (after shrinking)
[t=0.723835s, 11764 KB] M&S algorithm main loop timer: 0.711835s (after merging)

[t=0.723835s, 11764 KB] Next pair of indices: (74, 14)
[t=0.723835s, 11764 KB] M&S algorithm main loop timer: 0.711835s (after computation of next merge)
[t=0.759838s, 11764 KB] M&S algorithm main loop timer: 0.747837s (after label reduction)
[t=0.759838s, 11764 KB] M&S algorithm main loop timer: 0.747837s (after shrinking)
[t=0.759838s, 11764 KB] M&S algorithm main loop timer: 0.747837s (after merging)

[t=0.759838s, 11764 KB] Next pair of indices: (75, 15)
[t=0.759838s, 11764 KB] M&S algorithm main loop timer: 0.747837s (after computation of next merge)
[t=0.795842s, 11764 KB] M&S algorithm main loop timer: 0.783841s (after label reduction)
[t=0.795842s, 11764 KB] M&S algorithm main loop timer: 0.783841s (after shrinking)
[t=0.795842s, 11764 KB] M&S algorithm main loop timer: 0.783841s (after merging)

[t=0.795842s, 11764 KB] Next pair of indices: (76, 16)
[t=0.795842s, 11764 KB] M&S algorithm main loop timer: 0.783841s (after computation of next merge)
[t=0.827845s, 11764 KB] M&S algorithm main loop timer: 0.815844s (after label reduction)
[t=0.827845s, 11764 KB] M&S algorithm main loop timer: 0.815844s (after shrinking)
[t=0.827845s, 11764 KB] M&S algorithm main loop timer: 0.815844s (after merging)

[t=0.827845s, 11764 KB] Next pair of indices: (77, 17)
[t=0.827845s, 11764 KB] M&S algorithm main loop timer: 0.815844s (after computation of next merge)
[t=0.847847s, 11764 KB] M&S algorithm main loop timer: 0.835847s (after label reduction)
[t=0.847847s, 11764 KB] M&S algorithm main loop timer: 0.835847s (after shrinking)
[t=0.847847s, 11764 KB] M&S algorithm main loop timer: 0.835847s (after merging)

[t=0.847847s, 11764 KB] Next pair of indices: (78, 18)
[t=0.847847s, 11764 KB] M&S algorithm main loop timer: 0.835847s (after computation of next merge)
[t=0.867839s, 11764 KB] M&S algorithm main loop timer: 0.855838s (after label reduction)
[t=0.867839s, 11764 KB] M&S algorithm main loop timer: 0.855838s (after shrinking)
[t=0.867839s, 11764 KB] M&S algorithm main loop timer: 0.855838s (after merging)

[t=0.867839s, 11764 KB] Next pair of indices: (79, 19)
[t=0.867839s, 11764 KB] M&S algorithm main loop timer: 0.855838s (after computation of next merge)
[t=0.883838s, 11764 KB] M&S algorithm main loop timer: 0.871838s (after label reduction)
[t=0.883838s, 11764 KB] M&S algorithm main loop timer: 0.871838s (after shrinking)
[t=0.883838s, 11764 KB] M&S algorithm main loop timer: 0.871838s (after merging)

[t=0.883838s, 11764 KB] Next pair of indices: (80, 20)
[t=0.883838s, 11764 KB] M&S algorithm main loop timer: 0.871838s (after computation of next merge)
[t=0.89984s, 11764 KB] M&S algorithm main loop timer: 0.88784s (after label reduction)
[t=0.89984s, 11764 KB] M&S algorithm main loop timer: 0.88784s (after shrinking)
[t=0.89984s, 11764 KB] M&S algorithm main loop timer: 0.88784s (after merging)

[t=0.89984s, 11764 KB] Next pair of indices: (81, 21)
[t=0.89984s, 11764 KB] M&S algorithm main loop timer: 0.88784s (after computation of next merge)
[t=0.923844s, 11764 KB] M&S algorithm main loop timer: 0.911843s (after label reduction)
[t=0.923844s, 11764 KB] M&S algorithm main loop timer: 0.911843s (after shrinking)
[t=0.923844s, 11764 KB] M&S algorithm main loop timer: 0.911843s (after merging)

[t=0.923844s, 11764 KB] Next pair of indices: (82, 22)
[t=0.923844s, 11764 KB] M&S algorithm main loop timer: 0.911843s (after computation of next merge)
[t=0.935845s, 11764 KB] M&S algorithm main loop timer: 0.923844s (after label reduction)
[t=0.935845s, 11764 KB] M&S algorithm main loop timer: 0.923844s (after shrinking)
[t=0.935845s, 11764 KB] M&S algorithm main loop timer: 0.923844s (after merging)

[t=0.935845s, 11764 KB] Next pair of indices: (83, 23)
[t=0.935845s, 11764 KB] M&S algorithm main loop timer: 0.923844s (after computation of next merge)
[t=0.951846s, 11764 KB] M&S algorithm main loop timer: 0.939845s (after label reduction)
[t=0.951846s, 11764 KB] M&S algorithm main loop timer: 0.939845s (after shrinking)
[t=0.951846s, 11764 KB] M&S algorithm main loop timer: 0.939845s (after merging)

[t=0.951846s, 11764 KB] Next pair of indices: (84, 24)
[t=0.951846s, 11764 KB] M&S algorithm main loop timer: 0.939845s (after computation of next merge)
[t=0.975848s, 11764 KB] M&S algorithm main loop timer: 0.963847s (after label reduction)
[t=0.975848s, 11764 KB] M&S algorithm main loop timer: 0.963847s (after shrinking)
[t=0.975848s, 11764 KB] M&S algorithm main loop timer: 0.963847s (after merging)

[t=0.975848s, 11764 KB] Next pair of indices: (85, 25)
[t=0.975848s, 11764 KB] M&S algorithm main loop timer: 0.963847s (after computation of next merge)
[t=0.99185s, 11764 KB] M&S algorithm main loop timer: 0.979849s (after label reduction)
[t=0.99185s, 11764 KB] M&S algorithm main loop timer: 0.979849s (after shrinking)
[t=0.99185s, 11764 KB] M&S algorithm main loop timer: 0.979849s (after merging)

[t=0.99185s, 11764 KB] Next pair of indices: (86, 26)
[t=0.99185s, 11764 KB] M&S algorithm main loop timer: 0.979849s (after computation of next merge)
[t=1.01585s, 11764 KB] M&S algorithm main loop timer: 1.00385s (after label reduction)
[t=1.01585s, 11764 KB] M&S algorithm main loop timer: 1.00385s (after shrinking)
[t=1.01585s, 11764 KB] M&S algorithm main loop timer: 1.00385s (after merging)

[t=1.01585s, 11764 KB] Next pair of indices: (87, 27)
[t=1.01585s, 11764 KB] M&S algorithm main loop timer: 1.00385s (after computation of next merge)
[t=1.02784s, 11764 KB] M&S algorithm main loop timer: 1.01584s (after label reduction)
[t=1.02784s, 11764 KB] M&S algorithm main loop timer: 1.01584s (after shrinking)
[t=1.02784s, 11764 KB] M&S algorithm main loop timer: 1.01584s (after merging)

[t=1.02784s, 11764 KB] Next pair of indices: (88, 28)
[t=1.02784s, 11764 KB] M&S algorithm main loop timer: 1.01584s (after computation of next merge)
[t=1.04764s, 11764 KB] M&S algorithm main loop timer: 1.03564s (after label reduction)
[t=1.04764s, 11764 KB] M&S algorithm main loop timer: 1.03564s (after shrinking)
[t=1.04764s, 11764 KB] M&S algorithm main loop timer: 1.03564s (after merging)

[t=1.04764s, 11764 KB] Next pair of indices: (89, 29)
[t=1.04764s, 11764 KB] M&S algorithm main loop timer: 1.03564s (after computation of next merge)
[t=1.06763s, 11764 KB] M&S algorithm main loop timer: 1.05563s (after label reduction)
[t=1.06763s, 11764 KB] M&S algorithm main loop timer: 1.05563s (after shrinking)
[t=1.06763s, 11764 KB] M&S algorithm main loop timer: 1.05563s (after merging)

[t=1.06763s, 11764 KB] Next pair of indices: (90, 30)
[t=1.06763s, 11764 KB] M&S algorithm main loop timer: 1.05563s (after computation of next merge)
[t=1.08363s, 11764 KB] M&S algorithm main loop timer: 1.07163s (after label reduction)
[t=1.08363s, 11764 KB] M&S algorithm main loop timer: 1.07163s (after shrinking)
[t=1.08363s, 11764 KB] M&S algorithm main loop timer: 1.07163s (after merging)

[t=1.08363s, 11764 KB] Next pair of indices: (91, 31)
[t=1.08363s, 11764 KB] M&S algorithm main loop timer: 1.07163s (after computation of next merge)
[t=1.09563s, 11764 KB] M&S algorithm main loop timer: 1.08363s (after label reduction)
[t=1.09563s, 11764 KB] M&S algorithm main loop timer: 1.08363s (after shrinking)
[t=1.09563s, 11764 KB] M&S algorithm main loop timer: 1.08363s (after merging)

[t=1.09563s, 11764 KB] Next pair of indices: (92, 32)
[t=1.09563s, 11764 KB] M&S algorithm main loop timer: 1.08363s (after computation of next merge)
[t=1.09963s, 11764 KB] M&S algorithm main loop timer: 1.08763s (after shrinking)
[t=1.09963s, 11764 KB] M&S algorithm main loop timer: 1.08763s (after merging)

[t=1.09963s, 11764 KB] Next pair of indices: (93, 33)
[t=1.09963s, 11764 KB] M&S algorithm main loop timer: 1.08763s (after computation of next merge)
[t=1.10763s, 11764 KB] M&S algorithm main loop timer: 1.09563s (after label reduction)
[t=1.10763s, 11764 KB] M&S algorithm main loop timer: 1.09563s (after shrinking)
[t=1.10763s, 11764 KB] M&S algorithm main loop timer: 1.09563s (after merging)

[t=1.10763s, 11764 KB] Next pair of indices: (94, 34)
[t=1.10763s, 11764 KB] M&S algorithm main loop timer: 1.09563s (after computation of next merge)
[t=1.11563s, 11764 KB] M&S algorithm main loop timer: 1.10363s (after label reduction)
[t=1.11563s, 11764 KB] M&S algorithm main loop timer: 1.10363s (after shrinking)
[t=1.11563s, 11764 KB] M&S algorithm main loop timer: 1.10363s (after merging)

[t=1.11563s, 11764 KB] Next pair of indices: (95, 35)
[t=1.11563s, 11764 KB] M&S algorithm main loop timer: 1.10363s (after computation of next merge)
[t=1.12363s, 11764 KB] M&S algorithm main loop timer: 1.11163s (after label reduction)
[t=1.12363s, 11764 KB] M&S algorithm main loop timer: 1.11163s (after shrinking)
[t=1.12363s, 11764 KB] M&S algorithm main loop timer: 1.11163s (after merging)

[t=1.12363s, 11764 KB] Next pair of indices: (96, 36)
[t=1.12363s, 11764 KB] M&S algorithm main loop timer: 1.11163s (after computation of next merge)
[t=1.12763s, 11764 KB] M&S algorithm main loop timer: 1.11963s (after label reduction)
[t=1.13163s, 11764 KB] M&S algorithm main loop timer: 1.11963s (after shrinking)
[t=1.13163s, 11764 KB] M&S algorithm main loop timer: 1.11963s (after merging)

[t=1.13163s, 11764 KB] Next pair of indices: (97, 37)
[t=1.13163s, 11764 KB] M&S algorithm main loop timer: 1.11963s (after computation of next merge)
[t=1.13563s, 11764 KB] M&S algorithm main loop timer: 1.12363s (after label reduction)
[t=1.13563s, 11764 KB] M&S algorithm main loop timer: 1.12363s (after shrinking)
[t=1.13563s, 11764 KB] M&S algorithm main loop timer: 1.12363s (after merging)

[t=1.13563s, 11764 KB] Next pair of indices: (98, 38)
[t=1.13563s, 11764 KB] M&S algorithm main loop timer: 1.12363s (after computation of next merge)
[t=1.14363s, 11764 KB] M&S algorithm main loop timer: 1.13163s (after label reduction)
[t=1.14363s, 11764 KB] M&S algorithm main loop timer: 1.13163s (after shrinking)
[t=1.14363s, 11764 KB] M&S algorithm main loop timer: 1.13163s (after merging)

[t=1.14363s, 11764 KB] Next pair of indices: (99, 39)
[t=1.14363s, 11764 KB] M&S algorithm main loop timer: 1.13163s (after computation of next merge)
[t=1.14763s, 11764 KB] M&S algorithm main loop timer: 1.13563s (after label reduction)
[t=1.14763s, 11764 KB] M&S algorithm main loop timer: 1.13563s (after shrinking)
[t=1.14763s, 11764 KB] M&S algorithm main loop timer: 1.13563s (after merging)

[t=1.14763s, 11764 KB] Next pair of indices: (100, 40)
[t=1.14763s, 11764 KB] M&S algorithm main loop timer: 1.13563s (after computation of next merge)
[t=1.15163s, 11764 KB] M&S algorithm main loop timer: 1.13963s (after label reduction)
[t=1.15163s, 11764 KB] M&S algorithm main loop timer: 1.13963s (after shrinking)
[t=1.15163s, 11764 KB] M&S algorithm main loop timer: 1.13963s (after merging)

[t=1.15163s, 11764 KB] Next pair of indices: (101, 41)
[t=1.15163s, 11764 KB] M&S algorithm main loop timer: 1.13963s (after computation of next merge)
[t=1.15563s, 11764 KB] M&S algorithm main loop timer: 1.14363s (after label reduction)
[t=1.15563s, 11764 KB] M&S algorithm main loop timer: 1.14363s (after shrinking)
[t=1.15563s, 11764 KB] M&S algorithm main loop timer: 1.14363s (after merging)

[t=1.15563s, 11764 KB] Next pair of indices: (102, 42)
[t=1.15563s, 11764 KB] M&S algorithm main loop timer: 1.14363s (after computation of next merge)
[t=1.15963s, 11764 KB] M&S algorithm main loop timer: 1.14763s (after label reduction)
[t=1.15963s, 11764 KB] M&S algorithm main loop timer: 1.14763s (after shrinking)
[t=1.15963s, 11764 KB] M&S algorithm main loop timer: 1.14763s (after merging)

[t=1.15963s, 11764 KB] Next pair of indices: (103, 43)
[t=1.15963s, 11764 KB] M&S algorithm main loop timer: 1.14763s (after computation of next merge)
[t=1.16364s, 11764 KB] M&S algorithm main loop timer: 1.15163s (after label reduction)
[t=1.16364s, 11764 KB] M&S algorithm main loop timer: 1.15163s (after shrinking)
[t=1.16364s, 11764 KB] M&S algorithm main loop timer: 1.15163s (after merging)

[t=1.16364s, 11764 KB] Next pair of indices: (104, 44)
[t=1.16364s, 11764 KB] M&S algorithm main loop timer: 1.15163s (after computation of next merge)
[t=1.16764s, 11764 KB] M&S algorithm main loop timer: 1.15564s (after label reduction)
[t=1.16764s, 11764 KB] M&S algorithm main loop timer: 1.15564s (after shrinking)
[t=1.16764s, 11764 KB] M&S algorithm main loop timer: 1.15564s (after merging)

[t=1.16764s, 11764 KB] Next pair of indices: (105, 45)
[t=1.16764s, 11764 KB] M&S algorithm main loop timer: 1.15564s (after computation of next merge)
[t=1.17164s, 11764 KB] M&S algorithm main loop timer: 1.15964s (after shrinking)
[t=1.17164s, 11764 KB] M&S algorithm main loop timer: 1.15964s (after merging)

[t=1.17164s, 11764 KB] Next pair of indices: (106, 46)
[t=1.17164s, 11764 KB] M&S algorithm main loop timer: 1.15964s (after computation of next merge)
[t=1.17164s, 11764 KB] M&S algorithm main loop timer: 1.15964s (after shrinking)
[t=1.17164s, 11764 KB] M&S algorithm main loop timer: 1.15964s (after merging)

[t=1.17164s, 11764 KB] Next pair of indices: (107, 47)
[t=1.17164s, 11764 KB] M&S algorithm main loop timer: 1.15964s (after computation of next merge)
[t=1.17164s, 11764 KB] M&S algorithm main loop timer: 1.15964s (after shrinking)
[t=1.17164s, 11764 KB] M&S algorithm main loop timer: 1.15964s (after merging)

[t=1.17164s, 11764 KB] Next pair of indices: (108, 48)
[t=1.17164s, 11764 KB] M&S algorithm main loop timer: 1.15964s (after computation of next merge)
[t=1.17564s, 11764 KB] M&S algorithm main loop timer: 1.16364s (after label reduction)
[t=1.17564s, 11764 KB] M&S algorithm main loop timer: 1.16364s (after shrinking)
[t=1.17564s, 11764 KB] M&S algorithm main loop timer: 1.16364s (after merging)

[t=1.17564s, 11764 KB] Next pair of indices: (109, 49)
[t=1.17564s, 11764 KB] M&S algorithm main loop timer: 1.16364s (after computation of next merge)
[t=1.17564s, 11764 KB] M&S algorithm main loop timer: 1.16364s (after label reduction)
[t=1.17564s, 11764 KB] M&S algorithm main loop timer: 1.16364s (after shrinking)
[t=1.17564s, 11764 KB] M&S algorithm main loop timer: 1.16364s (after merging)

[t=1.17564s, 11764 KB] Next pair of indices: (110, 50)
[t=1.17564s, 11764 KB] M&S algorithm main loop timer: 1.16364s (after computation of next merge)
[t=1.17564s, 11764 KB] M&S algorithm main loop timer: 1.16364s (after label reduction)
[t=1.17564s, 11764 KB] M&S algorithm main loop timer: 1.16364s (after shrinking)
[t=1.17564s, 11764 KB] M&S algorithm main loop timer: 1.16364s (after merging)

[t=1.17564s, 11764 KB] Next pair of indices: (111, 51)
[t=1.17564s, 11764 KB] M&S algorithm main loop timer: 1.16364s (after computation of next merge)
[t=1.17964s, 11764 KB] M&S algorithm main loop timer: 1.16764s (after label reduction)
[t=1.17964s, 11764 KB] M&S algorithm main loop timer: 1.16764s (after shrinking)
[t=1.17964s, 11764 KB] M&S algorithm main loop timer: 1.16764s (after merging)

[t=1.17964s, 11764 KB] Next pair of indices: (112, 52)
[t=1.17964s, 11764 KB] M&S algorithm main loop timer: 1.16764s (after computation of next merge)
[t=1.17964s, 11764 KB] M&S algorithm main loop timer: 1.16764s (after label reduction)
[t=1.17964s, 11764 KB] M&S algorithm main loop timer: 1.16764s (after shrinking)
[t=1.17964s, 11764 KB] M&S algorithm main loop timer: 1.16764s (after merging)

[t=1.17964s, 11764 KB] Next pair of indices: (113, 53)
[t=1.17964s, 11764 KB] M&S algorithm main loop timer: 1.16764s (after computation of next merge)
[t=1.17964s, 11764 KB] M&S algorithm main loop timer: 1.16764s (after label reduction)
[t=1.17964s, 11764 KB] M&S algorithm main loop timer: 1.16764s (after shrinking)
[t=1.17964s, 11764 KB] M&S algorithm main loop timer: 1.16764s (after merging)

[t=1.17964s, 11764 KB] Next pair of indices: (114, 54)
[t=1.17964s, 11764 KB] M&S algorithm main loop timer: 1.16764s (after computation of next merge)
[t=1.17964s, 11764 KB] M&S algorithm main loop timer: 1.16764s (after label reduction)
[t=1.17964s, 11764 KB] M&S algorithm main loop timer: 1.16764s (after shrinking)
[t=1.17964s, 11764 KB] M&S algorithm main loop timer: 1.16764s (after merging)

[t=1.17964s, 11764 KB] Next pair of indices: (115, 55)
[t=1.17964s, 11764 KB] M&S algorithm main loop timer: 1.16764s (after computation of next merge)
[t=1.17964s, 11764 KB] M&S algorithm main loop timer: 1.16764s (after label reduction)
[t=1.17964s, 11764 KB] M&S algorithm main loop timer: 1.16764s (after shrinking)
[t=1.17964s, 11764 KB] M&S algorithm main loop timer: 1.16764s (after merging)

[t=1.17964s, 11764 KB] Next pair of indices: (116, 56)
[t=1.17964s, 11764 KB] M&S algorithm main loop timer: 1.16764s (after computation of next merge)
[t=1.17964s, 11764 KB] M&S algorithm main loop timer: 1.16764s (after shrinking)
[t=1.17964s, 11764 KB] M&S algorithm main loop timer: 1.16764s (after merging)

[t=1.17964s, 11764 KB] Next pair of indices: (117, 57)
[t=1.17964s, 11764 KB] M&S algorithm main loop timer: 1.16764s (after computation of next merge)
[t=1.17964s, 11764 KB] M&S algorithm main loop timer: 1.16764s (after label reduction)
[t=1.17964s, 11764 KB] M&S algorithm main loop timer: 1.16764s (after shrinking)
[t=1.17964s, 11764 KB] M&S algorithm main loop timer: 1.16764s (after merging)

[t=1.17964s, 11764 KB] Next pair of indices: (118, 58)
[t=1.17964s, 11764 KB] M&S algorithm main loop timer: 1.16764s (after computation of next merge)
[t=1.17964s, 11764 KB] M&S algorithm main loop timer: 1.16764s (after label reduction)
[t=1.17964s, 11764 KB] M&S algorithm main loop timer: 1.16764s (after shrinking)
[t=1.17964s, 11764 KB] M&S algorithm main loop timer: 1.16764s (after merging)

[t=1.17964s, 11764 KB] Next pair of indices: (119, 59)
[t=1.17964s, 11764 KB] M&S algorithm main loop timer: 1.16764s (after computation of next merge)
[t=1.17964s, 11764 KB] M&S algorithm main loop timer: 1.16764s (after label reduction)
[t=1.17964s, 11764 KB] M&S algorithm main loop timer: 1.16764s (after merging)

[t=1.17964s, 11764 KB] Next pair of indices: (120, 60)
[t=1.17964s, 11764 KB] M&S algorithm main loop timer: 1.16764s (after computation of next merge)
[t=1.17964s, 11764 KB] M&S algorithm main loop timer: 1.16764s (after merging)

[t=1.17964s, 11764 KB] Next pair of indices: (121, 61)
[t=1.17964s, 11764 KB] M&S algorithm main loop timer: 1.16764s (after computation of next merge)
[t=1.17964s, 11764 KB] M&S algorithm main loop timer: 1.16764s (after label reduction)
[t=1.17964s, 11764 KB] M&S algorithm main loop timer: 1.16764s (after shrinking)
[t=1.17964s, 11764 KB] M&S algorithm main loop timer: 1.16764s (after merging)

[t=1.17964s, 11764 KB] End of merge-and-shrink algorithm, statistics:
[t=1.17964s, 11764 KB] Main loop runtime: 1.16764s
[t=1.17964s, 11764 KB] Maximum intermediate abstraction size: 6
[t=1.18364s, 11764 KB] Final peak memory increase of merge-and-shrink algorithm: 396 KB
[t=1.18364s, 11764 KB] Merge-and-shrink algorithm runtime: 1.17563s

[t=1.18364s, 11764 KB] Number of remaining factors: 1
[t=1.18364s, 11764 KB] Number of factors kept: 1
[t=1.18364s, 11764 KB] Done initializing merge-and-shrink heuristic.

[t=1.18364s, 11764 KB] Building successor generator...done!
[t=1.18364s, 11764 KB] peak memory difference for successor generator creation: 0 KB
[t=1.18364s, 11764 KB] time for successor generation creation: 0s
[t=1.18364s, 11764 KB] Variables: 62
[t=1.18364s, 11764 KB] FactPairs: 133
[t=1.18364s, 11764 KB] Bytes per state: 12
[t=1.18364s, 11764 KB] Conducting best first search with reopening closed nodes, (real) bound = 2147483647
[t=1.18364s, 11764 KB] New best heuristic value for merge_and_shrink(merge_strategy=merge_precomputed(merge_tree=linear(variable_order=reverse_level)),shrink_strategy=shrink_bisimulation(greedy=true),label_reduction=exact(before_shrinking=true,before_merging=false),max_states=infinity,threshold_before_merge=1): 3
[t=1.18364s, 11764 KB] g=0, 1 evaluated, 0 expanded
[t=1.18364s, 11764 KB] f = 3, 1 evaluated, 0 expanded
[t=1.18364s, 11764 KB] Initial heuristic value for merge_and_shrink(merge_strategy=merge_precomputed(merge_tree=linear(variable_order=reverse_level)),shrink_strategy=shrink_bisimulation(greedy=true),label_reduction=exact(before_shrinking=true,before_merging=false),max_states=infinity,threshold_before_merge=1): 3
[t=1.18364s, 11764 KB] pruning method: none
[t=1.18364s, 11764 KB] f = 4, 11 evaluated, 1 expanded
[t=1.18364s, 11764 KB] f = 5, 55 evaluated, 11 expanded
[t=1.18364s, 11764 KB] f = 14, 55 evaluated, 31 expanded
[t=1.18364s, 11764 KB] f = 15, 211 evaluated, 55 expanded
[t=1.18364s, 11764 KB] f = 16, 571 evaluated, 211 expanded
[t=1.18764s, 11764 KB] f = 17, 1234 evaluated, 547 expanded
[t=1.18764s, 11764 KB] f = 18, 1960 evaluated, 946 expanded
[t=1.19164s, 11764 KB] f = 25, 1960 evaluated, 1240 expanded
[t=1.19164s, 11764 KB] f = 26, 2092 evaluated, 1264 expanded
[t=1.19564s, 11764 KB] f = 27, 3898 evaluated, 1660 expanded
[t=1.21564s, 11896 KB] f = 28, 9661 evaluated, 3874 expanded
[t=1.24351s, 12428 KB] f = 29, 16600 evaluated, 9181 expanded
[t=1.26752s, 12568 KB] f = 30, 22882 evaluated, 14656 expanded
[t=1.27952s, 12568 KB] New best heuristic value for merge_and_shrink(merge_strategy=merge_precomputed(merge_tree=linear(variable_order=reverse_level)),shrink_strategy=shrink_bisimulation(greedy=true),label_reduction=exact(before_shrinking=true,before_merging=false),max_states=infinity,threshold_before_merge=1): 2
[t=1.27952s, 12568 KB] g=28, 26525 evaluated, 17717 expanded
[t=1.28352s, 12704 KB] f = 31, 27178 evaluated, 17806 expanded
[t=1.29152s, 12704 KB] f = 32, 29772 evaluated, 19732 expanded
[t=1.31552s, 13232 KB] f = 33, 35862 evaluated, 22248 expanded
[t=1.34753s, 13504 KB] f = 34, 46352 evaluated, 27456 expanded
[t=1.40753s, 14804 KB] f = 35, 59275 evaluated, 35552 expanded
[t=1.45934s, 14828 KB] f = 36, 72301 evaluated, 45703 expanded
[t=1.51134s, 15236 KB] f = 37, 84863 evaluated, 56689 expanded
[t=1.56735s, 15644 KB] f = 38, 98207 evaluated, 67785 expanded
[t=1.63535s, 16188 KB] f = 39, 117678 evaluated, 80569 expanded
[t=1.77114s, 18416 KB] f = 40, 152284 evaluated, 100798 expanded
[t=1.95493s, 19904 KB] f = 41, 197620 evaluated, 134458 expanded
[t=2.13081s, 24956 KB] f = 42, 230485 evaluated, 173458 expanded
[t=2.25883s, 24956 KB] f = 43, 259294 evaluated, 198991 expanded
[t=2.40263s, 25192 KB] f = 44, 298306 evaluated, 220270 expanded
[t=2.62244s, 26932 KB] f = 45, 353725 evaluated, 254728 expanded
[t=2.89774s, 29228 KB] f = 46, 422242 evaluated, 304783 expanded
[t=3.25275s, 37956 KB] f = 47, 497397 evaluated, 365380 expanded
[t=3.57677s, 38024 KB] f = 48, 570841 evaluated, 432163 expanded
[t=3.88079s, 40052 KB] f = 49, 635385 evaluated, 498109 expanded
[t=4.1528s, 41944 KB] f = 50, 693450 evaluated, 558469 expanded
[t=4.47683s, 44240 KB] f = 51, 765687 evaluated, 619102 expanded
[t=4.85286s, 46936 KB] f = 52, 851820 evaluated, 693097 expanded
[t=5.38086s, 65344 KB] f = 53, 954127 evaluated, 780712 expanded
[t=5.8209s, 65344 KB] f = 54, 1047160 evaluated, 878725 expanded
[t=6.19689s, 65344 KB] f = 55, 1124140 evaluated, 966916 expanded
[t=6.60092s, 66784 KB] f = 56, 1217005 evaluated, 1044520 expanded
[t=7.12492s, 70716 KB] f = 57, 1340974 evaluated, 1138825 expanded
[t=7.78451s, 75576 KB] f = 58, 1493057 evaluated, 1261630 expanded
[t=8.52428s, 80956 KB] f = 59, 1660875 evaluated, 1406595 expanded
[t=9.36398s, 115496 KB] f = 60, 1806063 evaluated, 1559643 expanded
[t=9.47179s, 115496 KB] New best heuristic value for merge_and_shrink(merge_strategy=merge_precomputed(merge_tree=linear(variable_order=reverse_level)),shrink_strategy=shrink_bisimulation(greedy=true),label_reduction=exact(before_shrinking=true,before_merging=false),max_states=infinity,threshold_before_merge=1): 1
[t=9.47179s, 115496 KB] g=59, 1831327 evaluated, 1580787 expanded
[t=9.97557s, 115496 KB] f = 61, 1930216 evaluated, 1697161 expanded
[t=10.5914s, 115496 KB] f = 62, 2062330 evaluated, 1823388 expanded
[t=11.291s, 115496 KB] f = 63, 2218592 evaluated, 1958536 expanded
[t=12.0385s, 120108 KB] f = 64, 2380416 evaluated, 2112268 expanded
[t=12.7298s, 124444 KB] f = 65, 2519768 evaluated, 2264408 expanded
[t=13.3498s, 128396 KB] f = 66, 2644809 evaluated, 2400412 expanded
[t=13.9658s, 132472 KB] f = 67, 2775779 evaluated, 2528995 expanded
[t=14.6698s, 137492 KB] f = 68, 2933312 evaluated, 2663821 expanded
[t=15.5416s, 143844 KB] f = 69, 3134492 evaluated, 2825192 expanded
[t=16.5656s, 151016 KB] f = 70, 3360693 evaluated, 3024700 expanded
[t=17.8411s, 219276 KB] f = 71, 3566881 evaluated, 3239289 expanded
[t=18.7611s, 219276 KB] f = 72, 3754488 evaluated, 3440299 expanded
[t=19.6922s, 219276 KB] f = 73, 3952799 evaluated, 3632118 expanded
[t=20.6913s, 219276 KB] f = 74, 4165337 evaluated, 3835201 expanded
[t=21.6304s, 219276 KB] f = 75, 4344803 evaluated, 4040183 expanded
[t=22.3897s, 219276 KB] f = 76, 4489480 evaluated, 4217431 expanded
[t=23.0566s, 223008 KB] f = 77, 4609897 evaluated, 4369652 expanded
[t=23.628s, 226400 KB] f = 78, 4718310 evaluated, 4496257 expanded
[t=24.188s, 230068 KB] f = 79, 4833254 evaluated, 4609372 expanded
[t=24.8516s, 234548 KB] f = 80, 4976479 evaluated, 4737090 expanded
[t=25.559s, 239020 KB] f = 81, 5120817 evaluated, 4886037 expanded
[t=26.2189s, 243092 KB] f = 82, 5248458 evaluated, 5034393 expanded
[t=26.8505s, 246892 KB] f = 83, 5373348 evaluated, 5171902 expanded
[t=27.4826s, 250832 KB] f = 84, 5497427 evaluated, 5308570 expanded
[t=28.0266s, 253808 KB] f = 85, 5591970 evaluated, 5435063 expanded
[t=28.4466s, 255980 KB] f = 86, 5661282 evaluated, 5534504 expanded
[t=28.7784s, 257748 KB] f = 87, 5716477 evaluated, 5612840 expanded
[t=29.0699s, 259512 KB] f = 88, 5771992 evaluated, 5674653 expanded
[t=29.3816s, 261684 KB] f = 89, 5842139 evaluated, 5732352 expanded
[t=29.7693s, 264540 KB] f = 90, 5932981 evaluated, 5805083 expanded
[t=29.7973s, 264676 KB] New best heuristic value for merge_and_shrink(merge_strategy=merge_precomputed(merge_tree=linear(variable_order=reverse_level)),shrink_strategy=shrink_bisimulation(greedy=true),label_reduction=exact(before_shrinking=true,before_merging=false),max_states=infinity,threshold_before_merge=1): 0
[t=29.7973s, 264676 KB] g=90, 5939869 evaluated, 5810069 expanded
[t=29.7973s, 264676 KB] Solution found!
[t=29.7973s, 264676 KB] Actual search time: 28.6136s
grasp left shot4 (1)
fill-shot shot4 ingredient2 left right dispenser2 (10)
pour-shot-to-clean-shaker shot4 ingredient2 shaker1 left l0 l1 (1)
clean-shot shot4 ingredient2 left right (1)
fill-shot shot4 ingredient1 left right dispenser1 (10)
grasp right shaker1 (1)
pour-shot-to-used-shaker shot4 ingredient1 shaker1 left l1 l2 (1)
leave left shot4 (1)
shake cocktail1 ingredient1 ingredient2 shaker1 right left (1)
pour-shaker-to-shot cocktail1 shot3 right shaker1 l2 l1 (1)
empty-shaker right shaker1 cocktail1 l1 l0 (1)
clean-shaker right left shaker1 (1)
grasp left shot4 (1)
leave right shaker1 (1)
refill-shot shot4 ingredient1 left right dispenser1 (10)
pour-shot-to-clean-shaker shot4 ingredient1 shaker1 left l0 l1 (1)
clean-shot shot4 ingredient1 left right (1)
fill-shot shot4 ingredient2 left right dispenser2 (10)
grasp right shaker1 (1)
pour-shot-to-used-shaker shot4 ingredient2 shaker1 left l1 l2 (1)
leave left shot4 (1)
shake cocktail2 ingredient1 ingredient2 shaker1 right left (1)
pour-shaker-to-shot cocktail2 shot2 right shaker1 l2 l1 (1)
empty-shaker right shaker1 cocktail2 l1 l0 (1)
clean-shaker right left shaker1 (1)
grasp left shot4 (1)
leave right shaker1 (1)
refill-shot shot4 ingredient2 left right dispenser2 (10)
pour-shot-to-clean-shaker shot4 ingredient2 shaker1 left l0 l1 (1)
clean-shot shot4 ingredient2 left right (1)
fill-shot shot4 ingredient3 left right dispenser3 (10)
grasp right shaker1 (1)
pour-shot-to-used-shaker shot4 ingredient3 shaker1 left l1 l2 (1)
leave left shot4 (1)
shake cocktail3 ingredient3 ingredient2 shaker1 right left (1)
pour-shaker-to-shot cocktail3 shot1 right shaker1 l2 l1 (1)
[t=29.7973s, 264676 KB] Plan length: 36 step(s).
[t=29.7973s, 264676 KB] Plan cost: 90
[t=29.7973s, 264676 KB] Expanded 5810070 state(s).
[t=29.7973s, 264676 KB] Reopened 0 state(s).
[t=29.7973s, 264676 KB] Evaluated 5939869 state(s).
[t=29.7973s, 264676 KB] Evaluations: 5939869
[t=29.7973s, 264676 KB] Generated 25370517 state(s).
[t=29.7973s, 264676 KB] Dead ends: 0 state(s).
[t=29.7973s, 264676 KB] Expanded until last jump: 5805083 state(s).
[t=29.7973s, 264676 KB] Reopened until last jump: 0 state(s).
[t=29.7973s, 264676 KB] Evaluated until last jump: 5932981 state(s).
[t=29.7973s, 264676 KB] Generated until last jump: 25349028 state(s).
[t=29.7973s, 264676 KB] Number of registered states: 5939869
[t=29.7973s, 264676 KB] Int hash set load factor: 5939869/8388608 = 0.708088
[t=29.7973s, 264676 KB] Int hash set resizes: 23
[t=29.7973s, 264676 KB] Search time: 28.6136s
[t=29.7973s, 264676 KB] Total time: 29.7973s
Solution found.
Peak memory: 264676 KB
exitcode: 0

Exit codes: [0]
Remove intermediate file output.sas
search exit code: 0

INFO     Planner time: 30.12s
