INFO     planner time limit: 300s
INFO     planner memory limit: None

INFO     Running translator.
INFO     translator stdin: None
INFO     translator time limit: 299s
INFO     translator memory limit: None
INFO     translator command line string: /usr/bin/python3 /home/bharath/Desktop/GitHub/downward/builds/release/bin/translate/translate.py /home/bharath/Desktop/ISWC_test/best_planner/data/elevators/domain.pddl /home/bharath/Desktop/ISWC_test/best_planner/data/elevators/instance-2.pddl --sas-file output.sas
Parsing...
Parsing: [0.000s CPU, 0.009s wall-clock]
Normalizing task... [0.000s CPU, 0.000s wall-clock]
Instantiating...
Generating Datalog program... [0.000s CPU, 0.001s wall-clock]
Normalizing Datalog program...
Normalizing Datalog program: [0.000s CPU, 0.004s wall-clock]
Preparing model... [0.010s CPU, 0.005s wall-clock]
Generated 46 rules.
Computing model... [0.020s CPU, 0.021s wall-clock]
680 relevant atoms
1068 auxiliary atoms
1748 final queue length
2387 total queue pushes
Completing instantiation... [0.020s CPU, 0.025s wall-clock]
Instantiating: [0.050s CPU, 0.056s wall-clock]
Computing fact groups...
Finding invariants...
12 initial candidates
Finding invariants: [0.010s CPU, 0.006s wall-clock]
Checking invariant weight... [0.000s CPU, 0.000s wall-clock]
Instantiating groups... [0.000s CPU, 0.001s wall-clock]
Collecting mutex groups... [0.000s CPU, 0.000s wall-clock]
Choosing groups...
0 uncovered facts
Choosing groups: [0.000s CPU, 0.001s wall-clock]
Building translation key... [0.000s CPU, 0.000s wall-clock]
Computing fact groups: [0.010s CPU, 0.009s wall-clock]
Building STRIPS to SAS dictionary... [0.000s CPU, 0.000s wall-clock]
Building dictionary for full mutex groups... [0.000s CPU, 0.000s wall-clock]
Building mutex information...
Building mutex information: [0.000s CPU, 0.000s wall-clock]
Translating task...
Processing axioms...
Simplifying axioms... [0.000s CPU, 0.000s wall-clock]
Translator axioms removed by simplifying: 0
Computing negative axioms... [0.000s CPU, 0.000s wall-clock]
Processing axioms: [0.000s CPU, 0.002s wall-clock]
Translating task: [0.020s CPU, 0.017s wall-clock]
0 effect conditions simplified
0 implied preconditions added
Detecting unreachable propositions...
0 operators removed
0 axioms removed
11 propositions removed
Detecting unreachable propositions: [0.010s CPU, 0.008s wall-clock]
Reordering and filtering variables...
11 of 11 variables necessary.
0 of 11 mutex groups necessary.
408 of 408 operators necessary.
0 of 0 axiom rules necessary.
Reordering and filtering variables: [0.000s CPU, 0.002s wall-clock]
Translator variables: 11
Translator derived variables: 0
Translator facts: 86
Translator goal facts: 3
Translator mutex groups: 0
Translator total mutex groups size: 0
Translator operators: 408
Translator axioms: 0
Translator task size: 2242
Translator peak memory: 36188 KB
Writing output... [0.010s CPU, 0.007s wall-clock]
Done! [0.100s CPU, 0.112s wall-clock]
translate exit code: 0

INFO     Running search (release).
INFO     search stdin: output.sas
INFO     search time limit: 299s
INFO     search memory limit: None
INFO     search command line string: /home/bharath/Desktop/GitHub/downward/builds/release/bin/downward --search 'astar(lmcut())' --internal-plan-file /home/bharath/Desktop/ISWC_test/best_planner/random_policy_results/results/plan-elevators-instance-2.txt < output.sas
[t=0s, 10980 KB] reading input...
[t=0.00399974s, 10980 KB] done reading input!
[t=0.00399974s, 11368 KB] Initializing landmark cut heuristic...
[t=0.00399974s, 11368 KB] Building successor generator...done!
[t=0.00399974s, 11368 KB] peak memory difference for successor generator creation: 0 KB
[t=0.00399974s, 11368 KB] time for successor generation creation: 0s
[t=0.00399974s, 11368 KB] Variables: 11
[t=0.00399974s, 11368 KB] FactPairs: 86
[t=0.00399974s, 11368 KB] Bytes per state: 8
[t=0.00399974s, 11368 KB] Conducting best first search with reopening closed nodes, (real) bound = 2147483647
[t=0.00399974s, 11368 KB] New best heuristic value for lmcut(): 32
[t=0.00399974s, 11368 KB] g=0, 1 evaluated, 0 expanded
[t=0.00399974s, 11368 KB] f = 32, 1 evaluated, 0 expanded
[t=0.00399974s, 11368 KB] Initial heuristic value for lmcut(): 32
[t=0.00399974s, 11368 KB] pruning method: none
[t=0.00799896s, 11368 KB] New best heuristic value for lmcut(): 27
[t=0.00799896s, 11368 KB] g=6, 6 evaluated, 1 expanded
[t=0.00799896s, 11368 KB] New best heuristic value for lmcut(): 26
[t=0.00799896s, 11368 KB] g=8, 10 evaluated, 1 expanded
[t=0.00799896s, 11368 KB] New best heuristic value for lmcut(): 25
[t=0.00799896s, 11368 KB] g=8, 29 evaluated, 2 expanded
[t=0.0119991s, 11368 KB] New best heuristic value for lmcut(): 20
[t=0.0119991s, 11368 KB] g=15, 46 evaluated, 3 expanded
[t=0.0200016s, 11368 KB] f = 33, 109 evaluated, 6 expanded
[t=0.0200016s, 11368 KB] New best heuristic value for lmcut(): 14
[t=0.0200016s, 11368 KB] g=17, 117 evaluated, 7 expanded
[t=0.0359979s, 11368 KB] f = 34, 300 evaluated, 19 expanded
[t=0.0399989s, 11368 KB] f = 35, 338 evaluated, 22 expanded
[t=0.0599992s, 11368 KB] f = 36, 493 evaluated, 33 expanded
[t=0.0959995s, 11500 KB] f = 37, 782 evaluated, 53 expanded
[t=0.127998s, 11500 KB] f = 38, 1043 evaluated, 73 expanded
[t=0.207996s, 11636 KB] f = 39, 1898 evaluated, 138 expanded
[t=0.235995s, 11636 KB] New best heuristic value for lmcut(): 13
[t=0.235995s, 11636 KB] g=27, 2187 evaluated, 160 expanded
[t=0.319993s, 11636 KB] f = 40, 3026 evaluated, 229 expanded
[t=0.323994s, 11636 KB] New best heuristic value for lmcut(): 6
[t=0.323994s, 11636 KB] g=36, 3062 evaluated, 232 expanded
[t=0.423983s, 11760 KB] f = 41, 4137 evaluated, 319 expanded
[t=0.499969s, 11760 KB] f = 42, 4835 evaluated, 396 expanded
[t=0.579968s, 11892 KB] f = 43, 5687 evaluated, 484 expanded
[t=0.655928s, 11892 KB] f = 44, 6438 evaluated, 570 expanded
[t=0.887805s, 12160 KB] f = 45, 8778 evaluated, 804 expanded
[t=1.21576s, 12292 KB] f = 46, 12197 evaluated, 1179 expanded
[t=1.6596s, 12684 KB] f = 47, 16349 evaluated, 1669 expanded
[t=2.05527s, 12684 KB] f = 48, 19968 evaluated, 2154 expanded
[t=2.05527s, 12684 KB] New best heuristic value for lmcut(): 0
[t=2.05527s, 12684 KB] g=48, 20057 evaluated, 2164 expanded
[t=2.05928s, 12684 KB] Solution found!
[t=2.05928s, 12684 KB] Actual search time: 2.05528s
board p1 slow0-0 n3 n0 n1 (0)
move-up-slow slow0-0 n3 n4 (6)
leave p1 slow0-0 n4 n1 n0 (0)
board p1 slow1-0 n4 n0 n1 (0)
move-up-slow slow1-0 n4 n5 (6)
board p2 slow1-0 n5 n1 n2 (0)
move-down-slow slow1-0 n5 n4 (6)
leave p2 slow1-0 n4 n2 n1 (0)
board p2 slow0-0 n4 n0 n1 (0)
move-up-slow slow1-0 n4 n8 (9)
move-down-slow slow0-0 n4 n0 (9)
move-up-slow slow2-0 n10 n11 (6)
board p0 slow2-0 n11 n0 n1 (0)
move-down-slow slow2-0 n11 n10 (6)
leave p0 slow2-0 n10 n1 n0 (0)
leave p1 slow1-0 n8 n1 n0 (0)
leave p2 slow0-0 n0 n1 n0 (0)
[t=2.05928s, 12684 KB] Plan length: 17 step(s).
[t=2.05928s, 12684 KB] Plan cost: 48
[t=2.05928s, 12684 KB] Expanded 2172 state(s).
[t=2.05928s, 12684 KB] Reopened 0 state(s).
[t=2.05928s, 12684 KB] Evaluated 20200 state(s).
[t=2.05928s, 12684 KB] Evaluations: 20200
[t=2.05928s, 12684 KB] Generated 42953 state(s).
[t=2.05928s, 12684 KB] Dead ends: 0 state(s).
[t=2.05928s, 12684 KB] Expanded until last jump: 2154 state(s).
[t=2.05928s, 12684 KB] Reopened until last jump: 0 state(s).
[t=2.05928s, 12684 KB] Evaluated until last jump: 19968 state(s).
[t=2.05928s, 12684 KB] Generated until last jump: 42606 state(s).
[t=2.05928s, 12684 KB] Number of registered states: 20200
[t=2.05928s, 12684 KB] Int hash set load factor: 20200/32768 = 0.616455
[t=2.05928s, 12684 KB] Int hash set resizes: 15
[t=2.05928s, 12684 KB] Search time: 2.05528s
[t=2.05928s, 12684 KB] Total time: 2.05928s
Solution found.
Peak memory: 12684 KB
Remove intermediate file output.sas
search exit code: 0

INFO     Planner time: 2.38s
