INFO     planner time limit: 300s
INFO     planner memory limit: None

INFO     Running translator.
INFO     translator stdin: None
INFO     translator time limit: 299s
INFO     translator memory limit: None
INFO     translator command line string: /usr/bin/python3 /home/bharath/Desktop/GitHub/downward/builds/release/bin/translate/translate.py /home/bharath/Desktop/ISWC_test/best_planner/data/parking/domain.pddl /home/bharath/Desktop/ISWC_test/best_planner/data/parking/instance-1.pddl --sas-file output.sas
Parsing...
Parsing: [0.010s CPU, 0.004s wall-clock]
Normalizing task... [0.000s CPU, 0.000s wall-clock]
Instantiating...
Generating Datalog program... [0.000s CPU, 0.001s wall-clock]
Normalizing Datalog program...
Normalizing Datalog program: [0.000s CPU, 0.003s wall-clock]
Preparing model... [0.000s CPU, 0.002s wall-clock]
Generated 32 rules.
Computing model... [0.060s CPU, 0.065s wall-clock]
4649 relevant atoms
1022 auxiliary atoms
5671 final queue length
15110 total queue pushes
Completing instantiation... [0.210s CPU, 0.203s wall-clock]
Instantiating: [0.270s CPU, 0.276s wall-clock]
Computing fact groups...
Finding invariants...
12 initial candidates
Finding invariants: [0.020s CPU, 0.012s wall-clock]
Checking invariant weight... [0.000s CPU, 0.001s wall-clock]
Instantiating groups... [0.000s CPU, 0.001s wall-clock]
Collecting mutex groups... [0.000s CPU, 0.000s wall-clock]
Choosing groups...
31 uncovered facts
Choosing groups: [0.000s CPU, 0.001s wall-clock]
Building translation key... [0.000s CPU, 0.000s wall-clock]
Computing fact groups: [0.020s CPU, 0.016s wall-clock]
Building STRIPS to SAS dictionary... [0.000s CPU, 0.000s wall-clock]
Building dictionary for full mutex groups... [0.000s CPU, 0.000s wall-clock]
Building mutex information...
Building mutex information: [0.000s CPU, 0.000s wall-clock]
Translating task...
Processing axioms...
Simplifying axioms... [0.000s CPU, 0.000s wall-clock]
Translator axioms removed by simplifying: 0
Computing negative axioms... [0.000s CPU, 0.000s wall-clock]
Processing axioms: [0.010s CPU, 0.010s wall-clock]
Translating task: [0.240s CPU, 0.243s wall-clock]
4896 effect conditions simplified
0 implied preconditions added
Detecting unreachable propositions...
0 operators removed
0 axioms removed
12 propositions removed
Detecting unreachable propositions: [0.100s CPU, 0.094s wall-clock]
Reordering and filtering variables...
43 of 43 variables necessary.
19 of 31 mutex groups necessary.
3888 of 3888 operators necessary.
0 of 0 axiom rules necessary.
Reordering and filtering variables: [0.040s CPU, 0.043s wall-clock]
Translator variables: 43
Translator derived variables: 0
Translator facts: 290
Translator goal facts: 12
Translator mutex groups: 19
Translator total mutex groups size: 247
Translator operators: 3888
Translator axioms: 0
Translator task size: 31984
Translator peak memory: 54308 KB
Writing output... [0.040s CPU, 0.045s wall-clock]
Done! [0.730s CPU, 0.732s wall-clock]
translate exit code: 0

INFO     Running search (release).
INFO     search stdin: output.sas
INFO     search time limit: 299s
INFO     search memory limit: None
INFO     search command line string: /home/bharath/Desktop/GitHub/downward/builds/release/bin/downward --search 'let(lmc,landmark_cost_partitioning(lm_merged([lm_rhw(),lm_hm(m=1)])),astar(lmc,lazy_evaluator=lmc))' --internal-plan-file /home/bharath/Desktop/ISWC_test/best_planner/random_policy_results/results/plan-parking-instance-1.txt < output.sas
[t=0.00306873s, 10980 KB] reading input...
[t=0.0470492s, 12396 KB] done reading input!
[t=0.0510518s, 12792 KB] Initializing landmark cost partitioning heuristic...
[t=0.0510518s, 12792 KB] Generating landmark graph...
[t=0.0510518s, 12792 KB] Merging 2 landmark graphs
[t=0.0510518s, 12792 KB] Initializing Exploration...
[t=0.0550514s, 13640 KB] Generating landmarks using the RPG/SAS+ approach
[t=0.126814s, 14300 KB] Removed 0 reasonable or obedient reasonable orders
[t=0.126814s, 14300 KB] Landmarks generation time: 0.0757619s
[t=0.126814s, 14300 KB] Discovered 48 landmarks, of which 0 are disjunctive and 0 are conjunctive.
[t=0.126814s, 14300 KB] 58 edges
[t=0.126814s, 14300 KB] h^m landmarks m=1
[t=0.126814s, 14300 KB] Using 290 P^m fluents.
[t=0.142813s, 15100 KB] h^m landmarks computed.
[t=0.142813s, 15100 KB] Calculating achievers.
[t=0.146813s, 15100 KB] Removed 0 reasonable or obedient reasonable orders
[t=0.146813s, 15100 KB] Landmarks generation time: 0.0199988s
[t=0.146813s, 15100 KB] Discovered 37 landmarks, of which 0 are disjunctive and 0 are conjunctive.
[t=0.146813s, 15100 KB] 75 edges
[t=0.146813s, 15100 KB] Adding simple landmarks
[t=0.146813s, 15100 KB] Adding disjunctive landmarks
[t=0.146813s, 15100 KB] Adding orderings
[t=0.146813s, 15100 KB] Removed 0 reasonable or obedient reasonable orders
[t=0.146813s, 15100 KB] Landmarks generation time: 0.0957607s
[t=0.146813s, 15100 KB] Discovered 48 landmarks, of which 0 are disjunctive and 0 are conjunctive.
[t=0.146813s, 15100 KB] 86 edges
[t=0.146813s, 15100 KB] Landmark graph generation time: 0.0957607s
[t=0.146813s, 15100 KB] Landmark graph contains 48 landmarks, of which 0 are disjunctive and 0 are conjunctive.
[t=0.146813s, 15100 KB] Landmark graph contains 86 orderings.
[t=0.146813s, 15100 KB] Building successor generator...done!
[t=0.150814s, 15100 KB] peak memory difference for successor generator creation: 0 KB
[t=0.150814s, 15100 KB] time for successor generation creation: 0.00400168s
[t=0.150814s, 15100 KB] Variables: 43
[t=0.150814s, 15100 KB] FactPairs: 290
[t=0.150814s, 15100 KB] Bytes per state: 12
[t=0.150814s, 15100 KB] Conducting best first search with reopening closed nodes, (real) bound = 2147483647
[t=0.150814s, 15100 KB] 29 initial landmarks, 12 goal landmarks
[t=0.150814s, 15100 KB] New best heuristic value for landmark_cost_partitioning(lm_merged([lm_rhw(),lm_hm(m=1)])): 9
[t=0.150814s, 15100 KB] g=0, 1 evaluated, 0 expanded
[t=0.150814s, 15100 KB] f = 9, 1 evaluated, 0 expanded
[t=0.150814s, 15100 KB] Initial heuristic value for landmark_cost_partitioning(lm_merged([lm_rhw(),lm_hm(m=1)])): 9
[t=0.150814s, 15100 KB] pruning method: none
[t=0.150814s, 15100 KB] f = 10, 15 evaluated, 1 expanded
[t=0.150814s, 15100 KB] New best heuristic value for landmark_cost_partitioning(lm_merged([lm_rhw(),lm_hm(m=1)])): 8
[t=0.150814s, 15100 KB] g=2, 66 evaluated, 6 expanded
[t=0.150814s, 15100 KB] f = 11, 117 evaluated, 11 expanded
[t=0.150814s, 15100 KB] New best heuristic value for landmark_cost_partitioning(lm_merged([lm_rhw(),lm_hm(m=1)])): 7
[t=0.150814s, 15100 KB] g=4, 119 evaluated, 12 expanded
[t=0.154812s, 15100 KB] New best heuristic value for landmark_cost_partitioning(lm_merged([lm_rhw(),lm_hm(m=1)])): 6
[t=0.154812s, 15100 KB] g=5, 142 evaluated, 14 expanded
[t=0.154812s, 15100 KB] New best heuristic value for landmark_cost_partitioning(lm_merged([lm_rhw(),lm_hm(m=1)])): 5
[t=0.154812s, 15100 KB] g=6, 202 evaluated, 20 expanded
[t=0.154812s, 15100 KB] New best heuristic value for landmark_cost_partitioning(lm_merged([lm_rhw(),lm_hm(m=1)])): 4
[t=0.154812s, 15100 KB] g=7, 213 evaluated, 21 expanded
[t=0.190814s, 15100 KB] f = 12, 1476 evaluated, 154 expanded
[t=0.218812s, 15100 KB] New best heuristic value for landmark_cost_partitioning(lm_merged([lm_rhw(),lm_hm(m=1)])): 3
[t=0.218812s, 15100 KB] g=9, 2183 evaluated, 219 expanded
[t=0.810154s, 15100 KB] f = 13, 23013 evaluated, 2351 expanded
[t=0.810154s, 15100 KB] New best heuristic value for landmark_cost_partitioning(lm_merged([lm_rhw(),lm_hm(m=1)])): 2
[t=0.810154s, 15100 KB] g=11, 23040 evaluated, 2353 expanded
[t=6.92946s, 24536 KB] f = 14, 211209 evaluated, 23370 expanded, 1 reopened
[t=6.92946s, 24536 KB] New best heuristic value for landmark_cost_partitioning(lm_merged([lm_rhw(),lm_hm(m=1)])): 1
[t=6.92946s, 24536 KB] g=13, 211254 evaluated, 23375 expanded, 1 reopened
[t=6.92946s, 24536 KB] New best heuristic value for landmark_cost_partitioning(lm_merged([lm_rhw(),lm_hm(m=1)])): 0
[t=6.92946s, 24536 KB] g=14, 211260 evaluated, 23376 expanded, 1 reopened
[t=6.92946s, 24536 KB] Solution found!
[t=6.92946s, 24536 KB] Actual search time: 6.77864s
move-car-to-car car_07 car_00 car_06 (1)
move-curb-to-car car_00 curb_2 car_11 (1)
move-car-to-curb car_02 car_09 curb_2 (1)
move-curb-to-car car_09 curb_4 car_02 (1)
move-car-to-curb car_04 car_08 curb_4 (1)
move-car-to-car car_00 car_11 car_08 (1)
move-curb-to-car car_11 curb_5 car_04 (1)
move-car-to-curb car_05 car_01 curb_5 (1)
move-curb-to-car car_01 curb_0 car_05 (1)
move-car-to-curb car_00 car_08 curb_0 (1)
move-car-to-car car_07 car_06 car_00 (1)
move-curb-to-car car_08 curb_1 car_06 (1)
move-car-to-curb car_01 car_05 curb_1 (1)
move-car-to-car car_08 car_06 car_01 (1)
[t=6.92946s, 24536 KB] Plan length: 14 step(s).
[t=6.92946s, 24536 KB] Plan cost: 14
[t=6.92946s, 24536 KB] Expanded 23377 state(s).
[t=6.92946s, 24536 KB] Reopened 1 state(s).
[t=6.92946s, 24536 KB] Evaluated 211269 state(s).
[t=6.92946s, 24536 KB] Evaluations: 234976
[t=6.92946s, 24536 KB] Generated 361012 state(s).
[t=6.92946s, 24536 KB] Dead ends: 0 state(s).
[t=6.92946s, 24536 KB] Expanded until last jump: 23370 state(s).
[t=6.92946s, 24536 KB] Reopened until last jump: 1 state(s).
[t=6.92946s, 24536 KB] Evaluated until last jump: 211209 state(s).
[t=6.92946s, 24536 KB] Generated until last jump: 360924 state(s).
[t=6.92946s, 24536 KB] Number of registered states: 211269
[t=6.92946s, 24536 KB] Int hash set load factor: 211269/262144 = 0.805927
[t=6.92946s, 24536 KB] Int hash set resizes: 18
[t=6.92946s, 24536 KB] Search time: 6.77864s
[t=6.92946s, 24536 KB] Total time: 6.92946s
Solution found.
Peak memory: 24536 KB
Remove intermediate file output.sas
search exit code: 0

INFO     Planner time: 7.82s
