INFO     planner time limit: 300s
INFO     planner memory limit: None

INFO     Running translator.
INFO     translator stdin: None
INFO     translator time limit: 299s
INFO     translator memory limit: None
INFO     translator command line string: /usr/bin/python3 /home/bharath/Desktop/GitHub/downward/builds/release/bin/translate/translate.py /home/bharath/Desktop/ISWC_test/best_planner/data/parcprinter/domain-2.pddl /home/bharath/Desktop/ISWC_test/best_planner/data/parcprinter/instance-2.pddl --sas-file output.sas
Parsing...
Parsing: [0.010s CPU, 0.008s wall-clock]
Normalizing task... [0.000s CPU, 0.000s wall-clock]
Instantiating...
Generating Datalog program... [0.000s CPU, 0.001s wall-clock]
Normalizing Datalog program...
Normalizing Datalog program: [0.010s CPU, 0.009s wall-clock]
Preparing model... [0.010s CPU, 0.006s wall-clock]
Generated 212 rules.
Computing model... [0.000s CPU, 0.004s wall-clock]
266 relevant atoms
272 auxiliary atoms
538 final queue length
620 total queue pushes
Completing instantiation... [0.000s CPU, 0.003s wall-clock]
Instantiating: [0.020s CPU, 0.023s wall-clock]
Computing fact groups...
Finding invariants...
20 initial candidates
Finding invariants: [0.010s CPU, 0.005s wall-clock]
Checking invariant weight... [0.000s CPU, 0.000s wall-clock]
Instantiating groups... [0.000s CPU, 0.000s wall-clock]
Collecting mutex groups... [0.000s CPU, 0.000s wall-clock]
Choosing groups...
39 uncovered facts
Choosing groups: [0.000s CPU, 0.000s wall-clock]
Building translation key... [0.000s CPU, 0.000s wall-clock]
Computing fact groups: [0.010s CPU, 0.006s wall-clock]
Building STRIPS to SAS dictionary... [0.000s CPU, 0.000s wall-clock]
Building dictionary for full mutex groups... [0.000s CPU, 0.000s wall-clock]
Building mutex information...
Building mutex information: [0.000s CPU, 0.000s wall-clock]
Translating task...
Processing axioms...
Simplifying axioms... [0.000s CPU, 0.000s wall-clock]
Translator axioms removed by simplifying: 0
Computing negative axioms... [0.000s CPU, 0.000s wall-clock]
Processing axioms: [0.000s CPU, 0.000s wall-clock]
Translating task: [0.000s CPU, 0.003s wall-clock]
21 effect conditions simplified
0 implied preconditions added
Detecting unreachable propositions...
0 operators removed
0 axioms removed
4 propositions removed
Detecting unreachable propositions: [0.000s CPU, 0.001s wall-clock]
Reordering and filtering variables...
32 of 40 variables necessary.
0 of 2 mutex groups necessary.
53 of 53 operators necessary.
0 of 0 axiom rules necessary.
Reordering and filtering variables: [0.000s CPU, 0.001s wall-clock]
Translator variables: 32
Translator derived variables: 0
Translator facts: 96
Translator goal facts: 12
Translator mutex groups: 0
Translator total mutex groups size: 0
Translator operators: 53
Translator axioms: 0
Translator task size: 432
Translator peak memory: 35184 KB
Writing output... [0.000s CPU, 0.001s wall-clock]
Done! [0.040s CPU, 0.045s wall-clock]
translate exit code: 0

INFO     Running search (release).
INFO     search stdin: output.sas
INFO     search time limit: 299s
INFO     search memory limit: None
INFO     search command line string: /home/bharath/Desktop/GitHub/downward/builds/release/bin/downward --search 'astar(lmcut())' --internal-plan-file /home/bharath/Desktop/ISWC_test/best_planner/random_policy_results/results/plan-parcprinter-instance-2.txt < output.sas
[t=0.00312886s, 10980 KB] reading input...
[t=0.00312886s, 10980 KB] done reading input!
[t=0.00312886s, 11236 KB] Initializing landmark cut heuristic...
[t=0.00312886s, 11236 KB] Building successor generator...done!
[t=0.00312886s, 11236 KB] peak memory difference for successor generator creation: 0 KB
[t=0.00312886s, 11236 KB] time for successor generation creation: 0s
[t=0.00312886s, 11236 KB] Variables: 32
[t=0.00312886s, 11236 KB] FactPairs: 96
[t=0.00312886s, 11236 KB] Bytes per state: 8
[t=0.00312886s, 11236 KB] Conducting best first search with reopening closed nodes, (real) bound = 2147483647
[t=0.00312886s, 11236 KB] New best heuristic value for lmcut(): 438047
[t=0.00312886s, 11236 KB] g=0, 1 evaluated, 0 expanded
[t=0.00712732s, 11236 KB] f = 438047, 1 evaluated, 0 expanded
[t=0.00712732s, 11236 KB] Initial heuristic value for lmcut(): 438047
[t=0.00712732s, 11236 KB] pruning method: none
[t=0.00712732s, 11236 KB] New best heuristic value for lmcut(): 430047
[t=0.00712732s, 11236 KB] g=8000, 4 evaluated, 2 expanded
[t=0.00712732s, 11236 KB] New best heuristic value for lmcut(): 427048
[t=0.00712732s, 11236 KB] g=10999, 7 evaluated, 3 expanded
[t=0.00712732s, 11236 KB] New best heuristic value for lmcut(): 422047
[t=0.00712732s, 11236 KB] g=16000, 9 evaluated, 3 expanded
[t=0.00712732s, 11236 KB] New best heuristic value for lmcut(): 419048
[t=0.00712732s, 11236 KB] g=18999, 10 evaluated, 4 expanded
[t=0.00712732s, 11236 KB] New best heuristic value for lmcut(): 411048
[t=0.00712732s, 11236 KB] g=26999, 12 evaluated, 5 expanded
[t=0.00712732s, 11236 KB] New best heuristic value for lmcut(): 187008
[t=0.00712732s, 11236 KB] g=251039, 14 evaluated, 6 expanded
[t=0.00712732s, 11236 KB] New best heuristic value for lmcut(): 179008
[t=0.00712732s, 11236 KB] g=259039, 17 evaluated, 7 expanded
[t=0.00712732s, 11236 KB] New best heuristic value for lmcut(): 169009
[t=0.00712732s, 11236 KB] g=269038, 19 evaluated, 8 expanded
[t=0.00712732s, 11236 KB] New best heuristic value for lmcut(): 167009
[t=0.00712732s, 11236 KB] g=271038, 22 evaluated, 9 expanded
[t=0.00712732s, 11236 KB] New best heuristic value for lmcut(): 53996
[t=0.00712732s, 11236 KB] g=384051, 24 evaluated, 10 expanded
[t=0.00712732s, 11236 KB] New best heuristic value for lmcut(): 51996
[t=0.00712732s, 11236 KB] g=386051, 27 evaluated, 11 expanded
[t=0.00712732s, 11236 KB] New best heuristic value for lmcut(): 49996
[t=0.00712732s, 11236 KB] g=388051, 29 evaluated, 12 expanded
[t=0.00712732s, 11236 KB] New best heuristic value for lmcut(): 31997
[t=0.00712732s, 11236 KB] g=406050, 30 evaluated, 13 expanded
[t=0.00712732s, 11236 KB] New best heuristic value for lmcut(): 28998
[t=0.00712732s, 11236 KB] g=409049, 34 evaluated, 14 expanded
[t=0.00712732s, 11236 KB] New best heuristic value for lmcut(): 18999
[t=0.00712732s, 11236 KB] g=419048, 35 evaluated, 15 expanded
[t=0.00712732s, 11236 KB] New best heuristic value for lmcut(): 16000
[t=0.00712732s, 11236 KB] g=422047, 37 evaluated, 16 expanded
[t=0.00712732s, 11236 KB] New best heuristic value for lmcut(): 8000
[t=0.00712732s, 11236 KB] g=430047, 40 evaluated, 17 expanded
[t=0.00712732s, 11236 KB] New best heuristic value for lmcut(): 0
[t=0.00712732s, 11236 KB] g=438047, 42 evaluated, 18 expanded
[t=0.00712732s, 11236 KB] Solution found!
[t=0.0111286s, 11236 KB] Actual search time: 0.00400128s
initialize  (0)
colorfeeder-feed-letter sheet2 (8000)
blackfeeder-feed-letter sheet1 (8000)
down-movebottom-letter sheet2 (2999)
colorcontainer-toime-letter sheet2 (8000)
colorprinter-simplex-letter sheet2 front image-2 (224040)
colorcontainer-fromime-letter sheet2 (8000)
up-moveup-letter sheet2 (9999)
blackcontainer-toime-letter sheet1 (2000)
blackprinter-simplex-letter sheet1 front image-1 (113013)
blackcontainer-fromime-letter sheet1 (2000)
endcap-move-letter sheet1 (2000)
htmoverblack-move-letter sheet1 (17999)
down-movetop-letter sheet1 (2999)
htmovercolor-move-letter sheet1 (9999)
up-movetop-letter sheet1 (2999)
finisher1-stack-letter sheet1 dummy-sheet (8000)
finisher1-stack-letter sheet2 sheet1 (8000)
[t=0.0111286s, 11236 KB] Plan length: 18 step(s).
[t=0.0111286s, 11236 KB] Plan cost: 438047
[t=0.0111286s, 11236 KB] Expanded 19 state(s).
[t=0.0111286s, 11236 KB] Reopened 0 state(s).
[t=0.0111286s, 11236 KB] Evaluated 43 state(s).
[t=0.0111286s, 11236 KB] Evaluations: 43
[t=0.0111286s, 11236 KB] Generated 42 state(s).
[t=0.0111286s, 11236 KB] Dead ends: 13 state(s).
[t=0.0111286s, 11236 KB] Expanded until last jump: 0 state(s).
[t=0.0111286s, 11236 KB] Reopened until last jump: 0 state(s).
[t=0.0111286s, 11236 KB] Evaluated until last jump: 1 state(s).
[t=0.0111286s, 11236 KB] Generated until last jump: 0 state(s).
[t=0.0111286s, 11236 KB] Number of registered states: 43
[t=0.0111286s, 11236 KB] Int hash set load factor: 43/64 = 0.671875
[t=0.0111286s, 11236 KB] Int hash set resizes: 6
[t=0.0111286s, 11236 KB] Search time: 0.00799974s
[t=0.0111286s, 11236 KB] Total time: 0.0111286s
Solution found.
Peak memory: 11236 KB
Remove intermediate file output.sas
search exit code: 0

INFO     Planner time: 0.23s
