INFO     planner time limit: 300s
INFO     planner memory limit: None

INFO     Running translator.
INFO     translator stdin: None
INFO     translator time limit: 299s
INFO     translator memory limit: None
INFO     translator command line string: /usr/bin/python3 /home/bharath/Desktop/GitHub/downward/builds/release/bin/translate/translate.py /home/bharath/Desktop/ISWC_test/best_planner/data/pegsol/domain.pddl /home/bharath/Desktop/ISWC_test/best_planner/data/pegsol/instance-2.pddl --sas-file output.sas
Parsing...
Parsing: [0.000s CPU, 0.005s wall-clock]
Normalizing task... [0.010s CPU, 0.000s wall-clock]
Instantiating...
Generating Datalog program... [0.000s CPU, 0.001s wall-clock]
Normalizing Datalog program...
Normalizing Datalog program: [0.010s CPU, 0.002s wall-clock]
Preparing model... [0.000s CPU, 0.003s wall-clock]
Generated 25 rules.
Computing model... [0.020s CPU, 0.020s wall-clock]
461 relevant atoms
611 auxiliary atoms
1072 final queue length
1647 total queue pushes
Completing instantiation... [0.010s CPU, 0.014s wall-clock]
Instantiating: [0.040s CPU, 0.041s wall-clock]
Computing fact groups...
Finding invariants...
7 initial candidates
Finding invariants: [0.010s CPU, 0.004s wall-clock]
Checking invariant weight... [0.000s CPU, 0.000s wall-clock]
Instantiating groups... [0.000s CPU, 0.000s wall-clock]
Collecting mutex groups... [0.000s CPU, 0.000s wall-clock]
Choosing groups...
0 uncovered facts
Choosing groups: [0.000s CPU, 0.000s wall-clock]
Building translation key... [0.000s CPU, 0.000s wall-clock]
Computing fact groups: [0.010s CPU, 0.005s wall-clock]
Building STRIPS to SAS dictionary... [0.000s CPU, 0.000s wall-clock]
Building dictionary for full mutex groups... [0.000s CPU, 0.000s wall-clock]
Building mutex information...
Building mutex information: [0.000s CPU, 0.000s wall-clock]
Translating task...
Processing axioms...
Simplifying axioms... [0.000s CPU, 0.000s wall-clock]
Translator axioms removed by simplifying: 0
Computing negative axioms... [0.000s CPU, 0.000s wall-clock]
Processing axioms: [0.000s CPU, 0.001s wall-clock]
Translating task: [0.010s CPU, 0.009s wall-clock]
0 effect conditions simplified
0 implied preconditions added
Detecting unreachable propositions...
0 operators removed
0 axioms removed
34 propositions removed
Detecting unreachable propositions: [0.000s CPU, 0.005s wall-clock]
Reordering and filtering variables...
34 of 34 variables necessary.
0 of 34 mutex groups necessary.
185 of 185 operators necessary.
0 of 0 axiom rules necessary.
Reordering and filtering variables: [0.010s CPU, 0.003s wall-clock]
Translator variables: 34
Translator derived variables: 0
Translator facts: 100
Translator goal facts: 33
Translator mutex groups: 0
Translator total mutex groups size: 0
Translator operators: 185
Translator axioms: 0
Translator task size: 1634
Translator peak memory: 35196 KB
Writing output... [0.000s CPU, 0.003s wall-clock]
Done! [0.080s CPU, 0.073s wall-clock]
translate exit code: 0

INFO     Running search (release).
INFO     search stdin: output.sas
INFO     search time limit: 299s
INFO     search memory limit: None
INFO     search command line string: /home/bharath/Desktop/GitHub/downward/builds/release/bin/downward --search 'let(lmc,landmark_cost_partitioning(lm_merged([lm_rhw(),lm_hm(m=1)])),astar(lmc,lazy_evaluator=lmc))' --internal-plan-file /home/bharath/Desktop/ISWC_test/best_planner/random_policy_results/results/plan-pegsol-instance-2.txt < output.sas
[t=0s, 10980 KB] reading input...
[t=0.00399854s, 10980 KB] done reading input!
[t=0.00399854s, 11368 KB] Initializing landmark cost partitioning heuristic...
[t=0.00399854s, 11368 KB] Generating landmark graph...
[t=0.00799977s, 11368 KB] Merging 2 landmark graphs
[t=0.00799977s, 11368 KB] Initializing Exploration...
[t=0.00799977s, 11368 KB] Generating landmarks using the RPG/SAS+ approach
[t=0.0119988s, 11368 KB] Removed 0 reasonable or obedient reasonable orders
[t=0.0119988s, 11368 KB] Landmarks generation time: 0.00399907s
[t=0.0119988s, 11368 KB] Discovered 51 landmarks, of which 0 are disjunctive and 0 are conjunctive.
[t=0.0119988s, 11368 KB] 18 edges
[t=0.0119988s, 11368 KB] h^m landmarks m=1
[t=0.0119988s, 11368 KB] Using 100 P^m fluents.
[t=0.0119988s, 11368 KB] h^m landmarks computed.
[t=0.0119988s, 11368 KB] Calculating achievers.
[t=0.016002s, 11368 KB] Removed 0 reasonable or obedient reasonable orders
[t=0.016002s, 11368 KB] Landmarks generation time: 0.00400313s
[t=0.016002s, 11368 KB] Discovered 51 landmarks, of which 0 are disjunctive and 0 are conjunctive.
[t=0.016002s, 11368 KB] 34 edges
[t=0.016002s, 11368 KB] Adding simple landmarks
[t=0.016002s, 11368 KB] Adding disjunctive landmarks
[t=0.016002s, 11368 KB] Adding orderings
[t=0.016002s, 11368 KB] Removed 0 reasonable or obedient reasonable orders
[t=0.016002s, 11368 KB] Landmarks generation time: 0.0080022s
[t=0.016002s, 11368 KB] Discovered 51 landmarks, of which 0 are disjunctive and 0 are conjunctive.
[t=0.016002s, 11368 KB] 34 edges
[t=0.016002s, 11368 KB] Landmark graph generation time: 0.0120034s
[t=0.016002s, 11368 KB] Landmark graph contains 51 landmarks, of which 0 are disjunctive and 0 are conjunctive.
[t=0.016002s, 11368 KB] Landmark graph contains 34 orderings.
[t=0.016002s, 11368 KB] Building successor generator...done!
[t=0.016002s, 11368 KB] peak memory difference for successor generator creation: 0 KB
[t=0.016002s, 11368 KB] time for successor generation creation: 0s
[t=0.016002s, 11368 KB] Variables: 34
[t=0.016002s, 11368 KB] FactPairs: 100
[t=0.016002s, 11368 KB] Bytes per state: 8
[t=0.016002s, 11368 KB] Conducting best first search with reopening closed nodes, (real) bound = 2147483647
[t=0.016002s, 11368 KB] 34 initial landmarks, 33 goal landmarks
[t=0.016002s, 11368 KB] New best heuristic value for landmark_cost_partitioning(lm_merged([lm_rhw(),lm_hm(m=1)])): 1
[t=0.016002s, 11368 KB] g=0, 1 evaluated, 0 expanded
[t=0.016002s, 11368 KB] f = 1, 1 evaluated, 0 expanded
[t=0.016002s, 11368 KB] Initial heuristic value for landmark_cost_partitioning(lm_merged([lm_rhw(),lm_hm(m=1)])): 1
[t=0.016002s, 11368 KB] pruning method: none
[t=0.016002s, 11368 KB] New best heuristic value for landmark_cost_partitioning(lm_merged([lm_rhw(),lm_hm(m=1)])): 0
[t=0.016002s, 11368 KB] g=1, 3 evaluated, 1 expanded
[t=0.016002s, 11368 KB] f = 2, 45 evaluated, 9 expanded
[t=0.0320002s, 11500 KB] f = 3, 1197 evaluated, 345 expanded
[t=0.112005s, 11936 KB] f = 4, 9975 evaluated, 3969 expanded, 8 reopened
[t=0.455887s, 13408 KB] f = 5, 43432 evaluated, 23587 expanded, 96 reopened
[t=1.16382s, 16356 KB] f = 6, 112593 evaluated, 77747 expanded, 412 reopened
[t=1.92378s, 20488 KB] f = 7, 197630 evaluated, 160790 expanded, 1084 reopened
[t=2.54774s, 25268 KB] f = 8, 261040 evaluated, 239082 expanded, 1716 reopened
[t=2.84774s, 25796 KB] f = 9, 290286 evaluated, 281898 expanded, 2028 reopened
[t=2.95571s, 26068 KB] f = 10, 299989 evaluated, 298996 expanded, 2144 reopened
[t=2.95571s, 26204 KB] Solution found!
[t=2.95571s, 26204 KB] Actual search time: 2.94371s
jump-new-move pos-3-2 pos-2-2 pos-1-2 (1)
end-move pos-1-2 (0)
jump-new-move pos-3-0 pos-3-1 pos-3-2 (1)
end-move pos-3-2 (0)
jump-new-move pos-3-5 pos-3-4 pos-3-3 (1)
jump-continue-move pos-3-3 pos-3-2 pos-3-1 (0)
end-move pos-3-1 (0)
jump-new-move pos-2-3 pos-2-4 pos-2-5 (1)
end-move pos-2-5 (0)
jump-new-move pos-0-3 pos-1-3 pos-2-3 (1)
end-move pos-2-3 (0)
jump-new-move pos-4-3 pos-4-4 pos-4-5 (1)
end-move pos-4-5 (0)
jump-new-move pos-6-3 pos-5-3 pos-4-3 (1)
end-move pos-4-3 (0)
jump-new-move pos-4-2 pos-4-3 pos-4-4 (1)
jump-continue-move pos-4-4 pos-4-5 pos-4-6 (0)
jump-continue-move pos-4-6 pos-3-6 pos-2-6 (0)
jump-continue-move pos-2-6 pos-2-5 pos-2-4 (0)
jump-continue-move pos-2-4 pos-2-3 pos-2-2 (0)
end-move pos-2-2 (0)
jump-new-move pos-1-2 pos-2-2 pos-3-2 (1)
end-move pos-3-2 (0)
jump-new-move pos-3-1 pos-3-2 pos-3-3 (1)
[t=2.95971s, 26204 KB] Plan length: 24 step(s).
[t=2.95971s, 26204 KB] Plan cost: 10
[t=2.95971s, 26204 KB] Expanded 299253 state(s).
[t=2.95971s, 26204 KB] Reopened 2144 state(s).
[t=2.95971s, 26204 KB] Evaluated 300041 state(s).
[t=2.95971s, 26204 KB] Evaluations: 457717
[t=2.95971s, 26204 KB] Generated 603659 state(s).
[t=2.95971s, 26204 KB] Dead ends: 0 state(s).
[t=2.95971s, 26204 KB] Expanded until last jump: 298996 state(s).
[t=2.95971s, 26204 KB] Reopened until last jump: 2144 state(s).
[t=2.95971s, 26204 KB] Evaluated until last jump: 299989 state(s).
[t=2.95971s, 26204 KB] Generated until last jump: 603283 state(s).
[t=2.95971s, 26204 KB] Number of registered states: 300041
[t=2.95971s, 26204 KB] Int hash set load factor: 300041/524288 = 0.572283
[t=2.95971s, 26204 KB] Int hash set resizes: 19
[t=2.95971s, 26204 KB] Search time: 2.94371s
[t=2.95971s, 26204 KB] Total time: 2.95971s
Solution found.
Peak memory: 26204 KB
Remove intermediate file output.sas
search exit code: 0

INFO     Planner time: 3.19s
