INFO     planner time limit: 300s
INFO     planner memory limit: None

INFO     Running translator.
INFO     translator stdin: None
INFO     translator time limit: 299s
INFO     translator memory limit: None
INFO     translator command line string: /usr/bin/python3 /home/bharath/Desktop/GitHub/downward/builds/release/bin/translate/translate.py /home/bharath/Desktop/ISWC_test/best_planner/data/sokoban/domain.pddl /home/bharath/Desktop/ISWC_test/best_planner/data/sokoban/instance-3.pddl --sas-file output.sas
Parsing...
Parsing: [0.010s CPU, 0.007s wall-clock]
Normalizing task... [0.000s CPU, 0.000s wall-clock]
Instantiating...
Generating Datalog program... [0.000s CPU, 0.002s wall-clock]
Normalizing Datalog program...
Normalizing Datalog program: [0.000s CPU, 0.005s wall-clock]
Preparing model... [0.010s CPU, 0.004s wall-clock]
Generated 38 rules.
Computing model... [0.020s CPU, 0.022s wall-clock]
771 relevant atoms
1204 auxiliary atoms
1975 final queue length
2422 total queue pushes
Completing instantiation... [0.020s CPU, 0.018s wall-clock]
Instantiating: [0.050s CPU, 0.053s wall-clock]
Computing fact groups...
Finding invariants...
7 initial candidates
Finding invariants: [0.010s CPU, 0.010s wall-clock]
Checking invariant weight... [0.000s CPU, 0.001s wall-clock]
Instantiating groups... [0.000s CPU, 0.004s wall-clock]
Collecting mutex groups... [0.000s CPU, 0.000s wall-clock]
Choosing groups...
38 uncovered facts
Choosing groups: [0.010s CPU, 0.001s wall-clock]
Building translation key... [0.000s CPU, 0.000s wall-clock]
Computing fact groups: [0.020s CPU, 0.018s wall-clock]
Building STRIPS to SAS dictionary... [0.000s CPU, 0.000s wall-clock]
Building dictionary for full mutex groups... [0.000s CPU, 0.000s wall-clock]
Building mutex information...
Building mutex information: [0.000s CPU, 0.000s wall-clock]
Translating task...
Processing axioms...
Simplifying axioms... [0.000s CPU, 0.000s wall-clock]
Translator axioms removed by simplifying: 0
Computing negative axioms... [0.000s CPU, 0.000s wall-clock]
Processing axioms: [0.000s CPU, 0.001s wall-clock]
Translating task: [0.010s CPU, 0.017s wall-clock]
324 effect conditions simplified
0 implied preconditions added
Detecting unreachable propositions...
0 operators removed
0 axioms removed
14 propositions removed
Detecting unreachable propositions: [0.010s CPU, 0.006s wall-clock]
Reordering and filtering variables...
37 of 37 variables necessary.
30 of 34 mutex groups necessary.
210 of 210 operators necessary.
0 of 0 axiom rules necessary.
Reordering and filtering variables: [0.000s CPU, 0.004s wall-clock]
Translator variables: 37
Translator derived variables: 0
Translator facts: 186
Translator goal facts: 3
Translator mutex groups: 30
Translator total mutex groups size: 150
Translator operators: 210
Translator axioms: 0
Translator task size: 2032
Translator peak memory: 35364 KB
Writing output... [0.010s CPU, 0.004s wall-clock]
Done! [0.110s CPU, 0.111s wall-clock]
translate exit code: 0

INFO     Running search (release).
INFO     search portfolio: /home/bharath/Desktop/GitHub/downward/driver/portfolios/seq_opt_merge_and_shrink.py
remaining time: 299.0
config 0: relative time 800, remaining 1800
args: ['/home/bharath/Desktop/GitHub/downward/builds/release/bin/downward', '--search', 'astar(merge_and_shrink(merge_strategy=merge_precomputed(merge_tree=linear(variable_order=reverse_level)),shrink_strategy=shrink_bisimulation(greedy=true),label_reduction=exact(before_shrinking=true,before_merging=false),max_states=infinity,threshold_before_merge=1))', '--internal-plan-file', '/home/bharath/Desktop/ISWC_test/best_planner/random_policy_results/results/plan-sokoban-instance-3.txt']
INFO     search stdin: output.sas
INFO     search time limit: 132s
INFO     search memory limit: None
INFO     search command line string: /home/bharath/Desktop/GitHub/downward/builds/release/bin/downward --search 'astar(merge_and_shrink(merge_strategy=merge_precomputed(merge_tree=linear(variable_order=reverse_level)),shrink_strategy=shrink_bisimulation(greedy=true),label_reduction=exact(before_shrinking=true,before_merging=false),max_states=infinity,threshold_before_merge=1))' --internal-plan-file /home/bharath/Desktop/ISWC_test/best_planner/random_policy_results/results/plan-sokoban-instance-3.txt < output.sas
[t=0s, 10980 KB] reading input...
[t=0.00399983s, 11104 KB] done reading input!
[t=0.0119742s, 11368 KB] Initializing merge-and-shrink heuristic...
[t=0.0119742s, 11368 KB] Running merge-and-shrink algorithm...
[t=0.0119742s, 11368 KB] Merge strategy options:
[t=0.0119742s, 11368 KB] Type: precomputed
[t=0.0119742s, 11368 KB] Merge tree options: 
[t=0.0119742s, 11368 KB] Type: linear
[t=0.0119742s, 11368 KB] Update option: use random
[t=0.0119742s, 11368 KB] Variable order type: by reverse level

[t=0.0119742s, 11368 KB] Options related to size limits and shrinking: 
[t=0.0119742s, 11368 KB] Transition system size limit: 2147483647
[t=0.0119742s, 11368 KB] Transition system size limit right before merge: 2147483647
[t=0.0119742s, 11368 KB] Threshold to trigger shrinking right before merge: 1

[t=0.0119742s, 11368 KB] Shrink strategy options: 
[t=0.0119742s, 11368 KB] Type: bisimulation
[t=0.0134571s, 11368 KB] Bisimulation type: greedy
[t=0.0134571s, 11368 KB] At limit: return

[t=0.0134571s, 11368 KB] Pruning unreachable states: yes
[t=0.0134571s, 11368 KB] Pruning irrelevant states: yes

[t=0.0134571s, 11368 KB] Label reduction options:
[t=0.0134571s, 11368 KB] Before merging: disabled
[t=0.0134571s, 11368 KB] Before shrinking: enabled
[t=0.0134571s, 11368 KB] Method: all transition systems with fixpoint computation
[t=0.0134571s, 11368 KB] System order: random

[t=0.0134571s, 11368 KB] Main loop max time in seconds: inf


[t=0.0134571s, 11368 KB] Building atomic transition systems... 
[t=0.0134571s, 11368 KB] M&S algorithm timer: 0.00148288s (after computation of atomic factors)

[t=0.0134571s, 11368 KB] Starting main loop without a time limit.
[t=0.0134571s, 11368 KB] building causal graph...done! [t=0.0026894s]
[t=0.0161465s, 11500 KB] Next pair of indices: (0, 1)
[t=0.0161465s, 11500 KB] M&S algorithm main loop timer: 0.0026894s (after computation of next merge)
[t=0.0399133s, 11500 KB] M&S algorithm main loop timer: 0.0264562s (after merging)

[t=0.0399133s, 11500 KB] Next pair of indices: (37, 2)
[t=0.0399133s, 11500 KB] M&S algorithm main loop timer: 0.0264562s (after computation of next merge)
[t=0.0599149s, 11500 KB] M&S algorithm main loop timer: 0.0464579s (after merging)

[t=0.0599149s, 11500 KB] Next pair of indices: (38, 3)
[t=0.0599149s, 11500 KB] M&S algorithm main loop timer: 0.0464579s (after computation of next merge)
[t=0.0839155s, 11500 KB] M&S algorithm main loop timer: 0.0704585s (after merging)

[t=0.0839155s, 11500 KB] Next pair of indices: (39, 4)
[t=0.0839155s, 11500 KB] M&S algorithm main loop timer: 0.0704585s (after computation of next merge)
[t=0.111891s, 11500 KB] M&S algorithm main loop timer: 0.0984344s (after merging)

[t=0.111891s, 11500 KB] Next pair of indices: (40, 5)
[t=0.111891s, 11500 KB] M&S algorithm main loop timer: 0.0984344s (after computation of next merge)
[t=0.143893s, 11500 KB] M&S algorithm main loop timer: 0.130436s (after merging)

[t=0.143893s, 11500 KB] Next pair of indices: (41, 6)
[t=0.143893s, 11500 KB] M&S algorithm main loop timer: 0.130436s (after computation of next merge)
[t=0.159894s, 11500 KB] M&S algorithm main loop timer: 0.146437s (after merging)

[t=0.159894s, 11500 KB] Next pair of indices: (42, 7)
[t=0.159894s, 11500 KB] M&S algorithm main loop timer: 0.146437s (after computation of next merge)
[t=0.183893s, 11500 KB] M&S algorithm main loop timer: 0.170436s (after merging)

[t=0.183893s, 11500 KB] Next pair of indices: (43, 8)
[t=0.183893s, 11500 KB] M&S algorithm main loop timer: 0.170436s (after computation of next merge)
[t=0.199896s, 11632 KB] M&S algorithm main loop timer: 0.186439s (after merging)

[t=0.199896s, 11632 KB] Next pair of indices: (44, 9)
[t=0.199896s, 11632 KB] M&S algorithm main loop timer: 0.186439s (after computation of next merge)
[t=0.219897s, 11896 KB] M&S algorithm main loop timer: 0.20644s (after merging)

[t=0.219897s, 11896 KB] Next pair of indices: (45, 10)
[t=0.219897s, 11896 KB] M&S algorithm main loop timer: 0.20644s (after computation of next merge)
[t=0.243898s, 12568 KB] M&S algorithm main loop timer: 0.230441s (after merging)

[t=0.243898s, 12568 KB] Next pair of indices: (46, 11)
[t=0.243898s, 12568 KB] M&S algorithm main loop timer: 0.230441s (after computation of next merge)
[t=0.271907s, 13772 KB] M&S algorithm main loop timer: 0.25845s (after merging)

[t=0.271907s, 13772 KB] Next pair of indices: (47, 12)
[t=0.271907s, 13772 KB] M&S algorithm main loop timer: 0.25845s (after computation of next merge)
[t=0.311888s, 17136 KB] M&S algorithm main loop timer: 0.298431s (after merging)

[t=0.311888s, 17136 KB] Next pair of indices: (48, 13)
[t=0.311888s, 17136 KB] M&S algorithm main loop timer: 0.298431s (after computation of next merge)
[t=0.399892s, 23840 KB] M&S algorithm main loop timer: 0.386434s (after merging)

[t=0.403893s, 23840 KB] Next pair of indices: (49, 14)
[t=0.403893s, 23840 KB] M&S algorithm main loop timer: 0.390436s (after computation of next merge)
[t=0.583717s, 38324 KB] M&S algorithm main loop timer: 0.57026s (after merging)

[t=0.587715s, 38324 KB] Next pair of indices: (50, 15)
[t=0.587715s, 38324 KB] M&S algorithm main loop timer: 0.574258s (after computation of next merge)
[t=0.967707s, 68728 KB] M&S algorithm main loop timer: 0.95425s (after merging)

[t=0.975705s, 68728 KB] Next pair of indices: (51, 16)
[t=0.975705s, 68728 KB] M&S algorithm main loop timer: 0.962247s (after computation of next merge)
[t=1.70369s, 135548 KB] M&S algorithm main loop timer: 1.69024s (after merging)

[t=1.7157s, 135548 KB] Next pair of indices: (52, 17)
[t=1.7157s, 135548 KB] M&S algorithm main loop timer: 1.70224s (after computation of next merge)
[t=3.30201s, 268608 KB] M&S algorithm main loop timer: 3.28855s (after merging)

[t=3.32601s, 268608 KB] Next pair of indices: (53, 18)
[t=3.32601s, 268608 KB] M&S algorithm main loop timer: 3.31255s (after computation of next merge)
[t=6.73889s, 541912 KB] M&S algorithm main loop timer: 6.72544s (after merging)

[t=6.79467s, 541912 KB] Next pair of indices: (54, 19)
[t=6.79467s, 541912 KB] M&S algorithm main loop timer: 6.78121s (after computation of next merge)
[t=13.8675s, 1075344 KB] M&S algorithm main loop timer: 13.8541s (after merging)

[t=13.9515s, 1075344 KB] Next pair of indices: (55, 20)
[t=13.9555s, 1075344 KB] M&S algorithm main loop timer: 13.9421s (after computation of next merge)
[t=28.2281s, 2182932 KB] M&S algorithm main loop timer: 28.2146s (after merging)

[t=28.3958s, 2182932 KB] Next pair of indices: (56, 21)
[t=28.3958s, 2182932 KB] M&S algorithm main loop timer: 28.3823s (after computation of next merge)
[t=58.7947s, 4577408 KB] M&S algorithm main loop timer: 58.7852s (after merging)

[t=59.1425s, 4577408 KB] Next pair of indices: (57, 22)
[t=59.1425s, 4577408 KB] M&S algorithm main loop timer: 59.1291s (after computation of next merge)
exitcode: -9

remaining time: 210.04
config 1: relative time 1000, remaining 1000
args: ['/home/bharath/Desktop/GitHub/downward/builds/release/bin/downward', '--search', 'astar(merge_and_shrink(merge_strategy=merge_precomputed(merge_tree=linear(variable_order=reverse_level)),shrink_strategy=shrink_bisimulation(greedy=false),label_reduction=exact(before_shrinking=true,before_merging=false),max_states=200000))', '--internal-plan-file', '/home/bharath/Desktop/ISWC_test/best_planner/random_policy_results/results/plan-sokoban-instance-3.txt']
INFO     search stdin: output.sas
INFO     search time limit: 210s
INFO     search memory limit: None
INFO     search command line string: /home/bharath/Desktop/GitHub/downward/builds/release/bin/downward --search 'astar(merge_and_shrink(merge_strategy=merge_precomputed(merge_tree=linear(variable_order=reverse_level)),shrink_strategy=shrink_bisimulation(greedy=false),label_reduction=exact(before_shrinking=true,before_merging=false),max_states=200000))' --internal-plan-file /home/bharath/Desktop/ISWC_test/best_planner/random_policy_results/results/plan-sokoban-instance-3.txt < output.sas
[t=0.00401284s, 10980 KB] reading input...
[t=0.00607698s, 11104 KB] done reading input!
[t=0.0122657s, 11368 KB] Initializing merge-and-shrink heuristic...
[t=0.0135518s, 11368 KB] Running merge-and-shrink algorithm...
[t=0.0135518s, 11368 KB] Merge strategy options:
[t=0.0135518s, 11368 KB] Type: precomputed
[t=0.0135518s, 11368 KB] Merge tree options: 
[t=0.0135518s, 11368 KB] Type: linear
[t=0.0135518s, 11368 KB] Update option: use random
[t=0.0135518s, 11368 KB] Variable order type: by reverse level

[t=0.0135518s, 11368 KB] Options related to size limits and shrinking: 
[t=0.0135518s, 11368 KB] Transition system size limit: 200000
[t=0.0135518s, 11368 KB] Transition system size limit right before merge: 200000
[t=0.0135518s, 11368 KB] Threshold to trigger shrinking right before merge: 200000

[t=0.0135518s, 11368 KB] Shrink strategy options: 
[t=0.0135518s, 11368 KB] Type: bisimulation
[t=0.0135518s, 11368 KB] Bisimulation type: exact
[t=0.0135518s, 11368 KB] At limit: return

[t=0.0135518s, 11368 KB] Pruning unreachable states: yes
[t=0.0135518s, 11368 KB] Pruning irrelevant states: yes

[t=0.0135518s, 11368 KB] Label reduction options:
[t=0.0135518s, 11368 KB] Before merging: disabled
[t=0.0135518s, 11368 KB] Before shrinking: enabled
[t=0.0135518s, 11368 KB] Method: all transition systems with fixpoint computation
[t=0.0135518s, 11368 KB] System order: random

[t=0.0135518s, 11368 KB] Main loop max time in seconds: inf


[t=0.0135518s, 11368 KB] Building atomic transition systems... 
[t=0.0135518s, 11368 KB] M&S algorithm timer: 0s (after computation of atomic factors)

[t=0.0135518s, 11368 KB] Starting main loop without a time limit.
[t=0.0135518s, 11368 KB] building causal graph...done! [t=0s]
[t=0.0135518s, 11500 KB] Next pair of indices: (0, 1)
[t=0.017551s, 11500 KB] M&S algorithm main loop timer: 0.00399919s (after computation of next merge)
[t=0.0415509s, 11500 KB] M&S algorithm main loop timer: 0.0279991s (after merging)

[t=0.0415509s, 11500 KB] Next pair of indices: (37, 2)
[t=0.0415509s, 11500 KB] M&S algorithm main loop timer: 0.0279991s (after computation of next merge)
[t=0.0615518s, 11500 KB] M&S algorithm main loop timer: 0.048s (after merging)

[t=0.0615518s, 11500 KB] Next pair of indices: (38, 3)
[t=0.0615518s, 11500 KB] M&S algorithm main loop timer: 0.048s (after computation of next merge)
[t=0.0815532s, 11500 KB] M&S algorithm main loop timer: 0.0680014s (after merging)

[t=0.0815532s, 11500 KB] Next pair of indices: (39, 4)
[t=0.0815532s, 11500 KB] M&S algorithm main loop timer: 0.0680014s (after computation of next merge)
[t=0.101554s, 11500 KB] M&S algorithm main loop timer: 0.0880024s (after merging)

[t=0.101554s, 11500 KB] Next pair of indices: (40, 5)
[t=0.101554s, 11500 KB] M&S algorithm main loop timer: 0.0880024s (after computation of next merge)
[t=0.121555s, 11500 KB] M&S algorithm main loop timer: 0.108003s (after merging)

[t=0.121555s, 11500 KB] Next pair of indices: (41, 6)
[t=0.121555s, 11500 KB] M&S algorithm main loop timer: 0.108003s (after computation of next merge)
[t=0.137557s, 11500 KB] M&S algorithm main loop timer: 0.124005s (after merging)

[t=0.137557s, 11500 KB] Next pair of indices: (42, 7)
[t=0.137557s, 11500 KB] M&S algorithm main loop timer: 0.124005s (after computation of next merge)
[t=0.153557s, 11500 KB] M&S algorithm main loop timer: 0.140005s (after merging)

[t=0.153557s, 11500 KB] Next pair of indices: (43, 8)
[t=0.153557s, 11500 KB] M&S algorithm main loop timer: 0.140005s (after computation of next merge)
[t=0.169558s, 11632 KB] M&S algorithm main loop timer: 0.156006s (after merging)

[t=0.169558s, 11632 KB] Next pair of indices: (44, 9)
[t=0.169558s, 11632 KB] M&S algorithm main loop timer: 0.156006s (after computation of next merge)
[t=0.185558s, 11900 KB] M&S algorithm main loop timer: 0.172006s (after merging)

[t=0.185558s, 11900 KB] Next pair of indices: (45, 10)
[t=0.185558s, 11900 KB] M&S algorithm main loop timer: 0.172006s (after computation of next merge)
[t=0.201559s, 12564 KB] M&S algorithm main loop timer: 0.188007s (after merging)

[t=0.201559s, 12564 KB] Next pair of indices: (46, 11)
[t=0.201559s, 12564 KB] M&S algorithm main loop timer: 0.188007s (after computation of next merge)
[t=0.225561s, 13756 KB] M&S algorithm main loop timer: 0.21201s (after merging)

[t=0.225561s, 13756 KB] Next pair of indices: (47, 12)
[t=0.225561s, 13756 KB] M&S algorithm main loop timer: 0.21201s (after computation of next merge)
[t=0.261573s, 17128 KB] M&S algorithm main loop timer: 0.248021s (after merging)

[t=0.261573s, 17128 KB] Next pair of indices: (48, 13)
[t=0.261573s, 17128 KB] M&S algorithm main loop timer: 0.248021s (after computation of next merge)
[t=0.317535s, 23856 KB] M&S algorithm main loop timer: 0.303983s (after merging)

[t=0.317535s, 23856 KB] Next pair of indices: (49, 14)
[t=0.317535s, 23856 KB] M&S algorithm main loop timer: 0.303983s (after computation of next merge)
[t=0.441541s, 38336 KB] M&S algorithm main loop timer: 0.427989s (after merging)

[t=0.445539s, 38336 KB] Next pair of indices: (50, 15)
[t=0.445539s, 38336 KB] M&S algorithm main loop timer: 0.431987s (after computation of next merge)
[t=0.705531s, 68724 KB] M&S algorithm main loop timer: 0.691979s (after merging)

[t=0.709531s, 68724 KB] Next pair of indices: (51, 16)
[t=0.709531s, 68724 KB] M&S algorithm main loop timer: 0.695979s (after computation of next merge)
[t=1.30956s, 135864 KB] M&S algorithm main loop timer: 1.29601s (after merging)

[t=1.32154s, 135864 KB] Next pair of indices: (52, 17)
[t=1.32154s, 135864 KB] M&S algorithm main loop timer: 1.30799s (after computation of next merge)
[t=1.88551s, 135864 KB] M&S algorithm main loop timer: 1.87196s (after shrinking)
[t=1.88551s, 135864 KB] M&S algorithm main loop timer: 1.87196s (after merging)

[t=1.88551s, 135864 KB] Next pair of indices: (53, 18)
[t=1.88551s, 135864 KB] M&S algorithm main loop timer: 1.87196s (after computation of next merge)
[t=1.89751s, 135864 KB] M&S algorithm main loop timer: 1.88795s (after label reduction)
[t=1.90151s, 135864 KB] M&S algorithm main loop timer: 1.88795s (after merging)

[t=1.90151s, 135864 KB] Next pair of indices: (54, 19)
[t=1.90151s, 135864 KB] M&S algorithm main loop timer: 1.88795s (after computation of next merge)
[t=1.90551s, 135864 KB] M&S algorithm main loop timer: 1.89196s (after merging)

[t=1.90551s, 135864 KB] Next pair of indices: (55, 20)
[t=1.90551s, 135864 KB] M&S algorithm main loop timer: 1.89196s (after computation of next merge)
[t=1.91751s, 135864 KB] M&S algorithm main loop timer: 1.90396s (after merging)

[t=1.91751s, 135864 KB] Next pair of indices: (56, 21)
[t=1.91751s, 135864 KB] M&S algorithm main loop timer: 1.90396s (after computation of next merge)
[t=1.92151s, 135864 KB] M&S algorithm main loop timer: 1.90796s (after merging)

[t=1.92151s, 135864 KB] Next pair of indices: (57, 22)
[t=1.92151s, 135864 KB] M&S algorithm main loop timer: 1.90796s (after computation of next merge)
[t=1.92551s, 135864 KB] M&S algorithm main loop timer: 1.91196s (after merging)

[t=1.92551s, 135864 KB] Next pair of indices: (58, 23)
[t=1.92551s, 135864 KB] M&S algorithm main loop timer: 1.91196s (after computation of next merge)
[t=1.92951s, 135864 KB] M&S algorithm main loop timer: 1.91596s (after merging)

[t=1.92951s, 135864 KB] Next pair of indices: (59, 24)
[t=1.92951s, 135864 KB] M&S algorithm main loop timer: 1.91596s (after computation of next merge)
[t=1.93351s, 135864 KB] M&S algorithm main loop timer: 1.91996s (after merging)

[t=1.93351s, 135864 KB] Next pair of indices: (60, 25)
[t=1.93351s, 135864 KB] M&S algorithm main loop timer: 1.91996s (after computation of next merge)
[t=1.93751s, 135864 KB] M&S algorithm main loop timer: 1.92396s (after merging)

[t=1.93751s, 135864 KB] Next pair of indices: (61, 26)
[t=1.93751s, 135864 KB] M&S algorithm main loop timer: 1.92396s (after computation of next merge)
[t=1.94151s, 135864 KB] M&S algorithm main loop timer: 1.92796s (after merging)

[t=1.94151s, 135864 KB] Next pair of indices: (62, 27)
[t=1.94151s, 135864 KB] M&S algorithm main loop timer: 1.92796s (after computation of next merge)
[t=1.94951s, 135864 KB] M&S algorithm main loop timer: 1.93596s (after merging)

[t=1.94951s, 135864 KB] Next pair of indices: (63, 28)
[t=1.94951s, 135864 KB] M&S algorithm main loop timer: 1.93596s (after computation of next merge)
[t=1.96151s, 135864 KB] M&S algorithm main loop timer: 1.94796s (after merging)

[t=1.96151s, 135864 KB] Next pair of indices: (64, 29)
[t=1.96151s, 135864 KB] M&S algorithm main loop timer: 1.94796s (after computation of next merge)
[t=1.98551s, 135864 KB] M&S algorithm main loop timer: 1.97196s (after merging)

[t=1.98551s, 135864 KB] Next pair of indices: (65, 30)
[t=1.98551s, 135864 KB] M&S algorithm main loop timer: 1.97196s (after computation of next merge)
[t=2.01351s, 135864 KB] M&S algorithm main loop timer: 1.99996s (after shrinking)
[t=2.01351s, 135864 KB] M&S algorithm main loop timer: 1.99996s (after merging)

[t=2.01351s, 135864 KB] Next pair of indices: (66, 31)
[t=2.01351s, 135864 KB] M&S algorithm main loop timer: 1.99996s (after computation of next merge)
[t=2.01351s, 135864 KB] M&S algorithm main loop timer: 1.99996s (after label reduction)
[t=2.01751s, 135864 KB] M&S algorithm main loop timer: 2.00396s (after merging)

[t=2.01751s, 135864 KB] Next pair of indices: (67, 32)
[t=2.01751s, 135864 KB] M&S algorithm main loop timer: 2.00396s (after computation of next merge)
[t=2.03752s, 135864 KB] M&S algorithm main loop timer: 2.02397s (after merging)

[t=2.04152s, 135864 KB] Next pair of indices: (68, 33)
[t=2.04152s, 135864 KB] M&S algorithm main loop timer: 2.02797s (after computation of next merge)
[t=2.08552s, 135864 KB] M&S algorithm main loop timer: 2.07197s (after shrinking)
[t=2.18149s, 135864 KB] M&S algorithm main loop timer: 2.16794s (after merging)

[t=2.19749s, 135864 KB] Next pair of indices: (69, 34)
[t=2.19749s, 135864 KB] M&S algorithm main loop timer: 2.18394s (after computation of next merge)
[t=2.20149s, 135864 KB] M&S algorithm main loop timer: 2.18794s (after label reduction)
[t=3.12143s, 135864 KB] M&S algorithm main loop timer: 3.10788s (after shrinking)
[t=3.28941s, 135864 KB] M&S algorithm main loop timer: 3.27585s (after merging)
[t=3.33339s, 135864 KB] M&S algorithm main loop timer: 3.31984s (after pruning)

[t=3.33339s, 135864 KB] Next pair of indices: (70, 35)
[t=3.33339s, 135864 KB] M&S algorithm main loop timer: 3.31984s (after computation of next merge)
[t=3.33339s, 135864 KB] M&S algorithm main loop timer: 3.31984s (after label reduction)
[t=3.95331s, 135864 KB] M&S algorithm main loop timer: 3.93976s (after shrinking)
[t=4.14879s, 135864 KB] M&S algorithm main loop timer: 4.13524s (after merging)

[t=4.16479s, 135864 KB] Next pair of indices: (71, 36)
[t=4.16479s, 135864 KB] M&S algorithm main loop timer: 4.15124s (after computation of next merge)
[t=4.16879s, 135864 KB] M&S algorithm main loop timer: 4.15524s (after label reduction)
[t=4.85278s, 135864 KB] M&S algorithm main loop timer: 4.83923s (after shrinking)
[t=5.05676s, 135864 KB] M&S algorithm main loop timer: 5.0432s (after merging)

[t=5.07273s, 135864 KB] End of merge-and-shrink algorithm, statistics:
[t=5.07273s, 135864 KB] Main loop runtime: 5.05918s
[t=5.07273s, 135864 KB] Maximum intermediate abstraction size: 197386
[t=5.07273s, 135864 KB] Final peak memory increase of merge-and-shrink algorithm: 124496 KB
[t=5.07273s, 135864 KB] Merge-and-shrink algorithm runtime: 5.05918s

[t=5.07273s, 135864 KB] Number of remaining factors: 1
[t=5.07273s, 135864 KB] Number of factors kept: 1
[t=5.07273s, 135864 KB] Done initializing merge-and-shrink heuristic.

[t=5.07273s, 135864 KB] Building successor generator...done!
[t=5.07673s, 135864 KB] peak memory difference for successor generator creation: 0 KB
[t=5.07673s, 135864 KB] time for successor generation creation: 0.00400062s
[t=5.07673s, 135864 KB] Variables: 37
[t=5.07673s, 135864 KB] FactPairs: 186
[t=5.07673s, 135864 KB] Bytes per state: 8
[t=5.07673s, 135864 KB] Conducting best first search with reopening closed nodes, (real) bound = 2147483647
[t=5.07673s, 135864 KB] New best heuristic value for merge_and_shrink(merge_strategy=merge_precomputed(merge_tree=linear(variable_order=reverse_level)),shrink_strategy=shrink_bisimulation(greedy=false),label_reduction=exact(before_shrinking=true,before_merging=false),max_states=200000): 3
[t=5.07673s, 135864 KB] g=0, 1 evaluated, 0 expanded
[t=5.07673s, 135864 KB] f = 3, 1 evaluated, 0 expanded
[t=5.07673s, 135864 KB] Initial heuristic value for merge_and_shrink(merge_strategy=merge_precomputed(merge_tree=linear(variable_order=reverse_level)),shrink_strategy=shrink_bisimulation(greedy=false),label_reduction=exact(before_shrinking=true,before_merging=false),max_states=200000): 3
[t=5.07673s, 135864 KB] pruning method: none
[t=5.07673s, 135864 KB] f = 4, 8 evaluated, 5 expanded
[t=5.07673s, 135864 KB] f = 5, 27 evaluated, 21 expanded
[t=5.07673s, 135864 KB] f = 6, 67 evaluated, 55 expanded
[t=5.07673s, 135864 KB] f = 7, 227 evaluated, 204 expanded
[t=5.07673s, 135864 KB] f = 8, 564 evaluated, 528 expanded
[t=5.08073s, 135864 KB] New best heuristic value for merge_and_shrink(merge_strategy=merge_precomputed(merge_tree=linear(variable_order=reverse_level)),shrink_strategy=shrink_bisimulation(greedy=false),label_reduction=exact(before_shrinking=true,before_merging=false),max_states=200000): 2
[t=5.08073s, 135864 KB] g=6, 1069 evaluated, 999 expanded
[t=5.08073s, 135864 KB] f = 9, 1122 evaluated, 1066 expanded
[t=5.08873s, 135864 KB] f = 10, 2051 evaluated, 1950 expanded
[t=5.09673s, 135864 KB] f = 11, 3695 evaluated, 3528 expanded
[t=5.09673s, 135864 KB] New best heuristic value for merge_and_shrink(merge_strategy=merge_precomputed(merge_tree=linear(variable_order=reverse_level)),shrink_strategy=shrink_bisimulation(greedy=false),label_reduction=exact(before_shrinking=true,before_merging=false),max_states=200000): 1
[t=5.09673s, 135864 KB] g=10, 3886 evaluated, 3661 expanded
[t=5.10874s, 135864 KB] f = 12, 6161 evaluated, 5909 expanded
[t=5.12874s, 135864 KB] f = 13, 9574 evaluated, 9254 expanded
[t=5.15274s, 135864 KB] f = 14, 13596 evaluated, 13209 expanded
[t=5.18074s, 135864 KB] f = 15, 18606 evaluated, 18090 expanded
[t=5.22074s, 135864 KB] f = 16, 25362 evaluated, 24669 expanded
[t=5.27674s, 135864 KB] f = 17, 34411 evaluated, 33564 expanded
[t=5.33672s, 135864 KB] f = 18, 45087 evaluated, 44170 expanded
[t=5.40472s, 135864 KB] f = 19, 57007 evaluated, 55959 expanded
[t=5.48473s, 135864 KB] f = 20, 70351 evaluated, 69175 expanded
[t=5.56872s, 135864 KB] f = 21, 85024 evaluated, 83883 expanded
[t=5.65272s, 135864 KB] f = 22, 99475 evaluated, 98381 expanded
[t=5.74873s, 135864 KB] f = 23, 114132 evaluated, 112918 expanded
[t=5.84473s, 135864 KB] f = 24, 129908 evaluated, 128594 expanded
[t=5.94073s, 135864 KB] f = 25, 146917 evaluated, 145525 expanded
[t=6.04873s, 135864 KB] f = 26, 164954 evaluated, 163645 expanded
[t=6.1527s, 135864 KB] f = 27, 181880 evaluated, 180642 expanded
[t=6.2487s, 135864 KB] f = 28, 198616 evaluated, 197371 expanded
[t=6.34869s, 135864 KB] f = 29, 215321 evaluated, 214081 expanded
[t=6.34869s, 135864 KB] New best heuristic value for merge_and_shrink(merge_strategy=merge_precomputed(merge_tree=linear(variable_order=reverse_level)),shrink_strategy=shrink_bisimulation(greedy=false),label_reduction=exact(before_shrinking=true,before_merging=false),max_states=200000): 0
[t=6.34869s, 135864 KB] g=29, 215396 evaluated, 214144 expanded
[t=6.34869s, 135864 KB] Solution found!
[t=6.34869s, 135864 KB] Actual search time: 1.27195s
move player-01 pos-3-2 pos-4-2 dir-right (0)
move player-01 pos-4-2 pos-4-3 dir-down (0)
push-to-nongoal player-01 stone-02 pos-4-3 pos-5-3 pos-6-3 dir-right (1)
push-to-nongoal player-01 stone-02 pos-5-3 pos-6-3 pos-7-3 dir-right (1)
move player-01 pos-6-3 pos-6-2 dir-up (0)
move player-01 pos-6-2 pos-7-2 dir-right (0)
push-to-nongoal player-01 stone-02 pos-7-2 pos-7-3 pos-7-4 dir-down (1)
move player-01 pos-7-3 pos-6-3 dir-left (0)
move player-01 pos-6-3 pos-5-3 dir-left (0)
move player-01 pos-5-3 pos-4-3 dir-left (0)
move player-01 pos-4-3 pos-4-2 dir-up (0)
move player-01 pos-4-2 pos-3-2 dir-left (0)
move player-01 pos-3-2 pos-2-2 dir-left (0)
move player-01 pos-2-2 pos-2-3 dir-down (0)
push-to-nongoal player-01 stone-01 pos-2-3 pos-3-3 pos-4-3 dir-right (1)
push-to-nongoal player-01 stone-03 pos-3-3 pos-3-4 pos-3-5 dir-down (1)
move player-01 pos-3-4 pos-3-3 dir-up (0)
push-to-nongoal player-01 stone-01 pos-3-3 pos-4-3 pos-5-3 dir-right (1)
push-to-nongoal player-01 stone-01 pos-4-3 pos-5-3 pos-6-3 dir-right (1)
push-to-nongoal player-01 stone-01 pos-5-3 pos-6-3 pos-7-3 dir-right (1)
move player-01 pos-6-3 pos-6-2 dir-up (0)
move player-01 pos-6-2 pos-7-2 dir-right (0)
move player-01 pos-7-2 pos-8-2 dir-right (0)
move player-01 pos-8-2 pos-8-3 dir-down (0)
push-to-nongoal player-01 stone-01 pos-8-3 pos-7-3 pos-6-3 dir-left (1)
push-to-nongoal player-01 stone-02 pos-7-3 pos-7-4 pos-7-5 dir-down (1)
push-to-nongoal player-01 stone-02 pos-7-4 pos-7-5 pos-7-6 dir-down (1)
move player-01 pos-7-5 pos-6-5 dir-left (0)
move player-01 pos-6-5 pos-5-5 dir-left (0)
move player-01 pos-5-5 pos-4-5 dir-left (0)
move player-01 pos-4-5 pos-4-6 dir-down (0)
move player-01 pos-4-6 pos-3-6 dir-left (0)
move player-01 pos-3-6 pos-2-6 dir-left (0)
move player-01 pos-2-6 pos-2-5 dir-up (0)
push-to-goal player-01 stone-03 pos-2-5 pos-3-5 pos-4-5 dir-right (1)
move player-01 pos-3-5 pos-3-4 dir-up (0)
move player-01 pos-3-4 pos-3-3 dir-up (0)
move player-01 pos-3-3 pos-4-3 dir-right (0)
move player-01 pos-4-3 pos-5-3 dir-right (0)
push-to-nongoal player-01 stone-01 pos-5-3 pos-6-3 pos-7-3 dir-right (1)
move player-01 pos-6-3 pos-6-2 dir-up (0)
move player-01 pos-6-2 pos-7-2 dir-right (0)
move player-01 pos-7-2 pos-8-2 dir-right (0)
move player-01 pos-8-2 pos-8-3 dir-down (0)
push-to-nongoal player-01 stone-01 pos-8-3 pos-7-3 pos-6-3 dir-left (1)
move player-01 pos-7-3 pos-7-4 dir-down (0)
move player-01 pos-7-4 pos-7-5 dir-down (0)
move player-01 pos-7-5 pos-8-5 dir-right (0)
move player-01 pos-8-5 pos-8-6 dir-down (0)
move player-01 pos-8-6 pos-8-7 dir-down (0)
move player-01 pos-8-7 pos-7-7 dir-left (0)
push-to-nongoal player-01 stone-02 pos-7-7 pos-7-6 pos-7-5 dir-up (1)
move player-01 pos-7-6 pos-8-6 dir-right (0)
move player-01 pos-8-6 pos-8-5 dir-up (0)
push-to-goal player-01 stone-02 pos-8-5 pos-7-5 pos-6-5 dir-left (1)
push-to-goal player-01 stone-02 pos-7-5 pos-6-5 pos-5-5 dir-left (1)
move player-01 pos-6-5 pos-7-5 dir-right (0)
move player-01 pos-7-5 pos-7-4 dir-up (0)
move player-01 pos-7-4 pos-7-3 dir-up (0)
push-to-nongoal player-01 stone-01 pos-7-3 pos-6-3 pos-5-3 dir-left (1)
push-to-nongoal player-01 stone-01 pos-6-3 pos-5-3 pos-4-3 dir-left (1)
push-to-nongoal player-01 stone-01 pos-5-3 pos-4-3 pos-3-3 dir-left (1)
move player-01 pos-4-3 pos-4-2 dir-up (0)
move player-01 pos-4-2 pos-3-2 dir-left (0)
move player-01 pos-3-2 pos-2-2 dir-left (0)
move player-01 pos-2-2 pos-2-3 dir-down (0)
push-to-nongoal player-01 stone-01 pos-2-3 pos-3-3 pos-4-3 dir-right (1)
push-to-nongoal player-01 stone-01 pos-3-3 pos-4-3 pos-5-3 dir-right (1)
push-to-nongoal player-01 stone-01 pos-4-3 pos-5-3 pos-6-3 dir-right (1)
push-to-nongoal player-01 stone-01 pos-5-3 pos-6-3 pos-7-3 dir-right (1)
move player-01 pos-6-3 pos-6-2 dir-up (0)
move player-01 pos-6-2 pos-7-2 dir-right (0)
push-to-nongoal player-01 stone-01 pos-7-2 pos-7-3 pos-7-4 dir-down (1)
push-to-nongoal player-01 stone-01 pos-7-3 pos-7-4 pos-7-5 dir-down (1)
push-to-nongoal player-01 stone-01 pos-7-4 pos-7-5 pos-7-6 dir-down (1)
move player-01 pos-7-5 pos-8-5 dir-right (0)
move player-01 pos-8-5 pos-8-6 dir-down (0)
move player-01 pos-8-6 pos-8-7 dir-down (0)
move player-01 pos-8-7 pos-7-7 dir-left (0)
push-to-nongoal player-01 stone-01 pos-7-7 pos-7-6 pos-7-5 dir-up (1)
move player-01 pos-7-6 pos-8-6 dir-right (0)
move player-01 pos-8-6 pos-8-5 dir-up (0)
push-to-goal player-01 stone-01 pos-8-5 pos-7-5 pos-6-5 dir-left (1)
[t=6.34869s, 135864 KB] Plan length: 83 step(s).
[t=6.34869s, 135864 KB] Plan cost: 29
[t=6.34869s, 135864 KB] Expanded 214145 state(s).
[t=6.34869s, 135864 KB] Reopened 0 state(s).
[t=6.34869s, 135864 KB] Evaluated 215396 state(s).
[t=6.34869s, 135864 KB] Evaluations: 215396
[t=6.34869s, 135864 KB] Generated 531844 state(s).
[t=6.34869s, 135864 KB] Dead ends: 0 state(s).
[t=6.34869s, 135864 KB] Expanded until last jump: 214081 state(s).
[t=6.34869s, 135864 KB] Reopened until last jump: 0 state(s).
[t=6.34869s, 135864 KB] Evaluated until last jump: 215321 state(s).
[t=6.34869s, 135864 KB] Generated until last jump: 531691 state(s).
[t=6.34869s, 135864 KB] Number of registered states: 215396
[t=6.34869s, 135864 KB] Int hash set load factor: 215396/262144 = 0.821671
[t=6.34869s, 135864 KB] Int hash set resizes: 18
[t=6.34869s, 135864 KB] Search time: 1.27195s
[t=6.34869s, 135864 KB] Total time: 6.34869s
Solution found.
Peak memory: 135864 KB
exitcode: 0

Exit codes: [-9, 0]
Remove intermediate file output.sas
search exit code: 0

INFO     Planner time: 95.61s
