INFO     planner time limit: 300s
INFO     planner memory limit: None

INFO     Running translator.
INFO     translator stdin: None
INFO     translator time limit: 299s
INFO     translator memory limit: None
INFO     translator command line string: /usr/bin/python3 /home/bharath/Desktop/GitHub/downward/builds/release/bin/translate/translate.py /home/bharath/Desktop/ISWC_test/best_planner/data/elevators/domain.pddl /home/bharath/Desktop/ISWC_test/best_planner/data/elevators/instance-1.pddl --sas-file output.sas
Parsing...
Parsing: [0.000s CPU, 0.006s wall-clock]
Normalizing task... [0.000s CPU, 0.000s wall-clock]
Instantiating...
Generating Datalog program... [0.000s CPU, 0.001s wall-clock]
Normalizing Datalog program...
Normalizing Datalog program: [0.010s CPU, 0.006s wall-clock]
Preparing model... [0.000s CPU, 0.005s wall-clock]
Generated 46 rules.
Computing model... [0.030s CPU, 0.022s wall-clock]
616 relevant atoms
961 auxiliary atoms
1577 final queue length
2129 total queue pushes
Completing instantiation... [0.020s CPU, 0.023s wall-clock]
Instantiating: [0.060s CPU, 0.057s wall-clock]
Computing fact groups...
Finding invariants...
12 initial candidates
Finding invariants: [0.000s CPU, 0.003s wall-clock]
Checking invariant weight... [0.000s CPU, 0.000s wall-clock]
Instantiating groups... [0.000s CPU, 0.000s wall-clock]
Collecting mutex groups... [0.000s CPU, 0.000s wall-clock]
Choosing groups...
0 uncovered facts
Choosing groups: [0.000s CPU, 0.000s wall-clock]
Building translation key... [0.000s CPU, 0.000s wall-clock]
Computing fact groups: [0.000s CPU, 0.004s wall-clock]
Building STRIPS to SAS dictionary... [0.000s CPU, 0.000s wall-clock]
Building dictionary for full mutex groups... [0.000s CPU, 0.000s wall-clock]
Building mutex information...
Building mutex information: [0.000s CPU, 0.000s wall-clock]
Translating task...
Processing axioms...
Simplifying axioms... [0.000s CPU, 0.000s wall-clock]
Translator axioms removed by simplifying: 0
Computing negative axioms... [0.000s CPU, 0.000s wall-clock]
Processing axioms: [0.000s CPU, 0.001s wall-clock]
Translating task: [0.020s CPU, 0.012s wall-clock]
0 effect conditions simplified
0 implied preconditions added
Detecting unreachable propositions...
0 operators removed
0 axioms removed
9 propositions removed
Detecting unreachable propositions: [0.000s CPU, 0.006s wall-clock]
Reordering and filtering variables...
9 of 9 variables necessary.
0 of 9 mutex groups necessary.
362 of 362 operators necessary.
0 of 0 axiom rules necessary.
Reordering and filtering variables: [0.000s CPU, 0.002s wall-clock]
Translator variables: 9
Translator derived variables: 0
Translator facts: 77
Translator goal facts: 3
Translator mutex groups: 0
Translator total mutex groups size: 0
Translator operators: 362
Translator axioms: 0
Translator task size: 1949
Translator peak memory: 35328 KB
Writing output... [0.010s CPU, 0.003s wall-clock]
Done! [0.090s CPU, 0.092s wall-clock]
translate exit code: 0

INFO     Running search (release).
INFO     search stdin: output.sas
INFO     search time limit: 299s
INFO     search memory limit: None
INFO     search command line string: /home/bharath/Desktop/GitHub/downward/builds/release/bin/downward --search 'astar(lmcut())' --internal-plan-file /home/bharath/Desktop/ISWC_test/best_planner/ontology_policy_results/results/plan-elevators-instance-1.txt < output.sas
[t=0.00400112s, 10980 KB] reading input...
[t=0.00799815s, 10980 KB] done reading input!
[t=0.00799815s, 11368 KB] Initializing landmark cut heuristic...
[t=0.00799815s, 11368 KB] Building successor generator...done!
[t=0.00799815s, 11368 KB] peak memory difference for successor generator creation: 0 KB
[t=0.00799815s, 11368 KB] time for successor generation creation: 0s
[t=0.00799815s, 11368 KB] Variables: 9
[t=0.0116516s, 11368 KB] FactPairs: 77
[t=0.0116516s, 11368 KB] Bytes per state: 4
[t=0.0116516s, 11368 KB] Conducting best first search with reopening closed nodes, (real) bound = 2147483647
[t=0.0118497s, 11368 KB] New best heuristic value for lmcut(): 39
[t=0.0118497s, 11368 KB] g=0, 1 evaluated, 0 expanded
[t=0.0118497s, 11368 KB] f = 39, 1 evaluated, 0 expanded
[t=0.0118497s, 11368 KB] Initial heuristic value for lmcut(): 39
[t=0.0118497s, 11368 KB] pruning method: none
[t=0.0118497s, 11368 KB] New best heuristic value for lmcut(): 35
[t=0.0118497s, 11368 KB] g=7, 2 evaluated, 1 expanded
[t=0.0118497s, 11368 KB] New best heuristic value for lmcut(): 32
[t=0.0118497s, 11368 KB] g=6, 3 evaluated, 1 expanded
[t=0.0118497s, 11368 KB] New best heuristic value for lmcut(): 28
[t=0.0118497s, 11368 KB] g=17, 18 evaluated, 2 expanded
[t=0.0118497s, 11368 KB] New best heuristic value for lmcut(): 27
[t=0.0118497s, 11368 KB] g=14, 21 evaluated, 2 expanded
[t=0.0118497s, 11368 KB] f = 41, 27 evaluated, 2 expanded
[t=0.0158504s, 11368 KB] f = 42, 45 evaluated, 4 expanded
[t=0.0158504s, 11368 KB] f = 43, 61 evaluated, 6 expanded
[t=0.0198509s, 11368 KB] New best heuristic value for lmcut(): 26
[t=0.0198509s, 11368 KB] g=25, 66 evaluated, 7 expanded
[t=0.0238509s, 11368 KB] f = 44, 103 evaluated, 14 expanded
[t=0.0238509s, 11368 KB] f = 45, 123 evaluated, 19 expanded
[t=0.0318513s, 11368 KB] New best heuristic value for lmcut(): 24
[t=0.0318513s, 11368 KB] g=26, 177 evaluated, 24 expanded
[t=0.0318513s, 11368 KB] f = 46, 209 evaluated, 27 expanded
[t=0.0318513s, 11368 KB] New best heuristic value for lmcut(): 23
[t=0.0318513s, 11368 KB] g=30, 212 evaluated, 28 expanded
[t=0.0478532s, 11368 KB] f = 47, 366 evaluated, 44 expanded
[t=0.0598539s, 11504 KB] f = 48, 494 evaluated, 58 expanded
[t=0.0598539s, 11504 KB] New best heuristic value for lmcut(): 22
[t=0.0598539s, 11504 KB] g=34, 496 evaluated, 59 expanded
[t=0.071853s, 11504 KB] f = 49, 589 evaluated, 74 expanded
[t=0.0878615s, 11504 KB] f = 50, 765 evaluated, 94 expanded
[t=0.0998409s, 11504 KB] New best heuristic value for lmcut(): 21
[t=0.0998409s, 11504 KB] g=30, 879 evaluated, 105 expanded
[t=0.155843s, 11504 KB] f = 51, 1392 evaluated, 153 expanded
[t=0.195845s, 11504 KB] f = 52, 1763 evaluated, 191 expanded
[t=0.203845s, 11628 KB] New best heuristic value for lmcut(): 19
[t=0.203845s, 11628 KB] g=33, 1862 evaluated, 200 expanded
[t=0.315829s, 11628 KB] f = 53, 2752 evaluated, 292 expanded
[t=0.319828s, 11628 KB] New best heuristic value for lmcut(): 15
[t=0.319828s, 11628 KB] g=41, 2801 evaluated, 297 expanded
[t=0.387831s, 11752 KB] f = 54, 3465 evaluated, 375 expanded
[t=0.387831s, 11752 KB] New best heuristic value for lmcut(): 14
[t=0.387831s, 11752 KB] g=40, 3466 evaluated, 376 expanded
[t=0.407833s, 11752 KB] New best heuristic value for lmcut(): 13
[t=0.407833s, 11752 KB] g=44, 3699 evaluated, 393 expanded
[t=0.535783s, 11752 KB] f = 55, 5066 evaluated, 536 expanded
[t=0.647789s, 11876 KB] f = 56, 6305 evaluated, 696 expanded
[t=0.655792s, 11876 KB] New best heuristic value for lmcut(): 9
[t=0.655792s, 11876 KB] g=51, 6494 evaluated, 712 expanded
[t=0.659791s, 11876 KB] New best heuristic value for lmcut(): 6
[t=0.659791s, 11876 KB] g=55, 6539 evaluated, 715 expanded
[t=0.659791s, 11876 KB] New best heuristic value for lmcut(): 0
[t=0.659791s, 11876 KB] g=56, 6540 evaluated, 715 expanded
[t=0.659791s, 11876 KB] Solution found!
[t=0.659791s, 11876 KB] Actual search time: 0.647941s
move-down-slow slow0-0 n6 n0 (11)
board p0 slow0-0 n0 n0 n1 (0)
board p1 slow0-0 n0 n1 n2 (0)
move-up-slow slow0-0 n0 n3 (8)
leave p0 slow0-0 n3 n2 n1 (0)
move-down-slow slow0-0 n3 n2 (6)
board p2 slow0-0 n2 n1 n2 (0)
move-up-slow slow0-0 n2 n6 (9)
leave p1 slow0-0 n6 n2 n1 (0)
leave p2 slow0-0 n6 n1 n0 (0)
move-down-slow slow1-0 n8 n6 (7)
board p1 slow1-0 n6 n0 n1 (0)
board p2 slow1-0 n6 n1 n2 (0)
move-up-slow slow1-0 n6 n7 (6)
leave p2 slow1-0 n7 n2 n1 (0)
move-up-slow slow1-0 n7 n11 (9)
leave p1 slow1-0 n11 n1 n0 (0)
[t=0.659791s, 11876 KB] Plan length: 17 step(s).
[t=0.659791s, 11876 KB] Plan cost: 56
[t=0.659791s, 11876 KB] Expanded 717 state(s).
[t=0.659791s, 11876 KB] Reopened 0 state(s).
[t=0.659791s, 11876 KB] Evaluated 6564 state(s).
[t=0.659791s, 11876 KB] Evaluations: 6564
[t=0.659791s, 11876 KB] Generated 12589 state(s).
[t=0.659791s, 11876 KB] Dead ends: 0 state(s).
[t=0.659791s, 11876 KB] Expanded until last jump: 696 state(s).
[t=0.659791s, 11876 KB] Reopened until last jump: 0 state(s).
[t=0.659791s, 11876 KB] Evaluated until last jump: 6305 state(s).
[t=0.659791s, 11876 KB] Generated until last jump: 12214 state(s).
[t=0.659791s, 11876 KB] Number of registered states: 6564
[t=0.659791s, 11876 KB] Int hash set load factor: 6564/8192 = 0.80127
[t=0.659791s, 11876 KB] Int hash set resizes: 13
[t=0.659791s, 11876 KB] Search time: 0.648139s
[t=0.659791s, 11876 KB] Total time: 0.659791s
Solution found.
Peak memory: 11876 KB
Remove intermediate file output.sas
search exit code: 0

INFO     Planner time: 0.88s
