INFO     planner time limit: 300s
INFO     planner memory limit: None

INFO     Running translator.
INFO     translator stdin: None
INFO     translator time limit: 299s
INFO     translator memory limit: None
INFO     translator command line string: /usr/bin/python3 /home/bharath/Desktop/GitHub/downward/builds/release/bin/translate/translate.py /home/bharath/Desktop/ISWC_test/best_planner/data/openstacks/domain-2.pddl /home/bharath/Desktop/ISWC_test/best_planner/data/openstacks/instance-2.pddl --sas-file output.sas
Parsing...
Parsing: [0.000s CPU, 0.008s wall-clock]
Normalizing task... [0.000s CPU, 0.001s wall-clock]
Instantiating...
Generating Datalog program... [0.010s CPU, 0.001s wall-clock]
Normalizing Datalog program...
Normalizing Datalog program: [0.000s CPU, 0.003s wall-clock]
Preparing model... [0.000s CPU, 0.003s wall-clock]
Generated 100 rules.
Computing model... [0.020s CPU, 0.021s wall-clock]
462 relevant atoms
442 auxiliary atoms
904 final queue length
1366 total queue pushes
Completing instantiation... [0.020s CPU, 0.014s wall-clock]
Instantiating: [0.050s CPU, 0.044s wall-clock]
Computing fact groups...
Finding invariants...
12 initial candidates
Finding invariants: [0.010s CPU, 0.015s wall-clock]
Checking invariant weight... [0.000s CPU, 0.000s wall-clock]
Instantiating groups... [0.000s CPU, 0.000s wall-clock]
Collecting mutex groups... [0.000s CPU, 0.000s wall-clock]
Choosing groups...
0 uncovered facts
Choosing groups: [0.000s CPU, 0.000s wall-clock]
Building translation key... [0.000s CPU, 0.000s wall-clock]
Computing fact groups: [0.010s CPU, 0.017s wall-clock]
Building STRIPS to SAS dictionary... [0.000s CPU, 0.000s wall-clock]
Building dictionary for full mutex groups... [0.010s CPU, 0.000s wall-clock]
Building mutex information...
Building mutex information: [0.000s CPU, 0.000s wall-clock]
Translating task...
Processing axioms...
Simplifying axioms... [0.000s CPU, 0.000s wall-clock]
Translator axioms removed by simplifying: 0
Computing negative axioms... [0.000s CPU, 0.000s wall-clock]
Processing axioms: [0.000s CPU, 0.001s wall-clock]
Translating task: [0.010s CPU, 0.013s wall-clock]
0 effect conditions simplified
0 implied preconditions added
Detecting unreachable propositions...
0 operators removed
0 axioms removed
23 propositions removed
Detecting unreachable propositions: [0.000s CPU, 0.005s wall-clock]
Reordering and filtering variables...
23 of 23 variables necessary.
0 of 34 mutex groups necessary.
264 of 264 operators necessary.
0 of 0 axiom rules necessary.
Reordering and filtering variables: [0.010s CPU, 0.002s wall-clock]
Translator variables: 23
Translator derived variables: 0
Translator facts: 67
Translator goal facts: 11
Translator mutex groups: 0
Translator total mutex groups size: 0
Translator operators: 264
Translator axioms: 0
Translator task size: 1581
Translator peak memory: 35200 KB
Writing output... [0.000s CPU, 0.002s wall-clock]
Done! [0.090s CPU, 0.094s wall-clock]
translate exit code: 0

INFO     Running search (release).
INFO     search stdin: output.sas
INFO     search time limit: 299s
INFO     search memory limit: None
INFO     search command line string: /home/bharath/Desktop/GitHub/downward/builds/release/bin/downward --search 'astar(lmcut())' --internal-plan-file /home/bharath/Desktop/ISWC_test/best_planner/ontology_policy_results/results/plan-openstacks-instance-2.txt < output.sas
[t=0s, 10980 KB] reading input...
[t=0.00400006s, 10980 KB] done reading input!
[t=0.00400006s, 11372 KB] Initializing landmark cut heuristic...
[t=0.00400006s, 11372 KB] Building successor generator...done!
[t=0.00400006s, 11372 KB] peak memory difference for successor generator creation: 0 KB
[t=0.00400006s, 11372 KB] time for successor generation creation: 0s
[t=0.00400006s, 11372 KB] Variables: 23
[t=0.00400006s, 11372 KB] FactPairs: 67
[t=0.00400006s, 11372 KB] Bytes per state: 8
[t=0.00400006s, 11372 KB] Conducting best first search with reopening closed nodes, (real) bound = 2147483647
[t=0.00400006s, 11372 KB] New best heuristic value for lmcut(): 1
[t=0.00400006s, 11372 KB] g=0, 1 evaluated, 0 expanded
[t=0.00400006s, 11372 KB] f = 1, 1 evaluated, 0 expanded
[t=0.00400006s, 11372 KB] Initial heuristic value for lmcut(): 1
[t=0.00400006s, 11372 KB] pruning method: none
[t=0.00400006s, 11372 KB] New best heuristic value for lmcut(): 0
[t=0.00400006s, 11372 KB] g=1, 2 evaluated, 1 expanded
[t=0.00400006s, 11372 KB] f = 2, 69 evaluated, 17 expanded
[t=0.0479999s, 11504 KB] f = 3, 4141 evaluated, 1701 expanded
[t=0.26801s, 12308 KB] f = 4, 26597 evaluated, 13445 expanded
[t=1.04398s, 15360 KB] f = 5, 102905 evaluated, 57589 expanded
[t=3.12394s, 25256 KB] Solution found!
[t=3.12394s, 25256 KB] Actual search time: 3.11994s
open-new-stack n0 n1 (1)
start-order o5 n1 n0 (0)
make-product-p10  (0)
ship-order-o5 n0 n1 (0)
start-order o4 n1 n0 (0)
make-product-p11  (0)
make-product-p9  (0)
ship-order-o4 n0 n1 (0)
open-new-stack n1 n2 (1)
start-order o10 n2 n1 (0)
start-order o6 n1 n0 (0)
make-product-p5  (0)
make-product-p7  (0)
ship-order-o6 n0 n1 (0)
ship-order-o10 n1 n2 (0)
start-order o11 n2 n1 (0)
start-order o3 n1 n0 (0)
make-product-p2  (0)
make-product-p8  (0)
ship-order-o3 n0 n1 (0)
ship-order-o11 n1 n2 (0)
start-order o7 n2 n1 (0)
make-product-p4  (0)
make-product-p6  (0)
open-new-stack n1 n2 (1)
start-order o2 n2 n1 (0)
make-product-p3  (0)
open-new-stack n1 n2 (1)
start-order o1 n2 n1 (0)
open-new-stack n1 n2 (1)
start-order o8 n2 n1 (0)
start-order o9 n1 n0 (0)
make-product-p1  (0)
ship-order-o2 n0 n1 (0)
ship-order-o7 n1 n2 (0)
ship-order-o1 n2 n3 (0)
ship-order-o8 n3 n4 (0)
ship-order-o9 n4 n5 (0)
[t=3.12394s, 25256 KB] Plan length: 38 step(s).
[t=3.12394s, 25256 KB] Plan cost: 5
[t=3.12394s, 25256 KB] Expanded 188533 state(s).
[t=3.12394s, 25256 KB] Reopened 0 state(s).
[t=3.12394s, 25256 KB] Evaluated 336296 state(s).
[t=3.12394s, 25256 KB] Evaluations: 336296
[t=3.12394s, 25256 KB] Generated 1112954 state(s).
[t=3.12394s, 25256 KB] Dead ends: 0 state(s).
[t=3.12394s, 25256 KB] Expanded until last jump: 57589 state(s).
[t=3.12394s, 25256 KB] Reopened until last jump: 0 state(s).
[t=3.12394s, 25256 KB] Evaluated until last jump: 102905 state(s).
[t=3.12394s, 25256 KB] Generated until last jump: 289803 state(s).
[t=3.12394s, 25256 KB] Number of registered states: 336296
[t=3.12394s, 25256 KB] Int hash set load factor: 336296/524288 = 0.641434
[t=3.12394s, 25256 KB] Int hash set resizes: 19
[t=3.12394s, 25256 KB] Search time: 3.11994s
[t=3.12394s, 25256 KB] Total time: 3.12394s
Solution found.
Peak memory: 25256 KB
Remove intermediate file output.sas
search exit code: 0

INFO     Planner time: 3.34s
