INFO     planner time limit: 300s
INFO     planner memory limit: None

INFO     Running translator.
INFO     translator stdin: None
INFO     translator time limit: 299s
INFO     translator memory limit: None
INFO     translator command line string: /usr/bin/python3 /home/bharath/Desktop/GitHub/downward/builds/release/bin/translate/translate.py /home/bharath/Desktop/ISWC_test/best_planner/data/tidybot/domain.pddl /home/bharath/Desktop/ISWC_test/best_planner/data/tidybot/instance-3.pddl --sas-file output.sas
Parsing...
Parsing: [0.010s CPU, 0.010s wall-clock]
Normalizing task... [0.010s CPU, 0.001s wall-clock]
Instantiating...
Generating Datalog program... [0.000s CPU, 0.002s wall-clock]
Normalizing Datalog program...
Normalizing Datalog program: [0.050s CPU, 0.047s wall-clock]
Preparing model... [0.010s CPU, 0.008s wall-clock]
Generated 400 rules.
Computing model... [0.270s CPU, 0.268s wall-clock]
8002 relevant atoms
14467 auxiliary atoms
22469 final queue length
43835 total queue pushes
Completing instantiation... [0.550s CPU, 0.546s wall-clock]
Instantiating: [0.880s CPU, 0.880s wall-clock]
Computing fact groups...
Finding invariants...
41 initial candidates
Finding invariants: [0.040s CPU, 0.037s wall-clock]
Checking invariant weight... [0.000s CPU, 0.000s wall-clock]
Instantiating groups... [0.000s CPU, 0.000s wall-clock]
Collecting mutex groups... [0.000s CPU, 0.000s wall-clock]
Choosing groups...
179 uncovered facts
Choosing groups: [0.000s CPU, 0.000s wall-clock]
Building translation key... [0.000s CPU, 0.001s wall-clock]
Computing fact groups: [0.040s CPU, 0.040s wall-clock]
Building STRIPS to SAS dictionary... [0.000s CPU, 0.000s wall-clock]
Building dictionary for full mutex groups... [0.000s CPU, 0.000s wall-clock]
Building mutex information...
Building mutex information: [0.000s CPU, 0.000s wall-clock]
Translating task...
Processing axioms...
Simplifying axioms... [0.000s CPU, 0.000s wall-clock]
Translator axioms removed by simplifying: 0
Computing negative axioms... [0.000s CPU, 0.000s wall-clock]
Processing axioms: [0.020s CPU, 0.026s wall-clock]
Translating task: [0.660s CPU, 0.654s wall-clock]
16333 effect conditions simplified
0 implied preconditions added
Detecting unreachable propositions...
0 operators removed
0 axioms removed
2 propositions removed
Detecting unreachable propositions: [0.300s CPU, 0.307s wall-clock]
Reordering and filtering variables...
181 of 181 variables necessary.
1 of 3 mutex groups necessary.
7687 of 7687 operators necessary.
0 of 0 axiom rules necessary.
Reordering and filtering variables: [0.160s CPU, 0.158s wall-clock]
Translator variables: 181
Translator derived variables: 0
Translator facts: 365
Translator goal facts: 4
Translator mutex groups: 1
Translator total mutex groups size: 2
Translator operators: 7687
Translator axioms: 0
Translator task size: 84888
Translator peak memory: 82128 KB
Writing output... [0.120s CPU, 0.118s wall-clock]
Done! [2.200s CPU, 2.195s wall-clock]
translate exit code: 0

INFO     Running search (release).
INFO     search stdin: output.sas
INFO     search time limit: 297s
INFO     search memory limit: None
INFO     search command line string: /home/bharath/Desktop/GitHub/downward/builds/release/bin/downward --search 'astar(lmcut())' --internal-plan-file /home/bharath/Desktop/ISWC_test/best_planner/ontology_policy_results/results/plan-tidybot-instance-3.txt < output.sas
[t=0.00797369s, 10980 KB] reading input...
[t=0.10376s, 14204 KB] done reading input!
[t=0.111771s, 16508 KB] Initializing landmark cut heuristic...
[t=0.111771s, 16508 KB] Building successor generator...done!
[t=0.123784s, 17996 KB] peak memory difference for successor generator creation: 1488 KB
[t=0.123784s, 17996 KB] time for successor generation creation: 0.0120133s
[t=0.123784s, 17996 KB] Variables: 181
[t=0.123784s, 17996 KB] FactPairs: 365
[t=0.123784s, 17996 KB] Bytes per state: 24
[t=0.123784s, 17996 KB] Conducting best first search with reopening closed nodes, (real) bound = 2147483647
[t=0.127791s, 17996 KB] New best heuristic value for lmcut(): 12
[t=0.127791s, 17996 KB] g=0, 1 evaluated, 0 expanded
[t=0.127791s, 17996 KB] f = 12, 1 evaluated, 0 expanded
[t=0.127791s, 17996 KB] Initial heuristic value for lmcut(): 12
[t=0.127791s, 17996 KB] pruning method: none
[t=0.1358s, 17996 KB] New best heuristic value for lmcut(): 11
[t=0.1358s, 17996 KB] g=1, 4 evaluated, 1 expanded
[t=0.143809s, 17996 KB] New best heuristic value for lmcut(): 10
[t=0.143809s, 17996 KB] g=2, 8 evaluated, 2 expanded
[t=0.155823s, 17996 KB] New best heuristic value for lmcut(): 9
[t=0.155823s, 17996 KB] g=3, 13 evaluated, 3 expanded
[t=0.163832s, 17996 KB] New best heuristic value for lmcut(): 8
[t=0.163832s, 17996 KB] g=4, 17 evaluated, 4 expanded
[t=0.191865s, 17996 KB] f = 13, 32 evaluated, 12 expanded
[t=0.195869s, 17996 KB] New best heuristic value for lmcut(): 7
[t=0.195869s, 17996 KB] g=6, 35 evaluated, 13 expanded
[t=0.231911s, 17996 KB] f = 14, 56 evaluated, 20 expanded
[t=0.384084s, 17996 KB] f = 15, 148 evaluated, 72 expanded
[t=0.400078s, 17996 KB] New best heuristic value for lmcut(): 6
[t=0.400078s, 17996 KB] g=9, 162 evaluated, 77 expanded
[t=0.616287s, 17996 KB] f = 16, 298 evaluated, 136 expanded
[t=0.616287s, 17996 KB] New best heuristic value for lmcut(): 4
[t=0.616287s, 17996 KB] g=11, 300 evaluated, 137 expanded
[t=0.62029s, 17996 KB] New best heuristic value for lmcut(): 3
[t=0.62029s, 17996 KB] g=13, 304 evaluated, 139 expanded
[t=0.624295s, 17996 KB] New best heuristic value for lmcut(): 2
[t=0.624295s, 17996 KB] g=14, 308 evaluated, 140 expanded
[t=0.624295s, 17996 KB] New best heuristic value for lmcut(): 1
[t=0.624295s, 17996 KB] g=15, 311 evaluated, 141 expanded
[t=0.624295s, 17996 KB] New best heuristic value for lmcut(): 0
[t=0.624295s, 17996 KB] g=16, 314 evaluated, 142 expanded
[t=0.624295s, 17996 KB] Solution found!
[t=0.624295s, 17996 KB] Actual search time: 0.496504s
unpark pr2 xrel0 yrel0 (1)
base-right pr2 x0 x1 y0 (1)
finish-object object1 x2 y3 (1)
finish-object object3 x3 y3 (1)
base-right pr2 x1 x2 y0 (1)
base-down pr2 x2 y0 y1 (1)
base-down pr2 x2 y1 y2 (1)
park pr2 (1)
get-right pr2 x2 y2 xrel0 x2 yrel0 y2 object0 x3 (1)
gripper-up pr2 x2 y2 xrel0 x2 yrel0 yrel-1 y2 y1 (1)
put-down pr2 x2 y2 xrel0 x2 yrel-1 y1 object0 y2 (1)
get-down pr2 x2 y2 xrel0 x2 yrel-1 y1 object2 y2 (1)
gripper-right pr2 x2 y2 xrel0 xrel1 x2 x3 yrel-1 y1 (1)
put-down pr2 x2 y2 xrel1 x3 yrel-1 y1 object2 y2 (1)
finish-object object0 x2 y2 (1)
finish-object object2 x3 y2 (1)
[t=0.624295s, 17996 KB] Plan length: 16 step(s).
[t=0.624295s, 17996 KB] Plan cost: 16
[t=0.624295s, 17996 KB] Expanded 143 state(s).
[t=0.624295s, 17996 KB] Reopened 0 state(s).
[t=0.624295s, 17996 KB] Evaluated 314 state(s).
[t=0.624295s, 17996 KB] Evaluations: 314
[t=0.624295s, 17996 KB] Generated 596 state(s).
[t=0.624295s, 17996 KB] Dead ends: 0 state(s).
[t=0.624295s, 17996 KB] Expanded until last jump: 136 state(s).
[t=0.624295s, 17996 KB] Reopened until last jump: 0 state(s).
[t=0.624295s, 17996 KB] Evaluated until last jump: 298 state(s).
[t=0.624295s, 17996 KB] Generated until last jump: 574 state(s).
[t=0.624295s, 17996 KB] Number of registered states: 314
[t=0.624295s, 17996 KB] Int hash set load factor: 314/512 = 0.613281
[t=0.624295s, 17996 KB] Int hash set resizes: 9
[t=0.624295s, 17996 KB] Search time: 0.500511s
[t=0.624295s, 17996 KB] Total time: 0.624295s
Solution found.
Peak memory: 17996 KB
Remove intermediate file output.sas
search exit code: 0

INFO     Planner time: 3.01s
