INFO     planner time limit: 300s
INFO     planner memory limit: None

INFO     Running translator.
INFO     translator stdin: None
INFO     translator time limit: 299s
INFO     translator memory limit: None
INFO     translator command line string: /usr/bin/python3 /home/bharath/Desktop/GitHub/downward/builds/release/bin/translate/translate.py /home/bharath/Desktop/ISWC_test/best_planner/data/pegsol/domain.pddl /home/bharath/Desktop/ISWC_test/best_planner/data/pegsol/instance-3.pddl --sas-file output.sas
Parsing...
Parsing: [0.000s CPU, 0.003s wall-clock]
Normalizing task... [0.000s CPU, 0.000s wall-clock]
Instantiating...
Generating Datalog program... [0.000s CPU, 0.001s wall-clock]
Normalizing Datalog program...
Normalizing Datalog program: [0.000s CPU, 0.002s wall-clock]
Preparing model... [0.010s CPU, 0.001s wall-clock]
Generated 25 rules.
Computing model... [0.010s CPU, 0.015s wall-clock]
461 relevant atoms
611 auxiliary atoms
1072 final queue length
1647 total queue pushes
Completing instantiation... [0.010s CPU, 0.014s wall-clock]
Instantiating: [0.030s CPU, 0.033s wall-clock]
Computing fact groups...
Finding invariants...
7 initial candidates
Finding invariants: [0.010s CPU, 0.007s wall-clock]
Checking invariant weight... [0.000s CPU, 0.001s wall-clock]
Instantiating groups... [0.000s CPU, 0.000s wall-clock]
Collecting mutex groups... [0.000s CPU, 0.000s wall-clock]
Choosing groups...
0 uncovered facts
Choosing groups: [0.000s CPU, 0.001s wall-clock]
Building translation key... [0.010s CPU, 0.000s wall-clock]
Computing fact groups: [0.020s CPU, 0.011s wall-clock]
Building STRIPS to SAS dictionary... [0.000s CPU, 0.000s wall-clock]
Building dictionary for full mutex groups... [0.000s CPU, 0.000s wall-clock]
Building mutex information...
Building mutex information: [0.000s CPU, 0.000s wall-clock]
Translating task...
Processing axioms...
Simplifying axioms... [0.000s CPU, 0.000s wall-clock]
Translator axioms removed by simplifying: 0
Computing negative axioms... [0.000s CPU, 0.000s wall-clock]
Processing axioms: [0.000s CPU, 0.002s wall-clock]
Translating task: [0.010s CPU, 0.017s wall-clock]
0 effect conditions simplified
0 implied preconditions added
Detecting unreachable propositions...
0 operators removed
0 axioms removed
34 propositions removed
Detecting unreachable propositions: [0.010s CPU, 0.009s wall-clock]
Reordering and filtering variables...
34 of 34 variables necessary.
0 of 34 mutex groups necessary.
185 of 185 operators necessary.
0 of 0 axiom rules necessary.
Reordering and filtering variables: [0.010s CPU, 0.008s wall-clock]
Translator variables: 34
Translator derived variables: 0
Translator facts: 100
Translator goal facts: 33
Translator mutex groups: 0
Translator total mutex groups size: 0
Translator operators: 185
Translator axioms: 0
Translator task size: 1634
Translator peak memory: 35196 KB
Writing output... [0.010s CPU, 0.003s wall-clock]
Done! [0.090s CPU, 0.088s wall-clock]
translate exit code: 0

INFO     Running search (release).
INFO     search portfolio: /home/bharath/Desktop/GitHub/downward/driver/portfolios/seq_opt_fdss_1.py
remaining time: 299.0
config 0: relative time 175, remaining 1631
args: ['/home/bharath/Desktop/GitHub/downward/builds/release/bin/downward', '--search', 'astar(merge_and_shrink(merge_strategy=merge_precomputed(merge_tree=linear(variable_order=reverse_level)),shrink_strategy=shrink_bisimulation(greedy=true),label_reduction=exact(before_shrinking=true,before_merging=false),max_states=infinity,threshold_before_merge=1))', '--internal-plan-file', '/home/bharath/Desktop/ISWC_test/best_planner/ontology_policy_results/results/plan-pegsol-instance-3.txt']
INFO     search stdin: output.sas
INFO     search time limit: 32s
INFO     search memory limit: None
INFO     search command line string: /home/bharath/Desktop/GitHub/downward/builds/release/bin/downward --search 'astar(merge_and_shrink(merge_strategy=merge_precomputed(merge_tree=linear(variable_order=reverse_level)),shrink_strategy=shrink_bisimulation(greedy=true),label_reduction=exact(before_shrinking=true,before_merging=false),max_states=infinity,threshold_before_merge=1))' --internal-plan-file /home/bharath/Desktop/ISWC_test/best_planner/ontology_policy_results/results/plan-pegsol-instance-3.txt < output.sas
[t=0.0040053s, 10980 KB] reading input...
[t=0.0079876s, 10980 KB] done reading input!
[t=0.0119875s, 11368 KB] Initializing merge-and-shrink heuristic...
[t=0.0119875s, 11368 KB] Running merge-and-shrink algorithm...
[t=0.0119875s, 11368 KB] Merge strategy options:
[t=0.0119875s, 11368 KB] Type: precomputed
[t=0.0119875s, 11368 KB] Merge tree options: 
[t=0.0119875s, 11368 KB] Type: linear
[t=0.0119875s, 11368 KB] Update option: use random
[t=0.0119875s, 11368 KB] Variable order type: by reverse level

[t=0.0119875s, 11368 KB] Options related to size limits and shrinking: 
[t=0.0119875s, 11368 KB] Transition system size limit: 2147483647
[t=0.0119875s, 11368 KB] Transition system size limit right before merge: 2147483647
[t=0.0119875s, 11368 KB] Threshold to trigger shrinking right before merge: 1

[t=0.0119875s, 11368 KB] Shrink strategy options: 
[t=0.0119875s, 11368 KB] Type: bisimulation
[t=0.0119875s, 11368 KB] Bisimulation type: greedy
[t=0.0119875s, 11368 KB] At limit: return

[t=0.0119875s, 11368 KB] Pruning unreachable states: yes
[t=0.0119875s, 11368 KB] Pruning irrelevant states: yes

[t=0.0119875s, 11368 KB] Label reduction options:
[t=0.0119875s, 11368 KB] Before merging: disabled
[t=0.0119875s, 11368 KB] Before shrinking: enabled
[t=0.0119875s, 11368 KB] Method: all transition systems with fixpoint computation
[t=0.0119875s, 11368 KB] System order: random

[t=0.0119875s, 11368 KB] Main loop max time in seconds: inf


[t=0.0119875s, 11368 KB] Building atomic transition systems... 
[t=0.0159873s, 11368 KB] M&S algorithm timer: 0.00399987s (after computation of atomic factors)

[t=0.0159873s, 11368 KB] Starting main loop without a time limit.
[t=0.0159873s, 11368 KB] building causal graph...done! [t=0s]
[t=0.0159873s, 11368 KB] Next pair of indices: (0, 1)
[t=0.0159873s, 11368 KB] M&S algorithm main loop timer: 0s (after computation of next merge)
[t=0.0559706s, 11368 KB] M&S algorithm main loop timer: 0.0399832s (after label reduction)
[t=0.0559706s, 11368 KB] M&S algorithm main loop timer: 0.0399832s (after merging)
[t=0.0559706s, 11368 KB] M&S algorithm main loop timer: 0.0399832s (after pruning)

[t=0.0559706s, 11368 KB] Next pair of indices: (34, 2)
[t=0.0559706s, 11368 KB] M&S algorithm main loop timer: 0.0399832s (after computation of next merge)
[t=0.0679693s, 11368 KB] M&S algorithm main loop timer: 0.0519819s (after merging)
[t=0.0679693s, 11368 KB] M&S algorithm main loop timer: 0.0519819s (after pruning)

[t=0.0679693s, 11368 KB] Next pair of indices: (35, 3)
[t=0.0679693s, 11368 KB] M&S algorithm main loop timer: 0.0519819s (after computation of next merge)
[t=0.080319s, 11368 KB] M&S algorithm main loop timer: 0.0643316s (after merging)
[t=0.080319s, 11368 KB] M&S algorithm main loop timer: 0.0643316s (after pruning)

[t=0.080319s, 11368 KB] Next pair of indices: (36, 4)
[t=0.080319s, 11368 KB] M&S algorithm main loop timer: 0.0643316s (after computation of next merge)
[t=0.111618s, 11368 KB] M&S algorithm main loop timer: 0.0956302s (after label reduction)
[t=0.111618s, 11368 KB] M&S algorithm main loop timer: 0.0956302s (after merging)
[t=0.111618s, 11368 KB] M&S algorithm main loop timer: 0.0956302s (after pruning)

[t=0.111618s, 11368 KB] Next pair of indices: (37, 5)
[t=0.111618s, 11368 KB] M&S algorithm main loop timer: 0.0956302s (after computation of next merge)
[t=0.127616s, 11500 KB] M&S algorithm main loop timer: 0.111629s (after merging)
[t=0.127616s, 11500 KB] M&S algorithm main loop timer: 0.111629s (after pruning)

[t=0.127616s, 11500 KB] Next pair of indices: (38, 6)
[t=0.127616s, 11500 KB] M&S algorithm main loop timer: 0.111629s (after computation of next merge)
[t=0.139621s, 11632 KB] M&S algorithm main loop timer: 0.123633s (after merging)
[t=0.139621s, 11632 KB] M&S algorithm main loop timer: 0.123633s (after pruning)

[t=0.139621s, 11632 KB] Next pair of indices: (39, 7)
[t=0.139621s, 11632 KB] M&S algorithm main loop timer: 0.123633s (after computation of next merge)
[t=0.151616s, 11632 KB] M&S algorithm main loop timer: 0.135628s (after label reduction)
[t=0.159617s, 12008 KB] M&S algorithm main loop timer: 0.143629s (after merging)
[t=0.159617s, 12008 KB] M&S algorithm main loop timer: 0.143629s (after pruning)

[t=0.159617s, 12008 KB] Next pair of indices: (40, 8)
[t=0.159617s, 12008 KB] M&S algorithm main loop timer: 0.143629s (after computation of next merge)
[t=0.179619s, 12804 KB] M&S algorithm main loop timer: 0.163631s (after merging)
[t=0.179619s, 12804 KB] M&S algorithm main loop timer: 0.163631s (after pruning)

[t=0.179619s, 12804 KB] Next pair of indices: (41, 9)
[t=0.179619s, 12804 KB] M&S algorithm main loop timer: 0.163631s (after computation of next merge)
[t=0.21962s, 14204 KB] M&S algorithm main loop timer: 0.203633s (after merging)
[t=0.227624s, 14204 KB] M&S algorithm main loop timer: 0.211637s (after pruning)

[t=0.227624s, 14204 KB] Next pair of indices: (42, 10)
[t=0.227624s, 14204 KB] M&S algorithm main loop timer: 0.211637s (after computation of next merge)
[t=0.243608s, 14204 KB] M&S algorithm main loop timer: 0.22762s (after label reduction)
[t=0.315603s, 16952 KB] M&S algorithm main loop timer: 0.299616s (after merging)
[t=0.323602s, 16952 KB] M&S algorithm main loop timer: 0.307614s (after pruning)

[t=0.323602s, 16952 KB] Next pair of indices: (43, 11)
[t=0.323602s, 16952 KB] M&S algorithm main loop timer: 0.307614s (after computation of next merge)
[t=0.479592s, 22524 KB] M&S algorithm main loop timer: 0.463605s (after merging)
[t=0.495592s, 22524 KB] M&S algorithm main loop timer: 0.479604s (after pruning)

[t=0.495592s, 22524 KB] Next pair of indices: (44, 12)
[t=0.495592s, 22524 KB] M&S algorithm main loop timer: 0.479604s (after computation of next merge)
[t=0.84361s, 33328 KB] M&S algorithm main loop timer: 0.827623s (after merging)
[t=0.867622s, 33328 KB] M&S algorithm main loop timer: 0.851634s (after pruning)

[t=0.867622s, 33328 KB] Next pair of indices: (45, 13)
[t=0.867622s, 33328 KB] M&S algorithm main loop timer: 0.851634s (after computation of next merge)
[t=0.887592s, 33328 KB] M&S algorithm main loop timer: 0.871604s (after label reduction)
[t=1.49516s, 53996 KB] M&S algorithm main loop timer: 1.47917s (after merging)
[t=1.54716s, 53996 KB] M&S algorithm main loop timer: 1.53117s (after pruning)

[t=1.54716s, 53996 KB] Next pair of indices: (46, 14)
[t=1.54716s, 53996 KB] M&S algorithm main loop timer: 1.53117s (after computation of next merge)
[t=3.18555s, 94076 KB] M&S algorithm main loop timer: 3.16956s (after merging)
[t=3.26955s, 94076 KB] M&S algorithm main loop timer: 3.25356s (after pruning)

[t=3.26955s, 94076 KB] Next pair of indices: (47, 15)
[t=3.26955s, 94076 KB] M&S algorithm main loop timer: 3.25356s (after computation of next merge)
[t=6.09277s, 108700 KB] M&S algorithm main loop timer: 6.07679s (after shrinking)
[t=6.98405s, 170556 KB] M&S algorithm main loop timer: 6.96806s (after merging)
[t=7.1759s, 170556 KB] M&S algorithm main loop timer: 7.15992s (after pruning)

[t=7.1759s, 170556 KB] Next pair of indices: (48, 16)
[t=7.1759s, 170556 KB] M&S algorithm main loop timer: 7.15992s (after computation of next merge)
[t=7.2679s, 170556 KB] M&S algorithm main loop timer: 7.25192s (after label reduction)
[t=12.5275s, 198724 KB] M&S algorithm main loop timer: 12.5115s (after shrinking)
[t=14.0712s, 319612 KB] M&S algorithm main loop timer: 14.0552s (after merging)
[t=14.4272s, 319612 KB] M&S algorithm main loop timer: 14.4112s (after pruning)

[t=14.4272s, 319612 KB] Next pair of indices: (49, 17)
[t=14.4272s, 319612 KB] M&S algorithm main loop timer: 14.4112s (after computation of next merge)
[t=14.4472s, 319612 KB] M&S algorithm main loop timer: 14.4312s (after label reduction)
[t=30.1809s, 402124 KB] M&S algorithm main loop timer: 30.1649s (after shrinking)
Peak memory: 605676 KB
caught signal 24 -- exiting
Time limit has been reached.
exitcode: 23

remaining time: 266.96000000000004
config 1: relative time 432, remaining 1456
args: ['/home/bharath/Desktop/GitHub/downward/builds/release/bin/downward', '--search', 'astar(merge_and_shrink(merge_strategy=merge_precomputed(merge_tree=linear(variable_order=reverse_level)),shrink_strategy=shrink_bisimulation(greedy=false),label_reduction=exact(before_shrinking=true,before_merging=false),max_states=200000))', '--internal-plan-file', '/home/bharath/Desktop/ISWC_test/best_planner/ontology_policy_results/results/plan-pegsol-instance-3.txt']
INFO     search stdin: output.sas
INFO     search time limit: 79s
INFO     search memory limit: None
INFO     search command line string: /home/bharath/Desktop/GitHub/downward/builds/release/bin/downward --search 'astar(merge_and_shrink(merge_strategy=merge_precomputed(merge_tree=linear(variable_order=reverse_level)),shrink_strategy=shrink_bisimulation(greedy=false),label_reduction=exact(before_shrinking=true,before_merging=false),max_states=200000))' --internal-plan-file /home/bharath/Desktop/ISWC_test/best_planner/ontology_policy_results/results/plan-pegsol-instance-3.txt < output.sas
[t=0s, 10980 KB] reading input...
[t=0.00399928s, 10980 KB] done reading input!
[t=0.00399928s, 11368 KB] Initializing merge-and-shrink heuristic...
[t=0.00399928s, 11368 KB] Running merge-and-shrink algorithm...
[t=0.00399928s, 11368 KB] Merge strategy options:
[t=0.00399928s, 11368 KB] Type: precomputed
[t=0.00399928s, 11368 KB] Merge tree options: 
[t=0.00399928s, 11368 KB] Type: linear
[t=0.00399928s, 11368 KB] Update option: use random
[t=0.00399928s, 11368 KB] Variable order type: by reverse level

[t=0.00399928s, 11368 KB] Options related to size limits and shrinking: 
[t=0.00399928s, 11368 KB] Transition system size limit: 200000
[t=0.00399928s, 11368 KB] Transition system size limit right before merge: 200000
[t=0.00399928s, 11368 KB] Threshold to trigger shrinking right before merge: 200000

[t=0.00399928s, 11368 KB] Shrink strategy options: 
[t=0.00399928s, 11368 KB] Type: bisimulation
[t=0.00399928s, 11368 KB] Bisimulation type: exact
[t=0.00399928s, 11368 KB] At limit: return

[t=0.00399928s, 11368 KB] Pruning unreachable states: yes
[t=0.00399928s, 11368 KB] Pruning irrelevant states: yes

[t=0.00399928s, 11368 KB] Label reduction options:
[t=0.00399928s, 11368 KB] Before merging: disabled
[t=0.00399928s, 11368 KB] Before shrinking: enabled
[t=0.00399928s, 11368 KB] Method: all transition systems with fixpoint computation
[t=0.00399928s, 11368 KB] System order: random

[t=0.00799868s, 11368 KB] Main loop max time in seconds: inf


[t=0.00799868s, 11368 KB] Building atomic transition systems... 
[t=0.00799868s, 11368 KB] M&S algorithm timer: 0.0039994s (after computation of atomic factors)

[t=0.00799868s, 11368 KB] Starting main loop without a time limit.
[t=0.00799868s, 11368 KB] building causal graph...done! [t=0s]
[t=0.00799868s, 11368 KB] Next pair of indices: (0, 1)
[t=0.00799868s, 11368 KB] M&S algorithm main loop timer: 0s (after computation of next merge)
[t=0.0399825s, 11368 KB] M&S algorithm main loop timer: 0.0319839s (after label reduction)
[t=0.0399825s, 11368 KB] M&S algorithm main loop timer: 0.0319839s (after merging)
[t=0.0399825s, 11368 KB] M&S algorithm main loop timer: 0.0319839s (after pruning)

[t=0.0399825s, 11368 KB] Next pair of indices: (34, 2)
[t=0.0399825s, 11368 KB] M&S algorithm main loop timer: 0.0319839s (after computation of next merge)
[t=0.051986s, 11368 KB] M&S algorithm main loop timer: 0.0439874s (after merging)
[t=0.0559843s, 11368 KB] M&S algorithm main loop timer: 0.0479856s (after pruning)

[t=0.0559843s, 11368 KB] Next pair of indices: (35, 3)
[t=0.0559843s, 11368 KB] M&S algorithm main loop timer: 0.0479856s (after computation of next merge)
[t=0.0639839s, 11368 KB] M&S algorithm main loop timer: 0.0559852s (after merging)
[t=0.0639839s, 11368 KB] M&S algorithm main loop timer: 0.0559852s (after pruning)

[t=0.0639839s, 11368 KB] Next pair of indices: (36, 4)
[t=0.0639839s, 11368 KB] M&S algorithm main loop timer: 0.0559852s (after computation of next merge)
[t=0.0839843s, 11368 KB] M&S algorithm main loop timer: 0.0759856s (after label reduction)
[t=0.0839843s, 11368 KB] M&S algorithm main loop timer: 0.0759856s (after merging)
[t=0.0839843s, 11368 KB] M&S algorithm main loop timer: 0.0759856s (after pruning)

[t=0.0839843s, 11368 KB] Next pair of indices: (37, 5)
[t=0.0839843s, 11368 KB] M&S algorithm main loop timer: 0.0759856s (after computation of next merge)
[t=0.0959848s, 11500 KB] M&S algorithm main loop timer: 0.0879861s (after merging)
[t=0.0959848s, 11500 KB] M&S algorithm main loop timer: 0.0879861s (after pruning)

[t=0.0959848s, 11500 KB] Next pair of indices: (38, 6)
[t=0.0959848s, 11500 KB] M&S algorithm main loop timer: 0.0879861s (after computation of next merge)
[t=0.103985s, 11632 KB] M&S algorithm main loop timer: 0.0959865s (after merging)
[t=0.103985s, 11632 KB] M&S algorithm main loop timer: 0.0959865s (after pruning)

[t=0.103985s, 11632 KB] Next pair of indices: (39, 7)
[t=0.103985s, 11632 KB] M&S algorithm main loop timer: 0.0959865s (after computation of next merge)
[t=0.115986s, 11632 KB] M&S algorithm main loop timer: 0.107987s (after label reduction)
[t=0.115986s, 12044 KB] M&S algorithm main loop timer: 0.107987s (after merging)
[t=0.115986s, 12044 KB] M&S algorithm main loop timer: 0.107987s (after pruning)

[t=0.115986s, 12044 KB] Next pair of indices: (40, 8)
[t=0.115986s, 12044 KB] M&S algorithm main loop timer: 0.107987s (after computation of next merge)
[t=0.131987s, 12780 KB] M&S algorithm main loop timer: 0.123989s (after merging)
[t=0.131987s, 12780 KB] M&S algorithm main loop timer: 0.123989s (after pruning)

[t=0.131987s, 12780 KB] Next pair of indices: (41, 9)
[t=0.131987s, 12780 KB] M&S algorithm main loop timer: 0.123989s (after computation of next merge)
[t=0.147991s, 14200 KB] M&S algorithm main loop timer: 0.139992s (after merging)
[t=0.151988s, 14200 KB] M&S algorithm main loop timer: 0.143989s (after pruning)

[t=0.151988s, 14200 KB] Next pair of indices: (42, 10)
[t=0.151988s, 14200 KB] M&S algorithm main loop timer: 0.143989s (after computation of next merge)
[t=0.163988s, 14200 KB] M&S algorithm main loop timer: 0.155989s (after label reduction)
[t=0.18399s, 16976 KB] M&S algorithm main loop timer: 0.175992s (after merging)
[t=0.187991s, 16976 KB] M&S algorithm main loop timer: 0.179992s (after pruning)

[t=0.187991s, 16976 KB] Next pair of indices: (43, 11)
[t=0.187991s, 16976 KB] M&S algorithm main loop timer: 0.179992s (after computation of next merge)
[t=0.236002s, 22532 KB] M&S algorithm main loop timer: 0.228003s (after merging)
[t=0.243967s, 22532 KB] M&S algorithm main loop timer: 0.235969s (after pruning)

[t=0.243967s, 22532 KB] Next pair of indices: (44, 12)
[t=0.243967s, 22532 KB] M&S algorithm main loop timer: 0.235969s (after computation of next merge)
[t=0.335961s, 33328 KB] M&S algorithm main loop timer: 0.327963s (after merging)
[t=0.355959s, 33328 KB] M&S algorithm main loop timer: 0.34796s (after pruning)

[t=0.355959s, 33328 KB] Next pair of indices: (45, 13)
[t=0.355959s, 33328 KB] M&S algorithm main loop timer: 0.34796s (after computation of next merge)
[t=0.375959s, 33328 KB] M&S algorithm main loop timer: 0.36796s (after label reduction)
[t=0.619816s, 36712 KB] M&S algorithm main loop timer: 0.611818s (after shrinking)
[t=0.735615s, 45736 KB] M&S algorithm main loop timer: 0.727617s (after merging)
[t=0.771616s, 45736 KB] M&S algorithm main loop timer: 0.763618s (after pruning)

[t=0.771616s, 45736 KB] Next pair of indices: (46, 14)
[t=0.771616s, 45736 KB] M&S algorithm main loop timer: 0.763618s (after computation of next merge)
[t=1.03948s, 51604 KB] M&S algorithm main loop timer: 1.03148s (after shrinking)
[t=1.18734s, 57592 KB] M&S algorithm main loop timer: 1.17935s (after merging)
[t=1.23135s, 57592 KB] M&S algorithm main loop timer: 1.22335s (after pruning)

[t=1.23135s, 57592 KB] Next pair of indices: (47, 15)
[t=1.23135s, 57592 KB] M&S algorithm main loop timer: 1.22335s (after computation of next merge)
[t=1.55901s, 60012 KB] M&S algorithm main loop timer: 1.55101s (after shrinking)
[t=1.75502s, 73148 KB] M&S algorithm main loop timer: 1.74702s (after merging)
[t=1.823s, 79556 KB] M&S algorithm main loop timer: 1.81501s (after pruning)

[t=1.823s, 79556 KB] Next pair of indices: (48, 16)
[t=1.827s, 79556 KB] M&S algorithm main loop timer: 1.81901s (after computation of next merge)
[t=1.94699s, 79556 KB] M&S algorithm main loop timer: 1.93899s (after label reduction)
[t=2.55899s, 84180 KB] M&S algorithm main loop timer: 2.55099s (after shrinking)
[t=2.9507s, 120592 KB] M&S algorithm main loop timer: 2.9427s (after merging)
[t=3.09851s, 133068 KB] M&S algorithm main loop timer: 3.09051s (after pruning)

[t=3.09851s, 133068 KB] Next pair of indices: (49, 17)
[t=3.09851s, 133068 KB] M&S algorithm main loop timer: 3.09051s (after computation of next merge)
[t=3.10651s, 133068 KB] M&S algorithm main loop timer: 3.09851s (after label reduction)
[t=4.04139s, 134584 KB] M&S algorithm main loop timer: 4.03339s (after shrinking)
[t=4.65289s, 177400 KB] M&S algorithm main loop timer: 4.64489s (after merging)
[t=4.89666s, 200076 KB] M&S algorithm main loop timer: 4.88866s (after pruning)

[t=4.89666s, 200076 KB] Next pair of indices: (50, 18)
[t=4.89666s, 200076 KB] M&S algorithm main loop timer: 4.88866s (after computation of next merge)
[t=6.01265s, 200768 KB] M&S algorithm main loop timer: 6.00465s (after shrinking)
[t=6.82002s, 222248 KB] M&S algorithm main loop timer: 6.81202s (after merging)
[t=7.14789s, 251344 KB] M&S algorithm main loop timer: 7.13989s (after pruning)

[t=7.14789s, 251344 KB] Next pair of indices: (51, 19)
[t=7.14789s, 251344 KB] M&S algorithm main loop timer: 7.13989s (after computation of next merge)
[t=7.723s, 251344 KB] M&S algorithm main loop timer: 7.715s (after label reduction)
[t=9.62064s, 266304 KB] M&S algorithm main loop timer: 9.61265s (after shrinking)
[t=10.5155s, 266304 KB] M&S algorithm main loop timer: 10.5075s (after merging)
[t=10.8615s, 273992 KB] M&S algorithm main loop timer: 10.8535s (after pruning)

[t=10.8615s, 273992 KB] Next pair of indices: (52, 20)
[t=10.8615s, 273992 KB] M&S algorithm main loop timer: 10.8535s (after computation of next merge)
[t=10.8734s, 273992 KB] M&S algorithm main loop timer: 10.8654s (after label reduction)
[t=12.003s, 273992 KB] M&S algorithm main loop timer: 11.995s (after shrinking)
[t=12.5242s, 273992 KB] M&S algorithm main loop timer: 12.5162s (after merging)
[t=12.7151s, 273992 KB] M&S algorithm main loop timer: 12.7071s (after pruning)

[t=12.7151s, 273992 KB] Next pair of indices: (53, 21)
[t=12.7151s, 273992 KB] M&S algorithm main loop timer: 12.7071s (after computation of next merge)
[t=13.304s, 273992 KB] M&S algorithm main loop timer: 13.296s (after shrinking)
[t=13.4353s, 273992 KB] M&S algorithm main loop timer: 13.4273s (after merging)
[t=13.487s, 273992 KB] M&S algorithm main loop timer: 13.479s (after pruning)

[t=13.487s, 273992 KB] Next pair of indices: (54, 22)
[t=13.487s, 273992 KB] M&S algorithm main loop timer: 13.479s (after computation of next merge)
[t=13.5666s, 273992 KB] M&S algorithm main loop timer: 13.5586s (after label reduction)
[t=13.8372s, 273992 KB] M&S algorithm main loop timer: 13.8292s (after merging)
[t=13.9367s, 273992 KB] M&S algorithm main loop timer: 13.9287s (after pruning)

[t=13.9367s, 273992 KB] Next pair of indices: (55, 23)
[t=13.9367s, 273992 KB] M&S algorithm main loop timer: 13.9287s (after computation of next merge)
[t=13.9446s, 273992 KB] M&S algorithm main loop timer: 13.9366s (after label reduction)
[t=14.5016s, 273992 KB] M&S algorithm main loop timer: 14.4936s (after merging)
[t=14.7004s, 273992 KB] M&S algorithm main loop timer: 14.6924s (after pruning)

[t=14.7004s, 273992 KB] Next pair of indices: (56, 24)
[t=14.7004s, 273992 KB] M&S algorithm main loop timer: 14.6924s (after computation of next merge)
[t=15.293s, 273992 KB] M&S algorithm main loop timer: 15.285s (after shrinking)
[t=15.3009s, 273992 KB] M&S algorithm main loop timer: 15.2929s (after merging)
[t=15.3049s, 273992 KB] M&S algorithm main loop timer: 15.2969s (after pruning)

[t=15.3049s, 273992 KB] Next pair of indices: (57, 25)
[t=15.3049s, 273992 KB] M&S algorithm main loop timer: 15.2969s (after computation of next merge)
[t=15.3089s, 273992 KB] M&S algorithm main loop timer: 15.3009s (after label reduction)
[t=15.3248s, 273992 KB] M&S algorithm main loop timer: 15.3168s (after merging)
[t=15.3288s, 273992 KB] M&S algorithm main loop timer: 15.3208s (after pruning)

[t=15.3288s, 273992 KB] Next pair of indices: (58, 26)
[t=15.3288s, 273992 KB] M&S algorithm main loop timer: 15.3208s (after computation of next merge)
[t=15.3408s, 273992 KB] M&S algorithm main loop timer: 15.3328s (after label reduction)
[t=15.3724s, 273992 KB] M&S algorithm main loop timer: 15.3644s (after merging)
[t=15.3843s, 273992 KB] M&S algorithm main loop timer: 15.3763s (after pruning)

[t=15.3843s, 273992 KB] Next pair of indices: (59, 27)
[t=15.3843s, 273992 KB] M&S algorithm main loop timer: 15.3763s (after computation of next merge)
[t=15.3963s, 273992 KB] M&S algorithm main loop timer: 15.3883s (after label reduction)
[t=15.4599s, 273992 KB] M&S algorithm main loop timer: 15.4519s (after merging)
[t=15.4798s, 273992 KB] M&S algorithm main loop timer: 15.4718s (after pruning)

[t=15.4798s, 273992 KB] Next pair of indices: (60, 28)
[t=15.4798s, 273992 KB] M&S algorithm main loop timer: 15.4718s (after computation of next merge)
[t=15.5196s, 273992 KB] M&S algorithm main loop timer: 15.5116s (after label reduction)
[t=15.6429s, 273992 KB] M&S algorithm main loop timer: 15.6349s (after merging)
[t=15.6867s, 273992 KB] M&S algorithm main loop timer: 15.6787s (after pruning)

[t=15.6867s, 273992 KB] Next pair of indices: (61, 29)
[t=15.6867s, 273992 KB] M&S algorithm main loop timer: 15.6787s (after computation of next merge)
[t=15.7543s, 273992 KB] M&S algorithm main loop timer: 15.7463s (after label reduction)
[t=15.9969s, 273992 KB] M&S algorithm main loop timer: 15.9889s (after merging)
[t=16.0805s, 273992 KB] M&S algorithm main loop timer: 16.0725s (after pruning)

[t=16.0805s, 273992 KB] Next pair of indices: (62, 30)
[t=16.0805s, 273992 KB] M&S algorithm main loop timer: 16.0725s (after computation of next merge)
[t=16.2714s, 273992 KB] M&S algorithm main loop timer: 16.2634s (after label reduction)
[t=16.7647s, 273992 KB] M&S algorithm main loop timer: 16.7607s (after merging)
[t=16.9198s, 273992 KB] M&S algorithm main loop timer: 16.9118s (after pruning)

[t=16.9198s, 273992 KB] Next pair of indices: (63, 31)
[t=16.9198s, 273992 KB] M&S algorithm main loop timer: 16.9118s (after computation of next merge)
[t=17.2503s, 273992 KB] M&S algorithm main loop timer: 17.2423s (after label reduction)
[t=19.0142s, 273992 KB] M&S algorithm main loop timer: 19.0062s (after shrinking)
[t=19.3647s, 273992 KB] M&S algorithm main loop timer: 19.3567s (after merging)
[t=19.4921s, 273992 KB] M&S algorithm main loop timer: 19.4841s (after pruning)

[t=19.4921s, 273992 KB] Next pair of indices: (64, 32)
[t=19.4921s, 273992 KB] M&S algorithm main loop timer: 19.4841s (after computation of next merge)
[t=19.8266s, 273992 KB] M&S algorithm main loop timer: 19.8186s (after label reduction)
[t=20.9816s, 273992 KB] M&S algorithm main loop timer: 20.9736s (after shrinking)
[t=21.4154s, 273992 KB] M&S algorithm main loop timer: 21.4074s (after merging)
[t=21.5705s, 273992 KB] M&S algorithm main loop timer: 21.5625s (after pruning)

[t=21.5705s, 273992 KB] Next pair of indices: (65, 33)
[t=21.5705s, 273992 KB] M&S algorithm main loop timer: 21.5625s (after computation of next merge)
[t=22.0959s, 273992 KB] M&S algorithm main loop timer: 22.0879s (after label reduction)
[t=23.5738s, 273992 KB] M&S algorithm main loop timer: 23.5658s (after shrinking)
[t=24.0918s, 273992 KB] M&S algorithm main loop timer: 24.0838s (after merging)
[t=24.283s, 273992 KB] M&S algorithm main loop timer: 24.275s (after pruning)

[t=24.283s, 273992 KB] End of merge-and-shrink algorithm, statistics:
[t=24.283s, 273992 KB] Main loop runtime: 24.275s
[t=24.283s, 273992 KB] Maximum intermediate abstraction size: 199888
[t=24.283s, 273992 KB] Final peak memory increase of merge-and-shrink algorithm: 262624 KB
[t=24.283s, 273992 KB] Merge-and-shrink algorithm runtime: 24.279s

[t=24.283s, 273992 KB] Number of remaining factors: 1
[t=24.283s, 273992 KB] Number of factors kept: 1
[t=24.283s, 273992 KB] Done initializing merge-and-shrink heuristic.

[t=24.283s, 273992 KB] Building successor generator...done!
[t=24.283s, 273992 KB] peak memory difference for successor generator creation: 0 KB
[t=24.283s, 273992 KB] time for successor generation creation: 0s
[t=24.283s, 273992 KB] Variables: 34
[t=24.283s, 273992 KB] FactPairs: 100
[t=24.283s, 273992 KB] Bytes per state: 8
[t=24.283s, 273992 KB] Conducting best first search with reopening closed nodes, (real) bound = 2147483647
[t=24.283s, 273992 KB] New best heuristic value for merge_and_shrink(merge_strategy=merge_precomputed(merge_tree=linear(variable_order=reverse_level)),shrink_strategy=shrink_bisimulation(greedy=false),label_reduction=exact(before_shrinking=true,before_merging=false),max_states=200000): 4
[t=24.283s, 273992 KB] g=0, 1 evaluated, 0 expanded
[t=24.283s, 273992 KB] f = 4, 1 evaluated, 0 expanded
[t=24.283s, 273992 KB] Initial heuristic value for merge_and_shrink(merge_strategy=merge_precomputed(merge_tree=linear(variable_order=reverse_level)),shrink_strategy=shrink_bisimulation(greedy=false),label_reduction=exact(before_shrinking=true,before_merging=false),max_states=200000): 4
[t=24.283s, 273992 KB] pruning method: none
[t=24.283s, 273992 KB] New best heuristic value for merge_and_shrink(merge_strategy=merge_precomputed(merge_tree=linear(variable_order=reverse_level)),shrink_strategy=shrink_bisimulation(greedy=false),label_reduction=exact(before_shrinking=true,before_merging=false),max_states=200000): 3
[t=24.283s, 273992 KB] g=1, 3 evaluated, 1 expanded
[t=24.283s, 273992 KB] New best heuristic value for merge_and_shrink(merge_strategy=merge_precomputed(merge_tree=linear(variable_order=reverse_level)),shrink_strategy=shrink_bisimulation(greedy=false),label_reduction=exact(before_shrinking=true,before_merging=false),max_states=200000): 2
[t=24.283s, 273992 KB] g=2, 37 evaluated, 15 expanded
[t=24.283s, 273992 KB] New best heuristic value for merge_and_shrink(merge_strategy=merge_precomputed(merge_tree=linear(variable_order=reverse_level)),shrink_strategy=shrink_bisimulation(greedy=false),label_reduction=exact(before_shrinking=true,before_merging=false),max_states=200000): 1
[t=24.283s, 273992 KB] g=3, 137 evaluated, 41 expanded
[t=24.287s, 273992 KB] f = 5, 172 evaluated, 52 expanded
[t=24.291s, 273992 KB] f = 6, 1381 evaluated, 564 expanded
[t=24.3069s, 273992 KB] f = 7, 5912 evaluated, 3035 expanded
[t=24.3149s, 273992 KB] New best heuristic value for merge_and_shrink(merge_strategy=merge_precomputed(merge_tree=linear(variable_order=reverse_level)),shrink_strategy=shrink_bisimulation(greedy=false),label_reduction=exact(before_shrinking=true,before_merging=false),max_states=200000): 0
[t=24.3149s, 273992 KB] g=7, 8462 evaluated, 4974 expanded
[t=24.3149s, 273992 KB] Solution found!
[t=24.3149s, 273992 KB] Actual search time: 0.0318782s
jump-new-move pos-5-4 pos-4-4 pos-3-4 (1)
jump-continue-move pos-3-4 pos-2-4 pos-1-4 (0)
jump-continue-move pos-1-4 pos-1-3 pos-1-2 (0)
jump-continue-move pos-1-2 pos-2-2 pos-3-2 (0)
jump-continue-move pos-3-2 pos-4-2 pos-5-2 (0)
end-move pos-5-2 (0)
jump-new-move pos-4-6 pos-4-5 pos-4-4 (1)
end-move pos-4-4 (0)
jump-new-move pos-6-4 pos-6-3 pos-6-2 (1)
jump-continue-move pos-6-2 pos-5-2 pos-4-2 (0)
end-move pos-4-2 (0)
jump-new-move pos-4-1 pos-4-2 pos-4-3 (1)
jump-continue-move pos-4-3 pos-4-4 pos-4-5 (0)
end-move pos-4-5 (0)
jump-new-move pos-2-6 pos-3-6 pos-4-6 (1)
jump-continue-move pos-4-6 pos-4-5 pos-4-4 (0)
end-move pos-4-4 (0)
jump-new-move pos-2-5 pos-3-5 pos-4-5 (1)
jump-continue-move pos-4-5 pos-4-4 pos-4-3 (0)
end-move pos-4-3 (0)
jump-new-move pos-5-3 pos-4-3 pos-3-3 (1)
[t=24.3149s, 273992 KB] Plan length: 21 step(s).
[t=24.3149s, 273992 KB] Plan cost: 7
[t=24.3149s, 273992 KB] Expanded 4975 state(s).
[t=24.3149s, 273992 KB] Reopened 0 state(s).
[t=24.3149s, 273992 KB] Evaluated 8462 state(s).
[t=24.3149s, 273992 KB] Evaluations: 8462
[t=24.3149s, 273992 KB] Generated 11413 state(s).
[t=24.3149s, 273992 KB] Dead ends: 9 state(s).
[t=24.3149s, 273992 KB] Expanded until last jump: 3035 state(s).
[t=24.3149s, 273992 KB] Reopened until last jump: 0 state(s).
[t=24.3149s, 273992 KB] Evaluated until last jump: 5912 state(s).
[t=24.3149s, 273992 KB] Generated until last jump: 7618 state(s).
[t=24.3149s, 273992 KB] Number of registered states: 8462
[t=24.3149s, 273992 KB] Int hash set load factor: 8462/16384 = 0.516479
[t=24.3149s, 273992 KB] Int hash set resizes: 14
[t=24.3149s, 273992 KB] Search time: 0.0318782s
[t=24.3149s, 273992 KB] Total time: 24.3149s
Solution found.
Peak memory: 273992 KB
exitcode: 0

Exit codes: [23, 0]
Remove intermediate file output.sas
search exit code: 2

INFO     Planner time: 56.67s
