INFO     planner time limit: 300s
INFO     planner memory limit: None

INFO     Running translator.
INFO     translator stdin: None
INFO     translator time limit: 299s
INFO     translator memory limit: None
INFO     translator command line string: /usr/bin/python3 /home/bharath/Desktop/GitHub/downward/builds/release/bin/translate/translate.py /home/bharath/Desktop/ISWC_test/best_planner/data/scanalyzer/domain.pddl /home/bharath/Desktop/ISWC_test/best_planner/data/scanalyzer/instance-2.pddl --sas-file output.sas
Parsing...
Parsing: [0.000s CPU, 0.005s wall-clock]
Normalizing task... [0.000s CPU, 0.000s wall-clock]
Instantiating...
Generating Datalog program... [0.000s CPU, 0.001s wall-clock]
Normalizing Datalog program...
Normalizing Datalog program: [0.010s CPU, 0.007s wall-clock]
Preparing model... [0.000s CPU, 0.002s wall-clock]
Generated 51 rules.
Computing model... [0.010s CPU, 0.014s wall-clock]
523 relevant atoms
876 auxiliary atoms
1399 final queue length
2335 total queue pushes
Completing instantiation... [0.030s CPU, 0.017s wall-clock]
Instantiating: [0.050s CPU, 0.042s wall-clock]
Computing fact groups...
Finding invariants...
5 initial candidates
Finding invariants: [0.010s CPU, 0.017s wall-clock]
Checking invariant weight... [0.000s CPU, 0.000s wall-clock]
Instantiating groups... [0.000s CPU, 0.000s wall-clock]
Collecting mutex groups... [0.000s CPU, 0.000s wall-clock]
Choosing groups...
6 uncovered facts
Choosing groups: [0.000s CPU, 0.000s wall-clock]
Building translation key... [0.000s CPU, 0.000s wall-clock]
Computing fact groups: [0.010s CPU, 0.018s wall-clock]
Building STRIPS to SAS dictionary... [0.000s CPU, 0.000s wall-clock]
Building dictionary for full mutex groups... [0.000s CPU, 0.000s wall-clock]
Building mutex information...
Building mutex information: [0.000s CPU, 0.000s wall-clock]
Translating task...
Processing axioms...
Simplifying axioms... [0.000s CPU, 0.000s wall-clock]
Translator axioms removed by simplifying: 0
Computing negative axioms... [0.000s CPU, 0.000s wall-clock]
Processing axioms: [0.000s CPU, 0.001s wall-clock]
Translating task: [0.020s CPU, 0.014s wall-clock]
0 effect conditions simplified
0 implied preconditions added
Detecting unreachable propositions...
0 operators removed
0 axioms removed
6 propositions removed
Detecting unreachable propositions: [0.000s CPU, 0.006s wall-clock]
Reordering and filtering variables...
12 of 12 variables necessary.
6 of 12 mutex groups necessary.
360 of 360 operators necessary.
0 of 0 axiom rules necessary.
Reordering and filtering variables: [0.010s CPU, 0.002s wall-clock]
Translator variables: 12
Translator derived variables: 0
Translator facts: 48
Translator goal facts: 12
Translator mutex groups: 6
Translator total mutex groups size: 36
Translator operators: 360
Translator axioms: 0
Translator task size: 1998
Translator peak memory: 36324 KB
Writing output... [0.000s CPU, 0.005s wall-clock]
Done! [0.090s CPU, 0.094s wall-clock]
translate exit code: 0

INFO     Running search (release).
INFO     search portfolio: /home/bharath/Desktop/GitHub/downward/driver/portfolios/seq_opt_fdss_1.py
remaining time: 299.0
config 0: relative time 175, remaining 1631
args: ['/home/bharath/Desktop/GitHub/downward/builds/release/bin/downward', '--search', 'astar(merge_and_shrink(merge_strategy=merge_precomputed(merge_tree=linear(variable_order=reverse_level)),shrink_strategy=shrink_bisimulation(greedy=true),label_reduction=exact(before_shrinking=true,before_merging=false),max_states=infinity,threshold_before_merge=1))', '--internal-plan-file', '/home/bharath/Desktop/ISWC_test/best_planner/ontology_policy_results/results/plan-scanalyzer-instance-2.txt']
INFO     search stdin: output.sas
INFO     search time limit: 32s
INFO     search memory limit: None
INFO     search command line string: /home/bharath/Desktop/GitHub/downward/builds/release/bin/downward --search 'astar(merge_and_shrink(merge_strategy=merge_precomputed(merge_tree=linear(variable_order=reverse_level)),shrink_strategy=shrink_bisimulation(greedy=true),label_reduction=exact(before_shrinking=true,before_merging=false),max_states=infinity,threshold_before_merge=1))' --internal-plan-file /home/bharath/Desktop/ISWC_test/best_planner/ontology_policy_results/results/plan-scanalyzer-instance-2.txt < output.sas
[t=0.0040007s, 10980 KB] reading input...
[t=0.0119998s, 11104 KB] done reading input!
[t=0.0159995s, 11360 KB] Initializing merge-and-shrink heuristic...
[t=0.0159995s, 11360 KB] Running merge-and-shrink algorithm...
[t=0.0159995s, 11360 KB] Merge strategy options:
[t=0.0159995s, 11360 KB] Type: precomputed
[t=0.0159995s, 11360 KB] Merge tree options: 
[t=0.0159995s, 11360 KB] Type: linear
[t=0.0159995s, 11360 KB] Update option: use random
[t=0.0159995s, 11360 KB] Variable order type: by reverse level

[t=0.0159995s, 11360 KB] Options related to size limits and shrinking: 
[t=0.0159995s, 11360 KB] Transition system size limit: 2147483647
[t=0.0159995s, 11360 KB] Transition system size limit right before merge: 2147483647
[t=0.0159995s, 11360 KB] Threshold to trigger shrinking right before merge: 1

[t=0.0159995s, 11360 KB] Shrink strategy options: 
[t=0.0159995s, 11360 KB] Type: bisimulation
[t=0.0159995s, 11360 KB] Bisimulation type: greedy
[t=0.0159995s, 11360 KB] At limit: return

[t=0.0159995s, 11360 KB] Pruning unreachable states: yes
[t=0.0159995s, 11360 KB] Pruning irrelevant states: yes

[t=0.0159995s, 11360 KB] Label reduction options:
[t=0.0159995s, 11360 KB] Before merging: disabled
[t=0.0159995s, 11360 KB] Before shrinking: enabled
[t=0.0159995s, 11360 KB] Method: all transition systems with fixpoint computation
[t=0.0159995s, 11360 KB] System order: random

[t=0.0159995s, 11360 KB] Main loop max time in seconds: inf


[t=0.0159995s, 11360 KB] Building atomic transition systems... 
[t=0.0159995s, 11360 KB] M&S algorithm timer: 0s (after computation of atomic factors)

[t=0.0159995s, 11360 KB] Starting main loop without a time limit.
[t=0.0159995s, 11360 KB] building causal graph...done! [t=0s]
[t=0.0159995s, 11360 KB] Next pair of indices: (0, 1)
[t=0.0200001s, 11360 KB] M&S algorithm main loop timer: 0.00400061s (after computation of next merge)
[t=0.024001s, 11360 KB] M&S algorithm main loop timer: 0.00800149s (after merging)

[t=0.024001s, 11360 KB] Next pair of indices: (12, 2)
[t=0.024001s, 11360 KB] M&S algorithm main loop timer: 0.00800149s (after computation of next merge)
[t=0.0280007s, 11360 KB] M&S algorithm main loop timer: 0.0120012s (after label reduction)
[t=0.032008s, 11360 KB] M&S algorithm main loop timer: 0.0160085s (after merging)

[t=0.032008s, 11360 KB] Next pair of indices: (13, 3)
[t=0.032008s, 11360 KB] M&S algorithm main loop timer: 0.0160085s (after computation of next merge)
[t=0.032008s, 11360 KB] M&S algorithm main loop timer: 0.0200009s (after label reduction)
[t=0.0360004s, 11360 KB] M&S algorithm main loop timer: 0.0200009s (after shrinking)
[t=0.0360004s, 11892 KB] M&S algorithm main loop timer: 0.0200009s (after merging)

[t=0.0360004s, 11892 KB] Next pair of indices: (14, 4)
[t=0.0360004s, 11892 KB] M&S algorithm main loop timer: 0.0200009s (after computation of next merge)
[t=0.0400011s, 11892 KB] M&S algorithm main loop timer: 0.0280009s (after label reduction)
[t=0.0480067s, 11892 KB] M&S algorithm main loop timer: 0.0320073s (after shrinking)
[t=0.0679937s, 15192 KB] M&S algorithm main loop timer: 0.0519942s (after merging)

[t=0.0679937s, 15192 KB] Next pair of indices: (15, 5)
[t=0.0679937s, 15192 KB] M&S algorithm main loop timer: 0.0519942s (after computation of next merge)
[t=0.0875962s, 15272 KB] M&S algorithm main loop timer: 0.0715967s (after label reduction)
[t=0.154939s, 15272 KB] M&S algorithm main loop timer: 0.138939s (after shrinking)
[t=0.214921s, 20972 KB] M&S algorithm main loop timer: 0.198922s (after merging)
[t=0.218921s, 22480 KB] M&S algorithm main loop timer: 0.202921s (after pruning)

[t=0.218921s, 22480 KB] Next pair of indices: (16, 6)
[t=0.218921s, 22480 KB] M&S algorithm main loop timer: 0.202921s (after computation of next merge)
[t=0.218921s, 22480 KB] M&S algorithm main loop timer: 0.202921s (after label reduction)
[t=0.218921s, 22480 KB] M&S algorithm main loop timer: 0.202921s (after shrinking)
[t=0.218921s, 22480 KB] M&S algorithm main loop timer: 0.202921s (after merging)

[t=0.218921s, 22480 KB] Next pair of indices: (17, 7)
[t=0.218921s, 22480 KB] M&S algorithm main loop timer: 0.202921s (after computation of next merge)
[t=0.218921s, 22480 KB] M&S algorithm main loop timer: 0.202921s (after shrinking)
[t=0.218921s, 22480 KB] M&S algorithm main loop timer: 0.202921s (after merging)

[t=0.218921s, 22480 KB] Next pair of indices: (18, 8)
[t=0.218921s, 22480 KB] M&S algorithm main loop timer: 0.202921s (after computation of next merge)
[t=0.218921s, 22480 KB] M&S algorithm main loop timer: 0.202921s (after label reduction)
[t=0.218921s, 22480 KB] M&S algorithm main loop timer: 0.202921s (after shrinking)
[t=0.218921s, 22480 KB] M&S algorithm main loop timer: 0.202921s (after merging)

[t=0.218921s, 22480 KB] Next pair of indices: (19, 9)
[t=0.218921s, 22480 KB] M&S algorithm main loop timer: 0.202921s (after computation of next merge)
[t=0.218921s, 22480 KB] M&S algorithm main loop timer: 0.202921s (after label reduction)
[t=0.218921s, 22480 KB] M&S algorithm main loop timer: 0.202921s (after merging)

[t=0.218921s, 22480 KB] Next pair of indices: (20, 10)
[t=0.218921s, 22480 KB] M&S algorithm main loop timer: 0.202921s (after computation of next merge)
[t=0.218921s, 22480 KB] M&S algorithm main loop timer: 0.202921s (after label reduction)
[t=0.218921s, 22480 KB] M&S algorithm main loop timer: 0.202921s (after shrinking)
[t=0.218921s, 22480 KB] M&S algorithm main loop timer: 0.202921s (after merging)

[t=0.218921s, 22480 KB] Next pair of indices: (21, 11)
[t=0.218921s, 22480 KB] M&S algorithm main loop timer: 0.202921s (after computation of next merge)
[t=0.218921s, 22480 KB] M&S algorithm main loop timer: 0.202921s (after label reduction)
[t=0.22292s, 22480 KB] M&S algorithm main loop timer: 0.206921s (after shrinking)
[t=0.22292s, 22480 KB] M&S algorithm main loop timer: 0.206921s (after merging)

[t=0.22292s, 22480 KB] End of merge-and-shrink algorithm, statistics:
[t=0.22292s, 22480 KB] Main loop runtime: 0.206921s
[t=0.22292s, 22480 KB] Maximum intermediate abstraction size: 37134
[t=0.22292s, 22480 KB] Final peak memory increase of merge-and-shrink algorithm: 11120 KB
[t=0.22292s, 22480 KB] Merge-and-shrink algorithm runtime: 0.206921s

[t=0.22292s, 22480 KB] Number of remaining factors: 1
[t=0.22292s, 22480 KB] Number of factors kept: 1
[t=0.22292s, 22480 KB] Done initializing merge-and-shrink heuristic.

[t=0.22292s, 22480 KB] Building successor generator...done!
[t=0.22292s, 22480 KB] peak memory difference for successor generator creation: 0 KB
[t=0.22292s, 22480 KB] time for successor generation creation: 0s
[t=0.22292s, 22480 KB] Variables: 12
[t=0.22292s, 22480 KB] FactPairs: 48
[t=0.22292s, 22480 KB] Bytes per state: 4
[t=0.22292s, 22480 KB] Conducting best first search with reopening closed nodes, (real) bound = 2147483647
[t=0.22292s, 22480 KB] New best heuristic value for merge_and_shrink(merge_strategy=merge_precomputed(merge_tree=linear(variable_order=reverse_level)),shrink_strategy=shrink_bisimulation(greedy=true),label_reduction=exact(before_shrinking=true,before_merging=false),max_states=infinity,threshold_before_merge=1): 18
[t=0.22292s, 22480 KB] g=0, 1 evaluated, 0 expanded
[t=0.22292s, 22480 KB] f = 18, 1 evaluated, 0 expanded
[t=0.22292s, 22480 KB] Initial heuristic value for merge_and_shrink(merge_strategy=merge_precomputed(merge_tree=linear(variable_order=reverse_level)),shrink_strategy=shrink_bisimulation(greedy=true),label_reduction=exact(before_shrinking=true,before_merging=false),max_states=infinity,threshold_before_merge=1): 18
[t=0.22292s, 22480 KB] pruning method: none
[t=0.22292s, 22480 KB] New best heuristic value for merge_and_shrink(merge_strategy=merge_precomputed(merge_tree=linear(variable_order=reverse_level)),shrink_strategy=shrink_bisimulation(greedy=true),label_reduction=exact(before_shrinking=true,before_merging=false),max_states=infinity,threshold_before_merge=1): 15
[t=0.22292s, 22480 KB] g=3, 2 evaluated, 1 expanded
[t=0.22292s, 22480 KB] New best heuristic value for merge_and_shrink(merge_strategy=merge_precomputed(merge_tree=linear(variable_order=reverse_level)),shrink_strategy=shrink_bisimulation(greedy=true),label_reduction=exact(before_shrinking=true,before_merging=false),max_states=infinity,threshold_before_merge=1): 12
[t=0.22292s, 22480 KB] g=6, 14 evaluated, 2 expanded
[t=0.22292s, 22480 KB] New best heuristic value for merge_and_shrink(merge_strategy=merge_precomputed(merge_tree=linear(variable_order=reverse_level)),shrink_strategy=shrink_bisimulation(greedy=true),label_reduction=exact(before_shrinking=true,before_merging=false),max_states=infinity,threshold_before_merge=1): 11
[t=0.22292s, 22480 KB] g=9, 29 evaluated, 3 expanded
[t=0.22292s, 22480 KB] f = 20, 109 evaluated, 10 expanded
[t=0.22292s, 22480 KB] New best heuristic value for merge_and_shrink(merge_strategy=merge_precomputed(merge_tree=linear(variable_order=reverse_level)),shrink_strategy=shrink_bisimulation(greedy=true),label_reduction=exact(before_shrinking=true,before_merging=false),max_states=infinity,threshold_before_merge=1): 10
[t=0.22292s, 22480 KB] g=12, 110 evaluated, 11 expanded
[t=0.22292s, 22480 KB] New best heuristic value for merge_and_shrink(merge_strategy=merge_precomputed(merge_tree=linear(variable_order=reverse_level)),shrink_strategy=shrink_bisimulation(greedy=true),label_reduction=exact(before_shrinking=true,before_merging=false),max_states=infinity,threshold_before_merge=1): 8
[t=0.22292s, 22480 KB] g=12, 116 evaluated, 11 expanded
[t=0.22292s, 22480 KB] New best heuristic value for merge_and_shrink(merge_strategy=merge_precomputed(merge_tree=linear(variable_order=reverse_level)),shrink_strategy=shrink_bisimulation(greedy=true),label_reduction=exact(before_shrinking=true,before_merging=false),max_states=infinity,threshold_before_merge=1): 7
[t=0.22292s, 22480 KB] g=13, 165 evaluated, 17 expanded
[t=0.22292s, 22480 KB] New best heuristic value for merge_and_shrink(merge_strategy=merge_precomputed(merge_tree=linear(variable_order=reverse_level)),shrink_strategy=shrink_bisimulation(greedy=true),label_reduction=exact(before_shrinking=true,before_merging=false),max_states=infinity,threshold_before_merge=1): 6
[t=0.22292s, 22480 KB] g=16, 176 evaluated, 18 expanded
[t=0.254923s, 22480 KB] f = 22, 8691 evaluated, 1841 expanded
[t=0.254923s, 22480 KB] New best heuristic value for merge_and_shrink(merge_strategy=merge_precomputed(merge_tree=linear(variable_order=reverse_level)),shrink_strategy=shrink_bisimulation(greedy=true),label_reduction=exact(before_shrinking=true,before_merging=false),max_states=infinity,threshold_before_merge=1): 5
[t=0.254923s, 22480 KB] g=17, 8692 evaluated, 1842 expanded
[t=0.254923s, 22480 KB] New best heuristic value for merge_and_shrink(merge_strategy=merge_precomputed(merge_tree=linear(variable_order=reverse_level)),shrink_strategy=shrink_bisimulation(greedy=true),label_reduction=exact(before_shrinking=true,before_merging=false),max_states=infinity,threshold_before_merge=1): 4
[t=0.254923s, 22480 KB] g=20, 8718 evaluated, 1845 expanded
[t=0.262899s, 22480 KB] New best heuristic value for merge_and_shrink(merge_strategy=merge_precomputed(merge_tree=linear(variable_order=reverse_level)),shrink_strategy=shrink_bisimulation(greedy=true),label_reduction=exact(before_shrinking=true,before_merging=false),max_states=infinity,threshold_before_merge=1): 2
[t=0.262899s, 22480 KB] g=20, 9630 evaluated, 2105 expanded
[t=0.262899s, 22480 KB] New best heuristic value for merge_and_shrink(merge_strategy=merge_precomputed(merge_tree=linear(variable_order=reverse_level)),shrink_strategy=shrink_bisimulation(greedy=true),label_reduction=exact(before_shrinking=true,before_merging=false),max_states=infinity,threshold_before_merge=1): 1
[t=0.262899s, 22480 KB] g=21, 9635 evaluated, 2106 expanded
[t=0.262899s, 22480 KB] New best heuristic value for merge_and_shrink(merge_strategy=merge_precomputed(merge_tree=linear(variable_order=reverse_level)),shrink_strategy=shrink_bisimulation(greedy=true),label_reduction=exact(before_shrinking=true,before_merging=false),max_states=infinity,threshold_before_merge=1): 0
[t=0.262899s, 22480 KB] g=22, 9645 evaluated, 2107 expanded
[t=0.262899s, 22480 KB] Solution found!
[t=0.262899s, 22480 KB] Actual search time: 0.0399794s
analyze-2 seg-in-1 seg-out-1 car-in-1 car-out-1 (3)
analyze-2 seg-in-2 seg-out-1 car-in-2 car-in-1 (3)
analyze-2 seg-in-3 seg-out-1 car-in-3 car-in-2 (3)
rotate-2 seg-in-3 seg-out-2 car-in-2 car-out-2 (1)
analyze-2 seg-in-3 seg-out-1 car-out-2 car-in-3 (3)
rotate-2 seg-in-2 seg-out-3 car-in-1 car-out-3 (1)
analyze-2 seg-in-2 seg-out-1 car-out-3 car-out-2 (3)
analyze-2 seg-in-1 seg-out-1 car-out-1 car-out-3 (3)
rotate-2 seg-in-1 seg-out-3 car-out-3 car-in-1 (1)
rotate-2 seg-in-2 seg-out-2 car-out-2 car-in-2 (1)
[t=0.262899s, 22480 KB] Plan length: 10 step(s).
[t=0.262899s, 22480 KB] Plan cost: 22
[t=0.262899s, 22480 KB] Expanded 2108 state(s).
[t=0.262899s, 22480 KB] Reopened 0 state(s).
[t=0.262899s, 22480 KB] Evaluated 9649 state(s).
[t=0.262899s, 22480 KB] Evaluations: 9649
[t=0.262899s, 22480 KB] Generated 25284 state(s).
[t=0.262899s, 22480 KB] Dead ends: 0 state(s).
[t=0.262899s, 22480 KB] Expanded until last jump: 1841 state(s).
[t=0.262899s, 22480 KB] Reopened until last jump: 0 state(s).
[t=0.262899s, 22480 KB] Evaluated until last jump: 8691 state(s).
[t=0.262899s, 22480 KB] Generated until last jump: 22092 state(s).
[t=0.262899s, 22480 KB] Number of registered states: 9649
[t=0.262899s, 22480 KB] Int hash set load factor: 9649/16384 = 0.588928
[t=0.262899s, 22480 KB] Int hash set resizes: 14
[t=0.262899s, 22480 KB] Search time: 0.0399794s
[t=0.262899s, 22480 KB] Total time: 0.262899s
Solution found.
Peak memory: 22480 KB
exitcode: 0

Exit codes: [0]
Remove intermediate file output.sas
search exit code: 0

INFO     Planner time: 0.52s
