INFO     planner time limit: 300s
INFO     planner memory limit: None

INFO     Running translator.
INFO     translator stdin: None
INFO     translator time limit: 299s
INFO     translator memory limit: None
INFO     translator command line string: /usr/bin/python3 /home/bharath/Desktop/GitHub/downward/builds/release/bin/translate/translate.py /home/bharath/Desktop/ISWC_test/best_planner/data/barman/domain.pddl /home/bharath/Desktop/ISWC_test/best_planner/data/barman/instance-2.pddl --sas-file output.sas
Parsing...
Parsing: [0.020s CPU, 0.006s wall-clock]
Normalizing task... [0.000s CPU, 0.000s wall-clock]
Instantiating...
Generating Datalog program... [0.000s CPU, 0.001s wall-clock]
Normalizing Datalog program...
Normalizing Datalog program: [0.000s CPU, 0.006s wall-clock]
Preparing model... [0.010s CPU, 0.004s wall-clock]
Generated 115 rules.
Computing model... [0.020s CPU, 0.019s wall-clock]
593 relevant atoms
673 auxiliary atoms
1266 final queue length
2072 total queue pushes
Completing instantiation... [0.020s CPU, 0.021s wall-clock]
Instantiating: [0.050s CPU, 0.051s wall-clock]
Computing fact groups...
Finding invariants...
24 initial candidates
Finding invariants: [0.010s CPU, 0.018s wall-clock]
Checking invariant weight... [0.000s CPU, 0.000s wall-clock]
Instantiating groups... [0.000s CPU, 0.000s wall-clock]
Collecting mutex groups... [0.000s CPU, 0.000s wall-clock]
Choosing groups...
59 uncovered facts
Choosing groups: [0.000s CPU, 0.000s wall-clock]
Building translation key... [0.000s CPU, 0.000s wall-clock]
Computing fact groups: [0.020s CPU, 0.019s wall-clock]
Building STRIPS to SAS dictionary... [0.000s CPU, 0.000s wall-clock]
Building dictionary for full mutex groups... [0.000s CPU, 0.000s wall-clock]
Building mutex information...
Building mutex information: [0.000s CPU, 0.000s wall-clock]
Translating task...
Processing axioms...
Simplifying axioms... [0.000s CPU, 0.000s wall-clock]
Translator axioms removed by simplifying: 0
Computing negative axioms... [0.000s CPU, 0.000s wall-clock]
Processing axioms: [0.000s CPU, 0.001s wall-clock]
Translating task: [0.030s CPU, 0.029s wall-clock]
592 effect conditions simplified
0 implied preconditions added
Detecting unreachable propositions...
0 operators removed
0 axioms removed
3 propositions removed
Detecting unreachable propositions: [0.010s CPU, 0.018s wall-clock]
Reordering and filtering variables...
62 of 62 variables necessary.
5 of 8 mutex groups necessary.
358 of 358 operators necessary.
0 of 0 axiom rules necessary.
Reordering and filtering variables: [0.010s CPU, 0.006s wall-clock]
Translator variables: 62
Translator derived variables: 0
Translator facts: 133
Translator goal facts: 3
Translator mutex groups: 5
Translator total mutex groups size: 15
Translator operators: 358
Translator axioms: 0
Translator task size: 3439
Translator peak memory: 36200 KB
Writing output... [0.010s CPU, 0.009s wall-clock]
Done! [0.150s CPU, 0.141s wall-clock]
translate exit code: 0

INFO     Running search (release).
INFO     search stdin: output.sas
INFO     search time limit: 299s
INFO     search memory limit: None
INFO     search command line string: /home/bharath/Desktop/GitHub/downward/builds/release/bin/downward --search 'astar(lmcut())' --internal-plan-file /home/bharath/Desktop/ISWC_test/best_planner/ontology_policy_results/results/plan-barman-instance-2.txt < output.sas
[t=0.00399826s, 10980 KB] reading input...
[t=0.00399826s, 11104 KB] done reading input!
[t=0.00800049s, 11516 KB] Initializing landmark cut heuristic...
[t=0.00800049s, 11516 KB] Building successor generator...done!
[t=0.00800049s, 11516 KB] peak memory difference for successor generator creation: 0 KB
[t=0.00800049s, 11516 KB] time for successor generation creation: 0s
[t=0.00800049s, 11516 KB] Variables: 62
[t=0.00800049s, 11516 KB] FactPairs: 133
[t=0.00800049s, 11516 KB] Bytes per state: 12
[t=0.00800049s, 11516 KB] Conducting best first search with reopening closed nodes, (real) bound = 2147483647
[t=0.00800049s, 11516 KB] New best heuristic value for lmcut(): 37
[t=0.00800049s, 11516 KB] g=0, 1 evaluated, 0 expanded
[t=0.00800049s, 11516 KB] f = 37, 1 evaluated, 0 expanded
[t=0.00800049s, 11516 KB] Initial heuristic value for lmcut(): 37
[t=0.00800049s, 11516 KB] pruning method: none
[t=0.00800049s, 11516 KB] New best heuristic value for lmcut(): 36
[t=0.00800049s, 11516 KB] g=1, 2 evaluated, 1 expanded
[t=0.00800049s, 11516 KB] New best heuristic value for lmcut(): 17
[t=0.00800049s, 11516 KB] g=1, 4 evaluated, 1 expanded
[t=0.0159883s, 11516 KB] f = 38, 55 evaluated, 30 expanded
[t=0.0719961s, 11516 KB] f = 39, 358 evaluated, 209 expanded, 15 reopened
[t=0.151394s, 11516 KB] f = 40, 743 evaluated, 449 expanded, 72 reopened
[t=0.175387s, 11516 KB] New best heuristic value for lmcut(): 16
[t=0.175387s, 11516 KB] g=16, 944 evaluated, 496 expanded, 72 reopened
[t=0.203389s, 11516 KB] f = 41, 1123 evaluated, 639 expanded, 124 reopened
[t=0.314758s, 11516 KB] f = 42, 1822 evaluated, 1042 expanded, 203 reopened
[t=0.31876s, 11516 KB] New best heuristic value for lmcut(): 12
[t=0.31876s, 11516 KB] g=35, 1850 evaluated, 1051 expanded, 203 reopened
[t=0.330752s, 11516 KB] New best heuristic value for lmcut(): 11
[t=0.330752s, 11516 KB] g=35, 1949 evaluated, 1069 expanded, 203 reopened
[t=0.334751s, 11516 KB] New best heuristic value for lmcut(): 10
[t=0.334751s, 11516 KB] g=35, 1983 evaluated, 1078 expanded, 203 reopened
[t=0.338758s, 11516 KB] New best heuristic value for lmcut(): 9
[t=0.338758s, 11516 KB] g=35, 1993 evaluated, 1080 expanded, 203 reopened
[t=0.398726s, 11516 KB] f = 43, 2428 evaluated, 1406 expanded, 287 reopened
[t=0.446728s, 11516 KB] New best heuristic value for lmcut(): 8
[t=0.446728s, 11516 KB] g=35, 2796 evaluated, 1525 expanded, 287 reopened
[t=0.446728s, 11516 KB] New best heuristic value for lmcut(): 7
[t=0.446728s, 11516 KB] g=36, 2803 evaluated, 1526 expanded, 287 reopened
[t=0.46273s, 11516 KB] New best heuristic value for lmcut(): 6
[t=0.46273s, 11516 KB] g=36, 2941 evaluated, 1566 expanded, 287 reopened
[t=0.602736s, 11652 KB] f = 44, 3886 evaluated, 1898 expanded, 314 reopened
[t=0.970752s, 11776 KB] f = 45, 6481 evaluated, 2933 expanded, 324 reopened
[t=1.54674s, 11908 KB] f = 46, 10413 evaluated, 4616 expanded, 347 reopened
[t=2.3667s, 12308 KB] f = 47, 15992 evaluated, 7176 expanded, 410 reopened
[t=3.28261s, 12576 KB] f = 48, 22187 evaluated, 10296 expanded, 471 reopened
[t=4.26654s, 12708 KB] f = 49, 28951 evaluated, 13840 expanded, 558 reopened
[t=5.27033s, 13356 KB] f = 50, 35959 evaluated, 17806 expanded, 660 reopened
[t=5.92228s, 13364 KB] f = 51, 40850 evaluated, 20894 expanded, 738 reopened
[t=6.42221s, 13496 KB] f = 52, 44653 evaluated, 23058 expanded, 775 reopened
[t=6.92623s, 13628 KB] f = 53, 48357 evaluated, 25511 expanded, 965 reopened
[t=7.43372s, 13760 KB] f = 54, 52193 evaluated, 27517 expanded, 1093 reopened
[t=8.05368s, 14032 KB] f = 55, 56766 evaluated, 30491 expanded, 1426 reopened
[t=8.93366s, 15060 KB] f = 56, 63046 evaluated, 34641 expanded, 2140 reopened
[t=10.4296s, 15080 KB] f = 57, 73570 evaluated, 40134 expanded, 2671 reopened
[t=12.729s, 15624 KB] f = 58, 88845 evaluated, 47691 expanded, 3013 reopened
[t=16.4236s, 16296 KB] f = 59, 111577 evaluated, 58955 expanded, 3296 reopened
[t=20.599s, 18348 KB] f = 60, 138418 evaluated, 73754 expanded, 3654 reopened
[t=25.3376s, 19324 KB] f = 61, 167883 evaluated, 91518 expanded, 4126 reopened
[t=27.2291s, 19724 KB] New best heuristic value for lmcut(): 4
[t=27.2291s, 19724 KB] g=56, 179942 evaluated, 98990 expanded, 4261 reopened
[t=27.2331s, 19724 KB] New best heuristic value for lmcut(): 3
[t=27.2331s, 19724 KB] g=58, 179962 evaluated, 98994 expanded, 4261 reopened
[t=30.256s, 20396 KB] f = 62, 199555 evaluated, 111814 expanded, 4607 reopened
[t=34.6473s, 25028 KB] f = 63, 227628 evaluated, 132053 expanded, 4988 reopened
[t=37.7426s, 25028 KB] f = 64, 247752 evaluated, 149128 expanded, 5599 reopened
[t=40.022s, 25028 KB] f = 65, 263405 evaluated, 162121 expanded, 5970 reopened
[t=42.229s, 25028 KB] f = 66, 278213 evaluated, 172420 expanded, 6206 reopened
[t=43.8928s, 25264 KB] f = 67, 289711 evaluated, 180265 expanded, 6467 reopened
[t=45.8768s, 25808 KB] f = 68, 303659 evaluated, 189692 expanded, 7181 reopened
[t=48.6767s, 26352 KB] f = 69, 322716 evaluated, 201122 expanded, 7908 reopened
[t=53.0439s, 27288 KB] f = 70, 351952 evaluated, 218811 expanded, 8984 reopened
[t=59.3906s, 28768 KB] f = 71, 394130 evaluated, 244282 expanded, 10838 reopened
[t=68.4616s, 38436 KB] f = 72, 455516 evaluated, 279694 expanded, 12381 reopened
[t=80.3122s, 38436 KB] f = 73, 534024 evaluated, 327685 expanded, 14561 reopened
[t=93.8499s, 40484 KB] f = 74, 625668 evaluated, 390680 expanded, 18230 reopened
[t=107.071s, 43440 KB] f = 75, 717439 evaluated, 457183 expanded, 20245 reopened
[t=118.321s, 46008 KB] f = 76, 798014 evaluated, 524913 expanded, 22001 reopened
[t=127.926s, 63616 KB] f = 77, 868622 evaluated, 589270 expanded, 24109 reopened
[t=135.511s, 63616 KB] f = 78, 925535 evaluated, 642757 expanded, 25894 reopened
[t=141.609s, 63616 KB] f = 79, 972123 evaluated, 684032 expanded, 26836 reopened
[t=146.873s, 63616 KB] f = 80, 1011679 evaluated, 719037 expanded, 27748 reopened
[t=151.08s, 63616 KB] f = 81, 1043525 evaluated, 747516 expanded, 28502 reopened
[t=155.411s, 63616 KB] f = 82, 1074892 evaluated, 773819 expanded, 29198 reopened
[t=161.573s, 64240 KB] f = 83, 1116999 evaluated, 803387 expanded, 30579 reopened
[t=170.225s, 66004 KB] f = 84, 1176280 evaluated, 843771 expanded, 32251 reopened
[t=180.605s, 68300 KB] f = 85, 1247661 evaluated, 897831 expanded, 34658 reopened
[t=190.85s, 70600 KB] f = 86, 1321040 evaluated, 960575 expanded, 36985 reopened
[t=201.039s, 73032 KB] f = 87, 1395995 evaluated, 1030184 expanded, 39062 reopened
[t=209.993s, 75204 KB] f = 88, 1465137 evaluated, 1103088 expanded, 41492 reopened
[t=217.884s, 77104 KB] f = 89, 1528040 evaluated, 1172767 expanded, 44175 reopened
[t=225.082s, 79008 KB] f = 90, 1586285 evaluated, 1234493 expanded, 45633 reopened
[t=226.214s, 79280 KB] New best heuristic value for lmcut(): 2
[t=226.214s, 79280 KB] g=88, 1596200 evaluated, 1242329 expanded, 45824 reopened
[t=226.214s, 79280 KB] New best heuristic value for lmcut(): 1
[t=226.214s, 79280 KB] g=89, 1596204 evaluated, 1242330 expanded, 45824 reopened
[t=226.214s, 79280 KB] New best heuristic value for lmcut(): 0
[t=226.214s, 79280 KB] g=90, 1596212 evaluated, 1242331 expanded, 45824 reopened
[t=226.214s, 79280 KB] Solution found!
[t=226.214s, 79280 KB] Actual search time: 226.206s
grasp right shot4 (1)
fill-shot shot4 ingredient3 right left dispenser3 (10)
pour-shot-to-clean-shaker shot4 ingredient3 shaker1 right l0 l1 (1)
clean-shot shot4 ingredient3 right left (1)
fill-shot shot4 ingredient2 right left dispenser2 (10)
pour-shot-to-used-shaker shot4 ingredient2 shaker1 right l1 l2 (1)
refill-shot shot4 ingredient2 right left dispenser2 (10)
grasp left shaker1 (1)
leave right shot4 (1)
shake cocktail1 ingredient2 ingredient3 shaker1 left right (1)
pour-shaker-to-shot cocktail1 shot2 left shaker1 l2 l1 (1)
empty-shaker left shaker1 cocktail1 l1 l0 (1)
clean-shaker left right shaker1 (1)
grasp right shot4 (1)
leave left shaker1 (1)
pour-shot-to-clean-shaker shot4 ingredient2 shaker1 right l0 l1 (1)
clean-shot shot4 ingredient2 right left (1)
fill-shot shot4 ingredient1 right left dispenser1 (10)
pour-shot-to-used-shaker shot4 ingredient1 shaker1 right l1 l2 (1)
grasp left shaker1 (1)
leave right shot4 (1)
shake cocktail3 ingredient1 ingredient2 shaker1 left right (1)
pour-shaker-to-shot cocktail3 shot3 left shaker1 l2 l1 (1)
empty-shaker left shaker1 cocktail3 l1 l0 (1)
clean-shaker left right shaker1 (1)
leave left shaker1 (1)
grasp left shot4 (1)
refill-shot shot4 ingredient1 left right dispenser1 (10)
pour-shot-to-clean-shaker shot4 ingredient1 shaker1 left l0 l1 (1)
clean-shot shot4 ingredient1 left right (1)
fill-shot shot4 ingredient2 left right dispenser2 (10)
grasp right shaker1 (1)
pour-shot-to-used-shaker shot4 ingredient2 shaker1 left l1 l2 (1)
leave left shot4 (1)
shake cocktail2 ingredient1 ingredient2 shaker1 right left (1)
pour-shaker-to-shot cocktail2 shot1 right shaker1 l2 l1 (1)
[t=226.214s, 79280 KB] Plan length: 36 step(s).
[t=226.214s, 79280 KB] Plan cost: 90
[t=226.214s, 79280 KB] Expanded 1242332 state(s).
[t=226.214s, 79280 KB] Reopened 45824 state(s).
[t=226.214s, 79280 KB] Evaluated 1596212 state(s).
[t=226.214s, 79280 KB] Evaluations: 1596212
[t=226.214s, 79280 KB] Generated 5658539 state(s).
[t=226.214s, 79280 KB] Dead ends: 225573 state(s).
[t=226.214s, 79280 KB] Expanded until last jump: 1234493 state(s).
[t=226.214s, 79280 KB] Reopened until last jump: 45633 state(s).
[t=226.214s, 79280 KB] Evaluated until last jump: 1586285 state(s).
[t=226.214s, 79280 KB] Generated until last jump: 5622884 state(s).
[t=226.214s, 79280 KB] Number of registered states: 1596212
[t=226.214s, 79280 KB] Int hash set load factor: 1596212/2097152 = 0.761133
[t=226.214s, 79280 KB] Int hash set resizes: 21
[t=226.214s, 79280 KB] Search time: 226.206s
[t=226.214s, 79280 KB] Total time: 226.214s
Solution found.
Peak memory: 79280 KB
Remove intermediate file output.sas
search exit code: 0

INFO     Planner time: 226.50s
