INFO     planner time limit: 300s
INFO     planner memory limit: None

INFO     Running translator.
INFO     translator stdin: None
INFO     translator time limit: 299s
INFO     translator memory limit: None
INFO     translator command line string: /usr/bin/python3 /home/bharath/Desktop/GitHub/downward/builds/release/bin/translate/translate.py /home/bharath/Desktop/ISWC_test/best_planner/data/nomystery/domain.pddl /home/bharath/Desktop/ISWC_test/best_planner/data/nomystery/instance-2.pddl --sas-file output.sas
Parsing...
Parsing: [0.030s CPU, 0.036s wall-clock]
Normalizing task... [0.020s CPU, 0.002s wall-clock]
Instantiating...
Generating Datalog program... [0.010s CPU, 0.017s wall-clock]
Normalizing Datalog program...
Normalizing Datalog program: [0.000s CPU, 0.002s wall-clock]
Preparing model... [0.050s CPU, 0.051s wall-clock]
Generated 23 rules.
Computing model... [0.140s CPU, 0.141s wall-clock]
7390 relevant atoms
13407 auxiliary atoms
20797 final queue length
23056 total queue pushes
Completing instantiation... [0.060s CPU, 0.064s wall-clock]
Instantiating: [0.270s CPU, 0.281s wall-clock]
Computing fact groups...
Finding invariants...
9 initial candidates
Finding invariants: [0.010s CPU, 0.004s wall-clock]
Checking invariant weight... [0.000s CPU, 0.003s wall-clock]
Instantiating groups... [0.000s CPU, 0.001s wall-clock]
Collecting mutex groups... [0.000s CPU, 0.000s wall-clock]
Choosing groups...
0 uncovered facts
Choosing groups: [0.000s CPU, 0.000s wall-clock]
Building translation key... [0.000s CPU, 0.000s wall-clock]
Computing fact groups: [0.010s CPU, 0.009s wall-clock]
Building STRIPS to SAS dictionary... [0.000s CPU, 0.000s wall-clock]
Building dictionary for full mutex groups... [0.000s CPU, 0.000s wall-clock]
Building mutex information...
Building mutex information: [0.000s CPU, 0.000s wall-clock]
Translating task...
Processing axioms...
Simplifying axioms... [0.000s CPU, 0.000s wall-clock]
Translator axioms removed by simplifying: 0
Computing negative axioms... [0.000s CPU, 0.000s wall-clock]
Processing axioms: [0.010s CPU, 0.002s wall-clock]
Translating task: [0.050s CPU, 0.041s wall-clock]
0 effect conditions simplified
0 implied preconditions added
Detecting unreachable propositions...
0 operators removed
0 axioms removed
6 propositions removed
Detecting unreachable propositions: [0.020s CPU, 0.020s wall-clock]
Reordering and filtering variables...
6 of 6 variables necessary.
0 of 6 mutex groups necessary.
1210 of 1210 operators necessary.
0 of 0 axiom rules necessary.
Reordering and filtering variables: [0.000s CPU, 0.006s wall-clock]
Translator variables: 6
Translator derived variables: 0
Translator facts: 127
Translator goal facts: 4
Translator mutex groups: 0
Translator total mutex groups size: 0
Translator operators: 1210
Translator axioms: 0
Translator task size: 6147
Translator peak memory: 45892 KB
Writing output... [0.020s CPU, 0.013s wall-clock]
Done! [0.420s CPU, 0.412s wall-clock]
translate exit code: 0

INFO     Running search (release).
INFO     search portfolio: /home/bharath/Desktop/GitHub/downward/driver/portfolios/seq_opt_fdss_1.py
remaining time: 299.0
config 0: relative time 175, remaining 1631
args: ['/home/bharath/Desktop/GitHub/downward/builds/release/bin/downward', '--search', 'astar(merge_and_shrink(merge_strategy=merge_precomputed(merge_tree=linear(variable_order=reverse_level)),shrink_strategy=shrink_bisimulation(greedy=true),label_reduction=exact(before_shrinking=true,before_merging=false),max_states=infinity,threshold_before_merge=1))', '--internal-plan-file', '/home/bharath/Desktop/ISWC_test/best_planner/ontology_policy_results/results/plan-nomystery-instance-2.txt']
INFO     search stdin: output.sas
INFO     search time limit: 32s
INFO     search memory limit: None
INFO     search command line string: /home/bharath/Desktop/GitHub/downward/builds/release/bin/downward --search 'astar(merge_and_shrink(merge_strategy=merge_precomputed(merge_tree=linear(variable_order=reverse_level)),shrink_strategy=shrink_bisimulation(greedy=true),label_reduction=exact(before_shrinking=true,before_merging=false),max_states=infinity,threshold_before_merge=1))' --internal-plan-file /home/bharath/Desktop/ISWC_test/best_planner/ontology_policy_results/results/plan-nomystery-instance-2.txt < output.sas
[t=0s, 10980 KB] reading input...
[t=0.0119976s, 11236 KB] done reading input!
[t=0.0160024s, 11632 KB] Initializing merge-and-shrink heuristic...
[t=0.0160024s, 11632 KB] Running merge-and-shrink algorithm...
[t=0.0160024s, 11632 KB] Merge strategy options:
[t=0.0160024s, 11632 KB] Type: precomputed
[t=0.0160024s, 11632 KB] Merge tree options: 
[t=0.0160024s, 11632 KB] Type: linear
[t=0.0160024s, 11632 KB] Update option: use random
[t=0.0160024s, 11632 KB] Variable order type: by reverse level

[t=0.0160024s, 11632 KB] Options related to size limits and shrinking: 
[t=0.0160024s, 11632 KB] Transition system size limit: 2147483647
[t=0.0160024s, 11632 KB] Transition system size limit right before merge: 2147483647
[t=0.0160024s, 11632 KB] Threshold to trigger shrinking right before merge: 1

[t=0.0160024s, 11632 KB] Shrink strategy options: 
[t=0.0160024s, 11632 KB] Type: bisimulation
[t=0.0160024s, 11632 KB] Bisimulation type: greedy
[t=0.0160024s, 11632 KB] At limit: return

[t=0.0160024s, 11632 KB] Pruning unreachable states: yes
[t=0.0160024s, 11632 KB] Pruning irrelevant states: yes

[t=0.0160024s, 11632 KB] Label reduction options:
[t=0.0160024s, 11632 KB] Before merging: disabled
[t=0.0160024s, 11632 KB] Before shrinking: enabled
[t=0.0160024s, 11632 KB] Method: all transition systems with fixpoint computation
[t=0.0160024s, 11632 KB] System order: random

[t=0.0160024s, 11632 KB] Main loop max time in seconds: inf


[t=0.0160024s, 11632 KB] Building atomic transition systems... 
[t=0.0200013s, 11764 KB] M&S algorithm timer: 0.0039989s (after computation of atomic factors)

[t=0.0200013s, 11764 KB] Starting main loop without a time limit.
[t=0.0200013s, 11764 KB] building causal graph...done! [t=0s]
[t=0.0200013s, 11764 KB] Next pair of indices: (0, 1)
[t=0.0200013s, 11764 KB] M&S algorithm main loop timer: 0s (after computation of next merge)
[t=0.024001s, 11896 KB] M&S algorithm main loop timer: 0.00399967s (after label reduction)
[t=0.024001s, 11896 KB] M&S algorithm main loop timer: 0.00399967s (after shrinking)
[t=0.024001s, 11896 KB] M&S algorithm main loop timer: 0.00399967s (after merging)

[t=0.024001s, 11896 KB] Next pair of indices: (6, 2)
[t=0.024001s, 11896 KB] M&S algorithm main loop timer: 0.00399967s (after computation of next merge)
[t=0.024001s, 11896 KB] M&S algorithm main loop timer: 0.00399967s (after label reduction)
[t=0.024001s, 11896 KB] M&S algorithm main loop timer: 0.00399967s (after shrinking)
[t=0.024001s, 11896 KB] M&S algorithm main loop timer: 0.00399967s (after merging)

[t=0.024001s, 11896 KB] Next pair of indices: (7, 3)
[t=0.024001s, 11896 KB] M&S algorithm main loop timer: 0.00399967s (after computation of next merge)
[t=0.024001s, 11896 KB] M&S algorithm main loop timer: 0.00399967s (after shrinking)
[t=0.024001s, 11896 KB] M&S algorithm main loop timer: 0.00399967s (after merging)

[t=0.024001s, 11896 KB] Next pair of indices: (8, 4)
[t=0.024001s, 11896 KB] M&S algorithm main loop timer: 0.00399967s (after computation of next merge)
[t=0.024001s, 11896 KB] M&S algorithm main loop timer: 0.00399967s (after label reduction)
[t=0.024001s, 11896 KB] M&S algorithm main loop timer: 0.00399967s (after shrinking)
[t=0.024001s, 11896 KB] M&S algorithm main loop timer: 0.00399967s (after merging)

[t=0.024001s, 11896 KB] Next pair of indices: (9, 5)
[t=0.024001s, 11896 KB] M&S algorithm main loop timer: 0.00399967s (after computation of next merge)
[t=0.024001s, 11896 KB] M&S algorithm main loop timer: 0.00399967s (after label reduction)
[t=0.024001s, 11896 KB] M&S algorithm main loop timer: 0.00399967s (after shrinking)
[t=0.024001s, 11896 KB] M&S algorithm main loop timer: 0.00399967s (after merging)

[t=0.024001s, 11896 KB] End of merge-and-shrink algorithm, statistics:
[t=0.024001s, 11896 KB] Main loop runtime: 0.00399967s
[t=0.024001s, 11896 KB] Maximum intermediate abstraction size: 98
[t=0.0279993s, 11896 KB] Final peak memory increase of merge-and-shrink algorithm: 264 KB
[t=0.0279993s, 11896 KB] Merge-and-shrink algorithm runtime: 0.0119969s

[t=0.0279993s, 11896 KB] Number of remaining factors: 1
[t=0.0279993s, 11896 KB] Number of factors kept: 1
[t=0.0279993s, 11896 KB] Done initializing merge-and-shrink heuristic.

[t=0.0279993s, 11896 KB] Building successor generator...done!
[t=0.0279993s, 11896 KB] peak memory difference for successor generator creation: 0 KB
[t=0.0279993s, 11896 KB] time for successor generation creation: 0s
[t=0.0279993s, 11896 KB] Variables: 6
[t=0.0279993s, 11896 KB] FactPairs: 127
[t=0.0279993s, 11896 KB] Bytes per state: 4
[t=0.0279993s, 11896 KB] Conducting best first search with reopening closed nodes, (real) bound = 2147483647
[t=0.0279993s, 11896 KB] New best heuristic value for merge_and_shrink(merge_strategy=merge_precomputed(merge_tree=linear(variable_order=reverse_level)),shrink_strategy=shrink_bisimulation(greedy=true),label_reduction=exact(before_shrinking=true,before_merging=false),max_states=infinity,threshold_before_merge=1): 8
[t=0.0279993s, 11896 KB] g=0, 1 evaluated, 0 expanded
[t=0.0279993s, 11896 KB] f = 8, 1 evaluated, 0 expanded
[t=0.0279993s, 11896 KB] Initial heuristic value for merge_and_shrink(merge_strategy=merge_precomputed(merge_tree=linear(variable_order=reverse_level)),shrink_strategy=shrink_bisimulation(greedy=true),label_reduction=exact(before_shrinking=true,before_merging=false),max_states=infinity,threshold_before_merge=1): 8
[t=0.0279993s, 11896 KB] pruning method: none
[t=0.0279993s, 11896 KB] New best heuristic value for merge_and_shrink(merge_strategy=merge_precomputed(merge_tree=linear(variable_order=reverse_level)),shrink_strategy=shrink_bisimulation(greedy=true),label_reduction=exact(before_shrinking=true,before_merging=false),max_states=infinity,threshold_before_merge=1): 7
[t=0.0279993s, 11896 KB] g=1, 4 evaluated, 1 expanded
[t=0.0279993s, 11896 KB] f = 9, 6 evaluated, 2 expanded
[t=0.0279993s, 11896 KB] f = 10, 24 evaluated, 6 expanded
[t=0.0279993s, 11896 KB] New best heuristic value for merge_and_shrink(merge_strategy=merge_precomputed(merge_tree=linear(variable_order=reverse_level)),shrink_strategy=shrink_bisimulation(greedy=true),label_reduction=exact(before_shrinking=true,before_merging=false),max_states=infinity,threshold_before_merge=1): 6
[t=0.0279993s, 11896 KB] g=4, 27 evaluated, 7 expanded
[t=0.0279993s, 11896 KB] New best heuristic value for merge_and_shrink(merge_strategy=merge_precomputed(merge_tree=linear(variable_order=reverse_level)),shrink_strategy=shrink_bisimulation(greedy=true),label_reduction=exact(before_shrinking=true,before_merging=false),max_states=infinity,threshold_before_merge=1): 5
[t=0.0279993s, 11896 KB] g=5, 31 evaluated, 8 expanded
[t=0.0279993s, 11896 KB] f = 11, 132 evaluated, 42 expanded
[t=0.0279993s, 11896 KB] New best heuristic value for merge_and_shrink(merge_strategy=merge_precomputed(merge_tree=linear(variable_order=reverse_level)),shrink_strategy=shrink_bisimulation(greedy=true),label_reduction=exact(before_shrinking=true,before_merging=false),max_states=infinity,threshold_before_merge=1): 4
[t=0.0279993s, 11896 KB] g=7, 142 evaluated, 44 expanded
[t=0.032001s, 11896 KB] f = 12, 572 evaluated, 156 expanded
[t=0.032001s, 11896 KB] New best heuristic value for merge_and_shrink(merge_strategy=merge_precomputed(merge_tree=linear(variable_order=reverse_level)),shrink_strategy=shrink_bisimulation(greedy=true),label_reduction=exact(before_shrinking=true,before_merging=false),max_states=infinity,threshold_before_merge=1): 3
[t=0.032001s, 11896 KB] g=9, 583 evaluated, 160 expanded
[t=0.032001s, 11896 KB] New best heuristic value for merge_and_shrink(merge_strategy=merge_precomputed(merge_tree=linear(variable_order=reverse_level)),shrink_strategy=shrink_bisimulation(greedy=true),label_reduction=exact(before_shrinking=true,before_merging=false),max_states=infinity,threshold_before_merge=1): 2
[t=0.032001s, 11896 KB] g=10, 587 evaluated, 161 expanded
[t=0.032001s, 11896 KB] f = 13, 2267 evaluated, 753 expanded
[t=0.032001s, 11896 KB] New best heuristic value for merge_and_shrink(merge_strategy=merge_precomputed(merge_tree=linear(variable_order=reverse_level)),shrink_strategy=shrink_bisimulation(greedy=true),label_reduction=exact(before_shrinking=true,before_merging=false),max_states=infinity,threshold_before_merge=1): 1
[t=0.032001s, 11896 KB] g=12, 2278 evaluated, 755 expanded
[t=0.0480013s, 11896 KB] f = 14, 6991 evaluated, 2406 expanded
[t=0.0480013s, 11896 KB] New best heuristic value for merge_and_shrink(merge_strategy=merge_precomputed(merge_tree=linear(variable_order=reverse_level)),shrink_strategy=shrink_bisimulation(greedy=true),label_reduction=exact(before_shrinking=true,before_merging=false),max_states=infinity,threshold_before_merge=1): 0
[t=0.0480013s, 11896 KB] g=14, 6995 evaluated, 2409 expanded
[t=0.0480013s, 11896 KB] Solution found!
[t=0.0480013s, 11896 KB] Actual search time: 0.020002s
load p1 t0 l3 (1)
drive t0 l3 l0 level93 level12 level105 (1)
drive t0 l0 l1 level70 level23 level93 (1)
load p2 t0 l1 (1)
unload p1 t0 l1 (1)
drive t0 l1 l2 level65 level5 level70 (1)
unload p2 t0 l2 (1)
drive t0 l2 l4 level42 level23 level65 (1)
load p3 t0 l4 (1)
load p0 t0 l4 (1)
drive t0 l4 l2 level19 level23 level42 (1)
unload p0 t0 l2 (1)
drive t0 l2 l3 level8 level11 level19 (1)
unload p3 t0 l3 (1)
[t=0.0480013s, 11896 KB] Plan length: 14 step(s).
[t=0.0480013s, 11896 KB] Plan cost: 14
[t=0.0480013s, 11896 KB] Expanded 2410 state(s).
[t=0.0480013s, 11896 KB] Reopened 0 state(s).
[t=0.0480013s, 11896 KB] Evaluated 6995 state(s).
[t=0.0480013s, 11896 KB] Evaluations: 6995
[t=0.0480013s, 11896 KB] Generated 11208 state(s).
[t=0.0480013s, 11896 KB] Dead ends: 0 state(s).
[t=0.0480013s, 11896 KB] Expanded until last jump: 2406 state(s).
[t=0.0480013s, 11896 KB] Reopened until last jump: 0 state(s).
[t=0.0480013s, 11896 KB] Evaluated until last jump: 6991 state(s).
[t=0.0480013s, 11896 KB] Generated until last jump: 11203 state(s).
[t=0.0480013s, 11896 KB] Number of registered states: 6995
[t=0.0480013s, 11896 KB] Int hash set load factor: 6995/8192 = 0.853882
[t=0.0480013s, 11896 KB] Int hash set resizes: 13
[t=0.0480013s, 11896 KB] Search time: 0.020002s
[t=0.0480013s, 11896 KB] Total time: 0.0480013s
Solution found.
Peak memory: 11896 KB
exitcode: 0

Exit codes: [0]
Remove intermediate file output.sas
search exit code: 0

INFO     Planner time: 0.60s
