INFO     planner time limit: 300s
INFO     planner memory limit: None

INFO     Running translator.
INFO     translator stdin: None
INFO     translator time limit: 299s
INFO     translator memory limit: None
INFO     translator command line string: /usr/bin/python3 /home/bharath/Desktop/GitHub/downward/builds/release/bin/translate/translate.py /home/bharath/Desktop/ISWC_test/best_planner/data/openstacks/domain-1.pddl /home/bharath/Desktop/ISWC_test/best_planner/data/openstacks/instance-1.pddl --sas-file output.sas
Parsing...
Parsing: [0.010s CPU, 0.007s wall-clock]
Normalizing task... [0.000s CPU, 0.001s wall-clock]
Instantiating...
Generating Datalog program... [0.000s CPU, 0.002s wall-clock]
Normalizing Datalog program...
Normalizing Datalog program: [0.010s CPU, 0.004s wall-clock]
Preparing model... [0.000s CPU, 0.002s wall-clock]
Generated 92 rules.
Computing model... [0.020s CPU, 0.015s wall-clock]
400 relevant atoms
372 auxiliary atoms
772 final queue length
1152 total queue pushes
Completing instantiation... [0.020s CPU, 0.020s wall-clock]
Instantiating: [0.050s CPU, 0.045s wall-clock]
Computing fact groups...
Finding invariants...
12 initial candidates
Finding invariants: [0.010s CPU, 0.013s wall-clock]
Checking invariant weight... [0.000s CPU, 0.000s wall-clock]
Instantiating groups... [0.000s CPU, 0.000s wall-clock]
Collecting mutex groups... [0.000s CPU, 0.000s wall-clock]
Choosing groups...
0 uncovered facts
Choosing groups: [0.000s CPU, 0.000s wall-clock]
Building translation key... [0.000s CPU, 0.000s wall-clock]
Computing fact groups: [0.010s CPU, 0.015s wall-clock]
Building STRIPS to SAS dictionary... [0.000s CPU, 0.000s wall-clock]
Building dictionary for full mutex groups... [0.000s CPU, 0.000s wall-clock]
Building mutex information...
Building mutex information: [0.000s CPU, 0.000s wall-clock]
Translating task...
Processing axioms...
Simplifying axioms... [0.000s CPU, 0.000s wall-clock]
Translator axioms removed by simplifying: 0
Computing negative axioms... [0.000s CPU, 0.000s wall-clock]
Processing axioms: [0.000s CPU, 0.001s wall-clock]
Translating task: [0.010s CPU, 0.011s wall-clock]
0 effect conditions simplified
0 implied preconditions added
Detecting unreachable propositions...
0 operators removed
0 axioms removed
21 propositions removed
Detecting unreachable propositions: [0.010s CPU, 0.005s wall-clock]
Reordering and filtering variables...
21 of 21 variables necessary.
0 of 31 mutex groups necessary.
220 of 220 operators necessary.
0 of 0 axiom rules necessary.
Reordering and filtering variables: [0.000s CPU, 0.002s wall-clock]
Translator variables: 21
Translator derived variables: 0
Translator facts: 61
Translator goal facts: 10
Translator mutex groups: 0
Translator total mutex groups size: 0
Translator operators: 220
Translator axioms: 0
Translator task size: 1317
Translator peak memory: 35188 KB
Writing output... [0.000s CPU, 0.003s wall-clock]
Done! [0.090s CPU, 0.089s wall-clock]
translate exit code: 0

INFO     Running search (release).
INFO     search stdin: output.sas
INFO     search time limit: 299s
INFO     search memory limit: None
INFO     search command line string: /home/bharath/Desktop/GitHub/downward/builds/release/bin/downward --search 'astar(lmcut())' --internal-plan-file /home/bharath/Desktop/ISWC_test/best_planner/ontology_policy_results/results/plan-openstacks-instance-1.txt < output.sas
[t=0s, 10980 KB] reading input...
[t=0.0040017s, 10980 KB] done reading input!
[t=0.0040017s, 11380 KB] Initializing landmark cut heuristic...
[t=0.0040017s, 11380 KB] Building successor generator...done!
[t=0.0040017s, 11380 KB] peak memory difference for successor generator creation: 0 KB
[t=0.0040017s, 11380 KB] time for successor generation creation: 0s
[t=0.0040017s, 11380 KB] Variables: 21
[t=0.0040017s, 11380 KB] FactPairs: 61
[t=0.0040017s, 11380 KB] Bytes per state: 8
[t=0.0040017s, 11380 KB] Conducting best first search with reopening closed nodes, (real) bound = 2147483647
[t=0.0040017s, 11380 KB] New best heuristic value for lmcut(): 1
[t=0.0040017s, 11380 KB] g=0, 1 evaluated, 0 expanded
[t=0.0040017s, 11380 KB] f = 1, 1 evaluated, 0 expanded
[t=0.0040017s, 11380 KB] Initial heuristic value for lmcut(): 1
[t=0.0040017s, 11380 KB] pruning method: none
[t=0.0040017s, 11380 KB] New best heuristic value for lmcut(): 0
[t=0.0040017s, 11380 KB] g=1, 2 evaluated, 1 expanded
[t=0.0040017s, 11380 KB] f = 2, 27 evaluated, 5 expanded
[t=0.052003s, 11516 KB] Solution found!
[t=0.052003s, 11516 KB] Actual search time: 0.0480013s
open-new-stack n0 n1 (1)
start-order o4 n1 n0 (0)
make-product-p4  (0)
ship-order-o4 n0 n1 (0)
open-new-stack n1 n2 (1)
start-order o10 n2 n1 (0)
start-order o1 n1 n0 (0)
make-product-p6  (0)
make-product-p9  (0)
ship-order-o10 n0 n1 (0)
start-order o2 n1 n0 (0)
make-product-p2  (0)
make-product-p10  (0)
ship-order-o2 n0 n1 (0)
ship-order-o1 n1 n2 (0)
start-order o5 n2 n1 (0)
start-order o8 n1 n0 (0)
make-product-p3  (0)
ship-order-o5 n0 n1 (0)
ship-order-o8 n1 n2 (0)
start-order o6 n2 n1 (0)
start-order o7 n1 n0 (0)
make-product-p5  (0)
ship-order-o6 n0 n1 (0)
ship-order-o7 n1 n2 (0)
start-order o9 n2 n1 (0)
start-order o3 n1 n0 (0)
make-product-p7  (0)
make-product-p8  (0)
make-product-p1  (0)
ship-order-o3 n0 n1 (0)
ship-order-o9 n1 n2 (0)
[t=0.052003s, 11516 KB] Plan length: 32 step(s).
[t=0.052003s, 11516 KB] Plan cost: 2
[t=0.052003s, 11516 KB] Expanded 2762 state(s).
[t=0.052003s, 11516 KB] Reopened 0 state(s).
[t=0.052003s, 11516 KB] Evaluated 6274 state(s).
[t=0.052003s, 11516 KB] Evaluations: 6274
[t=0.052003s, 11516 KB] Generated 9314 state(s).
[t=0.052003s, 11516 KB] Dead ends: 0 state(s).
[t=0.052003s, 11516 KB] Expanded until last jump: 5 state(s).
[t=0.052003s, 11516 KB] Reopened until last jump: 0 state(s).
[t=0.052003s, 11516 KB] Evaluated until last jump: 27 state(s).
[t=0.052003s, 11516 KB] Generated until last jump: 26 state(s).
[t=0.052003s, 11516 KB] Number of registered states: 6274
[t=0.052003s, 11516 KB] Int hash set load factor: 6274/8192 = 0.765869
[t=0.052003s, 11516 KB] Int hash set resizes: 13
[t=0.052003s, 11516 KB] Search time: 0.0480013s
[t=0.052003s, 11516 KB] Total time: 0.052003s
Solution found.
Peak memory: 11516 KB
Remove intermediate file output.sas
search exit code: 0

INFO     Planner time: 0.28s
